2022-05-01 19:05:40.256 [DEBUG] com.jawe.system.mapper.GoodsMapper.selectPage_mpCount - ==>  Preparing: SELECT COUNT(1) FROM goods WHERE (goods_name LIKE ?)
2022-05-01 19:05:40.273 [DEBUG] com.jawe.system.mapper.GoodsMapper.selectPage_mpCount - ==> Parameters: %%(String)
2022-05-01 19:05:40.282 [DEBUG] com.jawe.system.mapper.GoodsMapper.selectPage_mpCount - <==      Total: 1
2022-05-01 19:05:40.284 [DEBUG] com.jawe.system.mapper.GoodsMapper.selectPage - ==>  Preparing: SELECT id,goods_name,category_id,description,price,stock,sales,cover_url,is_on,is_recommend,create_time,update_time FROM goods WHERE (goods_name LIKE ?) LIMIT ?
2022-05-01 19:05:40.288 [DEBUG] com.jawe.system.mapper.GoodsMapper.selectPage - ==> Parameters: %%(String), 8(Long)
2022-05-01 19:05:40.301 [DEBUG] com.jawe.system.mapper.GoodsMapper.selectPage - <==      Total: 8
2022-05-01 20:41:05.536 [DEBUG] com.jawe.system.mapper.UserMapper.currentUser - ==>  Preparing: select * from user where username = ?
2022-05-01 20:41:05.540 [DEBUG] com.jawe.system.mapper.UserMapper.currentUser - ==> Parameters: user(String)
2022-05-01 20:41:05.547 [DEBUG] com.jawe.system.mapper.UserMapper.currentUser - <==      Total: 1
2022-05-01 20:41:05.551 [DEBUG] com.jawe.system.mapper.CartMapper.selectList - ==>  Preparing: SELECT id,goods_id,num,price,user_id,is_active,category_id,create_time FROM cart WHERE (user_id = ?) ORDER BY category_id ASC
2022-05-01 20:41:05.552 [DEBUG] com.jawe.system.mapper.CartMapper.selectList - ==> Parameters: 2(Integer)
2022-05-01 20:41:05.555 [DEBUG] com.jawe.system.mapper.CartMapper.selectList - <==      Total: 7
2022-05-01 20:41:05.556 [DEBUG] com.jawe.system.mapper.GoodsMapper.selectById - ==>  Preparing: SELECT id,goods_name,category_id,description,price,stock,sales,cover_url,is_on,is_recommend,create_time,update_time FROM goods WHERE id=?
2022-05-01 20:41:05.556 [DEBUG] com.jawe.system.mapper.GoodsMapper.selectById - ==> Parameters: 20(Integer)
2022-05-01 20:41:05.558 [DEBUG] com.jawe.system.mapper.GoodsMapper.selectById - <==      Total: 1
2022-05-01 20:41:05.559 [DEBUG] com.jawe.system.mapper.GoodsCategoryMapper.getName - ==>  Preparing: select name from goods_category where id=?
2022-05-01 20:41:05.559 [DEBUG] com.jawe.system.mapper.GoodsCategoryMapper.getName - ==> Parameters: 6(Integer)
2022-05-01 20:41:05.560 [DEBUG] com.jawe.system.mapper.GoodsCategoryMapper.getName - <==      Total: 1
2022-05-01 20:41:05.561 [DEBUG] com.jawe.system.mapper.GoodsMapper.selectById - ==>  Preparing: SELECT id,goods_name,category_id,description,price,stock,sales,cover_url,is_on,is_recommend,create_time,update_time FROM goods WHERE id=?
2022-05-01 20:41:05.561 [DEBUG] com.jawe.system.mapper.GoodsMapper.selectById - ==> Parameters: 13(Integer)
2022-05-01 20:41:05.562 [DEBUG] com.jawe.system.mapper.GoodsMapper.selectById - <==      Total: 1
2022-05-01 20:41:05.562 [DEBUG] com.jawe.system.mapper.GoodsCategoryMapper.getName - ==>  Preparing: select name from goods_category where id=?
2022-05-01 20:41:05.562 [DEBUG] com.jawe.system.mapper.GoodsCategoryMapper.getName - ==> Parameters: 6(Integer)
2022-05-01 20:41:05.563 [DEBUG] com.jawe.system.mapper.GoodsCategoryMapper.getName - <==      Total: 1
2022-05-01 20:41:05.563 [DEBUG] com.jawe.system.mapper.GoodsMapper.selectById - ==>  Preparing: SELECT id,goods_name,category_id,description,price,stock,sales,cover_url,is_on,is_recommend,create_time,update_time FROM goods WHERE id=?
2022-05-01 20:41:05.563 [DEBUG] com.jawe.system.mapper.GoodsMapper.selectById - ==> Parameters: 1(Integer)
2022-05-01 20:41:05.564 [DEBUG] com.jawe.system.mapper.GoodsMapper.selectById - <==      Total: 1
2022-05-01 20:41:05.564 [DEBUG] com.jawe.system.mapper.GoodsCategoryMapper.getName - ==>  Preparing: select name from goods_category where id=?
2022-05-01 20:41:05.564 [DEBUG] com.jawe.system.mapper.GoodsCategoryMapper.getName - ==> Parameters: 7(Integer)
2022-05-01 20:41:05.565 [DEBUG] com.jawe.system.mapper.GoodsCategoryMapper.getName - <==      Total: 1
2022-05-01 20:41:05.566 [DEBUG] com.jawe.system.mapper.GoodsCategoryMapper.selectById - ==>  Preparing: SELECT id,pid,name,sort,enable,create_time,update_time FROM goods_category WHERE id=?
2022-05-01 20:41:05.566 [DEBUG] com.jawe.system.mapper.GoodsCategoryMapper.selectById - ==> Parameters: 6(Integer)
2022-05-01 20:41:05.567 [DEBUG] com.jawe.system.mapper.GoodsCategoryMapper.selectById - <==      Total: 1
2022-05-01 20:41:05.568 [DEBUG] com.jawe.system.mapper.GoodsMapper.selectById - ==>  Preparing: SELECT id,goods_name,category_id,description,price,stock,sales,cover_url,is_on,is_recommend,create_time,update_time FROM goods WHERE id=?
2022-05-01 20:41:05.569 [DEBUG] com.jawe.system.mapper.GoodsMapper.selectById - ==> Parameters: 2(Integer)
2022-05-01 20:41:05.570 [DEBUG] com.jawe.system.mapper.GoodsMapper.selectById - <==      Total: 1
2022-05-01 20:41:05.570 [DEBUG] com.jawe.system.mapper.GoodsCategoryMapper.getName - ==>  Preparing: select name from goods_category where id=?
2022-05-01 20:41:05.570 [DEBUG] com.jawe.system.mapper.GoodsCategoryMapper.getName - ==> Parameters: 8(Integer)
2022-05-01 20:41:05.571 [DEBUG] com.jawe.system.mapper.GoodsCategoryMapper.getName - <==      Total: 1
2022-05-01 20:41:05.571 [DEBUG] com.jawe.system.mapper.GoodsCategoryMapper.selectById - ==>  Preparing: SELECT id,pid,name,sort,enable,create_time,update_time FROM goods_category WHERE id=?
2022-05-01 20:41:05.572 [DEBUG] com.jawe.system.mapper.GoodsCategoryMapper.selectById - ==> Parameters: 7(Integer)
2022-05-01 20:41:05.572 [DEBUG] com.jawe.system.mapper.GoodsCategoryMapper.selectById - <==      Total: 1
2022-05-01 20:41:05.573 [DEBUG] com.jawe.system.mapper.GoodsMapper.selectById - ==>  Preparing: SELECT id,goods_name,category_id,description,price,stock,sales,cover_url,is_on,is_recommend,create_time,update_time FROM goods WHERE id=?
2022-05-01 20:41:05.573 [DEBUG] com.jawe.system.mapper.GoodsMapper.selectById - ==> Parameters: 23(Integer)
2022-05-01 20:41:05.574 [DEBUG] com.jawe.system.mapper.GoodsMapper.selectById - <==      Total: 1
2022-05-01 20:41:05.574 [DEBUG] com.jawe.system.mapper.GoodsCategoryMapper.getName - ==>  Preparing: select name from goods_category where id=?
2022-05-01 20:41:05.574 [DEBUG] com.jawe.system.mapper.GoodsCategoryMapper.getName - ==> Parameters: 21(Integer)
2022-05-01 20:41:05.575 [DEBUG] com.jawe.system.mapper.GoodsCategoryMapper.getName - <==      Total: 1
2022-05-01 20:41:05.575 [DEBUG] com.jawe.system.mapper.GoodsCategoryMapper.selectById - ==>  Preparing: SELECT id,pid,name,sort,enable,create_time,update_time FROM goods_category WHERE id=?
2022-05-01 20:41:05.575 [DEBUG] com.jawe.system.mapper.GoodsCategoryMapper.selectById - ==> Parameters: 8(Integer)
2022-05-01 20:41:05.576 [DEBUG] com.jawe.system.mapper.GoodsCategoryMapper.selectById - <==      Total: 1
2022-05-01 20:41:05.577 [DEBUG] com.jawe.system.mapper.GoodsMapper.selectById - ==>  Preparing: SELECT id,goods_name,category_id,description,price,stock,sales,cover_url,is_on,is_recommend,create_time,update_time FROM goods WHERE id=?
2022-05-01 20:41:05.577 [DEBUG] com.jawe.system.mapper.GoodsMapper.selectById - ==> Parameters: 22(Integer)
2022-05-01 20:41:05.578 [DEBUG] com.jawe.system.mapper.GoodsMapper.selectById - <==      Total: 1
2022-05-01 20:41:05.578 [DEBUG] com.jawe.system.mapper.GoodsCategoryMapper.getName - ==>  Preparing: select name from goods_category where id=?
2022-05-01 20:41:05.578 [DEBUG] com.jawe.system.mapper.GoodsCategoryMapper.getName - ==> Parameters: 21(Integer)
2022-05-01 20:41:05.579 [DEBUG] com.jawe.system.mapper.GoodsCategoryMapper.getName - <==      Total: 1
2022-05-01 20:41:05.579 [DEBUG] com.jawe.system.mapper.GoodsMapper.selectById - ==>  Preparing: SELECT id,goods_name,category_id,description,price,stock,sales,cover_url,is_on,is_recommend,create_time,update_time FROM goods WHERE id=?
2022-05-01 20:41:05.579 [DEBUG] com.jawe.system.mapper.GoodsMapper.selectById - ==> Parameters: 26(Integer)
2022-05-01 20:41:05.580 [DEBUG] com.jawe.system.mapper.GoodsMapper.selectById - <==      Total: 1
2022-05-01 20:41:05.580 [DEBUG] com.jawe.system.mapper.GoodsCategoryMapper.getName - ==>  Preparing: select name from goods_category where id=?
2022-05-01 20:41:05.581 [DEBUG] com.jawe.system.mapper.GoodsCategoryMapper.getName - ==> Parameters: 24(Integer)
2022-05-01 20:41:05.581 [DEBUG] com.jawe.system.mapper.GoodsCategoryMapper.getName - <==      Total: 1
2022-05-01 20:41:05.581 [DEBUG] com.jawe.system.mapper.GoodsCategoryMapper.selectById - ==>  Preparing: SELECT id,pid,name,sort,enable,create_time,update_time FROM goods_category WHERE id=?
2022-05-01 20:41:05.582 [DEBUG] com.jawe.system.mapper.GoodsCategoryMapper.selectById - ==> Parameters: 21(Integer)
2022-05-01 20:41:05.583 [DEBUG] com.jawe.system.mapper.GoodsCategoryMapper.selectById - <==      Total: 1
2022-05-01 20:41:05.584 [DEBUG] com.jawe.system.mapper.GoodsCategoryMapper.selectById - ==>  Preparing: SELECT id,pid,name,sort,enable,create_time,update_time FROM goods_category WHERE id=?
2022-05-01 20:41:05.584 [DEBUG] com.jawe.system.mapper.GoodsCategoryMapper.selectById - ==> Parameters: 24(Integer)
2022-05-01 20:41:05.585 [DEBUG] com.jawe.system.mapper.GoodsCategoryMapper.selectById - <==      Total: 1
