2022-05-18 04:10:02.245 [http-nio-8881-exec-1] ERROR com.jawe.handler.GlobalExceptionHandler - 
### Error updating database.  Cause: java.sql.SQLException: Field 'username' doesn't have a default value
### The error may exist in com/jawe/system/mapper/UserMapper.java (best guess)
### The error may involve com.jawe.system.mapper.UserMapper.insert-Inline
### The error occurred while setting parameters
### SQL: INSERT INTO user  ( password, email,   create_time, update_time )  VALUES  ( ?, ?,   ?, ? )
### Cause: java.sql.SQLException: Field 'username' doesn't have a default value
; Field 'username' doesn't have a default value; nested exception is java.sql.SQLException: Field 'username' doesn't have a default value
2022-05-18 04:13:35.038 [http-nio-8881-exec-4] ERROR com.jawe.handler.GlobalExceptionHandler - 
### Error updating database.  Cause: java.sql.SQLException: Field 'username' doesn't have a default value
### The error may exist in com/jawe/system/mapper/UserMapper.java (best guess)
### The error may involve com.jawe.system.mapper.UserMapper.insert-Inline
### The error occurred while setting parameters
### SQL: INSERT INTO user  ( password, email,   create_time, update_time )  VALUES  ( ?, ?,   ?, ? )
### Cause: java.sql.SQLException: Field 'username' doesn't have a default value
; Field 'username' doesn't have a default value; nested exception is java.sql.SQLException: Field 'username' doesn't have a default value
2022-05-18 04:18:19.412 [http-nio-8881-exec-2] ERROR com.jawe.handler.GlobalExceptionHandler - 
### Error updating database.  Cause: java.sql.SQLIntegrityConstraintViolationException: Duplicate entry '14712723' for key 'user.email'
### The error may exist in com/jawe/system/mapper/UserMapper.java (best guess)
### The error may involve com.jawe.system.mapper.UserMapper.insert-Inline
### The error occurred while setting parameters
### SQL: INSERT INTO user  ( username, password, email,   create_time, update_time )  VALUES  ( ?, ?, ?,   ?, ? )
### Cause: java.sql.SQLIntegrityConstraintViolationException: Duplicate entry '14712723' for key 'user.email'
; Duplicate entry '14712723' for key 'user.email'; nested exception is java.sql.SQLIntegrityConstraintViolationException: Duplicate entry '14712723' for key 'user.email'
2022-05-18 22:26:27.738 [http-nio-8881-exec-6] ERROR com.jawe.handler.GlobalExceptionHandler - null
2022-05-18 22:26:41.916 [http-nio-8881-exec-9] ERROR com.jawe.handler.GlobalExceptionHandler - null
2022-05-18 22:27:25.881 [http-nio-8881-exec-10] ERROR com.jawe.handler.GlobalExceptionHandler - null
2022-05-18 22:27:33.937 [http-nio-8881-exec-2] ERROR com.jawe.handler.GlobalExceptionHandler - null
2022-05-18 22:29:45.886 [http-nio-8881-exec-5] ERROR com.jawe.handler.GlobalExceptionHandler - null
2022-05-18 22:29:47.724 [http-nio-8881-exec-9] ERROR com.jawe.handler.GlobalExceptionHandler - null
2022-05-18 22:30:34.836 [http-nio-8881-exec-10] ERROR com.jawe.handler.GlobalExceptionHandler - null
2022-05-18 22:30:38.459 [http-nio-8881-exec-2] ERROR com.jawe.handler.GlobalExceptionHandler - null
2022-05-18 23:38:12.708 [http-nio-8881-exec-9] ERROR com.jawe.handler.GlobalExceptionHandler - null
2022-05-18 23:38:15.973 [http-nio-8881-exec-4] ERROR com.jawe.handler.GlobalExceptionHandler - null
2022-05-18 23:39:15.653 [http-nio-8881-exec-9] ERROR com.jawe.handler.GlobalExceptionHandler - null
2022-05-18 23:39:17.840 [http-nio-8881-exec-10] ERROR com.jawe.handler.GlobalExceptionHandler - Failed to convert value of type 'java.lang.String' to required type 'java.lang.Integer'; nested exception is java.lang.NumberFormatException: For input string: "undefined"
2022-05-18 23:39:22.948 [http-nio-8881-exec-2] ERROR com.jawe.handler.GlobalExceptionHandler - null
