2021-12-11 17:56:21.553 [DEBUG] com.jawe.system.mapper.OrderMapper.insert - ==>  Preparing: INSERT INTO order ( goods_id, user_id, price, status, create_time ) VALUES ( ?, ?, ?, ?, ? )
2021-12-11 17:56:21.693 [DEBUG] com.jawe.system.mapper.OrderMapper.insert - ==> Parameters: 1(Integer), 1(Integer), 22(BigDecimal), 100(Integer), 2021-12-11 17:56:20.947(Timestamp)
2021-12-11 18:25:12.806 [DEBUG] com.jawe.system.mapper.OrderMapper.insert - ==>  Preparing: INSERT INTO order ( goods_id, user_id, price, status, create_time ) VALUES ( ?, ?, ?, ?, ? )
2021-12-11 18:25:12.930 [DEBUG] com.jawe.system.mapper.OrderMapper.insert - ==> Parameters: 1(Integer), 1(Integer), 22(BigDecimal), 100(Integer), 2021-12-11 18:25:12.279(Timestamp)
2021-12-11 18:27:48.479 [DEBUG] com.jawe.system.mapper.OrderMapper.insert - ==>  Preparing: INSERT INTO order ( goods_id, user_id, price, status, create_time ) VALUES ( ?, ?, ?, ?, ? )
2021-12-11 18:27:48.501 [DEBUG] com.jawe.system.mapper.OrderMapper.insert - ==> Parameters: 1(Integer), 1(Integer), 22(BigDecimal), 100(Integer), 2021-12-11 18:27:47.841(Timestamp)
2021-12-11 18:28:33.133 [DEBUG] com.jawe.system.mapper.OrderMapper.insert - ==>  Preparing: INSERT INTO order ( goods_id, user_id, price, status, create_time ) VALUES ( ?, ?, ?, ?, ? )
2021-12-11 18:28:33.273 [DEBUG] com.jawe.system.mapper.OrderMapper.insert - ==> Parameters: 1(Integer), 1(Integer), 22(BigDecimal), 100(Integer), 2021-12-11 18:28:32.594(Timestamp)
2021-12-11 18:34:56.407 [DEBUG] com.jawe.system.mapper.OrderMapper.insert - ==>  Preparing: INSERT INTO order ( goods_id, user_id, price, status, create_time ) VALUES ( ?, ?, ?, ?, ? )
2021-12-11 18:34:56.428 [DEBUG] com.jawe.system.mapper.OrderMapper.insert - ==> Parameters: 1(Integer), 1(Integer), 22(BigDecimal), 100(Integer), 2021-12-11 18:34:55.769(Timestamp)
2021-12-11 18:35:08.200 [DEBUG] com.jawe.system.mapper.OrderMapper.insert - ==>  Preparing: INSERT INTO order ( goods_id, user_id, price, status, create_time ) VALUES ( ?, ?, ?, ?, ? )
2021-12-11 18:35:08.201 [DEBUG] com.jawe.system.mapper.OrderMapper.insert - ==> Parameters: 1(Integer), 10(Integer), 22(BigDecimal), 100(Integer), 2021-12-11 18:35:08.199(Timestamp)
2021-12-11 18:35:22.071 [DEBUG] com.jawe.system.mapper.OrderMapper.insert - ==>  Preparing: INSERT INTO order ( goods_id, user_id, price, status, create_time ) VALUES ( ?, ?, ?, ?, ? )
2021-12-11 18:35:22.072 [DEBUG] com.jawe.system.mapper.OrderMapper.insert - ==> Parameters: 21(Integer), 10(Integer), 22(BigDecimal), 100(Integer), 2021-12-11 18:35:22.07(Timestamp)
2021-12-11 18:41:34.287 [DEBUG] com.jawe.system.mapper.OrderMapper.insert - ==>  Preparing: INSERT INTO order ( goods_id, user_id, price, status, create_time ) VALUES ( ?, ?, ?, ?, ? )
2021-12-11 18:41:34.288 [DEBUG] com.jawe.system.mapper.OrderMapper.insert - ==> Parameters: 21(Integer), 10(Integer), 22(BigDecimal), 100(Integer), 2021-12-11 18:41:34.286(Timestamp)
2021-12-11 18:44:12.605 [DEBUG] com.jawe.system.mapper.OrderMapper.insert - ==>  Preparing: INSERT INTO order ( goods_id, user_id, price, state, create_time ) VALUES ( ?, ?, ?, ?, ? )
2021-12-11 18:44:12.743 [DEBUG] com.jawe.system.mapper.OrderMapper.insert - ==> Parameters: 21(Integer), 10(Integer), 22(BigDecimal), 100(Integer), 2021-12-11 18:44:12.032(Timestamp)
2021-12-11 18:49:38.951 [DEBUG] com.jawe.system.mapper.OrderMapper.insert - ==>  Preparing: INSERT INTO goods_order ( goods_id, user_id, price, state, create_time ) VALUES ( ?, ?, ?, ?, ? )
2021-12-11 18:49:38.976 [DEBUG] com.jawe.system.mapper.OrderMapper.insert - ==> Parameters: 21(Integer), 10(Integer), 22(BigDecimal), 100(Integer), 2021-12-11 18:49:38.294(Timestamp)
2021-12-11 18:49:39.028 [DEBUG] com.jawe.system.mapper.OrderMapper.insert - <==    Updates: 1
2021-12-11 19:11:03.819 [DEBUG] com.jawe.system.mapper.OrderMapper.selectList - ==>  Preparing: SELECT id,goods_id,user_id,price,state,create_time FROM goods_order
2021-12-11 19:11:03.836 [DEBUG] com.jawe.system.mapper.OrderMapper.selectList - ==> Parameters: 
2021-12-11 19:11:03.851 [DEBUG] com.jawe.system.mapper.OrderMapper.selectList - <==      Total: 2
2021-12-11 19:11:23.882 [DEBUG] com.jawe.system.mapper.OrderMapper.selectList - ==>  Preparing: SELECT id,goods_id,user_id,price,state,create_time FROM goods_order
2021-12-11 19:11:23.900 [DEBUG] com.jawe.system.mapper.OrderMapper.selectList - ==> Parameters: 
2021-12-11 19:11:24.032 [DEBUG] com.jawe.system.mapper.OrderMapper.selectList - <==      Total: 2
2021-12-11 19:43:58.005 [DEBUG] com.jawe.system.mapper.OrderMapper.insert - ==>  Preparing: INSERT INTO goods_order ( goods_id, user_id, price, state, create_time ) VALUES ( ?, ?, ?, ?, ? )
2021-12-11 19:43:58.009 [DEBUG] com.jawe.system.mapper.OrderMapper.insert - ==> Parameters: 2(Integer), 2(Integer), 23(BigDecimal), 100(Integer), 2021-12-11 19:43:58.004(Timestamp)
2021-12-11 19:43:58.075 [DEBUG] com.jawe.system.mapper.OrderMapper.insert - <==    Updates: 1
2021-12-11 19:44:14.824 [DEBUG] com.jawe.system.mapper.OrderMapper.insert - ==>  Preparing: INSERT INTO goods_order ( goods_id, user_id, price, state, create_time ) VALUES ( ?, ?, ?, ?, ? )
2021-12-11 19:44:14.825 [DEBUG] com.jawe.system.mapper.OrderMapper.insert - ==> Parameters: 21(Integer), 2(Integer), 21123(BigDecimal), 100(Integer), 2021-12-11 19:44:14.823(Timestamp)
2021-12-11 19:44:14.870 [DEBUG] com.jawe.system.mapper.OrderMapper.insert - <==    Updates: 1
2021-12-11 19:44:18.351 [DEBUG] com.jawe.system.mapper.OrderMapper.insert - ==>  Preparing: INSERT INTO goods_order ( goods_id, user_id, price, state, create_time ) VALUES ( ?, ?, ?, ?, ? )
2021-12-11 19:44:18.352 [DEBUG] com.jawe.system.mapper.OrderMapper.insert - ==> Parameters: 221(Integer), 2(Integer), 21123(BigDecimal), 100(Integer), 2021-12-11 19:44:18.351(Timestamp)
2021-12-11 19:44:18.382 [DEBUG] com.jawe.system.mapper.OrderMapper.insert - <==    Updates: 1
2021-12-11 19:46:42.539 [DEBUG] com.jawe.system.mapper.GoodsMapper.selectPage_mpCount - ==>  Preparing: SELECT COUNT(1) FROM goods WHERE (goods_name LIKE ?)
2021-12-11 19:46:42.561 [DEBUG] com.jawe.system.mapper.GoodsMapper.selectPage_mpCount - ==> Parameters: %%(String)
2021-12-11 19:46:42.613 [DEBUG] com.jawe.system.mapper.GoodsMapper.selectPage_mpCount - <==      Total: 1
2021-12-11 19:46:42.652 [DEBUG] com.jawe.system.mapper.GoodsMapper.selectPage - ==>  Preparing: SELECT id,goods_name,category_id,description,price,stock,sales,cover_url,is_on,is_recommend,create_time,update_time FROM goods WHERE (goods_name LIKE ?) LIMIT ?
2021-12-11 19:46:42.653 [DEBUG] com.jawe.system.mapper.GoodsMapper.selectPage - ==> Parameters: %%(String), 8(Long)
2021-12-11 19:46:42.660 [DEBUG] com.jawe.system.mapper.GoodsMapper.selectPage - <==      Total: 8
2021-12-11 19:47:22.800 [DEBUG] com.jawe.system.mapper.GoodsMapper.selectPage_mpCount - ==>  Preparing: SELECT COUNT(1) FROM goods WHERE (goods_name LIKE ?)
2021-12-11 19:47:22.800 [DEBUG] com.jawe.system.mapper.GoodsMapper.selectPage_mpCount - ==> Parameters: %%(String)
2021-12-11 19:47:22.802 [DEBUG] com.jawe.system.mapper.GoodsMapper.selectPage_mpCount - <==      Total: 1
2021-12-11 19:47:22.803 [DEBUG] com.jawe.system.mapper.GoodsMapper.selectPage - ==>  Preparing: SELECT id,goods_name,category_id,description,price,stock,sales,cover_url,is_on,is_recommend,create_time,update_time FROM goods WHERE (goods_name LIKE ?) LIMIT ?
2021-12-11 19:47:22.804 [DEBUG] com.jawe.system.mapper.GoodsMapper.selectPage - ==> Parameters: %%(String), 8(Long)
2021-12-11 19:47:22.810 [DEBUG] com.jawe.system.mapper.GoodsMapper.selectPage - <==      Total: 8
2021-12-11 19:47:26.182 [DEBUG] com.jawe.system.mapper.MyUserDetailsServiceMapper.findByPhoneNumber - ==>  Preparing: SELECT username,password,enable from user u where u.username = ?;
2021-12-11 19:47:26.183 [DEBUG] com.jawe.system.mapper.MyUserDetailsServiceMapper.findByPhoneNumber - ==> Parameters: user(String)
2021-12-11 19:47:26.253 [DEBUG] com.jawe.system.mapper.MyUserDetailsServiceMapper.findByPhoneNumber - <==      Total: 1
2021-12-11 19:47:26.253 [DEBUG] com.jawe.system.mapper.MyUserDetailsServiceMapper.findRole - ==>  Preparing: SELECT role_code FROM role r LEFT JOIN user_role ur ON r.id = ur.role_id LEFT JOIN user u ON u.id = ur.user_id WHERE u.username = ?
2021-12-11 19:47:26.254 [DEBUG] com.jawe.system.mapper.MyUserDetailsServiceMapper.findRole - ==> Parameters: user(String)
2021-12-11 19:47:26.256 [DEBUG] com.jawe.system.mapper.MyUserDetailsServiceMapper.findRole - <==      Total: 1
2021-12-11 19:47:26.258 [DEBUG] com.jawe.system.mapper.MyUserDetailsServiceMapper.findAuthorityByRoleCodes - ==>  Preparing: SELECT DISTINCT url FROM api m LEFT JOIN role_api rm ON m.id = rm.api_id LEFT JOIN role r ON r.id = rm.role_id WHERE r.role_code IN ( ? )
2021-12-11 19:47:26.258 [DEBUG] com.jawe.system.mapper.MyUserDetailsServiceMapper.findAuthorityByRoleCodes - ==> Parameters: common(String)
2021-12-11 19:47:26.260 [DEBUG] com.jawe.system.mapper.MyUserDetailsServiceMapper.findAuthorityByRoleCodes - <==      Total: 1
2021-12-11 19:47:26.328 [DEBUG] com.jawe.system.mapper.MyUserDetailsServiceMapper.findByPhoneNumber - ==>  Preparing: SELECT username,password,enable from user u where u.username = ?;
2021-12-11 19:47:26.328 [DEBUG] com.jawe.system.mapper.MyUserDetailsServiceMapper.findByPhoneNumber - ==> Parameters: user(String)
2021-12-11 19:47:26.329 [DEBUG] com.jawe.system.mapper.MyUserDetailsServiceMapper.findByPhoneNumber - <==      Total: 1
2021-12-11 19:47:26.330 [DEBUG] com.jawe.system.mapper.MyUserDetailsServiceMapper.findRole - ==>  Preparing: SELECT role_code FROM role r LEFT JOIN user_role ur ON r.id = ur.role_id LEFT JOIN user u ON u.id = ur.user_id WHERE u.username = ?
2021-12-11 19:47:26.331 [DEBUG] com.jawe.system.mapper.MyUserDetailsServiceMapper.findRole - ==> Parameters: user(String)
2021-12-11 19:47:26.331 [DEBUG] com.jawe.system.mapper.MyUserDetailsServiceMapper.findRole - <==      Total: 1
2021-12-11 19:47:26.332 [DEBUG] com.jawe.system.mapper.MyUserDetailsServiceMapper.findAuthorityByRoleCodes - ==>  Preparing: SELECT DISTINCT url FROM api m LEFT JOIN role_api rm ON m.id = rm.api_id LEFT JOIN role r ON r.id = rm.role_id WHERE r.role_code IN ( ? )
2021-12-11 19:47:26.332 [DEBUG] com.jawe.system.mapper.MyUserDetailsServiceMapper.findAuthorityByRoleCodes - ==> Parameters: common(String)
2021-12-11 19:47:26.333 [DEBUG] com.jawe.system.mapper.MyUserDetailsServiceMapper.findAuthorityByRoleCodes - <==      Total: 1
2021-12-11 19:47:26.353 [DEBUG] com.jawe.system.mapper.MyUserDetailsServiceMapper.findByPhoneNumber - ==>  Preparing: SELECT username,password,enable from user u where u.username = ?;
2021-12-11 19:47:26.354 [DEBUG] com.jawe.system.mapper.MyUserDetailsServiceMapper.findByPhoneNumber - ==> Parameters: user(String)
2021-12-11 19:47:26.355 [DEBUG] com.jawe.system.mapper.MyUserDetailsServiceMapper.findByPhoneNumber - <==      Total: 1
2021-12-11 19:47:26.355 [DEBUG] com.jawe.system.mapper.MyUserDetailsServiceMapper.findRole - ==>  Preparing: SELECT role_code FROM role r LEFT JOIN user_role ur ON r.id = ur.role_id LEFT JOIN user u ON u.id = ur.user_id WHERE u.username = ?
2021-12-11 19:47:26.355 [DEBUG] com.jawe.system.mapper.MyUserDetailsServiceMapper.findRole - ==> Parameters: user(String)
2021-12-11 19:47:26.356 [DEBUG] com.jawe.system.mapper.MyUserDetailsServiceMapper.findRole - <==      Total: 1
2021-12-11 19:47:26.357 [DEBUG] com.jawe.system.mapper.MyUserDetailsServiceMapper.findAuthorityByRoleCodes - ==>  Preparing: SELECT DISTINCT url FROM api m LEFT JOIN role_api rm ON m.id = rm.api_id LEFT JOIN role r ON r.id = rm.role_id WHERE r.role_code IN ( ? )
2021-12-11 19:47:26.357 [DEBUG] com.jawe.system.mapper.MyUserDetailsServiceMapper.findAuthorityByRoleCodes - ==> Parameters: common(String)
2021-12-11 19:47:26.358 [DEBUG] com.jawe.system.mapper.MyUserDetailsServiceMapper.findAuthorityByRoleCodes - <==      Total: 1
2021-12-11 19:47:26.367 [DEBUG] com.jawe.system.mapper.UserMapper.currentUser - ==>  Preparing: select * from user where username = ?
2021-12-11 19:47:26.368 [DEBUG] com.jawe.system.mapper.UserMapper.currentUser - ==> Parameters: user(String)
2021-12-11 19:47:26.370 [DEBUG] com.jawe.system.mapper.UserMapper.currentUser - <==      Total: 1
2021-12-11 19:47:27.878 [DEBUG] com.jawe.system.mapper.MyUserDetailsServiceMapper.findByPhoneNumber - ==>  Preparing: SELECT username,password,enable from user u where u.username = ?;
2021-12-11 19:47:27.879 [DEBUG] com.jawe.system.mapper.MyUserDetailsServiceMapper.findByPhoneNumber - ==> Parameters: user(String)
2021-12-11 19:47:27.880 [DEBUG] com.jawe.system.mapper.MyUserDetailsServiceMapper.findByPhoneNumber - <==      Total: 1
2021-12-11 19:47:27.882 [DEBUG] com.jawe.system.mapper.MyUserDetailsServiceMapper.findRole - ==>  Preparing: SELECT role_code FROM role r LEFT JOIN user_role ur ON r.id = ur.role_id LEFT JOIN user u ON u.id = ur.user_id WHERE u.username = ?
2021-12-11 19:47:27.883 [DEBUG] com.jawe.system.mapper.MyUserDetailsServiceMapper.findRole - ==> Parameters: user(String)
2021-12-11 19:47:27.885 [DEBUG] com.jawe.system.mapper.MyUserDetailsServiceMapper.findRole - <==      Total: 1
2021-12-11 19:47:27.887 [DEBUG] com.jawe.system.mapper.MyUserDetailsServiceMapper.findAuthorityByRoleCodes - ==>  Preparing: SELECT DISTINCT url FROM api m LEFT JOIN role_api rm ON m.id = rm.api_id LEFT JOIN role r ON r.id = rm.role_id WHERE r.role_code IN ( ? )
2021-12-11 19:47:27.888 [DEBUG] com.jawe.system.mapper.MyUserDetailsServiceMapper.findAuthorityByRoleCodes - ==> Parameters: common(String)
2021-12-11 19:47:27.889 [DEBUG] com.jawe.system.mapper.MyUserDetailsServiceMapper.findAuthorityByRoleCodes - <==      Total: 1
2021-12-11 19:48:46.713 [DEBUG] com.jawe.system.mapper.MyUserDetailsServiceMapper.findByPhoneNumber - ==>  Preparing: SELECT username,password,enable from user u where u.username = ?;
2021-12-11 19:48:46.714 [DEBUG] com.jawe.system.mapper.MyUserDetailsServiceMapper.findByPhoneNumber - ==> Parameters: user(String)
2021-12-11 19:48:46.715 [DEBUG] com.jawe.system.mapper.MyUserDetailsServiceMapper.findByPhoneNumber - <==      Total: 1
2021-12-11 19:48:46.716 [DEBUG] com.jawe.system.mapper.MyUserDetailsServiceMapper.findRole - ==>  Preparing: SELECT role_code FROM role r LEFT JOIN user_role ur ON r.id = ur.role_id LEFT JOIN user u ON u.id = ur.user_id WHERE u.username = ?
2021-12-11 19:48:46.716 [DEBUG] com.jawe.system.mapper.MyUserDetailsServiceMapper.findRole - ==> Parameters: user(String)
2021-12-11 19:48:46.717 [DEBUG] com.jawe.system.mapper.MyUserDetailsServiceMapper.findRole - <==      Total: 1
2021-12-11 19:48:46.718 [DEBUG] com.jawe.system.mapper.MyUserDetailsServiceMapper.findAuthorityByRoleCodes - ==>  Preparing: SELECT DISTINCT url FROM api m LEFT JOIN role_api rm ON m.id = rm.api_id LEFT JOIN role r ON r.id = rm.role_id WHERE r.role_code IN ( ? )
2021-12-11 19:48:46.718 [DEBUG] com.jawe.system.mapper.MyUserDetailsServiceMapper.findAuthorityByRoleCodes - ==> Parameters: common(String)
2021-12-11 19:48:46.719 [DEBUG] com.jawe.system.mapper.MyUserDetailsServiceMapper.findAuthorityByRoleCodes - <==      Total: 1
2021-12-11 19:48:46.723 [DEBUG] com.jawe.system.mapper.UserMapper.selectOne - ==>  Preparing: SELECT id,avatar_url,phone_number,username,password,email,enable,gender,create_time,update_time FROM user WHERE (name = ?)
2021-12-11 19:48:46.723 [DEBUG] com.jawe.system.mapper.UserMapper.selectOne - ==> Parameters: user(String)
2021-12-11 19:49:29.036 [DEBUG] com.jawe.system.mapper.MyUserDetailsServiceMapper.findByPhoneNumber - ==>  Preparing: SELECT username,password,enable from user u where u.username = ?;
2021-12-11 19:49:29.055 [DEBUG] com.jawe.system.mapper.MyUserDetailsServiceMapper.findByPhoneNumber - ==> Parameters: user(String)
2021-12-11 19:49:29.193 [DEBUG] com.jawe.system.mapper.MyUserDetailsServiceMapper.findByPhoneNumber - <==      Total: 1
2021-12-11 19:49:29.197 [DEBUG] com.jawe.system.mapper.MyUserDetailsServiceMapper.findRole - ==>  Preparing: SELECT role_code FROM role r LEFT JOIN user_role ur ON r.id = ur.role_id LEFT JOIN user u ON u.id = ur.user_id WHERE u.username = ?
2021-12-11 19:49:29.198 [DEBUG] com.jawe.system.mapper.MyUserDetailsServiceMapper.findRole - ==> Parameters: user(String)
2021-12-11 19:49:29.202 [DEBUG] com.jawe.system.mapper.MyUserDetailsServiceMapper.findRole - <==      Total: 1
2021-12-11 19:49:29.215 [DEBUG] com.jawe.system.mapper.MyUserDetailsServiceMapper.findAuthorityByRoleCodes - ==>  Preparing: SELECT DISTINCT url FROM api m LEFT JOIN role_api rm ON m.id = rm.api_id LEFT JOIN role r ON r.id = rm.role_id WHERE r.role_code IN ( ? )
2021-12-11 19:49:29.216 [DEBUG] com.jawe.system.mapper.MyUserDetailsServiceMapper.findAuthorityByRoleCodes - ==> Parameters: common(String)
2021-12-11 19:49:29.218 [DEBUG] com.jawe.system.mapper.MyUserDetailsServiceMapper.findAuthorityByRoleCodes - <==      Total: 1
2021-12-11 19:49:29.271 [DEBUG] com.jawe.system.mapper.UserMapper.selectOne - ==>  Preparing: SELECT id,avatar_url,phone_number,username,password,email,enable,gender,create_time,update_time FROM user WHERE (username = ?)
2021-12-11 19:49:29.271 [DEBUG] com.jawe.system.mapper.UserMapper.selectOne - ==> Parameters: user(String)
2021-12-11 19:49:29.274 [DEBUG] com.jawe.system.mapper.UserMapper.selectOne - <==      Total: 1
2021-12-11 19:49:29.278 [DEBUG] com.jawe.system.mapper.OrderMapper.selectList - ==>  Preparing: SELECT id,goods_id,user_id,price,state,create_time FROM goods_order WHERE (user_id = ?)
2021-12-11 19:49:29.279 [DEBUG] com.jawe.system.mapper.OrderMapper.selectList - ==> Parameters: 2(Integer)
2021-12-11 19:49:29.282 [DEBUG] com.jawe.system.mapper.OrderMapper.selectList - <==      Total: 3
2021-12-11 19:49:29.286 [DEBUG] com.jawe.system.mapper.OrderMapper.selectList - ==>  Preparing: SELECT id,goods_id,user_id,price,state,create_time FROM goods_order
2021-12-11 19:49:29.286 [DEBUG] com.jawe.system.mapper.OrderMapper.selectList - ==> Parameters: 
2021-12-11 19:49:29.290 [DEBUG] com.jawe.system.mapper.OrderMapper.selectList - <==      Total: 5
2021-12-11 19:50:25.320 [DEBUG] com.jawe.system.mapper.MyUserDetailsServiceMapper.findByPhoneNumber - ==>  Preparing: SELECT username,password,enable from user u where u.username = ?;
2021-12-11 19:50:25.337 [DEBUG] com.jawe.system.mapper.MyUserDetailsServiceMapper.findByPhoneNumber - ==> Parameters: user(String)
2021-12-11 19:50:25.467 [DEBUG] com.jawe.system.mapper.MyUserDetailsServiceMapper.findByPhoneNumber - <==      Total: 1
2021-12-11 19:50:25.473 [DEBUG] com.jawe.system.mapper.MyUserDetailsServiceMapper.findRole - ==>  Preparing: SELECT role_code FROM role r LEFT JOIN user_role ur ON r.id = ur.role_id LEFT JOIN user u ON u.id = ur.user_id WHERE u.username = ?
2021-12-11 19:50:25.473 [DEBUG] com.jawe.system.mapper.MyUserDetailsServiceMapper.findRole - ==> Parameters: user(String)
2021-12-11 19:50:25.475 [DEBUG] com.jawe.system.mapper.MyUserDetailsServiceMapper.findRole - <==      Total: 1
2021-12-11 19:50:25.487 [DEBUG] com.jawe.system.mapper.MyUserDetailsServiceMapper.findAuthorityByRoleCodes - ==>  Preparing: SELECT DISTINCT url FROM api m LEFT JOIN role_api rm ON m.id = rm.api_id LEFT JOIN role r ON r.id = rm.role_id WHERE r.role_code IN ( ? )
2021-12-11 19:50:25.488 [DEBUG] com.jawe.system.mapper.MyUserDetailsServiceMapper.findAuthorityByRoleCodes - ==> Parameters: common(String)
2021-12-11 19:50:25.490 [DEBUG] com.jawe.system.mapper.MyUserDetailsServiceMapper.findAuthorityByRoleCodes - <==      Total: 1
2021-12-11 19:50:25.546 [DEBUG] com.jawe.system.mapper.UserMapper.selectOne - ==>  Preparing: SELECT id,avatar_url,phone_number,username,password,email,enable,gender,create_time,update_time FROM user WHERE (username = ?)
2021-12-11 19:50:25.547 [DEBUG] com.jawe.system.mapper.UserMapper.selectOne - ==> Parameters: user(String)
2021-12-11 19:50:25.549 [DEBUG] com.jawe.system.mapper.UserMapper.selectOne - <==      Total: 1
2021-12-11 19:50:25.551 [DEBUG] com.jawe.system.mapper.UserMapper.selectOne - ==>  Preparing: SELECT id,avatar_url,phone_number,username,password,email,enable,gender,create_time,update_time FROM user WHERE (username = ?)
2021-12-11 19:50:25.551 [DEBUG] com.jawe.system.mapper.UserMapper.selectOne - ==> Parameters: user(String)
2021-12-11 19:50:25.552 [DEBUG] com.jawe.system.mapper.UserMapper.selectOne - <==      Total: 1
2021-12-11 19:50:25.557 [DEBUG] com.jawe.system.mapper.OrderMapper.selectList - ==>  Preparing: SELECT id,goods_id,user_id,price,state,create_time FROM goods_order WHERE (user_id = ?)
2021-12-11 19:50:25.558 [DEBUG] com.jawe.system.mapper.OrderMapper.selectList - ==> Parameters: 2(Integer)
2021-12-11 19:50:25.560 [DEBUG] com.jawe.system.mapper.OrderMapper.selectList - <==      Total: 3
2021-12-11 19:50:25.564 [DEBUG] com.jawe.system.mapper.OrderMapper.selectList - ==>  Preparing: SELECT id,goods_id,user_id,price,state,create_time FROM goods_order
2021-12-11 19:50:25.564 [DEBUG] com.jawe.system.mapper.OrderMapper.selectList - ==> Parameters: 
2021-12-11 19:50:25.566 [DEBUG] com.jawe.system.mapper.OrderMapper.selectList - <==      Total: 5
2021-12-11 19:51:32.733 [DEBUG] com.jawe.system.mapper.MyUserDetailsServiceMapper.findByPhoneNumber - ==>  Preparing: SELECT username,password,enable from user u where u.username = ?;
2021-12-11 19:51:32.751 [DEBUG] com.jawe.system.mapper.MyUserDetailsServiceMapper.findByPhoneNumber - ==> Parameters: user(String)
2021-12-11 19:51:32.880 [DEBUG] com.jawe.system.mapper.MyUserDetailsServiceMapper.findByPhoneNumber - <==      Total: 1
2021-12-11 19:51:32.886 [DEBUG] com.jawe.system.mapper.MyUserDetailsServiceMapper.findRole - ==>  Preparing: SELECT role_code FROM role r LEFT JOIN user_role ur ON r.id = ur.role_id LEFT JOIN user u ON u.id = ur.user_id WHERE u.username = ?
2021-12-11 19:51:32.887 [DEBUG] com.jawe.system.mapper.MyUserDetailsServiceMapper.findRole - ==> Parameters: user(String)
2021-12-11 19:51:32.888 [DEBUG] com.jawe.system.mapper.MyUserDetailsServiceMapper.findRole - <==      Total: 1
2021-12-11 19:51:32.899 [DEBUG] com.jawe.system.mapper.MyUserDetailsServiceMapper.findAuthorityByRoleCodes - ==>  Preparing: SELECT DISTINCT url FROM api m LEFT JOIN role_api rm ON m.id = rm.api_id LEFT JOIN role r ON r.id = rm.role_id WHERE r.role_code IN ( ? )
2021-12-11 19:51:32.899 [DEBUG] com.jawe.system.mapper.MyUserDetailsServiceMapper.findAuthorityByRoleCodes - ==> Parameters: common(String)
2021-12-11 19:51:32.902 [DEBUG] com.jawe.system.mapper.MyUserDetailsServiceMapper.findAuthorityByRoleCodes - <==      Total: 1
2021-12-11 19:51:32.958 [DEBUG] com.jawe.system.mapper.UserMapper.selectOne - ==>  Preparing: SELECT id,avatar_url,phone_number,username,password,email,enable,gender,create_time,update_time FROM user WHERE (username = ?)
2021-12-11 19:51:32.958 [DEBUG] com.jawe.system.mapper.UserMapper.selectOne - ==> Parameters: user(String)
2021-12-11 19:51:32.960 [DEBUG] com.jawe.system.mapper.UserMapper.selectOne - <==      Total: 1
2021-12-11 19:51:32.964 [DEBUG] com.jawe.system.mapper.OrderMapper.selectList - ==>  Preparing: SELECT id,goods_id,user_id,price,state,create_time FROM goods_order WHERE (user_id = ?)
2021-12-11 19:51:32.965 [DEBUG] com.jawe.system.mapper.OrderMapper.selectList - ==> Parameters: 2(Integer)
2021-12-11 19:51:32.968 [DEBUG] com.jawe.system.mapper.OrderMapper.selectList - <==      Total: 3
2021-12-11 20:00:23.778 [DEBUG] com.jawe.system.mapper.MyUserDetailsServiceMapper.findByPhoneNumber - ==>  Preparing: SELECT username,password,enable from user u where u.username = ?;
2021-12-11 20:00:23.779 [DEBUG] com.jawe.system.mapper.MyUserDetailsServiceMapper.findByPhoneNumber - ==> Parameters: user(String)
2021-12-11 20:00:23.781 [DEBUG] com.jawe.system.mapper.MyUserDetailsServiceMapper.findByPhoneNumber - <==      Total: 1
2021-12-11 20:00:23.782 [DEBUG] com.jawe.system.mapper.MyUserDetailsServiceMapper.findRole - ==>  Preparing: SELECT role_code FROM role r LEFT JOIN user_role ur ON r.id = ur.role_id LEFT JOIN user u ON u.id = ur.user_id WHERE u.username = ?
2021-12-11 20:00:23.782 [DEBUG] com.jawe.system.mapper.MyUserDetailsServiceMapper.findRole - ==> Parameters: user(String)
2021-12-11 20:00:23.784 [DEBUG] com.jawe.system.mapper.MyUserDetailsServiceMapper.findRole - <==      Total: 1
2021-12-11 20:00:23.785 [DEBUG] com.jawe.system.mapper.MyUserDetailsServiceMapper.findAuthorityByRoleCodes - ==>  Preparing: SELECT DISTINCT url FROM api m LEFT JOIN role_api rm ON m.id = rm.api_id LEFT JOIN role r ON r.id = rm.role_id WHERE r.role_code IN ( ? )
2021-12-11 20:00:23.785 [DEBUG] com.jawe.system.mapper.MyUserDetailsServiceMapper.findAuthorityByRoleCodes - ==> Parameters: common(String)
2021-12-11 20:00:23.787 [DEBUG] com.jawe.system.mapper.MyUserDetailsServiceMapper.findAuthorityByRoleCodes - <==      Total: 1
2021-12-11 20:00:23.802 [DEBUG] com.jawe.system.mapper.MyUserDetailsServiceMapper.findByPhoneNumber - ==>  Preparing: SELECT username,password,enable from user u where u.username = ?;
2021-12-11 20:00:23.803 [DEBUG] com.jawe.system.mapper.MyUserDetailsServiceMapper.findByPhoneNumber - ==> Parameters: user(String)
2021-12-11 20:00:23.805 [DEBUG] com.jawe.system.mapper.MyUserDetailsServiceMapper.findByPhoneNumber - <==      Total: 1
2021-12-11 20:00:23.805 [DEBUG] com.jawe.system.mapper.MyUserDetailsServiceMapper.findRole - ==>  Preparing: SELECT role_code FROM role r LEFT JOIN user_role ur ON r.id = ur.role_id LEFT JOIN user u ON u.id = ur.user_id WHERE u.username = ?
2021-12-11 20:00:23.806 [DEBUG] com.jawe.system.mapper.MyUserDetailsServiceMapper.findRole - ==> Parameters: user(String)
2021-12-11 20:00:23.807 [DEBUG] com.jawe.system.mapper.MyUserDetailsServiceMapper.findRole - <==      Total: 1
2021-12-11 20:00:23.808 [DEBUG] com.jawe.system.mapper.MyUserDetailsServiceMapper.findAuthorityByRoleCodes - ==>  Preparing: SELECT DISTINCT url FROM api m LEFT JOIN role_api rm ON m.id = rm.api_id LEFT JOIN role r ON r.id = rm.role_id WHERE r.role_code IN ( ? )
2021-12-11 20:00:23.808 [DEBUG] com.jawe.system.mapper.MyUserDetailsServiceMapper.findAuthorityByRoleCodes - ==> Parameters: common(String)
2021-12-11 20:00:23.809 [DEBUG] com.jawe.system.mapper.MyUserDetailsServiceMapper.findAuthorityByRoleCodes - <==      Total: 1
2021-12-11 20:00:23.814 [DEBUG] com.jawe.system.mapper.UserMapper.currentUser - ==>  Preparing: select * from user where username = ?
2021-12-11 20:00:23.815 [DEBUG] com.jawe.system.mapper.UserMapper.currentUser - ==> Parameters: user(String)
2021-12-11 20:00:23.816 [DEBUG] com.jawe.system.mapper.UserMapper.currentUser - <==      Total: 1
2021-12-11 20:00:23.822 [DEBUG] com.jawe.system.mapper.CartMapper.selectList - ==>  Preparing: SELECT id,goods_id,num,price,user_id,is_active,category_id,create_time FROM cart WHERE (user_id = ?) ORDER BY category_id ASC
2021-12-11 20:00:23.822 [DEBUG] com.jawe.system.mapper.CartMapper.selectList - ==> Parameters: 2(Integer)
2021-12-11 20:00:23.831 [DEBUG] com.jawe.system.mapper.CartMapper.selectList - <==      Total: 5
2021-12-11 20:00:23.835 [DEBUG] com.jawe.system.mapper.GoodsMapper.selectById - ==>  Preparing: SELECT id,goods_name,category_id,description,price,stock,sales,cover_url,is_on,is_recommend,create_time,update_time FROM goods WHERE id=?
2021-12-11 20:00:23.835 [DEBUG] com.jawe.system.mapper.GoodsMapper.selectById - ==> Parameters: 20(Integer)
2021-12-11 20:00:23.838 [DEBUG] com.jawe.system.mapper.GoodsMapper.selectById - <==      Total: 1
2021-12-11 20:00:23.839 [DEBUG] com.jawe.system.mapper.GoodsCategoryMapper.getName - ==>  Preparing: select name from goods_category where id=?
2021-12-11 20:00:23.839 [DEBUG] com.jawe.system.mapper.GoodsCategoryMapper.getName - ==> Parameters: 6(Integer)
2021-12-11 20:00:23.875 [DEBUG] com.jawe.system.mapper.GoodsCategoryMapper.getName - <==      Total: 1
2021-12-11 20:00:23.876 [DEBUG] com.jawe.system.mapper.GoodsMapper.selectById - ==>  Preparing: SELECT id,goods_name,category_id,description,price,stock,sales,cover_url,is_on,is_recommend,create_time,update_time FROM goods WHERE id=?
2021-12-11 20:00:23.877 [DEBUG] com.jawe.system.mapper.GoodsMapper.selectById - ==> Parameters: 13(Integer)
2021-12-11 20:00:23.879 [DEBUG] com.jawe.system.mapper.GoodsMapper.selectById - <==      Total: 1
2021-12-11 20:00:23.880 [DEBUG] com.jawe.system.mapper.GoodsCategoryMapper.getName - ==>  Preparing: select name from goods_category where id=?
2021-12-11 20:00:23.881 [DEBUG] com.jawe.system.mapper.GoodsCategoryMapper.getName - ==> Parameters: 6(Integer)
2021-12-11 20:00:23.882 [DEBUG] com.jawe.system.mapper.GoodsCategoryMapper.getName - <==      Total: 1
2021-12-11 20:00:23.882 [DEBUG] com.jawe.system.mapper.GoodsMapper.selectById - ==>  Preparing: SELECT id,goods_name,category_id,description,price,stock,sales,cover_url,is_on,is_recommend,create_time,update_time FROM goods WHERE id=?
2021-12-11 20:00:23.883 [DEBUG] com.jawe.system.mapper.GoodsMapper.selectById - ==> Parameters: 23(Integer)
2021-12-11 20:00:23.884 [DEBUG] com.jawe.system.mapper.GoodsMapper.selectById - <==      Total: 1
2021-12-11 20:00:23.885 [DEBUG] com.jawe.system.mapper.GoodsCategoryMapper.getName - ==>  Preparing: select name from goods_category where id=?
2021-12-11 20:00:23.885 [DEBUG] com.jawe.system.mapper.GoodsCategoryMapper.getName - ==> Parameters: 21(Integer)
2021-12-11 20:00:23.886 [DEBUG] com.jawe.system.mapper.GoodsCategoryMapper.getName - <==      Total: 1
2021-12-11 20:00:23.886 [DEBUG] com.jawe.system.mapper.GoodsCategoryMapper.selectById - ==>  Preparing: SELECT id,pid,name,sort,enable,create_time,update_time FROM goods_category WHERE id=?
2021-12-11 20:00:23.886 [DEBUG] com.jawe.system.mapper.GoodsCategoryMapper.selectById - ==> Parameters: 6(Integer)
2021-12-11 20:00:23.888 [DEBUG] com.jawe.system.mapper.GoodsCategoryMapper.selectById - <==      Total: 1
2021-12-11 20:00:23.888 [DEBUG] com.jawe.system.mapper.GoodsMapper.selectById - ==>  Preparing: SELECT id,goods_name,category_id,description,price,stock,sales,cover_url,is_on,is_recommend,create_time,update_time FROM goods WHERE id=?
2021-12-11 20:00:23.889 [DEBUG] com.jawe.system.mapper.GoodsMapper.selectById - ==> Parameters: 22(Integer)
2021-12-11 20:00:23.890 [DEBUG] com.jawe.system.mapper.GoodsMapper.selectById - <==      Total: 1
2021-12-11 20:00:23.890 [DEBUG] com.jawe.system.mapper.GoodsCategoryMapper.getName - ==>  Preparing: select name from goods_category where id=?
2021-12-11 20:00:23.891 [DEBUG] com.jawe.system.mapper.GoodsCategoryMapper.getName - ==> Parameters: 21(Integer)
2021-12-11 20:00:23.892 [DEBUG] com.jawe.system.mapper.GoodsCategoryMapper.getName - <==      Total: 1
2021-12-11 20:00:23.893 [DEBUG] com.jawe.system.mapper.GoodsMapper.selectById - ==>  Preparing: SELECT id,goods_name,category_id,description,price,stock,sales,cover_url,is_on,is_recommend,create_time,update_time FROM goods WHERE id=?
2021-12-11 20:00:23.893 [DEBUG] com.jawe.system.mapper.GoodsMapper.selectById - ==> Parameters: 26(Integer)
2021-12-11 20:00:23.894 [DEBUG] com.jawe.system.mapper.GoodsMapper.selectById - <==      Total: 1
2021-12-11 20:00:23.895 [DEBUG] com.jawe.system.mapper.GoodsCategoryMapper.getName - ==>  Preparing: select name from goods_category where id=?
2021-12-11 20:00:23.895 [DEBUG] com.jawe.system.mapper.GoodsCategoryMapper.getName - ==> Parameters: 24(Integer)
2021-12-11 20:00:23.896 [DEBUG] com.jawe.system.mapper.GoodsCategoryMapper.getName - <==      Total: 1
2021-12-11 20:00:23.897 [DEBUG] com.jawe.system.mapper.GoodsCategoryMapper.selectById - ==>  Preparing: SELECT id,pid,name,sort,enable,create_time,update_time FROM goods_category WHERE id=?
2021-12-11 20:00:23.897 [DEBUG] com.jawe.system.mapper.GoodsCategoryMapper.selectById - ==> Parameters: 21(Integer)
2021-12-11 20:00:23.898 [DEBUG] com.jawe.system.mapper.GoodsCategoryMapper.selectById - <==      Total: 1
2021-12-11 20:00:23.898 [DEBUG] com.jawe.system.mapper.GoodsCategoryMapper.selectById - ==>  Preparing: SELECT id,pid,name,sort,enable,create_time,update_time FROM goods_category WHERE id=?
2021-12-11 20:00:23.899 [DEBUG] com.jawe.system.mapper.GoodsCategoryMapper.selectById - ==> Parameters: 24(Integer)
2021-12-11 20:00:23.900 [DEBUG] com.jawe.system.mapper.GoodsCategoryMapper.selectById - <==      Total: 1
2021-12-11 20:00:25.484 [DEBUG] com.jawe.system.mapper.MyUserDetailsServiceMapper.findByPhoneNumber - ==>  Preparing: SELECT username,password,enable from user u where u.username = ?;
2021-12-11 20:00:25.484 [DEBUG] com.jawe.system.mapper.MyUserDetailsServiceMapper.findByPhoneNumber - ==> Parameters: user(String)
2021-12-11 20:00:25.485 [DEBUG] com.jawe.system.mapper.MyUserDetailsServiceMapper.findByPhoneNumber - <==      Total: 1
2021-12-11 20:00:25.486 [DEBUG] com.jawe.system.mapper.MyUserDetailsServiceMapper.findRole - ==>  Preparing: SELECT role_code FROM role r LEFT JOIN user_role ur ON r.id = ur.role_id LEFT JOIN user u ON u.id = ur.user_id WHERE u.username = ?
2021-12-11 20:00:25.486 [DEBUG] com.jawe.system.mapper.MyUserDetailsServiceMapper.findRole - ==> Parameters: user(String)
2021-12-11 20:00:25.488 [DEBUG] com.jawe.system.mapper.MyUserDetailsServiceMapper.findRole - <==      Total: 1
2021-12-11 20:00:25.489 [DEBUG] com.jawe.system.mapper.MyUserDetailsServiceMapper.findAuthorityByRoleCodes - ==>  Preparing: SELECT DISTINCT url FROM api m LEFT JOIN role_api rm ON m.id = rm.api_id LEFT JOIN role r ON r.id = rm.role_id WHERE r.role_code IN ( ? )
2021-12-11 20:00:25.489 [DEBUG] com.jawe.system.mapper.MyUserDetailsServiceMapper.findAuthorityByRoleCodes - ==> Parameters: common(String)
2021-12-11 20:00:25.490 [DEBUG] com.jawe.system.mapper.MyUserDetailsServiceMapper.findAuthorityByRoleCodes - <==      Total: 1
2021-12-11 20:00:25.498 [DEBUG] com.jawe.system.mapper.GoodsCategoryMapper.selectList - ==>  Preparing: SELECT id,pid,name,sort,enable,create_time,update_time FROM goods_category WHERE (pid = ? AND enable = ?) ORDER BY sort ASC
2021-12-11 20:00:25.498 [DEBUG] com.jawe.system.mapper.GoodsCategoryMapper.selectList - ==> Parameters: 0(Integer), 1(Integer)
2021-12-11 20:00:25.500 [DEBUG] com.jawe.system.mapper.GoodsCategoryMapper.selectList - <==      Total: 6
2021-12-11 20:00:25.501 [DEBUG] com.jawe.system.mapper.GoodsCategoryMapper.selectList - ==>  Preparing: SELECT id,pid,name,sort,enable,create_time,update_time FROM goods_category WHERE (pid = ? AND enable = ?) ORDER BY sort ASC
2021-12-11 20:00:25.502 [DEBUG] com.jawe.system.mapper.GoodsCategoryMapper.selectList - ==> Parameters: 4(Integer), 1(Integer)
2021-12-11 20:00:25.503 [DEBUG] com.jawe.system.mapper.GoodsCategoryMapper.selectList - <==      Total: 2
2021-12-11 20:00:25.505 [DEBUG] com.jawe.system.mapper.GoodsCategoryMapper.selectList - ==>  Preparing: SELECT id,pid,name,sort,enable,create_time,update_time FROM goods_category WHERE (pid = ? AND enable = ?) ORDER BY sort ASC
2021-12-11 20:00:25.506 [DEBUG] com.jawe.system.mapper.GoodsCategoryMapper.selectList - ==> Parameters: 22(Integer), 1(Integer)
2021-12-11 20:00:25.507 [DEBUG] com.jawe.system.mapper.GoodsCategoryMapper.selectList - <==      Total: 2
2021-12-11 20:00:25.509 [DEBUG] com.jawe.system.mapper.GoodsCategoryMapper.selectList - ==>  Preparing: SELECT id,pid,name,sort,enable,create_time,update_time FROM goods_category WHERE (pid = ? AND enable = ?) ORDER BY sort ASC
2021-12-11 20:00:25.509 [DEBUG] com.jawe.system.mapper.GoodsCategoryMapper.selectList - ==> Parameters: 2(Integer), 1(Integer)
2021-12-11 20:00:25.511 [DEBUG] com.jawe.system.mapper.GoodsCategoryMapper.selectList - <==      Total: 1
2021-12-11 20:00:25.512 [DEBUG] com.jawe.system.mapper.GoodsCategoryMapper.selectList - ==>  Preparing: SELECT id,pid,name,sort,enable,create_time,update_time FROM goods_category WHERE (pid = ? AND enable = ?) ORDER BY sort ASC
2021-12-11 20:00:25.513 [DEBUG] com.jawe.system.mapper.GoodsCategoryMapper.selectList - ==> Parameters: 3(Integer), 1(Integer)
2021-12-11 20:00:25.514 [DEBUG] com.jawe.system.mapper.GoodsCategoryMapper.selectList - <==      Total: 1
2021-12-11 20:00:25.515 [DEBUG] com.jawe.system.mapper.GoodsCategoryMapper.selectList - ==>  Preparing: SELECT id,pid,name,sort,enable,create_time,update_time FROM goods_category WHERE (pid = ? AND enable = ?) ORDER BY sort ASC
2021-12-11 20:00:25.515 [DEBUG] com.jawe.system.mapper.GoodsCategoryMapper.selectList - ==> Parameters: 5(Integer), 1(Integer)
2021-12-11 20:00:25.517 [DEBUG] com.jawe.system.mapper.GoodsCategoryMapper.selectList - <==      Total: 2
2021-12-11 20:00:25.519 [DEBUG] com.jawe.system.mapper.GoodsCategoryMapper.selectList - ==>  Preparing: SELECT id,pid,name,sort,enable,create_time,update_time FROM goods_category WHERE (pid = ? AND enable = ?) ORDER BY sort ASC
2021-12-11 20:00:25.519 [DEBUG] com.jawe.system.mapper.GoodsCategoryMapper.selectList - ==> Parameters: 1(Integer), 1(Integer)
2021-12-11 20:00:25.520 [DEBUG] com.jawe.system.mapper.GoodsCategoryMapper.selectList - <==      Total: 2
2021-12-11 20:00:25.538 [DEBUG] com.jawe.system.mapper.MyUserDetailsServiceMapper.findByPhoneNumber - ==>  Preparing: SELECT username,password,enable from user u where u.username = ?;
2021-12-11 20:00:25.539 [DEBUG] com.jawe.system.mapper.MyUserDetailsServiceMapper.findByPhoneNumber - ==> Parameters: user(String)
2021-12-11 20:00:25.540 [DEBUG] com.jawe.system.mapper.MyUserDetailsServiceMapper.findByPhoneNumber - <==      Total: 1
2021-12-11 20:00:25.541 [DEBUG] com.jawe.system.mapper.MyUserDetailsServiceMapper.findRole - ==>  Preparing: SELECT role_code FROM role r LEFT JOIN user_role ur ON r.id = ur.role_id LEFT JOIN user u ON u.id = ur.user_id WHERE u.username = ?
2021-12-11 20:00:25.541 [DEBUG] com.jawe.system.mapper.MyUserDetailsServiceMapper.findRole - ==> Parameters: user(String)
2021-12-11 20:00:25.542 [DEBUG] com.jawe.system.mapper.MyUserDetailsServiceMapper.findRole - <==      Total: 1
2021-12-11 20:00:25.542 [DEBUG] com.jawe.system.mapper.MyUserDetailsServiceMapper.findAuthorityByRoleCodes - ==>  Preparing: SELECT DISTINCT url FROM api m LEFT JOIN role_api rm ON m.id = rm.api_id LEFT JOIN role r ON r.id = rm.role_id WHERE r.role_code IN ( ? )
2021-12-11 20:00:25.543 [DEBUG] com.jawe.system.mapper.MyUserDetailsServiceMapper.findAuthorityByRoleCodes - ==> Parameters: common(String)
2021-12-11 20:00:25.543 [DEBUG] com.jawe.system.mapper.MyUserDetailsServiceMapper.findAuthorityByRoleCodes - <==      Total: 1
2021-12-11 20:00:25.567 [DEBUG] com.jawe.system.mapper.GoodsMapper.selectPage_mpCount - ==>  Preparing: SELECT COUNT(1) FROM goods WHERE (goods_name LIKE ?)
2021-12-11 20:00:25.567 [DEBUG] com.jawe.system.mapper.GoodsMapper.selectPage_mpCount - ==> Parameters: %%(String)
2021-12-11 20:00:25.568 [DEBUG] com.jawe.system.mapper.GoodsMapper.selectPage_mpCount - <==      Total: 1
2021-12-11 20:00:25.574 [DEBUG] com.jawe.system.mapper.GoodsMapper.selectPage - ==>  Preparing: SELECT id,goods_name,category_id,description,price,stock,sales,cover_url,is_on,is_recommend,create_time,update_time FROM goods WHERE (goods_name LIKE ?) LIMIT ?
2021-12-11 20:00:25.575 [DEBUG] com.jawe.system.mapper.GoodsMapper.selectPage - ==> Parameters: %%(String), 8(Long)
2021-12-11 20:00:25.577 [DEBUG] com.jawe.system.mapper.GoodsMapper.selectPage - <==      Total: 8
2021-12-11 20:00:26.455 [DEBUG] com.jawe.system.mapper.MyUserDetailsServiceMapper.findByPhoneNumber - ==>  Preparing: SELECT username,password,enable from user u where u.username = ?;
2021-12-11 20:00:26.485 [DEBUG] com.jawe.system.mapper.MyUserDetailsServiceMapper.findByPhoneNumber - ==> Parameters: user(String)
2021-12-11 20:00:26.486 [DEBUG] com.jawe.system.mapper.MyUserDetailsServiceMapper.findByPhoneNumber - <==      Total: 1
2021-12-11 20:00:26.486 [DEBUG] com.jawe.system.mapper.MyUserDetailsServiceMapper.findRole - ==>  Preparing: SELECT role_code FROM role r LEFT JOIN user_role ur ON r.id = ur.role_id LEFT JOIN user u ON u.id = ur.user_id WHERE u.username = ?
2021-12-11 20:00:26.486 [DEBUG] com.jawe.system.mapper.MyUserDetailsServiceMapper.findRole - ==> Parameters: user(String)
2021-12-11 20:00:26.487 [DEBUG] com.jawe.system.mapper.MyUserDetailsServiceMapper.findRole - <==      Total: 1
2021-12-11 20:00:26.488 [DEBUG] com.jawe.system.mapper.MyUserDetailsServiceMapper.findAuthorityByRoleCodes - ==>  Preparing: SELECT DISTINCT url FROM api m LEFT JOIN role_api rm ON m.id = rm.api_id LEFT JOIN role r ON r.id = rm.role_id WHERE r.role_code IN ( ? )
2021-12-11 20:00:26.488 [DEBUG] com.jawe.system.mapper.MyUserDetailsServiceMapper.findAuthorityByRoleCodes - ==> Parameters: common(String)
2021-12-11 20:00:26.489 [DEBUG] com.jawe.system.mapper.MyUserDetailsServiceMapper.findAuthorityByRoleCodes - <==      Total: 1
2021-12-11 20:00:26.493 [DEBUG] com.jawe.system.mapper.GoodsMapper.selectPage_mpCount - ==>  Preparing: SELECT COUNT(1) FROM goods WHERE (goods_name LIKE ?)
2021-12-11 20:00:26.493 [DEBUG] com.jawe.system.mapper.GoodsMapper.selectPage_mpCount - ==> Parameters: %%(String)
2021-12-11 20:00:26.494 [DEBUG] com.jawe.system.mapper.GoodsMapper.selectPage_mpCount - <==      Total: 1
2021-12-11 20:00:26.495 [DEBUG] com.jawe.system.mapper.GoodsMapper.selectPage - ==>  Preparing: SELECT id,goods_name,category_id,description,price,stock,sales,cover_url,is_on,is_recommend,create_time,update_time FROM goods WHERE (goods_name LIKE ?) LIMIT ?
2021-12-11 20:00:26.495 [DEBUG] com.jawe.system.mapper.GoodsMapper.selectPage - ==> Parameters: %%(String), 8(Long)
2021-12-11 20:00:26.499 [DEBUG] com.jawe.system.mapper.GoodsMapper.selectPage - <==      Total: 8
2021-12-11 20:00:28.439 [DEBUG] com.jawe.system.mapper.MyUserDetailsServiceMapper.findByPhoneNumber - ==>  Preparing: SELECT username,password,enable from user u where u.username = ?;
2021-12-11 20:00:28.439 [DEBUG] com.jawe.system.mapper.MyUserDetailsServiceMapper.findByPhoneNumber - ==> Parameters: user(String)
2021-12-11 20:00:28.441 [DEBUG] com.jawe.system.mapper.MyUserDetailsServiceMapper.findByPhoneNumber - <==      Total: 1
2021-12-11 20:00:28.441 [DEBUG] com.jawe.system.mapper.MyUserDetailsServiceMapper.findByPhoneNumber - ==>  Preparing: SELECT username,password,enable from user u where u.username = ?;
2021-12-11 20:00:28.442 [DEBUG] com.jawe.system.mapper.MyUserDetailsServiceMapper.findRole - ==>  Preparing: SELECT role_code FROM role r LEFT JOIN user_role ur ON r.id = ur.role_id LEFT JOIN user u ON u.id = ur.user_id WHERE u.username = ?
2021-12-11 20:00:28.442 [DEBUG] com.jawe.system.mapper.MyUserDetailsServiceMapper.findByPhoneNumber - ==> Parameters: user(String)
2021-12-11 20:00:28.442 [DEBUG] com.jawe.system.mapper.MyUserDetailsServiceMapper.findRole - ==> Parameters: user(String)
2021-12-11 20:00:28.443 [DEBUG] com.jawe.system.mapper.MyUserDetailsServiceMapper.findByPhoneNumber - ==>  Preparing: SELECT username,password,enable from user u where u.username = ?;
2021-12-11 20:00:28.444 [DEBUG] com.jawe.system.mapper.MyUserDetailsServiceMapper.findRole - <==      Total: 1
2021-12-11 20:00:28.444 [DEBUG] com.jawe.system.mapper.MyUserDetailsServiceMapper.findByPhoneNumber - <==      Total: 1
2021-12-11 20:00:28.444 [DEBUG] com.jawe.system.mapper.MyUserDetailsServiceMapper.findByPhoneNumber - ==> Parameters: user(String)
2021-12-11 20:00:28.444 [DEBUG] com.jawe.system.mapper.MyUserDetailsServiceMapper.findRole - ==>  Preparing: SELECT role_code FROM role r LEFT JOIN user_role ur ON r.id = ur.role_id LEFT JOIN user u ON u.id = ur.user_id WHERE u.username = ?
2021-12-11 20:00:28.444 [DEBUG] com.jawe.system.mapper.MyUserDetailsServiceMapper.findAuthorityByRoleCodes - ==>  Preparing: SELECT DISTINCT url FROM api m LEFT JOIN role_api rm ON m.id = rm.api_id LEFT JOIN role r ON r.id = rm.role_id WHERE r.role_code IN ( ? )
2021-12-11 20:00:28.444 [DEBUG] com.jawe.system.mapper.MyUserDetailsServiceMapper.findAuthorityByRoleCodes - ==> Parameters: common(String)
2021-12-11 20:00:28.444 [DEBUG] com.jawe.system.mapper.MyUserDetailsServiceMapper.findRole - ==> Parameters: user(String)
2021-12-11 20:00:28.445 [DEBUG] com.jawe.system.mapper.MyUserDetailsServiceMapper.findByPhoneNumber - <==      Total: 1
2021-12-11 20:00:28.446 [DEBUG] com.jawe.system.mapper.MyUserDetailsServiceMapper.findAuthorityByRoleCodes - <==      Total: 1
2021-12-11 20:00:28.446 [DEBUG] com.jawe.system.mapper.MyUserDetailsServiceMapper.findRole - ==>  Preparing: SELECT role_code FROM role r LEFT JOIN user_role ur ON r.id = ur.role_id LEFT JOIN user u ON u.id = ur.user_id WHERE u.username = ?
2021-12-11 20:00:28.446 [DEBUG] com.jawe.system.mapper.MyUserDetailsServiceMapper.findRole - <==      Total: 1
2021-12-11 20:00:28.446 [DEBUG] com.jawe.system.mapper.MyUserDetailsServiceMapper.findRole - ==> Parameters: user(String)
2021-12-11 20:00:28.446 [DEBUG] com.jawe.system.mapper.MyUserDetailsServiceMapper.findAuthorityByRoleCodes - ==>  Preparing: SELECT DISTINCT url FROM api m LEFT JOIN role_api rm ON m.id = rm.api_id LEFT JOIN role r ON r.id = rm.role_id WHERE r.role_code IN ( ? )
2021-12-11 20:00:28.447 [DEBUG] com.jawe.system.mapper.MyUserDetailsServiceMapper.findAuthorityByRoleCodes - ==> Parameters: common(String)
2021-12-11 20:00:28.447 [DEBUG] com.jawe.system.mapper.MyUserDetailsServiceMapper.findRole - <==      Total: 1
2021-12-11 20:00:28.448 [DEBUG] com.jawe.system.mapper.MyUserDetailsServiceMapper.findAuthorityByRoleCodes - ==>  Preparing: SELECT DISTINCT url FROM api m LEFT JOIN role_api rm ON m.id = rm.api_id LEFT JOIN role r ON r.id = rm.role_id WHERE r.role_code IN ( ? )
2021-12-11 20:00:28.449 [DEBUG] com.jawe.system.mapper.MyUserDetailsServiceMapper.findAuthorityByRoleCodes - ==> Parameters: common(String)
2021-12-11 20:00:28.449 [DEBUG] com.jawe.system.mapper.MyUserDetailsServiceMapper.findAuthorityByRoleCodes - <==      Total: 1
2021-12-11 20:00:28.449 [DEBUG] com.jawe.system.mapper.GoodsMapper.selectById - ==>  Preparing: SELECT id,goods_name,category_id,description,price,stock,sales,cover_url,is_on,is_recommend,create_time,update_time FROM goods WHERE id=?
2021-12-11 20:00:28.449 [DEBUG] com.jawe.system.mapper.GoodsMapper.selectById - ==> Parameters: 1(Integer)
2021-12-11 20:00:28.450 [DEBUG] com.jawe.system.mapper.MyUserDetailsServiceMapper.findAuthorityByRoleCodes - <==      Total: 1
2021-12-11 20:00:28.451 [DEBUG] com.jawe.system.mapper.GoodsMapper.selectById - <==      Total: 1
2021-12-11 20:00:28.451 [DEBUG] com.jawe.system.mapper.UserMapper.currentUser - ==>  Preparing: select * from user where username = ?
2021-12-11 20:00:28.451 [DEBUG] com.jawe.system.mapper.UserMapper.currentUser - ==> Parameters: user(String)
2021-12-11 20:00:28.453 [DEBUG] com.jawe.system.mapper.UserMapper.currentUser - <==      Total: 1
2021-12-11 20:00:28.455 [DEBUG] com.jawe.system.mapper.GoodsMapper.selectPage_mpCount - ==>  Preparing: SELECT COUNT(1) FROM goods WHERE (goods_name LIKE ?)
2021-12-11 20:00:28.455 [DEBUG] com.jawe.system.mapper.CartMapper.selectCount - ==>  Preparing: SELECT COUNT( 1 ) FROM cart WHERE (user_id = ?)
2021-12-11 20:00:28.455 [DEBUG] com.jawe.system.mapper.GoodsMapper.selectPage_mpCount - ==> Parameters: %%(String)
2021-12-11 20:00:28.455 [DEBUG] com.jawe.system.mapper.InsetMapper.selectList - ==>  Preparing: SELECT id,goods_id,url,sort FROM inset WHERE (goods_id = ?)
2021-12-11 20:00:28.456 [DEBUG] com.jawe.system.mapper.InsetMapper.selectList - ==> Parameters: 1(Integer)
2021-12-11 20:00:28.456 [DEBUG] com.jawe.system.mapper.CartMapper.selectCount - ==> Parameters: 2(Integer)
2021-12-11 20:00:28.457 [DEBUG] com.jawe.system.mapper.GoodsMapper.selectPage_mpCount - <==      Total: 1
2021-12-11 20:00:28.458 [DEBUG] com.jawe.system.mapper.CartMapper.selectCount - <==      Total: 1
2021-12-11 20:00:28.458 [DEBUG] com.jawe.system.mapper.GoodsMapper.selectPage - ==>  Preparing: SELECT id,goods_name,category_id,description,price,stock,sales,cover_url,is_on,is_recommend,create_time,update_time FROM goods WHERE (goods_name LIKE ?) LIMIT ?
2021-12-11 20:00:28.458 [DEBUG] com.jawe.system.mapper.GoodsMapper.selectPage - ==> Parameters: %%(String), 8(Long)
2021-12-11 20:00:28.461 [DEBUG] com.jawe.system.mapper.GoodsMapper.selectPage - <==      Total: 8
2021-12-11 20:00:28.461 [DEBUG] com.jawe.system.mapper.InsetMapper.selectList - <==      Total: 2
2021-12-11 20:00:28.466 [DEBUG] com.jawe.system.mapper.CommentMapper.selectList - ==>  Preparing: SELECT id,content,user_id,goods_id,star,like_count,create_time FROM comment WHERE (goods_id = ?)
2021-12-11 20:00:28.467 [DEBUG] com.jawe.system.mapper.CommentMapper.selectList - ==> Parameters: 1(Integer)
2021-12-11 20:00:28.470 [DEBUG] com.jawe.system.mapper.CommentMapper.selectList - <==      Total: 0
2021-12-11 20:00:28.472 [DEBUG] com.jawe.system.mapper.UserMapper.currentUser - ==>  Preparing: select * from user where username = ?
2021-12-11 20:00:28.473 [DEBUG] com.jawe.system.mapper.UserMapper.currentUser - ==> Parameters: user(String)
2021-12-11 20:00:28.474 [DEBUG] com.jawe.system.mapper.UserMapper.currentUser - <==      Total: 1
2021-12-11 20:00:28.477 [DEBUG] com.jawe.system.mapper.GoodsCollectionMapper.selectCount - ==>  Preparing: SELECT COUNT( 1 ) FROM goods_collection WHERE (user_id = ? AND goods_id = ?)
2021-12-11 20:00:28.478 [DEBUG] com.jawe.system.mapper.GoodsCollectionMapper.selectCount - ==> Parameters: 2(Integer), 1(Integer)
2021-12-11 20:00:28.482 [DEBUG] com.jawe.system.mapper.GoodsCollectionMapper.selectCount - <==      Total: 1
2021-12-11 20:28:25.514 [DEBUG] com.jawe.system.mapper.MyUserDetailsServiceMapper.findByPhoneNumber - ==>  Preparing: SELECT username,password,enable from user u where u.username = ?;
2021-12-11 20:28:25.515 [DEBUG] com.jawe.system.mapper.MyUserDetailsServiceMapper.findByPhoneNumber - ==> Parameters: user(String)
2021-12-11 20:28:25.516 [DEBUG] com.jawe.system.mapper.MyUserDetailsServiceMapper.findByPhoneNumber - <==      Total: 1
2021-12-11 20:28:25.517 [DEBUG] com.jawe.system.mapper.MyUserDetailsServiceMapper.findRole - ==>  Preparing: SELECT role_code FROM role r LEFT JOIN user_role ur ON r.id = ur.role_id LEFT JOIN user u ON u.id = ur.user_id WHERE u.username = ?
2021-12-11 20:28:25.517 [DEBUG] com.jawe.system.mapper.MyUserDetailsServiceMapper.findRole - ==> Parameters: user(String)
2021-12-11 20:28:25.519 [DEBUG] com.jawe.system.mapper.MyUserDetailsServiceMapper.findRole - <==      Total: 1
2021-12-11 20:28:25.519 [DEBUG] com.jawe.system.mapper.MyUserDetailsServiceMapper.findAuthorityByRoleCodes - ==>  Preparing: SELECT DISTINCT url FROM api m LEFT JOIN role_api rm ON m.id = rm.api_id LEFT JOIN role r ON r.id = rm.role_id WHERE r.role_code IN ( ? )
2021-12-11 20:28:25.519 [DEBUG] com.jawe.system.mapper.MyUserDetailsServiceMapper.findAuthorityByRoleCodes - ==> Parameters: common(String)
2021-12-11 20:28:25.520 [DEBUG] com.jawe.system.mapper.MyUserDetailsServiceMapper.findAuthorityByRoleCodes - <==      Total: 1
2021-12-11 20:28:25.524 [DEBUG] com.jawe.system.mapper.UserMapper.selectOne - ==>  Preparing: SELECT id,avatar_url,phone_number,username,password,email,enable,gender,create_time,update_time FROM user WHERE (username = ?)
2021-12-11 20:28:25.524 [DEBUG] com.jawe.system.mapper.UserMapper.selectOne - ==> Parameters: user(String)
2021-12-11 20:28:25.525 [DEBUG] com.jawe.system.mapper.UserMapper.selectOne - <==      Total: 1
2021-12-11 20:28:25.526 [DEBUG] com.jawe.system.mapper.OrderMapper.selectList - ==>  Preparing: SELECT id,goods_id,user_id,price,state,create_time FROM goods_order WHERE (user_id = ?)
2021-12-11 20:28:25.527 [DEBUG] com.jawe.system.mapper.OrderMapper.selectList - ==> Parameters: 2(Integer)
2021-12-11 20:28:25.528 [DEBUG] com.jawe.system.mapper.OrderMapper.selectList - <==      Total: 3
2021-12-11 20:28:47.873 [DEBUG] com.jawe.system.mapper.MyUserDetailsServiceMapper.findByPhoneNumber - ==>  Preparing: SELECT username,password,enable from user u where u.username = ?;
2021-12-11 20:28:47.873 [DEBUG] com.jawe.system.mapper.MyUserDetailsServiceMapper.findByPhoneNumber - ==> Parameters: user(String)
2021-12-11 20:28:47.874 [DEBUG] com.jawe.system.mapper.MyUserDetailsServiceMapper.findByPhoneNumber - <==      Total: 1
2021-12-11 20:28:47.874 [DEBUG] com.jawe.system.mapper.MyUserDetailsServiceMapper.findRole - ==>  Preparing: SELECT role_code FROM role r LEFT JOIN user_role ur ON r.id = ur.role_id LEFT JOIN user u ON u.id = ur.user_id WHERE u.username = ?
2021-12-11 20:28:47.875 [DEBUG] com.jawe.system.mapper.MyUserDetailsServiceMapper.findRole - ==> Parameters: user(String)
2021-12-11 20:28:47.875 [DEBUG] com.jawe.system.mapper.MyUserDetailsServiceMapper.findRole - <==      Total: 1
2021-12-11 20:28:47.875 [DEBUG] com.jawe.system.mapper.MyUserDetailsServiceMapper.findAuthorityByRoleCodes - ==>  Preparing: SELECT DISTINCT url FROM api m LEFT JOIN role_api rm ON m.id = rm.api_id LEFT JOIN role r ON r.id = rm.role_id WHERE r.role_code IN ( ? )
2021-12-11 20:28:47.876 [DEBUG] com.jawe.system.mapper.MyUserDetailsServiceMapper.findAuthorityByRoleCodes - ==> Parameters: common(String)
2021-12-11 20:28:47.876 [DEBUG] com.jawe.system.mapper.MyUserDetailsServiceMapper.findAuthorityByRoleCodes - <==      Total: 1
2021-12-11 20:29:29.022 [DEBUG] com.jawe.system.mapper.MyUserDetailsServiceMapper.findByPhoneNumber - ==>  Preparing: SELECT username,password,enable from user u where u.username = ?;
2021-12-11 20:29:29.039 [DEBUG] com.jawe.system.mapper.MyUserDetailsServiceMapper.findByPhoneNumber - ==> Parameters: user(String)
2021-12-11 20:29:29.160 [DEBUG] com.jawe.system.mapper.MyUserDetailsServiceMapper.findByPhoneNumber - <==      Total: 1
2021-12-11 20:29:29.165 [DEBUG] com.jawe.system.mapper.MyUserDetailsServiceMapper.findRole - ==>  Preparing: SELECT role_code FROM role r LEFT JOIN user_role ur ON r.id = ur.role_id LEFT JOIN user u ON u.id = ur.user_id WHERE u.username = ?
2021-12-11 20:29:29.166 [DEBUG] com.jawe.system.mapper.MyUserDetailsServiceMapper.findRole - ==> Parameters: user(String)
2021-12-11 20:29:29.168 [DEBUG] com.jawe.system.mapper.MyUserDetailsServiceMapper.findRole - <==      Total: 1
2021-12-11 20:29:29.181 [DEBUG] com.jawe.system.mapper.MyUserDetailsServiceMapper.findAuthorityByRoleCodes - ==>  Preparing: SELECT DISTINCT url FROM api m LEFT JOIN role_api rm ON m.id = rm.api_id LEFT JOIN role r ON r.id = rm.role_id WHERE r.role_code IN ( ? )
2021-12-11 20:29:29.181 [DEBUG] com.jawe.system.mapper.MyUserDetailsServiceMapper.findAuthorityByRoleCodes - ==> Parameters: common(String)
2021-12-11 20:29:29.183 [DEBUG] com.jawe.system.mapper.MyUserDetailsServiceMapper.findAuthorityByRoleCodes - <==      Total: 1
2021-12-11 20:29:29.242 [DEBUG] com.jawe.system.mapper.UserMapper.selectOne - ==>  Preparing: SELECT id,avatar_url,phone_number,username,password,email,enable,gender,create_time,update_time FROM user WHERE (username = ?)
2021-12-11 20:29:29.243 [DEBUG] com.jawe.system.mapper.UserMapper.selectOne - ==> Parameters: user(String)
2021-12-11 20:29:29.245 [DEBUG] com.jawe.system.mapper.UserMapper.selectOne - <==      Total: 1
2021-12-11 20:29:29.249 [DEBUG] com.jawe.system.mapper.OrderMapper.selectById - ==>  Preparing: SELECT id,goods_id,user_id,price,state,create_time FROM goods_order WHERE id=?
2021-12-11 20:29:29.249 [DEBUG] com.jawe.system.mapper.OrderMapper.selectById - ==> Parameters: 4(Integer)
2021-12-11 20:29:29.251 [DEBUG] com.jawe.system.mapper.OrderMapper.selectById - <==      Total: 1
2021-12-11 20:29:29.253 [DEBUG] com.jawe.system.mapper.OrderMapper.selectById - ==>  Preparing: SELECT id,goods_id,user_id,price,state,create_time FROM goods_order WHERE id=?
2021-12-11 20:29:29.253 [DEBUG] com.jawe.system.mapper.OrderMapper.selectById - ==> Parameters: 4(Integer)
2021-12-11 20:29:29.255 [DEBUG] com.jawe.system.mapper.OrderMapper.selectById - <==      Total: 1
2021-12-11 20:31:07.102 [DEBUG] com.jawe.system.mapper.MyUserDetailsServiceMapper.findByPhoneNumber - ==>  Preparing: SELECT username,password,enable from user u where u.username = ?;
2021-12-11 20:31:07.120 [DEBUG] com.jawe.system.mapper.MyUserDetailsServiceMapper.findByPhoneNumber - ==> Parameters: user(String)
2021-12-11 20:31:07.249 [DEBUG] com.jawe.system.mapper.MyUserDetailsServiceMapper.findByPhoneNumber - <==      Total: 1
2021-12-11 20:31:07.255 [DEBUG] com.jawe.system.mapper.MyUserDetailsServiceMapper.findRole - ==>  Preparing: SELECT role_code FROM role r LEFT JOIN user_role ur ON r.id = ur.role_id LEFT JOIN user u ON u.id = ur.user_id WHERE u.username = ?
2021-12-11 20:31:07.256 [DEBUG] com.jawe.system.mapper.MyUserDetailsServiceMapper.findRole - ==> Parameters: user(String)
2021-12-11 20:31:07.258 [DEBUG] com.jawe.system.mapper.MyUserDetailsServiceMapper.findRole - <==      Total: 1
2021-12-11 20:31:07.269 [DEBUG] com.jawe.system.mapper.MyUserDetailsServiceMapper.findAuthorityByRoleCodes - ==>  Preparing: SELECT DISTINCT url FROM api m LEFT JOIN role_api rm ON m.id = rm.api_id LEFT JOIN role r ON r.id = rm.role_id WHERE r.role_code IN ( ? )
2021-12-11 20:31:07.270 [DEBUG] com.jawe.system.mapper.MyUserDetailsServiceMapper.findAuthorityByRoleCodes - ==> Parameters: common(String)
2021-12-11 20:31:07.272 [DEBUG] com.jawe.system.mapper.MyUserDetailsServiceMapper.findAuthorityByRoleCodes - <==      Total: 1
2021-12-11 20:31:07.326 [DEBUG] com.jawe.system.mapper.UserMapper.selectOne - ==>  Preparing: SELECT id,avatar_url,phone_number,username,password,email,enable,gender,create_time,update_time FROM user WHERE (username = ?)
2021-12-11 20:31:07.326 [DEBUG] com.jawe.system.mapper.UserMapper.selectOne - ==> Parameters: user(String)
2021-12-11 20:31:07.328 [DEBUG] com.jawe.system.mapper.UserMapper.selectOne - <==      Total: 1
2021-12-11 20:31:07.332 [DEBUG] com.jawe.system.mapper.OrderMapper.selectById - ==>  Preparing: SELECT id,goods_id,user_id,price,state,create_time FROM goods_order WHERE id=?
2021-12-11 20:31:07.333 [DEBUG] com.jawe.system.mapper.OrderMapper.selectById - ==> Parameters: 4(Integer)
2021-12-11 20:31:07.335 [DEBUG] com.jawe.system.mapper.OrderMapper.selectById - <==      Total: 1
2021-12-11 20:31:07.337 [DEBUG] com.jawe.system.mapper.OrderMapper.selectById - ==>  Preparing: SELECT id,goods_id,user_id,price,state,create_time FROM goods_order WHERE id=?
2021-12-11 20:31:07.337 [DEBUG] com.jawe.system.mapper.OrderMapper.selectById - ==> Parameters: 4(Integer)
2021-12-11 20:31:07.338 [DEBUG] com.jawe.system.mapper.OrderMapper.selectById - <==      Total: 1
2021-12-11 20:31:07.360 [DEBUG] com.jawe.system.mapper.OrderMapper.updateById - ==>  Preparing: UPDATE goods_order SET goods_id=?, user_id=?, price=?, state=?, create_time=? WHERE id=?
2021-12-11 20:31:07.379 [DEBUG] com.jawe.system.mapper.OrderMapper.updateById - ==> Parameters: 21(Integer), 2(Integer), 21123.00(BigDecimal), 101(Integer), 2021-12-11 19:44:15.0(Timestamp), 4(Integer)
2021-12-11 20:31:07.417 [DEBUG] com.jawe.system.mapper.OrderMapper.updateById - <==    Updates: 1
2021-12-11 20:36:03.668 [DEBUG] com.jawe.system.mapper.MyUserDetailsServiceMapper.findByPhoneNumber - ==>  Preparing: SELECT username,password,enable from user u where u.username = ?;
2021-12-11 20:36:03.686 [DEBUG] com.jawe.system.mapper.MyUserDetailsServiceMapper.findByPhoneNumber - ==> Parameters: user(String)
2021-12-11 20:36:03.819 [DEBUG] com.jawe.system.mapper.MyUserDetailsServiceMapper.findByPhoneNumber - <==      Total: 1
2021-12-11 20:36:03.825 [DEBUG] com.jawe.system.mapper.MyUserDetailsServiceMapper.findRole - ==>  Preparing: SELECT role_code FROM role r LEFT JOIN user_role ur ON r.id = ur.role_id LEFT JOIN user u ON u.id = ur.user_id WHERE u.username = ?
2021-12-11 20:36:03.826 [DEBUG] com.jawe.system.mapper.MyUserDetailsServiceMapper.findRole - ==> Parameters: user(String)
2021-12-11 20:36:03.828 [DEBUG] com.jawe.system.mapper.MyUserDetailsServiceMapper.findRole - <==      Total: 1
2021-12-11 20:36:03.841 [DEBUG] com.jawe.system.mapper.MyUserDetailsServiceMapper.findAuthorityByRoleCodes - ==>  Preparing: SELECT DISTINCT url FROM api m LEFT JOIN role_api rm ON m.id = rm.api_id LEFT JOIN role r ON r.id = rm.role_id WHERE r.role_code IN ( ? )
2021-12-11 20:36:03.841 [DEBUG] com.jawe.system.mapper.MyUserDetailsServiceMapper.findAuthorityByRoleCodes - ==> Parameters: common(String)
2021-12-11 20:36:03.843 [DEBUG] com.jawe.system.mapper.MyUserDetailsServiceMapper.findAuthorityByRoleCodes - <==      Total: 1
2021-12-11 20:36:03.893 [DEBUG] com.jawe.system.mapper.UserMapper.selectOne - ==>  Preparing: SELECT id,avatar_url,phone_number,username,password,email,enable,gender,create_time,update_time FROM user WHERE (username = ?)
2021-12-11 20:36:03.893 [DEBUG] com.jawe.system.mapper.UserMapper.selectOne - ==> Parameters: user(String)
2021-12-11 20:36:03.895 [DEBUG] com.jawe.system.mapper.UserMapper.selectOne - <==      Total: 1
2021-12-11 20:36:03.900 [DEBUG] com.jawe.system.mapper.OrderMapper.selectById - ==>  Preparing: SELECT id,goods_id,user_id,price,state,create_time,pay_time,ship_time,comment_time,finish_time FROM goods_order WHERE id=?
2021-12-11 20:36:03.900 [DEBUG] com.jawe.system.mapper.OrderMapper.selectById - ==> Parameters: 4(Integer)
2021-12-11 20:36:03.902 [DEBUG] com.jawe.system.mapper.OrderMapper.selectById - <==      Total: 1
2021-12-11 20:36:03.904 [DEBUG] com.jawe.system.mapper.OrderMapper.selectById - ==>  Preparing: SELECT id,goods_id,user_id,price,state,create_time,pay_time,ship_time,comment_time,finish_time FROM goods_order WHERE id=?
2021-12-11 20:36:03.905 [DEBUG] com.jawe.system.mapper.OrderMapper.selectById - ==> Parameters: 4(Integer)
2021-12-11 20:36:03.906 [DEBUG] com.jawe.system.mapper.OrderMapper.selectById - <==      Total: 1
2021-12-11 20:36:03.928 [DEBUG] com.jawe.system.mapper.OrderMapper.updateById - ==>  Preparing: UPDATE goods_order SET goods_id=?, user_id=?, price=?, state=?, create_time=?, pay_time=? WHERE id=?
2021-12-11 20:36:03.930 [DEBUG] com.jawe.system.mapper.OrderMapper.updateById - ==> Parameters: 21(Integer), 2(Integer), 21123.00(BigDecimal), 101(Integer), 2021-12-11 19:44:15.0(Timestamp), 2021-12-11 20:36:03.926(Timestamp), 4(Integer)
2021-12-11 20:36:03.986 [DEBUG] com.jawe.system.mapper.OrderMapper.updateById - <==    Updates: 1
2021-12-11 21:51:13.355 [DEBUG] com.jawe.system.mapper.GoodsMapper.selectPage_mpCount - ==>  Preparing: SELECT COUNT(1) FROM goods WHERE (goods_name LIKE ?)
2021-12-11 21:51:13.373 [DEBUG] com.jawe.system.mapper.GoodsMapper.selectPage_mpCount - ==> Parameters: %%(String)
2021-12-11 21:51:13.390 [DEBUG] com.jawe.system.mapper.GoodsMapper.selectPage_mpCount - <==      Total: 1
2021-12-11 21:51:13.400 [DEBUG] com.jawe.system.mapper.GoodsMapper.selectPage - ==>  Preparing: SELECT id,goods_name,category_id,description,price,stock,sales,cover_url,is_on,is_recommend,create_time,update_time FROM goods WHERE (goods_name LIKE ?) LIMIT ? OFFSET ?
2021-12-11 21:51:13.401 [DEBUG] com.jawe.system.mapper.GoodsMapper.selectPage - ==> Parameters: %%(String), 8(Long), 8(Long)
2021-12-11 21:51:13.407 [DEBUG] com.jawe.system.mapper.GoodsMapper.selectPage - <==      Total: 8
2021-12-11 21:51:13.409 [DEBUG] com.jawe.system.mapper.GoodsMapper.selectPage_mpCount - ==>  Preparing: SELECT COUNT(1) FROM goods WHERE (goods_name LIKE ?)
2021-12-11 21:51:13.409 [DEBUG] com.jawe.system.mapper.GoodsMapper.selectPage_mpCount - ==> Parameters: %%(String)
2021-12-11 21:51:13.411 [DEBUG] com.jawe.system.mapper.GoodsMapper.selectPage_mpCount - <==      Total: 1
2021-12-11 21:51:13.412 [DEBUG] com.jawe.system.mapper.GoodsMapper.selectPage - ==>  Preparing: SELECT id,goods_name,category_id,description,price,stock,sales,cover_url,is_on,is_recommend,create_time,update_time FROM goods WHERE (goods_name LIKE ?) LIMIT ? OFFSET ?
2021-12-11 21:51:13.412 [DEBUG] com.jawe.system.mapper.GoodsMapper.selectPage - ==> Parameters: %%(String), 8(Long), 16(Long)
2021-12-11 21:51:13.415 [DEBUG] com.jawe.system.mapper.GoodsMapper.selectPage - <==      Total: 4
2021-12-11 21:51:15.226 [DEBUG] com.jawe.system.mapper.GoodsMapper.selectPage_mpCount - ==>  Preparing: SELECT COUNT(1) FROM goods WHERE (goods_name LIKE ?)
2021-12-11 21:51:15.226 [DEBUG] com.jawe.system.mapper.GoodsMapper.selectPage_mpCount - ==> Parameters: %%(String)
2021-12-11 21:51:15.227 [DEBUG] com.jawe.system.mapper.GoodsMapper.selectPage_mpCount - <==      Total: 1
2021-12-11 21:53:52.928 [DEBUG] com.jawe.system.mapper.GoodsMapper.selectPage_mpCount - ==>  Preparing: SELECT COUNT(1) FROM goods WHERE (goods_name LIKE ?)
2021-12-11 21:53:52.929 [DEBUG] com.jawe.system.mapper.GoodsMapper.selectPage_mpCount - ==> Parameters: %%(String)
2021-12-11 21:53:52.930 [DEBUG] com.jawe.system.mapper.GoodsMapper.selectPage_mpCount - <==      Total: 1
2021-12-11 21:53:52.931 [DEBUG] com.jawe.system.mapper.GoodsMapper.selectPage - ==>  Preparing: SELECT id,goods_name,category_id,description,price,stock,sales,cover_url,is_on,is_recommend,create_time,update_time FROM goods WHERE (goods_name LIKE ?) LIMIT ?
2021-12-11 21:53:52.932 [DEBUG] com.jawe.system.mapper.GoodsMapper.selectPage - ==> Parameters: %%(String), 8(Long)
2021-12-11 21:53:52.937 [DEBUG] com.jawe.system.mapper.GoodsMapper.selectPage - <==      Total: 8
2021-12-11 22:21:09.352 [DEBUG] com.jawe.system.mapper.GoodsMapper.selectPage_mpCount - ==>  Preparing: SELECT COUNT(1) FROM goods WHERE (goods_name LIKE ?)
2021-12-11 22:21:09.353 [DEBUG] com.jawe.system.mapper.GoodsMapper.selectPage_mpCount - ==> Parameters: %%(String)
2021-12-11 22:21:09.354 [DEBUG] com.jawe.system.mapper.GoodsMapper.selectPage_mpCount - <==      Total: 1
2021-12-11 22:21:09.356 [DEBUG] com.jawe.system.mapper.GoodsMapper.selectPage - ==>  Preparing: SELECT id,goods_name,category_id,description,price,stock,sales,cover_url,is_on,is_recommend,create_time,update_time FROM goods WHERE (goods_name LIKE ?) LIMIT ?
2021-12-11 22:21:09.356 [DEBUG] com.jawe.system.mapper.GoodsMapper.selectPage - ==> Parameters: %%(String), 8(Long)
2021-12-11 22:21:09.359 [DEBUG] com.jawe.system.mapper.GoodsMapper.selectPage - <==      Total: 8
