2021-12-01 19:03:32.908 [DEBUG] com.jawe.system.mapper.UserMapper.currentUser - ==>  Preparing: select * from user where username = ?
2021-12-01 19:03:32.918 [DEBUG] com.jawe.system.mapper.UserMapper.currentUser - ==> Parameters: user(String)
2021-12-01 19:03:32.937 [DEBUG] com.jawe.system.mapper.UserMapper.currentUser - <==      Total: 1
2021-12-01 19:03:32.943 [DEBUG] com.jawe.system.mapper.CartMapper.selectList - ==>  Preparing: SELECT id,goods_id,num,price,user_id,is_active,category_id,create_time FROM cart WHERE (user_id = ?) ORDER BY category_id ASC
2021-12-01 19:03:32.944 [DEBUG] com.jawe.system.mapper.CartMapper.selectList - ==> Parameters: 2(Integer)
2021-12-01 19:03:32.970 [DEBUG] com.jawe.system.mapper.CartMapper.selectList - <==      Total: 5
2021-12-01 19:03:32.972 [DEBUG] com.jawe.system.mapper.GoodsMapper.selectById - ==>  Preparing: SELECT id,goods_name,category_id,description,price,stock,sales,cover_url,is_on,is_recommend,create_time,update_time FROM goods WHERE id=?
2021-12-01 19:03:32.973 [DEBUG] com.jawe.system.mapper.GoodsMapper.selectById - ==> Parameters: 20(Integer)
2021-12-01 19:03:32.976 [DEBUG] com.jawe.system.mapper.GoodsMapper.selectById - <==      Total: 1
2021-12-01 19:03:32.979 [DEBUG] com.jawe.system.mapper.GoodsCategoryMapper.getName - ==>  Preparing: select name from goods_category where id=?
2021-12-01 19:03:32.980 [DEBUG] com.jawe.system.mapper.GoodsCategoryMapper.getName - ==> Parameters: 6(Integer)
2021-12-01 19:03:32.982 [DEBUG] com.jawe.system.mapper.GoodsCategoryMapper.getName - <==      Total: 1
2021-12-01 19:03:32.983 [DEBUG] com.jawe.system.mapper.GoodsMapper.selectById - ==>  Preparing: SELECT id,goods_name,category_id,description,price,stock,sales,cover_url,is_on,is_recommend,create_time,update_time FROM goods WHERE id=?
2021-12-01 19:03:32.983 [DEBUG] com.jawe.system.mapper.GoodsMapper.selectById - ==> Parameters: 13(Integer)
2021-12-01 19:03:32.984 [DEBUG] com.jawe.system.mapper.GoodsMapper.selectById - <==      Total: 1
2021-12-01 19:03:32.984 [DEBUG] com.jawe.system.mapper.GoodsCategoryMapper.getName - ==>  Preparing: select name from goods_category where id=?
2021-12-01 19:03:32.985 [DEBUG] com.jawe.system.mapper.GoodsCategoryMapper.getName - ==> Parameters: 6(Integer)
2021-12-01 19:03:32.985 [DEBUG] com.jawe.system.mapper.GoodsCategoryMapper.getName - <==      Total: 1
2021-12-01 19:03:32.986 [DEBUG] com.jawe.system.mapper.GoodsMapper.selectById - ==>  Preparing: SELECT id,goods_name,category_id,description,price,stock,sales,cover_url,is_on,is_recommend,create_time,update_time FROM goods WHERE id=?
2021-12-01 19:03:32.987 [DEBUG] com.jawe.system.mapper.GoodsMapper.selectById - ==> Parameters: 23(Integer)
2021-12-01 19:03:32.987 [DEBUG] com.jawe.system.mapper.GoodsMapper.selectById - <==      Total: 1
2021-12-01 19:03:32.988 [DEBUG] com.jawe.system.mapper.GoodsCategoryMapper.getName - ==>  Preparing: select name from goods_category where id=?
2021-12-01 19:03:32.989 [DEBUG] com.jawe.system.mapper.GoodsCategoryMapper.getName - ==> Parameters: 21(Integer)
2021-12-01 19:03:32.989 [DEBUG] com.jawe.system.mapper.GoodsCategoryMapper.getName - <==      Total: 1
2021-12-01 19:03:32.990 [DEBUG] com.jawe.system.mapper.GoodsCategoryMapper.selectById - ==>  Preparing: SELECT id,pid,name,sort,enable,create_time,update_time FROM goods_category WHERE id=?
2021-12-01 19:03:32.990 [DEBUG] com.jawe.system.mapper.GoodsCategoryMapper.selectById - ==> Parameters: 6(Integer)
2021-12-01 19:03:32.991 [DEBUG] com.jawe.system.mapper.GoodsCategoryMapper.selectById - <==      Total: 1
2021-12-01 19:03:32.992 [DEBUG] com.jawe.system.mapper.GoodsMapper.selectById - ==>  Preparing: SELECT id,goods_name,category_id,description,price,stock,sales,cover_url,is_on,is_recommend,create_time,update_time FROM goods WHERE id=?
2021-12-01 19:03:32.992 [DEBUG] com.jawe.system.mapper.GoodsMapper.selectById - ==> Parameters: 22(Integer)
2021-12-01 19:03:32.993 [DEBUG] com.jawe.system.mapper.GoodsMapper.selectById - <==      Total: 1
2021-12-01 19:03:32.994 [DEBUG] com.jawe.system.mapper.GoodsCategoryMapper.getName - ==>  Preparing: select name from goods_category where id=?
2021-12-01 19:03:32.994 [DEBUG] com.jawe.system.mapper.GoodsCategoryMapper.getName - ==> Parameters: 21(Integer)
2021-12-01 19:03:32.996 [DEBUG] com.jawe.system.mapper.GoodsCategoryMapper.getName - <==      Total: 1
2021-12-01 19:03:32.997 [DEBUG] com.jawe.system.mapper.GoodsMapper.selectById - ==>  Preparing: SELECT id,goods_name,category_id,description,price,stock,sales,cover_url,is_on,is_recommend,create_time,update_time FROM goods WHERE id=?
2021-12-01 19:03:32.997 [DEBUG] com.jawe.system.mapper.GoodsMapper.selectById - ==> Parameters: 26(Integer)
2021-12-01 19:03:32.999 [DEBUG] com.jawe.system.mapper.GoodsMapper.selectById - <==      Total: 1
2021-12-01 19:03:32.999 [DEBUG] com.jawe.system.mapper.GoodsCategoryMapper.getName - ==>  Preparing: select name from goods_category where id=?
2021-12-01 19:03:33.000 [DEBUG] com.jawe.system.mapper.GoodsCategoryMapper.getName - ==> Parameters: 24(Integer)
2021-12-01 19:03:33.001 [DEBUG] com.jawe.system.mapper.GoodsCategoryMapper.getName - <==      Total: 1
2021-12-01 19:03:33.001 [DEBUG] com.jawe.system.mapper.GoodsCategoryMapper.selectById - ==>  Preparing: SELECT id,pid,name,sort,enable,create_time,update_time FROM goods_category WHERE id=?
2021-12-01 19:03:33.001 [DEBUG] com.jawe.system.mapper.GoodsCategoryMapper.selectById - ==> Parameters: 21(Integer)
2021-12-01 19:03:33.003 [DEBUG] com.jawe.system.mapper.GoodsCategoryMapper.selectById - <==      Total: 1
2021-12-01 19:03:33.006 [DEBUG] com.jawe.system.mapper.GoodsCategoryMapper.selectById - ==>  Preparing: SELECT id,pid,name,sort,enable,create_time,update_time FROM goods_category WHERE id=?
2021-12-01 19:03:33.007 [DEBUG] com.jawe.system.mapper.GoodsCategoryMapper.selectById - ==> Parameters: 24(Integer)
2021-12-01 19:03:33.008 [DEBUG] com.jawe.system.mapper.GoodsCategoryMapper.selectById - <==      Total: 1
2021-12-01 19:03:38.203 [DEBUG] com.jawe.system.mapper.UserMapper.currentUser - ==>  Preparing: select * from user where username = ?
2021-12-01 19:03:38.204 [DEBUG] com.jawe.system.mapper.UserMapper.currentUser - ==> Parameters: null
2021-12-01 19:03:38.205 [DEBUG] com.jawe.system.mapper.UserMapper.currentUser - <==      Total: 0
2021-12-01 19:03:42.684 [DEBUG] com.jawe.system.mapper.GoodsMapper.selectPage_mpCount - ==>  Preparing: SELECT COUNT(1) FROM goods WHERE (goods_name LIKE ?)
2021-12-01 19:03:42.685 [DEBUG] com.jawe.system.mapper.GoodsMapper.selectPage_mpCount - ==> Parameters: %%(String)
2021-12-01 19:03:42.688 [DEBUG] com.jawe.system.mapper.GoodsMapper.selectPage_mpCount - <==      Total: 1
2021-12-01 19:03:42.689 [DEBUG] com.jawe.system.mapper.GoodsMapper.selectPage - ==>  Preparing: SELECT id,goods_name,category_id,description,price,stock,sales,cover_url,is_on,is_recommend,create_time,update_time FROM goods WHERE (goods_name LIKE ?) LIMIT ?
2021-12-01 19:03:42.690 [DEBUG] com.jawe.system.mapper.GoodsMapper.selectPage - ==> Parameters: %%(String), 8(Long)
2021-12-01 19:03:42.692 [DEBUG] com.jawe.system.mapper.GoodsMapper.selectPage - <==      Total: 8
2021-12-01 19:03:46.361 [DEBUG] com.jawe.system.mapper.MyUserDetailsServiceMapper.findByPhoneNumber - ==>  Preparing: SELECT username,password,enable from user u where u.username = ?;
2021-12-01 19:03:46.362 [DEBUG] com.jawe.system.mapper.MyUserDetailsServiceMapper.findByPhoneNumber - ==> Parameters: user(String)
2021-12-01 19:03:46.364 [DEBUG] com.jawe.system.mapper.MyUserDetailsServiceMapper.findByPhoneNumber - <==      Total: 1
2021-12-01 19:03:46.364 [DEBUG] com.jawe.system.mapper.MyUserDetailsServiceMapper.findRole - ==>  Preparing: SELECT role_code FROM role r LEFT JOIN user_role ur ON r.id = ur.role_id LEFT JOIN user u ON u.id = ur.user_id WHERE u.username = ?
2021-12-01 19:03:46.365 [DEBUG] com.jawe.system.mapper.MyUserDetailsServiceMapper.findRole - ==> Parameters: user(String)
2021-12-01 19:03:46.367 [DEBUG] com.jawe.system.mapper.MyUserDetailsServiceMapper.findRole - <==      Total: 1
2021-12-01 19:03:46.372 [DEBUG] com.jawe.system.mapper.MyUserDetailsServiceMapper.findAuthorityByRoleCodes - ==>  Preparing: SELECT DISTINCT url FROM api m LEFT JOIN role_api rm ON m.id = rm.api_id LEFT JOIN role r ON r.id = rm.role_id WHERE r.role_code IN ( ? )
2021-12-01 19:03:46.372 [DEBUG] com.jawe.system.mapper.MyUserDetailsServiceMapper.findAuthorityByRoleCodes - ==> Parameters: common(String)
2021-12-01 19:03:46.376 [DEBUG] com.jawe.system.mapper.MyUserDetailsServiceMapper.findAuthorityByRoleCodes - <==      Total: 1
2021-12-01 19:03:46.448 [DEBUG] com.jawe.system.mapper.MyUserDetailsServiceMapper.findByPhoneNumber - ==>  Preparing: SELECT username,password,enable from user u where u.username = ?;
2021-12-01 19:03:46.449 [DEBUG] com.jawe.system.mapper.MyUserDetailsServiceMapper.findByPhoneNumber - ==> Parameters: user(String)
2021-12-01 19:03:46.450 [DEBUG] com.jawe.system.mapper.MyUserDetailsServiceMapper.findByPhoneNumber - <==      Total: 1
2021-12-01 19:03:46.450 [DEBUG] com.jawe.system.mapper.MyUserDetailsServiceMapper.findRole - ==>  Preparing: SELECT role_code FROM role r LEFT JOIN user_role ur ON r.id = ur.role_id LEFT JOIN user u ON u.id = ur.user_id WHERE u.username = ?
2021-12-01 19:03:46.451 [DEBUG] com.jawe.system.mapper.MyUserDetailsServiceMapper.findRole - ==> Parameters: user(String)
2021-12-01 19:03:46.451 [DEBUG] com.jawe.system.mapper.MyUserDetailsServiceMapper.findRole - <==      Total: 1
2021-12-01 19:03:46.452 [DEBUG] com.jawe.system.mapper.MyUserDetailsServiceMapper.findAuthorityByRoleCodes - ==>  Preparing: SELECT DISTINCT url FROM api m LEFT JOIN role_api rm ON m.id = rm.api_id LEFT JOIN role r ON r.id = rm.role_id WHERE r.role_code IN ( ? )
2021-12-01 19:03:46.452 [DEBUG] com.jawe.system.mapper.MyUserDetailsServiceMapper.findAuthorityByRoleCodes - ==> Parameters: common(String)
2021-12-01 19:03:46.453 [DEBUG] com.jawe.system.mapper.MyUserDetailsServiceMapper.findAuthorityByRoleCodes - <==      Total: 1
2021-12-01 19:03:46.475 [DEBUG] com.jawe.system.mapper.MyUserDetailsServiceMapper.findByPhoneNumber - ==>  Preparing: SELECT username,password,enable from user u where u.username = ?;
2021-12-01 19:03:46.476 [DEBUG] com.jawe.system.mapper.MyUserDetailsServiceMapper.findByPhoneNumber - ==> Parameters: user(String)
2021-12-01 19:03:46.477 [DEBUG] com.jawe.system.mapper.MyUserDetailsServiceMapper.findByPhoneNumber - <==      Total: 1
2021-12-01 19:03:46.478 [DEBUG] com.jawe.system.mapper.MyUserDetailsServiceMapper.findRole - ==>  Preparing: SELECT role_code FROM role r LEFT JOIN user_role ur ON r.id = ur.role_id LEFT JOIN user u ON u.id = ur.user_id WHERE u.username = ?
2021-12-01 19:03:46.479 [DEBUG] com.jawe.system.mapper.MyUserDetailsServiceMapper.findRole - ==> Parameters: user(String)
2021-12-01 19:03:46.479 [DEBUG] com.jawe.system.mapper.MyUserDetailsServiceMapper.findRole - <==      Total: 1
2021-12-01 19:03:46.480 [DEBUG] com.jawe.system.mapper.MyUserDetailsServiceMapper.findAuthorityByRoleCodes - ==>  Preparing: SELECT DISTINCT url FROM api m LEFT JOIN role_api rm ON m.id = rm.api_id LEFT JOIN role r ON r.id = rm.role_id WHERE r.role_code IN ( ? )
2021-12-01 19:03:46.480 [DEBUG] com.jawe.system.mapper.MyUserDetailsServiceMapper.findAuthorityByRoleCodes - ==> Parameters: common(String)
2021-12-01 19:03:46.481 [DEBUG] com.jawe.system.mapper.MyUserDetailsServiceMapper.findAuthorityByRoleCodes - <==      Total: 1
2021-12-01 19:03:46.484 [DEBUG] com.jawe.system.mapper.UserMapper.currentUser - ==>  Preparing: select * from user where username = ?
2021-12-01 19:03:46.485 [DEBUG] com.jawe.system.mapper.UserMapper.currentUser - ==> Parameters: user(String)
2021-12-01 19:03:46.485 [DEBUG] com.jawe.system.mapper.UserMapper.currentUser - <==      Total: 1
2021-12-01 19:03:48.000 [DEBUG] com.jawe.system.mapper.MyUserDetailsServiceMapper.findByPhoneNumber - ==>  Preparing: SELECT username,password,enable from user u where u.username = ?;
2021-12-01 19:03:48.001 [DEBUG] com.jawe.system.mapper.MyUserDetailsServiceMapper.findByPhoneNumber - ==> Parameters: user(String)
2021-12-01 19:03:48.002 [DEBUG] com.jawe.system.mapper.MyUserDetailsServiceMapper.findByPhoneNumber - <==      Total: 1
2021-12-01 19:03:48.003 [DEBUG] com.jawe.system.mapper.MyUserDetailsServiceMapper.findRole - ==>  Preparing: SELECT role_code FROM role r LEFT JOIN user_role ur ON r.id = ur.role_id LEFT JOIN user u ON u.id = ur.user_id WHERE u.username = ?
2021-12-01 19:03:48.003 [DEBUG] com.jawe.system.mapper.MyUserDetailsServiceMapper.findRole - ==> Parameters: user(String)
2021-12-01 19:03:48.004 [DEBUG] com.jawe.system.mapper.MyUserDetailsServiceMapper.findRole - <==      Total: 1
2021-12-01 19:03:48.005 [DEBUG] com.jawe.system.mapper.MyUserDetailsServiceMapper.findAuthorityByRoleCodes - ==>  Preparing: SELECT DISTINCT url FROM api m LEFT JOIN role_api rm ON m.id = rm.api_id LEFT JOIN role r ON r.id = rm.role_id WHERE r.role_code IN ( ? )
2021-12-01 19:03:48.005 [DEBUG] com.jawe.system.mapper.MyUserDetailsServiceMapper.findAuthorityByRoleCodes - ==> Parameters: common(String)
2021-12-01 19:03:48.007 [DEBUG] com.jawe.system.mapper.MyUserDetailsServiceMapper.findAuthorityByRoleCodes - <==      Total: 1
2021-12-01 19:03:50.407 [DEBUG] com.jawe.system.mapper.MyUserDetailsServiceMapper.findByPhoneNumber - ==>  Preparing: SELECT username,password,enable from user u where u.username = ?;
2021-12-01 19:03:50.407 [DEBUG] com.jawe.system.mapper.MyUserDetailsServiceMapper.findByPhoneNumber - ==> Parameters: user(String)
2021-12-01 19:03:50.408 [DEBUG] com.jawe.system.mapper.MyUserDetailsServiceMapper.findByPhoneNumber - <==      Total: 1
2021-12-01 19:03:50.409 [DEBUG] com.jawe.system.mapper.MyUserDetailsServiceMapper.findRole - ==>  Preparing: SELECT role_code FROM role r LEFT JOIN user_role ur ON r.id = ur.role_id LEFT JOIN user u ON u.id = ur.user_id WHERE u.username = ?
2021-12-01 19:03:50.409 [DEBUG] com.jawe.system.mapper.MyUserDetailsServiceMapper.findRole - ==> Parameters: user(String)
2021-12-01 19:03:50.410 [DEBUG] com.jawe.system.mapper.MyUserDetailsServiceMapper.findRole - <==      Total: 1
2021-12-01 19:03:50.411 [DEBUG] com.jawe.system.mapper.MyUserDetailsServiceMapper.findAuthorityByRoleCodes - ==>  Preparing: SELECT DISTINCT url FROM api m LEFT JOIN role_api rm ON m.id = rm.api_id LEFT JOIN role r ON r.id = rm.role_id WHERE r.role_code IN ( ? )
2021-12-01 19:03:50.411 [DEBUG] com.jawe.system.mapper.MyUserDetailsServiceMapper.findAuthorityByRoleCodes - ==> Parameters: common(String)
2021-12-01 19:03:50.412 [DEBUG] com.jawe.system.mapper.MyUserDetailsServiceMapper.findAuthorityByRoleCodes - <==      Total: 1
2021-12-01 19:03:50.416 [DEBUG] com.jawe.system.mapper.AddressMapper.selectList - ==>  Preparing: SELECT id,user_id,mobile,address,detail,name,tag,is_default FROM address WHERE (user_id = ?) ORDER BY is_default DESC
2021-12-01 19:03:50.417 [DEBUG] com.jawe.system.mapper.AddressMapper.selectList - ==> Parameters: 2(Integer)
2021-12-01 19:03:50.419 [DEBUG] com.jawe.system.mapper.AddressMapper.selectList - <==      Total: 4
2021-12-01 19:03:51.870 [DEBUG] com.jawe.system.mapper.MyUserDetailsServiceMapper.findByPhoneNumber - ==>  Preparing: SELECT username,password,enable from user u where u.username = ?;
2021-12-01 19:03:51.871 [DEBUG] com.jawe.system.mapper.MyUserDetailsServiceMapper.findByPhoneNumber - ==> Parameters: user(String)
2021-12-01 19:03:51.872 [DEBUG] com.jawe.system.mapper.MyUserDetailsServiceMapper.findByPhoneNumber - <==      Total: 1
2021-12-01 19:03:51.873 [DEBUG] com.jawe.system.mapper.MyUserDetailsServiceMapper.findRole - ==>  Preparing: SELECT role_code FROM role r LEFT JOIN user_role ur ON r.id = ur.role_id LEFT JOIN user u ON u.id = ur.user_id WHERE u.username = ?
2021-12-01 19:03:51.874 [DEBUG] com.jawe.system.mapper.MyUserDetailsServiceMapper.findRole - ==> Parameters: user(String)
2021-12-01 19:03:51.875 [DEBUG] com.jawe.system.mapper.MyUserDetailsServiceMapper.findRole - <==      Total: 1
2021-12-01 19:03:51.876 [DEBUG] com.jawe.system.mapper.MyUserDetailsServiceMapper.findAuthorityByRoleCodes - ==>  Preparing: SELECT DISTINCT url FROM api m LEFT JOIN role_api rm ON m.id = rm.api_id LEFT JOIN role r ON r.id = rm.role_id WHERE r.role_code IN ( ? )
2021-12-01 19:03:51.877 [DEBUG] com.jawe.system.mapper.MyUserDetailsServiceMapper.findAuthorityByRoleCodes - ==> Parameters: common(String)
2021-12-01 19:03:51.878 [DEBUG] com.jawe.system.mapper.MyUserDetailsServiceMapper.findAuthorityByRoleCodes - <==      Total: 1
2021-12-01 19:03:51.902 [DEBUG] com.jawe.system.mapper.MyUserDetailsServiceMapper.findByPhoneNumber - ==>  Preparing: SELECT username,password,enable from user u where u.username = ?;
2021-12-01 19:03:51.903 [DEBUG] com.jawe.system.mapper.MyUserDetailsServiceMapper.findByPhoneNumber - ==> Parameters: user(String)
2021-12-01 19:03:51.904 [DEBUG] com.jawe.system.mapper.MyUserDetailsServiceMapper.findByPhoneNumber - <==      Total: 1
2021-12-01 19:03:51.905 [DEBUG] com.jawe.system.mapper.MyUserDetailsServiceMapper.findRole - ==>  Preparing: SELECT role_code FROM role r LEFT JOIN user_role ur ON r.id = ur.role_id LEFT JOIN user u ON u.id = ur.user_id WHERE u.username = ?
2021-12-01 19:03:51.905 [DEBUG] com.jawe.system.mapper.MyUserDetailsServiceMapper.findRole - ==> Parameters: user(String)
2021-12-01 19:03:51.906 [DEBUG] com.jawe.system.mapper.MyUserDetailsServiceMapper.findRole - <==      Total: 1
2021-12-01 19:03:51.908 [DEBUG] com.jawe.system.mapper.MyUserDetailsServiceMapper.findAuthorityByRoleCodes - ==>  Preparing: SELECT DISTINCT url FROM api m LEFT JOIN role_api rm ON m.id = rm.api_id LEFT JOIN role r ON r.id = rm.role_id WHERE r.role_code IN ( ? )
2021-12-01 19:03:51.909 [DEBUG] com.jawe.system.mapper.MyUserDetailsServiceMapper.findAuthorityByRoleCodes - ==> Parameters: common(String)
2021-12-01 19:03:51.910 [DEBUG] com.jawe.system.mapper.MyUserDetailsServiceMapper.findAuthorityByRoleCodes - <==      Total: 1
2021-12-01 19:03:51.912 [DEBUG] com.jawe.system.mapper.UserMapper.currentUser - ==>  Preparing: select * from user where username = ?
2021-12-01 19:03:51.913 [DEBUG] com.jawe.system.mapper.UserMapper.currentUser - ==> Parameters: user(String)
2021-12-01 19:03:51.914 [DEBUG] com.jawe.system.mapper.UserMapper.currentUser - <==      Total: 1
2021-12-01 19:03:51.916 [DEBUG] com.jawe.system.mapper.CartMapper.selectList - ==>  Preparing: SELECT id,goods_id,num,price,user_id,is_active,category_id,create_time FROM cart WHERE (user_id = ?) ORDER BY category_id ASC
2021-12-01 19:03:51.916 [DEBUG] com.jawe.system.mapper.CartMapper.selectList - ==> Parameters: 2(Integer)
2021-12-01 19:03:51.917 [DEBUG] com.jawe.system.mapper.CartMapper.selectList - <==      Total: 5
2021-12-01 19:03:51.918 [DEBUG] com.jawe.system.mapper.GoodsMapper.selectById - ==>  Preparing: SELECT id,goods_name,category_id,description,price,stock,sales,cover_url,is_on,is_recommend,create_time,update_time FROM goods WHERE id=?
2021-12-01 19:03:51.918 [DEBUG] com.jawe.system.mapper.GoodsMapper.selectById - ==> Parameters: 20(Integer)
2021-12-01 19:03:51.919 [DEBUG] com.jawe.system.mapper.GoodsMapper.selectById - <==      Total: 1
2021-12-01 19:03:51.920 [DEBUG] com.jawe.system.mapper.GoodsCategoryMapper.getName - ==>  Preparing: select name from goods_category where id=?
2021-12-01 19:03:51.920 [DEBUG] com.jawe.system.mapper.GoodsCategoryMapper.getName - ==> Parameters: 6(Integer)
2021-12-01 19:03:51.921 [DEBUG] com.jawe.system.mapper.GoodsCategoryMapper.getName - <==      Total: 1
2021-12-01 19:03:51.921 [DEBUG] com.jawe.system.mapper.GoodsMapper.selectById - ==>  Preparing: SELECT id,goods_name,category_id,description,price,stock,sales,cover_url,is_on,is_recommend,create_time,update_time FROM goods WHERE id=?
2021-12-01 19:03:51.922 [DEBUG] com.jawe.system.mapper.GoodsMapper.selectById - ==> Parameters: 13(Integer)
2021-12-01 19:03:51.923 [DEBUG] com.jawe.system.mapper.GoodsMapper.selectById - <==      Total: 1
2021-12-01 19:03:51.923 [DEBUG] com.jawe.system.mapper.GoodsCategoryMapper.getName - ==>  Preparing: select name from goods_category where id=?
2021-12-01 19:03:51.924 [DEBUG] com.jawe.system.mapper.GoodsCategoryMapper.getName - ==> Parameters: 6(Integer)
2021-12-01 19:03:51.924 [DEBUG] com.jawe.system.mapper.GoodsCategoryMapper.getName - <==      Total: 1
2021-12-01 19:03:51.925 [DEBUG] com.jawe.system.mapper.GoodsMapper.selectById - ==>  Preparing: SELECT id,goods_name,category_id,description,price,stock,sales,cover_url,is_on,is_recommend,create_time,update_time FROM goods WHERE id=?
2021-12-01 19:03:51.925 [DEBUG] com.jawe.system.mapper.GoodsMapper.selectById - ==> Parameters: 23(Integer)
2021-12-01 19:03:51.926 [DEBUG] com.jawe.system.mapper.GoodsMapper.selectById - <==      Total: 1
2021-12-01 19:03:51.927 [DEBUG] com.jawe.system.mapper.GoodsCategoryMapper.getName - ==>  Preparing: select name from goods_category where id=?
2021-12-01 19:03:51.927 [DEBUG] com.jawe.system.mapper.GoodsCategoryMapper.getName - ==> Parameters: 21(Integer)
2021-12-01 19:03:51.928 [DEBUG] com.jawe.system.mapper.GoodsCategoryMapper.getName - <==      Total: 1
2021-12-01 19:03:51.929 [DEBUG] com.jawe.system.mapper.GoodsCategoryMapper.selectById - ==>  Preparing: SELECT id,pid,name,sort,enable,create_time,update_time FROM goods_category WHERE id=?
2021-12-01 19:03:51.929 [DEBUG] com.jawe.system.mapper.GoodsCategoryMapper.selectById - ==> Parameters: 6(Integer)
2021-12-01 19:03:51.930 [DEBUG] com.jawe.system.mapper.GoodsCategoryMapper.selectById - <==      Total: 1
2021-12-01 19:03:51.930 [DEBUG] com.jawe.system.mapper.GoodsMapper.selectById - ==>  Preparing: SELECT id,goods_name,category_id,description,price,stock,sales,cover_url,is_on,is_recommend,create_time,update_time FROM goods WHERE id=?
2021-12-01 19:03:51.931 [DEBUG] com.jawe.system.mapper.GoodsMapper.selectById - ==> Parameters: 22(Integer)
2021-12-01 19:03:51.932 [DEBUG] com.jawe.system.mapper.GoodsMapper.selectById - <==      Total: 1
2021-12-01 19:03:51.932 [DEBUG] com.jawe.system.mapper.GoodsCategoryMapper.getName - ==>  Preparing: select name from goods_category where id=?
2021-12-01 19:03:51.933 [DEBUG] com.jawe.system.mapper.GoodsCategoryMapper.getName - ==> Parameters: 21(Integer)
2021-12-01 19:03:51.933 [DEBUG] com.jawe.system.mapper.GoodsCategoryMapper.getName - <==      Total: 1
2021-12-01 19:03:51.934 [DEBUG] com.jawe.system.mapper.GoodsMapper.selectById - ==>  Preparing: SELECT id,goods_name,category_id,description,price,stock,sales,cover_url,is_on,is_recommend,create_time,update_time FROM goods WHERE id=?
2021-12-01 19:03:51.934 [DEBUG] com.jawe.system.mapper.GoodsMapper.selectById - ==> Parameters: 26(Integer)
2021-12-01 19:03:51.934 [DEBUG] com.jawe.system.mapper.GoodsMapper.selectById - <==      Total: 1
2021-12-01 19:03:51.935 [DEBUG] com.jawe.system.mapper.GoodsCategoryMapper.getName - ==>  Preparing: select name from goods_category where id=?
2021-12-01 19:03:51.935 [DEBUG] com.jawe.system.mapper.GoodsCategoryMapper.getName - ==> Parameters: 24(Integer)
2021-12-01 19:03:51.937 [DEBUG] com.jawe.system.mapper.GoodsCategoryMapper.getName - <==      Total: 1
2021-12-01 19:03:51.937 [DEBUG] com.jawe.system.mapper.GoodsCategoryMapper.selectById - ==>  Preparing: SELECT id,pid,name,sort,enable,create_time,update_time FROM goods_category WHERE id=?
2021-12-01 19:03:51.938 [DEBUG] com.jawe.system.mapper.GoodsCategoryMapper.selectById - ==> Parameters: 21(Integer)
2021-12-01 19:03:51.938 [DEBUG] com.jawe.system.mapper.GoodsCategoryMapper.selectById - <==      Total: 1
2021-12-01 19:03:51.939 [DEBUG] com.jawe.system.mapper.GoodsCategoryMapper.selectById - ==>  Preparing: SELECT id,pid,name,sort,enable,create_time,update_time FROM goods_category WHERE id=?
2021-12-01 19:03:51.939 [DEBUG] com.jawe.system.mapper.GoodsCategoryMapper.selectById - ==> Parameters: 24(Integer)
2021-12-01 19:03:51.940 [DEBUG] com.jawe.system.mapper.GoodsCategoryMapper.selectById - <==      Total: 1
2021-12-01 19:03:52.756 [DEBUG] com.jawe.system.mapper.MyUserDetailsServiceMapper.findByPhoneNumber - ==>  Preparing: SELECT username,password,enable from user u where u.username = ?;
2021-12-01 19:03:52.757 [DEBUG] com.jawe.system.mapper.MyUserDetailsServiceMapper.findByPhoneNumber - ==> Parameters: user(String)
2021-12-01 19:03:52.757 [DEBUG] com.jawe.system.mapper.MyUserDetailsServiceMapper.findByPhoneNumber - <==      Total: 1
2021-12-01 19:03:52.757 [DEBUG] com.jawe.system.mapper.MyUserDetailsServiceMapper.findRole - ==>  Preparing: SELECT role_code FROM role r LEFT JOIN user_role ur ON r.id = ur.role_id LEFT JOIN user u ON u.id = ur.user_id WHERE u.username = ?
2021-12-01 19:03:52.758 [DEBUG] com.jawe.system.mapper.MyUserDetailsServiceMapper.findRole - ==> Parameters: user(String)
2021-12-01 19:03:52.771 [DEBUG] com.jawe.system.mapper.MyUserDetailsServiceMapper.findRole - <==      Total: 1
2021-12-01 19:03:52.771 [DEBUG] com.jawe.system.mapper.MyUserDetailsServiceMapper.findAuthorityByRoleCodes - ==>  Preparing: SELECT DISTINCT url FROM api m LEFT JOIN role_api rm ON m.id = rm.api_id LEFT JOIN role r ON r.id = rm.role_id WHERE r.role_code IN ( ? )
2021-12-01 19:03:52.772 [DEBUG] com.jawe.system.mapper.MyUserDetailsServiceMapper.findAuthorityByRoleCodes - ==> Parameters: common(String)
2021-12-01 19:03:52.772 [DEBUG] com.jawe.system.mapper.MyUserDetailsServiceMapper.findAuthorityByRoleCodes - <==      Total: 1
2021-12-01 19:03:52.775 [DEBUG] com.jawe.system.mapper.GoodsMapper.selectPage_mpCount - ==>  Preparing: SELECT COUNT(1) FROM goods WHERE (goods_name LIKE ?)
2021-12-01 19:03:52.776 [DEBUG] com.jawe.system.mapper.GoodsMapper.selectPage_mpCount - ==> Parameters: %%(String)
2021-12-01 19:03:52.777 [DEBUG] com.jawe.system.mapper.GoodsMapper.selectPage_mpCount - <==      Total: 1
2021-12-01 19:03:52.779 [DEBUG] com.jawe.system.mapper.GoodsMapper.selectPage - ==>  Preparing: SELECT id,goods_name,category_id,description,price,stock,sales,cover_url,is_on,is_recommend,create_time,update_time FROM goods WHERE (goods_name LIKE ?) LIMIT ?
2021-12-01 19:03:52.779 [DEBUG] com.jawe.system.mapper.GoodsMapper.selectPage - ==> Parameters: %%(String), 8(Long)
2021-12-01 19:03:52.781 [DEBUG] com.jawe.system.mapper.GoodsMapper.selectPage - <==      Total: 8
2021-12-01 19:03:54.165 [DEBUG] com.jawe.system.mapper.MyUserDetailsServiceMapper.findByPhoneNumber - ==>  Preparing: SELECT username,password,enable from user u where u.username = ?;
2021-12-01 19:03:54.166 [DEBUG] com.jawe.system.mapper.MyUserDetailsServiceMapper.findByPhoneNumber - ==> Parameters: user(String)
2021-12-01 19:03:54.167 [DEBUG] com.jawe.system.mapper.MyUserDetailsServiceMapper.findByPhoneNumber - <==      Total: 1
2021-12-01 19:03:54.167 [DEBUG] com.jawe.system.mapper.MyUserDetailsServiceMapper.findRole - ==>  Preparing: SELECT role_code FROM role r LEFT JOIN user_role ur ON r.id = ur.role_id LEFT JOIN user u ON u.id = ur.user_id WHERE u.username = ?
2021-12-01 19:03:54.168 [DEBUG] com.jawe.system.mapper.MyUserDetailsServiceMapper.findRole - ==> Parameters: user(String)
2021-12-01 19:03:54.168 [DEBUG] com.jawe.system.mapper.MyUserDetailsServiceMapper.findRole - <==      Total: 1
2021-12-01 19:03:54.169 [DEBUG] com.jawe.system.mapper.MyUserDetailsServiceMapper.findAuthorityByRoleCodes - ==>  Preparing: SELECT DISTINCT url FROM api m LEFT JOIN role_api rm ON m.id = rm.api_id LEFT JOIN role r ON r.id = rm.role_id WHERE r.role_code IN ( ? )
2021-12-01 19:03:54.170 [DEBUG] com.jawe.system.mapper.MyUserDetailsServiceMapper.findAuthorityByRoleCodes - ==> Parameters: common(String)
2021-12-01 19:03:54.171 [DEBUG] com.jawe.system.mapper.MyUserDetailsServiceMapper.findAuthorityByRoleCodes - <==      Total: 1
2021-12-01 19:03:54.175 [DEBUG] com.jawe.system.mapper.GoodsCategoryMapper.selectList - ==>  Preparing: SELECT id,pid,name,sort,enable,create_time,update_time FROM goods_category WHERE (pid = ? AND enable = ?) ORDER BY sort ASC
2021-12-01 19:03:54.176 [DEBUG] com.jawe.system.mapper.GoodsCategoryMapper.selectList - ==> Parameters: 0(Integer), 1(Integer)
2021-12-01 19:03:54.177 [DEBUG] com.jawe.system.mapper.GoodsCategoryMapper.selectList - <==      Total: 6
2021-12-01 19:03:54.179 [DEBUG] com.jawe.system.mapper.GoodsCategoryMapper.selectList - ==>  Preparing: SELECT id,pid,name,sort,enable,create_time,update_time FROM goods_category WHERE (pid = ? AND enable = ?) ORDER BY sort ASC
2021-12-01 19:03:54.180 [DEBUG] com.jawe.system.mapper.GoodsCategoryMapper.selectList - ==> Parameters: 4(Integer), 1(Integer)
2021-12-01 19:03:54.181 [DEBUG] com.jawe.system.mapper.GoodsCategoryMapper.selectList - <==      Total: 2
2021-12-01 19:03:54.183 [DEBUG] com.jawe.system.mapper.GoodsCategoryMapper.selectList - ==>  Preparing: SELECT id,pid,name,sort,enable,create_time,update_time FROM goods_category WHERE (pid = ? AND enable = ?) ORDER BY sort ASC
2021-12-01 19:03:54.183 [DEBUG] com.jawe.system.mapper.GoodsCategoryMapper.selectList - ==> Parameters: 22(Integer), 1(Integer)
2021-12-01 19:03:54.184 [DEBUG] com.jawe.system.mapper.GoodsCategoryMapper.selectList - <==      Total: 2
2021-12-01 19:03:54.186 [DEBUG] com.jawe.system.mapper.GoodsCategoryMapper.selectList - ==>  Preparing: SELECT id,pid,name,sort,enable,create_time,update_time FROM goods_category WHERE (pid = ? AND enable = ?) ORDER BY sort ASC
2021-12-01 19:03:54.186 [DEBUG] com.jawe.system.mapper.GoodsCategoryMapper.selectList - ==> Parameters: 2(Integer), 1(Integer)
2021-12-01 19:03:54.187 [DEBUG] com.jawe.system.mapper.GoodsCategoryMapper.selectList - <==      Total: 1
2021-12-01 19:03:54.188 [DEBUG] com.jawe.system.mapper.GoodsCategoryMapper.selectList - ==>  Preparing: SELECT id,pid,name,sort,enable,create_time,update_time FROM goods_category WHERE (pid = ? AND enable = ?) ORDER BY sort ASC
2021-12-01 19:03:54.188 [DEBUG] com.jawe.system.mapper.GoodsCategoryMapper.selectList - ==> Parameters: 3(Integer), 1(Integer)
2021-12-01 19:03:54.189 [DEBUG] com.jawe.system.mapper.GoodsCategoryMapper.selectList - <==      Total: 1
2021-12-01 19:03:54.190 [DEBUG] com.jawe.system.mapper.GoodsCategoryMapper.selectList - ==>  Preparing: SELECT id,pid,name,sort,enable,create_time,update_time FROM goods_category WHERE (pid = ? AND enable = ?) ORDER BY sort ASC
2021-12-01 19:03:54.190 [DEBUG] com.jawe.system.mapper.GoodsCategoryMapper.selectList - ==> Parameters: 5(Integer), 1(Integer)
2021-12-01 19:03:54.191 [DEBUG] com.jawe.system.mapper.GoodsCategoryMapper.selectList - <==      Total: 2
2021-12-01 19:03:54.192 [DEBUG] com.jawe.system.mapper.GoodsCategoryMapper.selectList - ==>  Preparing: SELECT id,pid,name,sort,enable,create_time,update_time FROM goods_category WHERE (pid = ? AND enable = ?) ORDER BY sort ASC
2021-12-01 19:03:54.192 [DEBUG] com.jawe.system.mapper.GoodsCategoryMapper.selectList - ==> Parameters: 1(Integer), 1(Integer)
2021-12-01 19:03:54.192 [DEBUG] com.jawe.system.mapper.GoodsCategoryMapper.selectList - <==      Total: 2
2021-12-01 19:03:54.204 [DEBUG] com.jawe.system.mapper.MyUserDetailsServiceMapper.findByPhoneNumber - ==>  Preparing: SELECT username,password,enable from user u where u.username = ?;
2021-12-01 19:03:54.205 [DEBUG] com.jawe.system.mapper.MyUserDetailsServiceMapper.findByPhoneNumber - ==> Parameters: user(String)
2021-12-01 19:03:54.205 [DEBUG] com.jawe.system.mapper.MyUserDetailsServiceMapper.findByPhoneNumber - <==      Total: 1
2021-12-01 19:03:54.206 [DEBUG] com.jawe.system.mapper.MyUserDetailsServiceMapper.findRole - ==>  Preparing: SELECT role_code FROM role r LEFT JOIN user_role ur ON r.id = ur.role_id LEFT JOIN user u ON u.id = ur.user_id WHERE u.username = ?
2021-12-01 19:03:54.207 [DEBUG] com.jawe.system.mapper.MyUserDetailsServiceMapper.findRole - ==> Parameters: user(String)
2021-12-01 19:03:54.207 [DEBUG] com.jawe.system.mapper.MyUserDetailsServiceMapper.findRole - <==      Total: 1
2021-12-01 19:03:54.207 [DEBUG] com.jawe.system.mapper.MyUserDetailsServiceMapper.findAuthorityByRoleCodes - ==>  Preparing: SELECT DISTINCT url FROM api m LEFT JOIN role_api rm ON m.id = rm.api_id LEFT JOIN role r ON r.id = rm.role_id WHERE r.role_code IN ( ? )
2021-12-01 19:03:54.208 [DEBUG] com.jawe.system.mapper.MyUserDetailsServiceMapper.findAuthorityByRoleCodes - ==> Parameters: common(String)
2021-12-01 19:03:54.208 [DEBUG] com.jawe.system.mapper.MyUserDetailsServiceMapper.findAuthorityByRoleCodes - <==      Total: 1
2021-12-01 19:03:54.211 [DEBUG] com.jawe.system.mapper.GoodsMapper.selectPage_mpCount - ==>  Preparing: SELECT COUNT(1) FROM goods WHERE (goods_name LIKE ?)
2021-12-01 19:03:54.212 [DEBUG] com.jawe.system.mapper.GoodsMapper.selectPage_mpCount - ==> Parameters: %%(String)
2021-12-01 19:03:54.213 [DEBUG] com.jawe.system.mapper.GoodsMapper.selectPage_mpCount - <==      Total: 1
2021-12-01 19:03:54.213 [DEBUG] com.jawe.system.mapper.GoodsMapper.selectPage - ==>  Preparing: SELECT id,goods_name,category_id,description,price,stock,sales,cover_url,is_on,is_recommend,create_time,update_time FROM goods WHERE (goods_name LIKE ?) LIMIT ?
2021-12-01 19:03:54.213 [DEBUG] com.jawe.system.mapper.GoodsMapper.selectPage - ==> Parameters: %%(String), 8(Long)
2021-12-01 19:03:54.215 [DEBUG] com.jawe.system.mapper.GoodsMapper.selectPage - <==      Total: 8
2021-12-01 19:06:24.242 [DEBUG] com.jawe.system.mapper.MyUserDetailsServiceMapper.findByPhoneNumber - ==>  Preparing: SELECT username,password,enable from user u where u.username = ?;
2021-12-01 19:06:24.243 [DEBUG] com.jawe.system.mapper.MyUserDetailsServiceMapper.findByPhoneNumber - ==> Parameters: admin(String)
2021-12-01 19:06:24.244 [DEBUG] com.jawe.system.mapper.MyUserDetailsServiceMapper.findByPhoneNumber - <==      Total: 1
2021-12-01 19:06:24.244 [DEBUG] com.jawe.system.mapper.MyUserDetailsServiceMapper.findRole - ==>  Preparing: SELECT role_code FROM role r LEFT JOIN user_role ur ON r.id = ur.role_id LEFT JOIN user u ON u.id = ur.user_id WHERE u.username = ?
2021-12-01 19:06:24.244 [DEBUG] com.jawe.system.mapper.MyUserDetailsServiceMapper.findRole - ==> Parameters: admin(String)
2021-12-01 19:06:24.245 [DEBUG] com.jawe.system.mapper.MyUserDetailsServiceMapper.findRole - <==      Total: 1
2021-12-01 19:06:24.245 [DEBUG] com.jawe.system.mapper.MyUserDetailsServiceMapper.findAuthorityByRoleCodes - ==>  Preparing: SELECT DISTINCT url FROM api m LEFT JOIN role_api rm ON m.id = rm.api_id LEFT JOIN role r ON r.id = rm.role_id WHERE r.role_code IN ( ? )
2021-12-01 19:06:24.246 [DEBUG] com.jawe.system.mapper.MyUserDetailsServiceMapper.findAuthorityByRoleCodes - ==> Parameters: admin(String)
2021-12-01 19:06:24.247 [DEBUG] com.jawe.system.mapper.MyUserDetailsServiceMapper.findAuthorityByRoleCodes - <==      Total: 4
2021-12-01 19:06:24.316 [DEBUG] com.jawe.system.mapper.MyUserDetailsServiceMapper.findByPhoneNumber - ==>  Preparing: SELECT username,password,enable from user u where u.username = ?;
2021-12-01 19:06:24.317 [DEBUG] com.jawe.system.mapper.MyUserDetailsServiceMapper.findByPhoneNumber - ==> Parameters: admin(String)
2021-12-01 19:06:24.317 [DEBUG] com.jawe.system.mapper.MyUserDetailsServiceMapper.findByPhoneNumber - <==      Total: 1
2021-12-01 19:06:24.317 [DEBUG] com.jawe.system.mapper.MyUserDetailsServiceMapper.findRole - ==>  Preparing: SELECT role_code FROM role r LEFT JOIN user_role ur ON r.id = ur.role_id LEFT JOIN user u ON u.id = ur.user_id WHERE u.username = ?
2021-12-01 19:06:24.318 [DEBUG] com.jawe.system.mapper.MyUserDetailsServiceMapper.findRole - ==> Parameters: admin(String)
2021-12-01 19:06:24.319 [DEBUG] com.jawe.system.mapper.MyUserDetailsServiceMapper.findRole - <==      Total: 1
2021-12-01 19:06:24.319 [DEBUG] com.jawe.system.mapper.MyUserDetailsServiceMapper.findAuthorityByRoleCodes - ==>  Preparing: SELECT DISTINCT url FROM api m LEFT JOIN role_api rm ON m.id = rm.api_id LEFT JOIN role r ON r.id = rm.role_id WHERE r.role_code IN ( ? )
2021-12-01 19:06:24.319 [DEBUG] com.jawe.system.mapper.MyUserDetailsServiceMapper.findAuthorityByRoleCodes - ==> Parameters: admin(String)
2021-12-01 19:06:24.320 [DEBUG] com.jawe.system.mapper.MyUserDetailsServiceMapper.findAuthorityByRoleCodes - <==      Total: 4
2021-12-01 19:06:24.546 [DEBUG] com.jawe.system.mapper.MyUserDetailsServiceMapper.findByPhoneNumber - ==>  Preparing: SELECT username,password,enable from user u where u.username = ?;
2021-12-01 19:06:24.546 [DEBUG] com.jawe.system.mapper.MyUserDetailsServiceMapper.findByPhoneNumber - ==> Parameters: admin(String)
2021-12-01 19:06:24.559 [DEBUG] com.jawe.system.mapper.MyUserDetailsServiceMapper.findByPhoneNumber - <==      Total: 1
2021-12-01 19:06:24.560 [DEBUG] com.jawe.system.mapper.MyUserDetailsServiceMapper.findRole - ==>  Preparing: SELECT role_code FROM role r LEFT JOIN user_role ur ON r.id = ur.role_id LEFT JOIN user u ON u.id = ur.user_id WHERE u.username = ?
2021-12-01 19:06:24.560 [DEBUG] com.jawe.system.mapper.MyUserDetailsServiceMapper.findRole - ==> Parameters: admin(String)
2021-12-01 19:06:24.561 [DEBUG] com.jawe.system.mapper.MyUserDetailsServiceMapper.findRole - <==      Total: 1
2021-12-01 19:06:24.562 [DEBUG] com.jawe.system.mapper.MyUserDetailsServiceMapper.findAuthorityByRoleCodes - ==>  Preparing: SELECT DISTINCT url FROM api m LEFT JOIN role_api rm ON m.id = rm.api_id LEFT JOIN role r ON r.id = rm.role_id WHERE r.role_code IN ( ? )
2021-12-01 19:06:24.563 [DEBUG] com.jawe.system.mapper.MyUserDetailsServiceMapper.findAuthorityByRoleCodes - ==> Parameters: admin(String)
2021-12-01 19:06:24.564 [DEBUG] com.jawe.system.mapper.MyUserDetailsServiceMapper.findAuthorityByRoleCodes - <==      Total: 4
2021-12-01 19:06:24.568 [DEBUG] com.jawe.system.mapper.UserMapper.currentUser - ==>  Preparing: select * from user where username = ?
2021-12-01 19:06:24.569 [DEBUG] com.jawe.system.mapper.UserMapper.currentUser - ==> Parameters: admin(String)
2021-12-01 19:06:24.570 [DEBUG] com.jawe.system.mapper.UserMapper.currentUser - <==      Total: 1
2021-12-01 19:06:24.848 [DEBUG] com.jawe.system.mapper.MyUserDetailsServiceMapper.findByPhoneNumber - ==>  Preparing: SELECT username,password,enable from user u where u.username = ?;
2021-12-01 19:06:24.849 [DEBUG] com.jawe.system.mapper.MyUserDetailsServiceMapper.findByPhoneNumber - ==> Parameters: admin(String)
2021-12-01 19:06:24.849 [DEBUG] com.jawe.system.mapper.MyUserDetailsServiceMapper.findByPhoneNumber - <==      Total: 1
2021-12-01 19:06:24.850 [DEBUG] com.jawe.system.mapper.MyUserDetailsServiceMapper.findRole - ==>  Preparing: SELECT role_code FROM role r LEFT JOIN user_role ur ON r.id = ur.role_id LEFT JOIN user u ON u.id = ur.user_id WHERE u.username = ?
2021-12-01 19:06:24.850 [DEBUG] com.jawe.system.mapper.MyUserDetailsServiceMapper.findRole - ==> Parameters: admin(String)
2021-12-01 19:06:24.851 [DEBUG] com.jawe.system.mapper.MyUserDetailsServiceMapper.findRole - <==      Total: 1
2021-12-01 19:06:24.851 [DEBUG] com.jawe.system.mapper.MyUserDetailsServiceMapper.findAuthorityByRoleCodes - ==>  Preparing: SELECT DISTINCT url FROM api m LEFT JOIN role_api rm ON m.id = rm.api_id LEFT JOIN role r ON r.id = rm.role_id WHERE r.role_code IN ( ? )
2021-12-01 19:06:24.852 [DEBUG] com.jawe.system.mapper.MyUserDetailsServiceMapper.findAuthorityByRoleCodes - ==> Parameters: admin(String)
2021-12-01 19:06:24.853 [DEBUG] com.jawe.system.mapper.MyUserDetailsServiceMapper.findAuthorityByRoleCodes - <==      Total: 4
2021-12-01 19:06:29.330 [DEBUG] com.jawe.system.mapper.MyUserDetailsServiceMapper.findByPhoneNumber - ==>  Preparing: SELECT username,password,enable from user u where u.username = ?;
2021-12-01 19:06:29.331 [DEBUG] com.jawe.system.mapper.MyUserDetailsServiceMapper.findByPhoneNumber - ==> Parameters: admin(String)
2021-12-01 19:06:29.332 [DEBUG] com.jawe.system.mapper.MyUserDetailsServiceMapper.findByPhoneNumber - <==      Total: 1
2021-12-01 19:06:29.333 [DEBUG] com.jawe.system.mapper.MyUserDetailsServiceMapper.findRole - ==>  Preparing: SELECT role_code FROM role r LEFT JOIN user_role ur ON r.id = ur.role_id LEFT JOIN user u ON u.id = ur.user_id WHERE u.username = ?
2021-12-01 19:06:29.333 [DEBUG] com.jawe.system.mapper.MyUserDetailsServiceMapper.findRole - ==> Parameters: admin(String)
2021-12-01 19:06:29.335 [DEBUG] com.jawe.system.mapper.MyUserDetailsServiceMapper.findRole - <==      Total: 1
2021-12-01 19:06:29.335 [DEBUG] com.jawe.system.mapper.MyUserDetailsServiceMapper.findAuthorityByRoleCodes - ==>  Preparing: SELECT DISTINCT url FROM api m LEFT JOIN role_api rm ON m.id = rm.api_id LEFT JOIN role r ON r.id = rm.role_id WHERE r.role_code IN ( ? )
2021-12-01 19:06:29.336 [DEBUG] com.jawe.system.mapper.MyUserDetailsServiceMapper.findAuthorityByRoleCodes - ==> Parameters: admin(String)
2021-12-01 19:06:29.336 [DEBUG] com.jawe.system.mapper.MyUserDetailsServiceMapper.findAuthorityByRoleCodes - <==      Total: 4
2021-12-01 19:06:29.356 [DEBUG] com.jawe.system.mapper.GoodsMapper.findGoodsPage_mpCount - ==>  Preparing: SELECT COUNT(1) FROM `goods` g
2021-12-01 19:06:29.358 [DEBUG] com.jawe.system.mapper.GoodsMapper.findGoodsPage_mpCount - ==> Parameters: 
2021-12-01 19:06:29.360 [DEBUG] com.jawe.system.mapper.GoodsMapper.findGoodsPage_mpCount - <==      Total: 1
2021-12-01 19:06:29.361 [DEBUG] com.jawe.system.mapper.GoodsMapper.findGoodsPage - ==>  Preparing: select g.* from `goods` g LIMIT ?
2021-12-01 19:06:29.361 [DEBUG] com.jawe.system.mapper.GoodsMapper.findGoodsPage - ==> Parameters: 7(Long)
2021-12-01 19:06:29.364 [DEBUG] com.jawe.system.mapper.GoodsMapper.findGoodsPage - <==      Total: 7
2021-12-01 19:06:37.226 [DEBUG] com.jawe.system.mapper.MyUserDetailsServiceMapper.findByPhoneNumber - ==>  Preparing: SELECT username,password,enable from user u where u.username = ?;
2021-12-01 19:06:37.226 [DEBUG] com.jawe.system.mapper.MyUserDetailsServiceMapper.findByPhoneNumber - ==> Parameters: admin(String)
2021-12-01 19:06:37.228 [DEBUG] com.jawe.system.mapper.MyUserDetailsServiceMapper.findByPhoneNumber - <==      Total: 1
2021-12-01 19:06:37.228 [DEBUG] com.jawe.system.mapper.MyUserDetailsServiceMapper.findRole - ==>  Preparing: SELECT role_code FROM role r LEFT JOIN user_role ur ON r.id = ur.role_id LEFT JOIN user u ON u.id = ur.user_id WHERE u.username = ?
2021-12-01 19:06:37.228 [DEBUG] com.jawe.system.mapper.MyUserDetailsServiceMapper.findRole - ==> Parameters: admin(String)
2021-12-01 19:06:37.229 [DEBUG] com.jawe.system.mapper.MyUserDetailsServiceMapper.findRole - <==      Total: 1
2021-12-01 19:06:37.229 [DEBUG] com.jawe.system.mapper.MyUserDetailsServiceMapper.findAuthorityByRoleCodes - ==>  Preparing: SELECT DISTINCT url FROM api m LEFT JOIN role_api rm ON m.id = rm.api_id LEFT JOIN role r ON r.id = rm.role_id WHERE r.role_code IN ( ? )
2021-12-01 19:06:37.230 [DEBUG] com.jawe.system.mapper.MyUserDetailsServiceMapper.findAuthorityByRoleCodes - ==> Parameters: admin(String)
2021-12-01 19:06:37.231 [DEBUG] com.jawe.system.mapper.MyUserDetailsServiceMapper.findAuthorityByRoleCodes - <==      Total: 4
2021-12-01 19:06:37.234 [DEBUG] com.jawe.system.mapper.GoodsCategoryMapper.selectList - ==>  Preparing: SELECT id,pid,name,sort,enable,create_time,update_time FROM goods_category WHERE (pid = ?) ORDER BY sort ASC
2021-12-01 19:06:37.235 [DEBUG] com.jawe.system.mapper.GoodsCategoryMapper.selectList - ==> Parameters: 0(Integer)
2021-12-01 19:06:37.236 [DEBUG] com.jawe.system.mapper.GoodsCategoryMapper.selectList - <==      Total: 6
2021-12-01 19:06:37.237 [DEBUG] com.jawe.system.mapper.GoodsCategoryMapper.selectList - ==>  Preparing: SELECT id,pid,name,sort,enable,create_time,update_time FROM goods_category WHERE (pid = ?) ORDER BY sort ASC
2021-12-01 19:06:37.237 [DEBUG] com.jawe.system.mapper.GoodsCategoryMapper.selectList - ==> Parameters: 4(Integer)
2021-12-01 19:06:37.238 [DEBUG] com.jawe.system.mapper.GoodsCategoryMapper.selectList - <==      Total: 2
2021-12-01 19:06:37.239 [DEBUG] com.jawe.system.mapper.GoodsCategoryMapper.selectList - ==>  Preparing: SELECT id,pid,name,sort,enable,create_time,update_time FROM goods_category WHERE (pid = ?) ORDER BY sort ASC
2021-12-01 19:06:37.240 [DEBUG] com.jawe.system.mapper.GoodsCategoryMapper.selectList - ==> Parameters: 22(Integer)
2021-12-01 19:06:37.241 [DEBUG] com.jawe.system.mapper.GoodsCategoryMapper.selectList - <==      Total: 2
2021-12-01 19:06:37.242 [DEBUG] com.jawe.system.mapper.GoodsCategoryMapper.selectList - ==>  Preparing: SELECT id,pid,name,sort,enable,create_time,update_time FROM goods_category WHERE (pid = ?) ORDER BY sort ASC
2021-12-01 19:06:37.242 [DEBUG] com.jawe.system.mapper.GoodsCategoryMapper.selectList - ==> Parameters: 2(Integer)
2021-12-01 19:06:37.243 [DEBUG] com.jawe.system.mapper.GoodsCategoryMapper.selectList - <==      Total: 1
2021-12-01 19:06:37.244 [DEBUG] com.jawe.system.mapper.GoodsCategoryMapper.selectList - ==>  Preparing: SELECT id,pid,name,sort,enable,create_time,update_time FROM goods_category WHERE (pid = ?) ORDER BY sort ASC
2021-12-01 19:06:37.244 [DEBUG] com.jawe.system.mapper.GoodsCategoryMapper.selectList - ==> Parameters: 3(Integer)
2021-12-01 19:06:37.245 [DEBUG] com.jawe.system.mapper.GoodsCategoryMapper.selectList - <==      Total: 1
2021-12-01 19:06:37.246 [DEBUG] com.jawe.system.mapper.GoodsCategoryMapper.selectList - ==>  Preparing: SELECT id,pid,name,sort,enable,create_time,update_time FROM goods_category WHERE (pid = ?) ORDER BY sort ASC
2021-12-01 19:06:37.246 [DEBUG] com.jawe.system.mapper.GoodsCategoryMapper.selectList - ==> Parameters: 5(Integer)
2021-12-01 19:06:37.247 [DEBUG] com.jawe.system.mapper.GoodsCategoryMapper.selectList - <==      Total: 2
2021-12-01 19:06:37.248 [DEBUG] com.jawe.system.mapper.GoodsCategoryMapper.selectList - ==>  Preparing: SELECT id,pid,name,sort,enable,create_time,update_time FROM goods_category WHERE (pid = ?) ORDER BY sort ASC
2021-12-01 19:06:37.248 [DEBUG] com.jawe.system.mapper.GoodsCategoryMapper.selectList - ==> Parameters: 1(Integer)
2021-12-01 19:06:37.249 [DEBUG] com.jawe.system.mapper.GoodsCategoryMapper.selectList - <==      Total: 2
2021-12-01 19:06:40.741 [DEBUG] com.jawe.system.mapper.MyUserDetailsServiceMapper.findByPhoneNumber - ==>  Preparing: SELECT username,password,enable from user u where u.username = ?;
2021-12-01 19:06:40.742 [DEBUG] com.jawe.system.mapper.MyUserDetailsServiceMapper.findByPhoneNumber - ==> Parameters: admin(String)
2021-12-01 19:06:40.742 [DEBUG] com.jawe.system.mapper.MyUserDetailsServiceMapper.findByPhoneNumber - <==      Total: 1
2021-12-01 19:06:40.743 [DEBUG] com.jawe.system.mapper.MyUserDetailsServiceMapper.findRole - ==>  Preparing: SELECT role_code FROM role r LEFT JOIN user_role ur ON r.id = ur.role_id LEFT JOIN user u ON u.id = ur.user_id WHERE u.username = ?
2021-12-01 19:06:40.743 [DEBUG] com.jawe.system.mapper.MyUserDetailsServiceMapper.findRole - ==> Parameters: admin(String)
2021-12-01 19:06:40.743 [DEBUG] com.jawe.system.mapper.MyUserDetailsServiceMapper.findRole - <==      Total: 1
2021-12-01 19:06:40.744 [DEBUG] com.jawe.system.mapper.MyUserDetailsServiceMapper.findAuthorityByRoleCodes - ==>  Preparing: SELECT DISTINCT url FROM api m LEFT JOIN role_api rm ON m.id = rm.api_id LEFT JOIN role r ON r.id = rm.role_id WHERE r.role_code IN ( ? )
2021-12-01 19:06:40.745 [DEBUG] com.jawe.system.mapper.MyUserDetailsServiceMapper.findAuthorityByRoleCodes - ==> Parameters: admin(String)
2021-12-01 19:06:40.746 [DEBUG] com.jawe.system.mapper.MyUserDetailsServiceMapper.findAuthorityByRoleCodes - <==      Total: 4
2021-12-01 19:06:40.750 [DEBUG] com.jawe.system.mapper.GoodsCategoryMapper.selectList - ==>  Preparing: SELECT id,pid,name,sort,enable,create_time,update_time FROM goods_category WHERE (pid = ?) ORDER BY sort ASC
2021-12-01 19:06:40.750 [DEBUG] com.jawe.system.mapper.GoodsCategoryMapper.selectList - ==> Parameters: 0(Integer)
2021-12-01 19:06:40.751 [DEBUG] com.jawe.system.mapper.GoodsCategoryMapper.selectList - <==      Total: 6
2021-12-01 19:06:40.753 [DEBUG] com.jawe.system.mapper.GoodsCategoryMapper.selectList - ==>  Preparing: SELECT id,pid,name,sort,enable,create_time,update_time FROM goods_category WHERE (pid = ?) ORDER BY sort ASC
2021-12-01 19:06:40.753 [DEBUG] com.jawe.system.mapper.GoodsCategoryMapper.selectList - ==> Parameters: 4(Integer)
2021-12-01 19:06:40.754 [DEBUG] com.jawe.system.mapper.GoodsCategoryMapper.selectList - <==      Total: 2
2021-12-01 19:06:40.755 [DEBUG] com.jawe.system.mapper.GoodsCategoryMapper.selectList - ==>  Preparing: SELECT id,pid,name,sort,enable,create_time,update_time FROM goods_category WHERE (pid = ?) ORDER BY sort ASC
2021-12-01 19:06:40.755 [DEBUG] com.jawe.system.mapper.GoodsCategoryMapper.selectList - ==> Parameters: 22(Integer)
2021-12-01 19:06:40.756 [DEBUG] com.jawe.system.mapper.GoodsCategoryMapper.selectList - <==      Total: 2
2021-12-01 19:06:40.757 [DEBUG] com.jawe.system.mapper.GoodsCategoryMapper.selectList - ==>  Preparing: SELECT id,pid,name,sort,enable,create_time,update_time FROM goods_category WHERE (pid = ?) ORDER BY sort ASC
2021-12-01 19:06:40.757 [DEBUG] com.jawe.system.mapper.GoodsCategoryMapper.selectList - ==> Parameters: 2(Integer)
2021-12-01 19:06:40.758 [DEBUG] com.jawe.system.mapper.GoodsCategoryMapper.selectList - <==      Total: 1
2021-12-01 19:06:40.759 [DEBUG] com.jawe.system.mapper.GoodsCategoryMapper.selectList - ==>  Preparing: SELECT id,pid,name,sort,enable,create_time,update_time FROM goods_category WHERE (pid = ?) ORDER BY sort ASC
2021-12-01 19:06:40.760 [DEBUG] com.jawe.system.mapper.GoodsCategoryMapper.selectList - ==> Parameters: 3(Integer)
2021-12-01 19:06:40.761 [DEBUG] com.jawe.system.mapper.GoodsCategoryMapper.selectList - <==      Total: 1
2021-12-01 19:06:40.762 [DEBUG] com.jawe.system.mapper.GoodsCategoryMapper.selectList - ==>  Preparing: SELECT id,pid,name,sort,enable,create_time,update_time FROM goods_category WHERE (pid = ?) ORDER BY sort ASC
2021-12-01 19:06:40.762 [DEBUG] com.jawe.system.mapper.GoodsCategoryMapper.selectList - ==> Parameters: 5(Integer)
2021-12-01 19:06:40.763 [DEBUG] com.jawe.system.mapper.GoodsCategoryMapper.selectList - <==      Total: 2
2021-12-01 19:06:40.764 [DEBUG] com.jawe.system.mapper.GoodsCategoryMapper.selectList - ==>  Preparing: SELECT id,pid,name,sort,enable,create_time,update_time FROM goods_category WHERE (pid = ?) ORDER BY sort ASC
2021-12-01 19:06:40.764 [DEBUG] com.jawe.system.mapper.GoodsCategoryMapper.selectList - ==> Parameters: 1(Integer)
2021-12-01 19:06:40.765 [DEBUG] com.jawe.system.mapper.GoodsCategoryMapper.selectList - <==      Total: 2
2021-12-01 19:06:41.084 [DEBUG] com.jawe.system.mapper.MyUserDetailsServiceMapper.findByPhoneNumber - ==>  Preparing: SELECT username,password,enable from user u where u.username = ?;
2021-12-01 19:06:41.084 [DEBUG] com.jawe.system.mapper.MyUserDetailsServiceMapper.findByPhoneNumber - ==> Parameters: admin(String)
2021-12-01 19:06:41.085 [DEBUG] com.jawe.system.mapper.MyUserDetailsServiceMapper.findByPhoneNumber - <==      Total: 1
2021-12-01 19:06:41.085 [DEBUG] com.jawe.system.mapper.MyUserDetailsServiceMapper.findRole - ==>  Preparing: SELECT role_code FROM role r LEFT JOIN user_role ur ON r.id = ur.role_id LEFT JOIN user u ON u.id = ur.user_id WHERE u.username = ?
2021-12-01 19:06:41.086 [DEBUG] com.jawe.system.mapper.MyUserDetailsServiceMapper.findRole - ==> Parameters: admin(String)
2021-12-01 19:06:41.087 [DEBUG] com.jawe.system.mapper.MyUserDetailsServiceMapper.findRole - <==      Total: 1
2021-12-01 19:06:41.087 [DEBUG] com.jawe.system.mapper.MyUserDetailsServiceMapper.findAuthorityByRoleCodes - ==>  Preparing: SELECT DISTINCT url FROM api m LEFT JOIN role_api rm ON m.id = rm.api_id LEFT JOIN role r ON r.id = rm.role_id WHERE r.role_code IN ( ? )
2021-12-01 19:06:41.088 [DEBUG] com.jawe.system.mapper.MyUserDetailsServiceMapper.findAuthorityByRoleCodes - ==> Parameters: admin(String)
2021-12-01 19:06:41.088 [DEBUG] com.jawe.system.mapper.MyUserDetailsServiceMapper.findAuthorityByRoleCodes - <==      Total: 4
2021-12-01 19:06:41.091 [DEBUG] com.jawe.system.mapper.GoodsMapper.findGoodsPage_mpCount - ==>  Preparing: SELECT COUNT(1) FROM `goods` g
2021-12-01 19:06:41.092 [DEBUG] com.jawe.system.mapper.GoodsMapper.findGoodsPage_mpCount - ==> Parameters: 
2021-12-01 19:06:41.092 [DEBUG] com.jawe.system.mapper.GoodsMapper.findGoodsPage_mpCount - <==      Total: 1
2021-12-01 19:06:41.093 [DEBUG] com.jawe.system.mapper.GoodsMapper.findGoodsPage - ==>  Preparing: select g.* from `goods` g LIMIT ?
2021-12-01 19:06:41.093 [DEBUG] com.jawe.system.mapper.GoodsMapper.findGoodsPage - ==> Parameters: 7(Long)
2021-12-01 19:06:41.094 [DEBUG] com.jawe.system.mapper.GoodsMapper.findGoodsPage - <==      Total: 7
2021-12-01 19:06:41.599 [DEBUG] com.jawe.system.mapper.MyUserDetailsServiceMapper.findByPhoneNumber - ==>  Preparing: SELECT username,password,enable from user u where u.username = ?;
2021-12-01 19:06:41.599 [DEBUG] com.jawe.system.mapper.MyUserDetailsServiceMapper.findByPhoneNumber - ==> Parameters: admin(String)
2021-12-01 19:06:41.602 [DEBUG] com.jawe.system.mapper.MyUserDetailsServiceMapper.findByPhoneNumber - <==      Total: 1
2021-12-01 19:06:41.603 [DEBUG] com.jawe.system.mapper.MyUserDetailsServiceMapper.findRole - ==>  Preparing: SELECT role_code FROM role r LEFT JOIN user_role ur ON r.id = ur.role_id LEFT JOIN user u ON u.id = ur.user_id WHERE u.username = ?
2021-12-01 19:06:41.603 [DEBUG] com.jawe.system.mapper.MyUserDetailsServiceMapper.findRole - ==> Parameters: admin(String)
2021-12-01 19:06:41.604 [DEBUG] com.jawe.system.mapper.MyUserDetailsServiceMapper.findRole - <==      Total: 1
2021-12-01 19:06:41.604 [DEBUG] com.jawe.system.mapper.MyUserDetailsServiceMapper.findAuthorityByRoleCodes - ==>  Preparing: SELECT DISTINCT url FROM api m LEFT JOIN role_api rm ON m.id = rm.api_id LEFT JOIN role r ON r.id = rm.role_id WHERE r.role_code IN ( ? )
2021-12-01 19:06:41.605 [DEBUG] com.jawe.system.mapper.MyUserDetailsServiceMapper.findAuthorityByRoleCodes - ==> Parameters: admin(String)
2021-12-01 19:06:41.606 [DEBUG] com.jawe.system.mapper.MyUserDetailsServiceMapper.findAuthorityByRoleCodes - <==      Total: 4
2021-12-01 19:06:41.611 [DEBUG] com.jawe.system.mapper.UserMapper.findUserPage_mpCount - ==>  Preparing: SELECT COUNT(1) FROM `user` u
2021-12-01 19:06:41.612 [DEBUG] com.jawe.system.mapper.UserMapper.findUserPage_mpCount - ==> Parameters: 
2021-12-01 19:06:41.612 [DEBUG] com.jawe.system.mapper.UserMapper.findUserPage_mpCount - <==      Total: 1
2021-12-01 19:06:41.614 [DEBUG] com.jawe.system.mapper.UserMapper.findUserPage - ==>  Preparing: select u.* from `user` u LIMIT ?
2021-12-01 19:06:41.614 [DEBUG] com.jawe.system.mapper.UserMapper.findUserPage - ==> Parameters: 7(Long)
2021-12-01 19:06:41.615 [DEBUG] com.jawe.system.mapper.UserMapper.findUserPage - <==      Total: 7
2021-12-01 19:06:47.391 [DEBUG] com.jawe.system.mapper.MyUserDetailsServiceMapper.findByPhoneNumber - ==>  Preparing: SELECT username,password,enable from user u where u.username = ?;
2021-12-01 19:06:47.391 [DEBUG] com.jawe.system.mapper.MyUserDetailsServiceMapper.findByPhoneNumber - ==> Parameters: admin(String)
2021-12-01 19:06:47.392 [DEBUG] com.jawe.system.mapper.MyUserDetailsServiceMapper.findByPhoneNumber - <==      Total: 1
2021-12-01 19:06:47.393 [DEBUG] com.jawe.system.mapper.MyUserDetailsServiceMapper.findRole - ==>  Preparing: SELECT role_code FROM role r LEFT JOIN user_role ur ON r.id = ur.role_id LEFT JOIN user u ON u.id = ur.user_id WHERE u.username = ?
2021-12-01 19:06:47.393 [DEBUG] com.jawe.system.mapper.MyUserDetailsServiceMapper.findRole - ==> Parameters: admin(String)
2021-12-01 19:06:47.394 [DEBUG] com.jawe.system.mapper.MyUserDetailsServiceMapper.findRole - <==      Total: 1
2021-12-01 19:06:47.395 [DEBUG] com.jawe.system.mapper.MyUserDetailsServiceMapper.findAuthorityByRoleCodes - ==>  Preparing: SELECT DISTINCT url FROM api m LEFT JOIN role_api rm ON m.id = rm.api_id LEFT JOIN role r ON r.id = rm.role_id WHERE r.role_code IN ( ? )
2021-12-01 19:06:47.395 [DEBUG] com.jawe.system.mapper.MyUserDetailsServiceMapper.findAuthorityByRoleCodes - ==> Parameters: admin(String)
2021-12-01 19:06:47.396 [DEBUG] com.jawe.system.mapper.MyUserDetailsServiceMapper.findAuthorityByRoleCodes - <==      Total: 4
2021-12-01 19:06:47.398 [DEBUG] com.jawe.system.mapper.UserMapper.findUserPage_mpCount - ==>  Preparing: SELECT COUNT(1) FROM `user` u
2021-12-01 19:06:47.399 [DEBUG] com.jawe.system.mapper.UserMapper.findUserPage_mpCount - ==> Parameters: 
2021-12-01 19:06:47.399 [DEBUG] com.jawe.system.mapper.UserMapper.findUserPage_mpCount - <==      Total: 1
2021-12-01 19:06:47.400 [DEBUG] com.jawe.system.mapper.UserMapper.findUserPage - ==>  Preparing: select u.* from `user` u LIMIT ? OFFSET ?
2021-12-01 19:06:47.400 [DEBUG] com.jawe.system.mapper.UserMapper.findUserPage - ==> Parameters: 7(Long), 7(Long)
2021-12-01 19:06:47.402 [DEBUG] com.jawe.system.mapper.UserMapper.findUserPage - <==      Total: 7
2021-12-01 19:06:47.920 [DEBUG] com.jawe.system.mapper.MyUserDetailsServiceMapper.findByPhoneNumber - ==>  Preparing: SELECT username,password,enable from user u where u.username = ?;
2021-12-01 19:06:47.920 [DEBUG] com.jawe.system.mapper.MyUserDetailsServiceMapper.findByPhoneNumber - ==> Parameters: admin(String)
2021-12-01 19:06:47.921 [DEBUG] com.jawe.system.mapper.MyUserDetailsServiceMapper.findByPhoneNumber - <==      Total: 1
2021-12-01 19:06:47.921 [DEBUG] com.jawe.system.mapper.MyUserDetailsServiceMapper.findRole - ==>  Preparing: SELECT role_code FROM role r LEFT JOIN user_role ur ON r.id = ur.role_id LEFT JOIN user u ON u.id = ur.user_id WHERE u.username = ?
2021-12-01 19:06:47.922 [DEBUG] com.jawe.system.mapper.MyUserDetailsServiceMapper.findRole - ==> Parameters: admin(String)
2021-12-01 19:06:47.923 [DEBUG] com.jawe.system.mapper.MyUserDetailsServiceMapper.findRole - <==      Total: 1
2021-12-01 19:06:47.923 [DEBUG] com.jawe.system.mapper.MyUserDetailsServiceMapper.findAuthorityByRoleCodes - ==>  Preparing: SELECT DISTINCT url FROM api m LEFT JOIN role_api rm ON m.id = rm.api_id LEFT JOIN role r ON r.id = rm.role_id WHERE r.role_code IN ( ? )
2021-12-01 19:06:47.924 [DEBUG] com.jawe.system.mapper.MyUserDetailsServiceMapper.findAuthorityByRoleCodes - ==> Parameters: admin(String)
2021-12-01 19:06:47.924 [DEBUG] com.jawe.system.mapper.MyUserDetailsServiceMapper.findAuthorityByRoleCodes - <==      Total: 4
2021-12-01 19:06:47.928 [DEBUG] com.jawe.system.mapper.UserMapper.findUserPage_mpCount - ==>  Preparing: SELECT COUNT(1) FROM `user` u
2021-12-01 19:06:47.928 [DEBUG] com.jawe.system.mapper.UserMapper.findUserPage_mpCount - ==> Parameters: 
2021-12-01 19:06:47.929 [DEBUG] com.jawe.system.mapper.UserMapper.findUserPage_mpCount - <==      Total: 1
2021-12-01 19:06:47.930 [DEBUG] com.jawe.system.mapper.UserMapper.findUserPage - ==>  Preparing: select u.* from `user` u LIMIT ? OFFSET ?
2021-12-01 19:06:47.931 [DEBUG] com.jawe.system.mapper.UserMapper.findUserPage - ==> Parameters: 7(Long), 14(Long)
2021-12-01 19:06:47.932 [DEBUG] com.jawe.system.mapper.UserMapper.findUserPage - <==      Total: 1
2021-12-01 19:06:49.677 [DEBUG] com.jawe.system.mapper.MyUserDetailsServiceMapper.findByPhoneNumber - ==>  Preparing: SELECT username,password,enable from user u where u.username = ?;
2021-12-01 19:06:49.678 [DEBUG] com.jawe.system.mapper.MyUserDetailsServiceMapper.findByPhoneNumber - ==> Parameters: admin(String)
2021-12-01 19:06:49.679 [DEBUG] com.jawe.system.mapper.MyUserDetailsServiceMapper.findByPhoneNumber - <==      Total: 1
2021-12-01 19:06:49.679 [DEBUG] com.jawe.system.mapper.MyUserDetailsServiceMapper.findRole - ==>  Preparing: SELECT role_code FROM role r LEFT JOIN user_role ur ON r.id = ur.role_id LEFT JOIN user u ON u.id = ur.user_id WHERE u.username = ?
2021-12-01 19:06:49.680 [DEBUG] com.jawe.system.mapper.MyUserDetailsServiceMapper.findRole - ==> Parameters: admin(String)
2021-12-01 19:06:49.681 [DEBUG] com.jawe.system.mapper.MyUserDetailsServiceMapper.findRole - <==      Total: 1
2021-12-01 19:06:49.681 [DEBUG] com.jawe.system.mapper.MyUserDetailsServiceMapper.findAuthorityByRoleCodes - ==>  Preparing: SELECT DISTINCT url FROM api m LEFT JOIN role_api rm ON m.id = rm.api_id LEFT JOIN role r ON r.id = rm.role_id WHERE r.role_code IN ( ? )
2021-12-01 19:06:49.681 [DEBUG] com.jawe.system.mapper.MyUserDetailsServiceMapper.findAuthorityByRoleCodes - ==> Parameters: admin(String)
2021-12-01 19:06:49.682 [DEBUG] com.jawe.system.mapper.MyUserDetailsServiceMapper.findAuthorityByRoleCodes - <==      Total: 4
2021-12-01 19:06:49.685 [DEBUG] com.jawe.system.mapper.UserMapper.findUserPage_mpCount - ==>  Preparing: SELECT COUNT(1) FROM `user` u
2021-12-01 19:06:49.685 [DEBUG] com.jawe.system.mapper.UserMapper.findUserPage_mpCount - ==> Parameters: 
2021-12-01 19:06:49.685 [DEBUG] com.jawe.system.mapper.UserMapper.findUserPage_mpCount - <==      Total: 1
2021-12-01 19:06:49.686 [DEBUG] com.jawe.system.mapper.UserMapper.findUserPage - ==>  Preparing: select u.* from `user` u LIMIT ?
2021-12-01 19:06:49.686 [DEBUG] com.jawe.system.mapper.UserMapper.findUserPage - ==> Parameters: 7(Long)
2021-12-01 19:06:49.687 [DEBUG] com.jawe.system.mapper.UserMapper.findUserPage - <==      Total: 7
2021-12-01 19:06:50.512 [DEBUG] com.jawe.system.mapper.MyUserDetailsServiceMapper.findByPhoneNumber - ==>  Preparing: SELECT username,password,enable from user u where u.username = ?;
2021-12-01 19:06:50.513 [DEBUG] com.jawe.system.mapper.MyUserDetailsServiceMapper.findByPhoneNumber - ==> Parameters: admin(String)
2021-12-01 19:06:50.514 [DEBUG] com.jawe.system.mapper.MyUserDetailsServiceMapper.findByPhoneNumber - <==      Total: 1
2021-12-01 19:06:50.514 [DEBUG] com.jawe.system.mapper.MyUserDetailsServiceMapper.findRole - ==>  Preparing: SELECT role_code FROM role r LEFT JOIN user_role ur ON r.id = ur.role_id LEFT JOIN user u ON u.id = ur.user_id WHERE u.username = ?
2021-12-01 19:06:50.515 [DEBUG] com.jawe.system.mapper.MyUserDetailsServiceMapper.findRole - ==> Parameters: admin(String)
2021-12-01 19:06:50.515 [DEBUG] com.jawe.system.mapper.MyUserDetailsServiceMapper.findRole - <==      Total: 1
2021-12-01 19:06:50.516 [DEBUG] com.jawe.system.mapper.MyUserDetailsServiceMapper.findAuthorityByRoleCodes - ==>  Preparing: SELECT DISTINCT url FROM api m LEFT JOIN role_api rm ON m.id = rm.api_id LEFT JOIN role r ON r.id = rm.role_id WHERE r.role_code IN ( ? )
2021-12-01 19:06:50.517 [DEBUG] com.jawe.system.mapper.MyUserDetailsServiceMapper.findAuthorityByRoleCodes - ==> Parameters: admin(String)
2021-12-01 19:06:50.518 [DEBUG] com.jawe.system.mapper.MyUserDetailsServiceMapper.findAuthorityByRoleCodes - <==      Total: 4
2021-12-01 19:06:50.520 [DEBUG] com.jawe.system.mapper.GoodsMapper.findGoodsPage_mpCount - ==>  Preparing: SELECT COUNT(1) FROM `goods` g
2021-12-01 19:06:50.521 [DEBUG] com.jawe.system.mapper.GoodsMapper.findGoodsPage_mpCount - ==> Parameters: 
2021-12-01 19:06:50.522 [DEBUG] com.jawe.system.mapper.GoodsMapper.findGoodsPage_mpCount - <==      Total: 1
2021-12-01 19:06:50.522 [DEBUG] com.jawe.system.mapper.GoodsMapper.findGoodsPage - ==>  Preparing: select g.* from `goods` g LIMIT ?
2021-12-01 19:06:50.523 [DEBUG] com.jawe.system.mapper.GoodsMapper.findGoodsPage - ==> Parameters: 7(Long)
2021-12-01 19:06:50.524 [DEBUG] com.jawe.system.mapper.GoodsMapper.findGoodsPage - <==      Total: 7
2021-12-01 19:06:51.428 [DEBUG] com.jawe.system.mapper.MyUserDetailsServiceMapper.findByPhoneNumber - ==>  Preparing: SELECT username,password,enable from user u where u.username = ?;
2021-12-01 19:06:51.429 [DEBUG] com.jawe.system.mapper.MyUserDetailsServiceMapper.findByPhoneNumber - ==> Parameters: admin(String)
2021-12-01 19:06:51.430 [DEBUG] com.jawe.system.mapper.MyUserDetailsServiceMapper.findByPhoneNumber - <==      Total: 1
2021-12-01 19:06:51.431 [DEBUG] com.jawe.system.mapper.MyUserDetailsServiceMapper.findRole - ==>  Preparing: SELECT role_code FROM role r LEFT JOIN user_role ur ON r.id = ur.role_id LEFT JOIN user u ON u.id = ur.user_id WHERE u.username = ?
2021-12-01 19:06:51.431 [DEBUG] com.jawe.system.mapper.MyUserDetailsServiceMapper.findRole - ==> Parameters: admin(String)
2021-12-01 19:06:51.432 [DEBUG] com.jawe.system.mapper.MyUserDetailsServiceMapper.findRole - <==      Total: 1
2021-12-01 19:06:51.432 [DEBUG] com.jawe.system.mapper.MyUserDetailsServiceMapper.findAuthorityByRoleCodes - ==>  Preparing: SELECT DISTINCT url FROM api m LEFT JOIN role_api rm ON m.id = rm.api_id LEFT JOIN role r ON r.id = rm.role_id WHERE r.role_code IN ( ? )
2021-12-01 19:06:51.432 [DEBUG] com.jawe.system.mapper.MyUserDetailsServiceMapper.findAuthorityByRoleCodes - ==> Parameters: admin(String)
2021-12-01 19:06:51.433 [DEBUG] com.jawe.system.mapper.MyUserDetailsServiceMapper.findAuthorityByRoleCodes - <==      Total: 4
2021-12-01 19:06:51.435 [DEBUG] com.jawe.system.mapper.GoodsCategoryMapper.selectList - ==>  Preparing: SELECT id,pid,name,sort,enable,create_time,update_time FROM goods_category WHERE (pid = ?) ORDER BY sort ASC
2021-12-01 19:06:51.436 [DEBUG] com.jawe.system.mapper.GoodsCategoryMapper.selectList - ==> Parameters: 0(Integer)
2021-12-01 19:06:51.437 [DEBUG] com.jawe.system.mapper.GoodsCategoryMapper.selectList - <==      Total: 6
2021-12-01 19:06:51.438 [DEBUG] com.jawe.system.mapper.GoodsCategoryMapper.selectList - ==>  Preparing: SELECT id,pid,name,sort,enable,create_time,update_time FROM goods_category WHERE (pid = ?) ORDER BY sort ASC
2021-12-01 19:06:51.439 [DEBUG] com.jawe.system.mapper.GoodsCategoryMapper.selectList - ==> Parameters: 4(Integer)
2021-12-01 19:06:51.439 [DEBUG] com.jawe.system.mapper.GoodsCategoryMapper.selectList - <==      Total: 2
2021-12-01 19:06:51.440 [DEBUG] com.jawe.system.mapper.GoodsCategoryMapper.selectList - ==>  Preparing: SELECT id,pid,name,sort,enable,create_time,update_time FROM goods_category WHERE (pid = ?) ORDER BY sort ASC
2021-12-01 19:06:51.441 [DEBUG] com.jawe.system.mapper.GoodsCategoryMapper.selectList - ==> Parameters: 22(Integer)
2021-12-01 19:06:51.442 [DEBUG] com.jawe.system.mapper.GoodsCategoryMapper.selectList - <==      Total: 2
2021-12-01 19:06:51.442 [DEBUG] com.jawe.system.mapper.GoodsCategoryMapper.selectList - ==>  Preparing: SELECT id,pid,name,sort,enable,create_time,update_time FROM goods_category WHERE (pid = ?) ORDER BY sort ASC
2021-12-01 19:06:51.443 [DEBUG] com.jawe.system.mapper.GoodsCategoryMapper.selectList - ==> Parameters: 2(Integer)
2021-12-01 19:06:51.443 [DEBUG] com.jawe.system.mapper.GoodsCategoryMapper.selectList - <==      Total: 1
2021-12-01 19:06:51.444 [DEBUG] com.jawe.system.mapper.GoodsCategoryMapper.selectList - ==>  Preparing: SELECT id,pid,name,sort,enable,create_time,update_time FROM goods_category WHERE (pid = ?) ORDER BY sort ASC
2021-12-01 19:06:51.444 [DEBUG] com.jawe.system.mapper.GoodsCategoryMapper.selectList - ==> Parameters: 3(Integer)
2021-12-01 19:06:51.446 [DEBUG] com.jawe.system.mapper.GoodsCategoryMapper.selectList - <==      Total: 1
2021-12-01 19:06:51.447 [DEBUG] com.jawe.system.mapper.GoodsCategoryMapper.selectList - ==>  Preparing: SELECT id,pid,name,sort,enable,create_time,update_time FROM goods_category WHERE (pid = ?) ORDER BY sort ASC
2021-12-01 19:06:51.448 [DEBUG] com.jawe.system.mapper.GoodsCategoryMapper.selectList - ==> Parameters: 5(Integer)
2021-12-01 19:06:51.449 [DEBUG] com.jawe.system.mapper.GoodsCategoryMapper.selectList - <==      Total: 2
2021-12-01 19:06:51.450 [DEBUG] com.jawe.system.mapper.GoodsCategoryMapper.selectList - ==>  Preparing: SELECT id,pid,name,sort,enable,create_time,update_time FROM goods_category WHERE (pid = ?) ORDER BY sort ASC
2021-12-01 19:06:51.450 [DEBUG] com.jawe.system.mapper.GoodsCategoryMapper.selectList - ==> Parameters: 1(Integer)
2021-12-01 19:06:51.451 [DEBUG] com.jawe.system.mapper.GoodsCategoryMapper.selectList - <==      Total: 2
2021-12-01 19:22:00.591 [DEBUG] com.jawe.system.mapper.MyUserDetailsServiceMapper.findByPhoneNumber - ==>  Preparing: SELECT username,password,enable from user u where u.username = ?;
2021-12-01 19:22:00.591 [DEBUG] com.jawe.system.mapper.MyUserDetailsServiceMapper.findByPhoneNumber - ==> Parameters: admin(String)
2021-12-01 19:22:00.592 [DEBUG] com.jawe.system.mapper.MyUserDetailsServiceMapper.findByPhoneNumber - <==      Total: 1
2021-12-01 19:22:00.594 [DEBUG] com.jawe.system.mapper.MyUserDetailsServiceMapper.findRole - ==>  Preparing: SELECT role_code FROM role r LEFT JOIN user_role ur ON r.id = ur.role_id LEFT JOIN user u ON u.id = ur.user_id WHERE u.username = ?
2021-12-01 19:22:00.594 [DEBUG] com.jawe.system.mapper.MyUserDetailsServiceMapper.findRole - ==> Parameters: admin(String)
2021-12-01 19:22:00.603 [DEBUG] com.jawe.system.mapper.MyUserDetailsServiceMapper.findRole - <==      Total: 1
2021-12-01 19:22:00.604 [DEBUG] com.jawe.system.mapper.MyUserDetailsServiceMapper.findAuthorityByRoleCodes - ==>  Preparing: SELECT DISTINCT url FROM api m LEFT JOIN role_api rm ON m.id = rm.api_id LEFT JOIN role r ON r.id = rm.role_id WHERE r.role_code IN ( ? )
2021-12-01 19:22:00.604 [DEBUG] com.jawe.system.mapper.MyUserDetailsServiceMapper.findAuthorityByRoleCodes - ==> Parameters: admin(String)
2021-12-01 19:22:00.606 [DEBUG] com.jawe.system.mapper.MyUserDetailsServiceMapper.findAuthorityByRoleCodes - <==      Total: 4
2021-12-01 19:22:00.609 [DEBUG] com.jawe.system.mapper.GoodsMapper.findGoodsPage_mpCount - ==>  Preparing: SELECT COUNT(1) FROM `goods` g
2021-12-01 19:22:00.610 [DEBUG] com.jawe.system.mapper.GoodsMapper.findGoodsPage_mpCount - ==> Parameters: 
2021-12-01 19:22:00.612 [DEBUG] com.jawe.system.mapper.GoodsMapper.findGoodsPage_mpCount - <==      Total: 1
2021-12-01 19:22:00.613 [DEBUG] com.jawe.system.mapper.GoodsMapper.findGoodsPage - ==>  Preparing: select g.* from `goods` g LIMIT ?
2021-12-01 19:22:00.614 [DEBUG] com.jawe.system.mapper.GoodsMapper.findGoodsPage - ==> Parameters: 7(Long)
2021-12-01 19:22:00.615 [DEBUG] com.jawe.system.mapper.GoodsMapper.findGoodsPage - <==      Total: 7
2021-12-01 19:22:01.337 [DEBUG] com.jawe.system.mapper.MyUserDetailsServiceMapper.findByPhoneNumber - ==>  Preparing: SELECT username,password,enable from user u where u.username = ?;
2021-12-01 19:22:01.337 [DEBUG] com.jawe.system.mapper.MyUserDetailsServiceMapper.findByPhoneNumber - ==> Parameters: admin(String)
2021-12-01 19:22:01.338 [DEBUG] com.jawe.system.mapper.MyUserDetailsServiceMapper.findByPhoneNumber - <==      Total: 1
2021-12-01 19:22:01.338 [DEBUG] com.jawe.system.mapper.MyUserDetailsServiceMapper.findRole - ==>  Preparing: SELECT role_code FROM role r LEFT JOIN user_role ur ON r.id = ur.role_id LEFT JOIN user u ON u.id = ur.user_id WHERE u.username = ?
2021-12-01 19:22:01.338 [DEBUG] com.jawe.system.mapper.MyUserDetailsServiceMapper.findRole - ==> Parameters: admin(String)
2021-12-01 19:22:01.339 [DEBUG] com.jawe.system.mapper.MyUserDetailsServiceMapper.findRole - <==      Total: 1
2021-12-01 19:22:01.339 [DEBUG] com.jawe.system.mapper.MyUserDetailsServiceMapper.findAuthorityByRoleCodes - ==>  Preparing: SELECT DISTINCT url FROM api m LEFT JOIN role_api rm ON m.id = rm.api_id LEFT JOIN role r ON r.id = rm.role_id WHERE r.role_code IN ( ? )
2021-12-01 19:22:01.340 [DEBUG] com.jawe.system.mapper.MyUserDetailsServiceMapper.findAuthorityByRoleCodes - ==> Parameters: admin(String)
2021-12-01 19:22:01.341 [DEBUG] com.jawe.system.mapper.MyUserDetailsServiceMapper.findAuthorityByRoleCodes - <==      Total: 4
2021-12-01 19:22:01.344 [DEBUG] com.jawe.system.mapper.UserMapper.findUserPage_mpCount - ==>  Preparing: SELECT COUNT(1) FROM `user` u
2021-12-01 19:22:01.345 [DEBUG] com.jawe.system.mapper.UserMapper.findUserPage_mpCount - ==> Parameters: 
2021-12-01 19:22:01.345 [DEBUG] com.jawe.system.mapper.UserMapper.findUserPage_mpCount - <==      Total: 1
2021-12-01 19:22:01.346 [DEBUG] com.jawe.system.mapper.UserMapper.findUserPage - ==>  Preparing: select u.* from `user` u LIMIT ?
2021-12-01 19:22:01.346 [DEBUG] com.jawe.system.mapper.UserMapper.findUserPage - ==> Parameters: 7(Long)
2021-12-01 19:22:01.347 [DEBUG] com.jawe.system.mapper.UserMapper.findUserPage - <==      Total: 7
2021-12-01 19:22:02.541 [DEBUG] com.jawe.system.mapper.MyUserDetailsServiceMapper.findByPhoneNumber - ==>  Preparing: SELECT username,password,enable from user u where u.username = ?;
2021-12-01 19:22:02.542 [DEBUG] com.jawe.system.mapper.MyUserDetailsServiceMapper.findByPhoneNumber - ==> Parameters: admin(String)
2021-12-01 19:22:02.542 [DEBUG] com.jawe.system.mapper.MyUserDetailsServiceMapper.findByPhoneNumber - <==      Total: 1
2021-12-01 19:22:02.543 [DEBUG] com.jawe.system.mapper.MyUserDetailsServiceMapper.findRole - ==>  Preparing: SELECT role_code FROM role r LEFT JOIN user_role ur ON r.id = ur.role_id LEFT JOIN user u ON u.id = ur.user_id WHERE u.username = ?
2021-12-01 19:22:02.543 [DEBUG] com.jawe.system.mapper.MyUserDetailsServiceMapper.findRole - ==> Parameters: admin(String)
2021-12-01 19:22:02.544 [DEBUG] com.jawe.system.mapper.MyUserDetailsServiceMapper.findRole - <==      Total: 1
2021-12-01 19:22:02.544 [DEBUG] com.jawe.system.mapper.MyUserDetailsServiceMapper.findAuthorityByRoleCodes - ==>  Preparing: SELECT DISTINCT url FROM api m LEFT JOIN role_api rm ON m.id = rm.api_id LEFT JOIN role r ON r.id = rm.role_id WHERE r.role_code IN ( ? )
2021-12-01 19:22:02.545 [DEBUG] com.jawe.system.mapper.MyUserDetailsServiceMapper.findAuthorityByRoleCodes - ==> Parameters: admin(String)
2021-12-01 19:22:02.546 [DEBUG] com.jawe.system.mapper.MyUserDetailsServiceMapper.findAuthorityByRoleCodes - <==      Total: 4
2021-12-01 19:22:02.548 [DEBUG] com.jawe.system.mapper.GoodsMapper.findGoodsPage_mpCount - ==>  Preparing: SELECT COUNT(1) FROM `goods` g
2021-12-01 19:22:02.550 [DEBUG] com.jawe.system.mapper.GoodsMapper.findGoodsPage_mpCount - ==> Parameters: 
2021-12-01 19:22:02.551 [DEBUG] com.jawe.system.mapper.GoodsMapper.findGoodsPage_mpCount - <==      Total: 1
2021-12-01 19:22:02.552 [DEBUG] com.jawe.system.mapper.GoodsMapper.findGoodsPage - ==>  Preparing: select g.* from `goods` g LIMIT ?
2021-12-01 19:22:02.552 [DEBUG] com.jawe.system.mapper.GoodsMapper.findGoodsPage - ==> Parameters: 7(Long)
2021-12-01 19:22:02.553 [DEBUG] com.jawe.system.mapper.GoodsMapper.findGoodsPage - <==      Total: 7
2021-12-01 19:22:04.886 [DEBUG] com.jawe.system.mapper.MyUserDetailsServiceMapper.findByPhoneNumber - ==>  Preparing: SELECT username,password,enable from user u where u.username = ?;
2021-12-01 19:22:04.887 [DEBUG] com.jawe.system.mapper.MyUserDetailsServiceMapper.findByPhoneNumber - ==> Parameters: admin(String)
2021-12-01 19:22:04.887 [DEBUG] com.jawe.system.mapper.MyUserDetailsServiceMapper.findByPhoneNumber - <==      Total: 1
2021-12-01 19:22:04.888 [DEBUG] com.jawe.system.mapper.MyUserDetailsServiceMapper.findRole - ==>  Preparing: SELECT role_code FROM role r LEFT JOIN user_role ur ON r.id = ur.role_id LEFT JOIN user u ON u.id = ur.user_id WHERE u.username = ?
2021-12-01 19:22:04.888 [DEBUG] com.jawe.system.mapper.MyUserDetailsServiceMapper.findRole - ==> Parameters: admin(String)
2021-12-01 19:22:04.888 [DEBUG] com.jawe.system.mapper.MyUserDetailsServiceMapper.findRole - <==      Total: 1
2021-12-01 19:22:04.889 [DEBUG] com.jawe.system.mapper.MyUserDetailsServiceMapper.findAuthorityByRoleCodes - ==>  Preparing: SELECT DISTINCT url FROM api m LEFT JOIN role_api rm ON m.id = rm.api_id LEFT JOIN role r ON r.id = rm.role_id WHERE r.role_code IN ( ? )
2021-12-01 19:22:04.889 [DEBUG] com.jawe.system.mapper.MyUserDetailsServiceMapper.findAuthorityByRoleCodes - ==> Parameters: admin(String)
2021-12-01 19:22:04.890 [DEBUG] com.jawe.system.mapper.MyUserDetailsServiceMapper.findAuthorityByRoleCodes - <==      Total: 4
2021-12-01 19:22:04.892 [DEBUG] com.jawe.system.mapper.UserMapper.findUserPage_mpCount - ==>  Preparing: SELECT COUNT(1) FROM `user` u
2021-12-01 19:22:04.892 [DEBUG] com.jawe.system.mapper.UserMapper.findUserPage_mpCount - ==> Parameters: 
2021-12-01 19:22:04.893 [DEBUG] com.jawe.system.mapper.UserMapper.findUserPage_mpCount - <==      Total: 1
2021-12-01 19:22:04.894 [DEBUG] com.jawe.system.mapper.UserMapper.findUserPage - ==>  Preparing: select u.* from `user` u LIMIT ?
2021-12-01 19:22:04.894 [DEBUG] com.jawe.system.mapper.UserMapper.findUserPage - ==> Parameters: 7(Long)
2021-12-01 19:22:04.895 [DEBUG] com.jawe.system.mapper.UserMapper.findUserPage - <==      Total: 7
2021-12-01 19:22:06.639 [DEBUG] com.jawe.system.mapper.MyUserDetailsServiceMapper.findByPhoneNumber - ==>  Preparing: SELECT username,password,enable from user u where u.username = ?;
2021-12-01 19:22:06.640 [DEBUG] com.jawe.system.mapper.MyUserDetailsServiceMapper.findByPhoneNumber - ==> Parameters: admin(String)
2021-12-01 19:22:06.641 [DEBUG] com.jawe.system.mapper.MyUserDetailsServiceMapper.findByPhoneNumber - <==      Total: 1
2021-12-01 19:22:06.641 [DEBUG] com.jawe.system.mapper.MyUserDetailsServiceMapper.findRole - ==>  Preparing: SELECT role_code FROM role r LEFT JOIN user_role ur ON r.id = ur.role_id LEFT JOIN user u ON u.id = ur.user_id WHERE u.username = ?
2021-12-01 19:22:06.641 [DEBUG] com.jawe.system.mapper.MyUserDetailsServiceMapper.findRole - ==> Parameters: admin(String)
2021-12-01 19:22:06.642 [DEBUG] com.jawe.system.mapper.MyUserDetailsServiceMapper.findRole - <==      Total: 1
2021-12-01 19:22:06.642 [DEBUG] com.jawe.system.mapper.MyUserDetailsServiceMapper.findAuthorityByRoleCodes - ==>  Preparing: SELECT DISTINCT url FROM api m LEFT JOIN role_api rm ON m.id = rm.api_id LEFT JOIN role r ON r.id = rm.role_id WHERE r.role_code IN ( ? )
2021-12-01 19:22:06.643 [DEBUG] com.jawe.system.mapper.MyUserDetailsServiceMapper.findAuthorityByRoleCodes - ==> Parameters: admin(String)
2021-12-01 19:22:06.643 [DEBUG] com.jawe.system.mapper.MyUserDetailsServiceMapper.findAuthorityByRoleCodes - <==      Total: 4
2021-12-01 19:22:08.790 [DEBUG] com.jawe.system.mapper.MyUserDetailsServiceMapper.findByPhoneNumber - ==>  Preparing: SELECT username,password,enable from user u where u.username = ?;
2021-12-01 19:22:08.790 [DEBUG] com.jawe.system.mapper.MyUserDetailsServiceMapper.findByPhoneNumber - ==> Parameters: admin(String)
2021-12-01 19:22:08.790 [DEBUG] com.jawe.system.mapper.MyUserDetailsServiceMapper.findByPhoneNumber - <==      Total: 1
2021-12-01 19:22:08.791 [DEBUG] com.jawe.system.mapper.MyUserDetailsServiceMapper.findRole - ==>  Preparing: SELECT role_code FROM role r LEFT JOIN user_role ur ON r.id = ur.role_id LEFT JOIN user u ON u.id = ur.user_id WHERE u.username = ?
2021-12-01 19:22:08.791 [DEBUG] com.jawe.system.mapper.MyUserDetailsServiceMapper.findRole - ==> Parameters: admin(String)
2021-12-01 19:22:08.792 [DEBUG] com.jawe.system.mapper.MyUserDetailsServiceMapper.findRole - <==      Total: 1
2021-12-01 19:22:08.792 [DEBUG] com.jawe.system.mapper.MyUserDetailsServiceMapper.findAuthorityByRoleCodes - ==>  Preparing: SELECT DISTINCT url FROM api m LEFT JOIN role_api rm ON m.id = rm.api_id LEFT JOIN role r ON r.id = rm.role_id WHERE r.role_code IN ( ? )
2021-12-01 19:22:08.792 [DEBUG] com.jawe.system.mapper.MyUserDetailsServiceMapper.findAuthorityByRoleCodes - ==> Parameters: admin(String)
2021-12-01 19:22:08.793 [DEBUG] com.jawe.system.mapper.MyUserDetailsServiceMapper.findAuthorityByRoleCodes - <==      Total: 4
2021-12-01 19:22:08.796 [DEBUG] com.jawe.system.mapper.GoodsCategoryMapper.selectList - ==>  Preparing: SELECT id,pid,name,sort,enable,create_time,update_time FROM goods_category WHERE (pid = ?) ORDER BY sort ASC
2021-12-01 19:22:08.796 [DEBUG] com.jawe.system.mapper.GoodsCategoryMapper.selectList - ==> Parameters: 0(Integer)
2021-12-01 19:22:08.798 [DEBUG] com.jawe.system.mapper.GoodsCategoryMapper.selectList - <==      Total: 6
2021-12-01 19:22:08.799 [DEBUG] com.jawe.system.mapper.GoodsCategoryMapper.selectList - ==>  Preparing: SELECT id,pid,name,sort,enable,create_time,update_time FROM goods_category WHERE (pid = ?) ORDER BY sort ASC
2021-12-01 19:22:08.800 [DEBUG] com.jawe.system.mapper.GoodsCategoryMapper.selectList - ==> Parameters: 4(Integer)
2021-12-01 19:22:08.800 [DEBUG] com.jawe.system.mapper.GoodsCategoryMapper.selectList - <==      Total: 2
2021-12-01 19:22:08.802 [DEBUG] com.jawe.system.mapper.GoodsCategoryMapper.selectList - ==>  Preparing: SELECT id,pid,name,sort,enable,create_time,update_time FROM goods_category WHERE (pid = ?) ORDER BY sort ASC
2021-12-01 19:22:08.802 [DEBUG] com.jawe.system.mapper.GoodsCategoryMapper.selectList - ==> Parameters: 22(Integer)
2021-12-01 19:22:08.803 [DEBUG] com.jawe.system.mapper.GoodsCategoryMapper.selectList - <==      Total: 2
2021-12-01 19:22:08.805 [DEBUG] com.jawe.system.mapper.GoodsCategoryMapper.selectList - ==>  Preparing: SELECT id,pid,name,sort,enable,create_time,update_time FROM goods_category WHERE (pid = ?) ORDER BY sort ASC
2021-12-01 19:22:08.806 [DEBUG] com.jawe.system.mapper.GoodsCategoryMapper.selectList - ==> Parameters: 2(Integer)
2021-12-01 19:22:08.807 [DEBUG] com.jawe.system.mapper.GoodsCategoryMapper.selectList - <==      Total: 1
2021-12-01 19:22:08.808 [DEBUG] com.jawe.system.mapper.GoodsCategoryMapper.selectList - ==>  Preparing: SELECT id,pid,name,sort,enable,create_time,update_time FROM goods_category WHERE (pid = ?) ORDER BY sort ASC
2021-12-01 19:22:08.808 [DEBUG] com.jawe.system.mapper.GoodsCategoryMapper.selectList - ==> Parameters: 3(Integer)
2021-12-01 19:22:08.810 [DEBUG] com.jawe.system.mapper.GoodsCategoryMapper.selectList - <==      Total: 1
2021-12-01 19:22:08.811 [DEBUG] com.jawe.system.mapper.GoodsCategoryMapper.selectList - ==>  Preparing: SELECT id,pid,name,sort,enable,create_time,update_time FROM goods_category WHERE (pid = ?) ORDER BY sort ASC
2021-12-01 19:22:08.811 [DEBUG] com.jawe.system.mapper.GoodsCategoryMapper.selectList - ==> Parameters: 5(Integer)
2021-12-01 19:22:08.812 [DEBUG] com.jawe.system.mapper.GoodsCategoryMapper.selectList - <==      Total: 2
2021-12-01 19:22:08.813 [DEBUG] com.jawe.system.mapper.GoodsCategoryMapper.selectList - ==>  Preparing: SELECT id,pid,name,sort,enable,create_time,update_time FROM goods_category WHERE (pid = ?) ORDER BY sort ASC
2021-12-01 19:22:08.813 [DEBUG] com.jawe.system.mapper.GoodsCategoryMapper.selectList - ==> Parameters: 1(Integer)
2021-12-01 19:22:08.814 [DEBUG] com.jawe.system.mapper.GoodsCategoryMapper.selectList - <==      Total: 2
2021-12-01 19:22:09.156 [DEBUG] com.jawe.system.mapper.MyUserDetailsServiceMapper.findByPhoneNumber - ==>  Preparing: SELECT username,password,enable from user u where u.username = ?;
2021-12-01 19:22:09.156 [DEBUG] com.jawe.system.mapper.MyUserDetailsServiceMapper.findByPhoneNumber - ==> Parameters: admin(String)
2021-12-01 19:22:09.157 [DEBUG] com.jawe.system.mapper.MyUserDetailsServiceMapper.findByPhoneNumber - <==      Total: 1
2021-12-01 19:22:09.157 [DEBUG] com.jawe.system.mapper.MyUserDetailsServiceMapper.findRole - ==>  Preparing: SELECT role_code FROM role r LEFT JOIN user_role ur ON r.id = ur.role_id LEFT JOIN user u ON u.id = ur.user_id WHERE u.username = ?
2021-12-01 19:22:09.157 [DEBUG] com.jawe.system.mapper.MyUserDetailsServiceMapper.findRole - ==> Parameters: admin(String)
2021-12-01 19:22:09.158 [DEBUG] com.jawe.system.mapper.MyUserDetailsServiceMapper.findRole - <==      Total: 1
2021-12-01 19:22:09.158 [DEBUG] com.jawe.system.mapper.MyUserDetailsServiceMapper.findAuthorityByRoleCodes - ==>  Preparing: SELECT DISTINCT url FROM api m LEFT JOIN role_api rm ON m.id = rm.api_id LEFT JOIN role r ON r.id = rm.role_id WHERE r.role_code IN ( ? )
2021-12-01 19:22:09.159 [DEBUG] com.jawe.system.mapper.MyUserDetailsServiceMapper.findAuthorityByRoleCodes - ==> Parameters: admin(String)
2021-12-01 19:22:09.159 [DEBUG] com.jawe.system.mapper.MyUserDetailsServiceMapper.findAuthorityByRoleCodes - <==      Total: 4
2021-12-01 19:22:09.162 [DEBUG] com.jawe.system.mapper.GoodsMapper.findGoodsPage_mpCount - ==>  Preparing: SELECT COUNT(1) FROM `goods` g
2021-12-01 19:22:09.163 [DEBUG] com.jawe.system.mapper.GoodsMapper.findGoodsPage_mpCount - ==> Parameters: 
2021-12-01 19:22:09.163 [DEBUG] com.jawe.system.mapper.GoodsMapper.findGoodsPage_mpCount - <==      Total: 1
2021-12-01 19:22:09.164 [DEBUG] com.jawe.system.mapper.GoodsMapper.findGoodsPage - ==>  Preparing: select g.* from `goods` g LIMIT ?
2021-12-01 19:22:09.165 [DEBUG] com.jawe.system.mapper.GoodsMapper.findGoodsPage - ==> Parameters: 7(Long)
2021-12-01 19:22:09.166 [DEBUG] com.jawe.system.mapper.GoodsMapper.findGoodsPage - <==      Total: 7
2021-12-01 19:22:09.734 [DEBUG] com.jawe.system.mapper.MyUserDetailsServiceMapper.findByPhoneNumber - ==>  Preparing: SELECT username,password,enable from user u where u.username = ?;
2021-12-01 19:22:09.734 [DEBUG] com.jawe.system.mapper.MyUserDetailsServiceMapper.findByPhoneNumber - ==> Parameters: admin(String)
2021-12-01 19:22:09.735 [DEBUG] com.jawe.system.mapper.MyUserDetailsServiceMapper.findByPhoneNumber - <==      Total: 1
2021-12-01 19:22:09.736 [DEBUG] com.jawe.system.mapper.MyUserDetailsServiceMapper.findRole - ==>  Preparing: SELECT role_code FROM role r LEFT JOIN user_role ur ON r.id = ur.role_id LEFT JOIN user u ON u.id = ur.user_id WHERE u.username = ?
2021-12-01 19:22:09.736 [DEBUG] com.jawe.system.mapper.MyUserDetailsServiceMapper.findRole - ==> Parameters: admin(String)
2021-12-01 19:22:09.737 [DEBUG] com.jawe.system.mapper.MyUserDetailsServiceMapper.findRole - <==      Total: 1
2021-12-01 19:22:09.737 [DEBUG] com.jawe.system.mapper.MyUserDetailsServiceMapper.findAuthorityByRoleCodes - ==>  Preparing: SELECT DISTINCT url FROM api m LEFT JOIN role_api rm ON m.id = rm.api_id LEFT JOIN role r ON r.id = rm.role_id WHERE r.role_code IN ( ? )
2021-12-01 19:22:09.738 [DEBUG] com.jawe.system.mapper.MyUserDetailsServiceMapper.findAuthorityByRoleCodes - ==> Parameters: admin(String)
2021-12-01 19:22:09.739 [DEBUG] com.jawe.system.mapper.MyUserDetailsServiceMapper.findAuthorityByRoleCodes - <==      Total: 4
2021-12-01 19:22:09.742 [DEBUG] com.jawe.system.mapper.UserMapper.findUserPage_mpCount - ==>  Preparing: SELECT COUNT(1) FROM `user` u
2021-12-01 19:22:09.742 [DEBUG] com.jawe.system.mapper.UserMapper.findUserPage_mpCount - ==> Parameters: 
2021-12-01 19:22:09.743 [DEBUG] com.jawe.system.mapper.UserMapper.findUserPage_mpCount - <==      Total: 1
2021-12-01 19:22:09.744 [DEBUG] com.jawe.system.mapper.UserMapper.findUserPage - ==>  Preparing: select u.* from `user` u LIMIT ?
2021-12-01 19:22:09.744 [DEBUG] com.jawe.system.mapper.UserMapper.findUserPage - ==> Parameters: 7(Long)
2021-12-01 19:22:09.745 [DEBUG] com.jawe.system.mapper.UserMapper.findUserPage - <==      Total: 7
2021-12-01 19:22:09.858 [DEBUG] com.jawe.system.mapper.MyUserDetailsServiceMapper.findByPhoneNumber - ==>  Preparing: SELECT username,password,enable from user u where u.username = ?;
2021-12-01 19:22:09.859 [DEBUG] com.jawe.system.mapper.MyUserDetailsServiceMapper.findByPhoneNumber - ==> Parameters: admin(String)
2021-12-01 19:22:09.859 [DEBUG] com.jawe.system.mapper.MyUserDetailsServiceMapper.findByPhoneNumber - <==      Total: 1
2021-12-01 19:22:09.859 [DEBUG] com.jawe.system.mapper.MyUserDetailsServiceMapper.findRole - ==>  Preparing: SELECT role_code FROM role r LEFT JOIN user_role ur ON r.id = ur.role_id LEFT JOIN user u ON u.id = ur.user_id WHERE u.username = ?
2021-12-01 19:22:09.860 [DEBUG] com.jawe.system.mapper.MyUserDetailsServiceMapper.findRole - ==> Parameters: admin(String)
2021-12-01 19:22:09.860 [DEBUG] com.jawe.system.mapper.MyUserDetailsServiceMapper.findRole - <==      Total: 1
2021-12-01 19:22:09.861 [DEBUG] com.jawe.system.mapper.MyUserDetailsServiceMapper.findAuthorityByRoleCodes - ==>  Preparing: SELECT DISTINCT url FROM api m LEFT JOIN role_api rm ON m.id = rm.api_id LEFT JOIN role r ON r.id = rm.role_id WHERE r.role_code IN ( ? )
2021-12-01 19:22:09.861 [DEBUG] com.jawe.system.mapper.MyUserDetailsServiceMapper.findAuthorityByRoleCodes - ==> Parameters: admin(String)
2021-12-01 19:22:09.861 [DEBUG] com.jawe.system.mapper.MyUserDetailsServiceMapper.findAuthorityByRoleCodes - <==      Total: 4
