2022-05-07 00:11:20.934 [main] WARN  org.mybatis.spring.mapper.ClassPathMapperScanner - Skipping MapperFactoryBean with name 'addressMapper' and 'com.jawe.system.mapper.AddressMapper' mapperInterface. Bean already defined with the same name!
2022-05-07 00:11:20.935 [main] WARN  org.mybatis.spring.mapper.ClassPathMapperScanner - Skipping MapperFactoryBean with name 'apiMapper' and 'com.jawe.system.mapper.ApiMapper' mapperInterface. Bean already defined with the same name!
2022-05-07 00:11:20.935 [main] WARN  org.mybatis.spring.mapper.ClassPathMapperScanner - Skipping MapperFactoryBean with name 'cartMapper' and 'com.jawe.system.mapper.CartMapper' mapperInterface. Bean already defined with the same name!
2022-05-07 00:11:20.935 [main] WARN  org.mybatis.spring.mapper.ClassPathMapperScanner - Skipping MapperFactoryBean with name 'commentMapper' and 'com.jawe.system.mapper.CommentMapper' mapperInterface. Bean already defined with the same name!
2022-05-07 00:11:20.935 [main] WARN  org.mybatis.spring.mapper.ClassPathMapperScanner - Skipping MapperFactoryBean with name 'departmentMapper' and 'com.jawe.system.mapper.DepartmentMapper' mapperInterface. Bean already defined with the same name!
2022-05-07 00:11:20.935 [main] WARN  org.mybatis.spring.mapper.ClassPathMapperScanner - Skipping MapperFactoryBean with name 'goodsCategoryMapper' and 'com.jawe.system.mapper.GoodsCategoryMapper' mapperInterface. Bean already defined with the same name!
2022-05-07 00:11:20.936 [main] WARN  org.mybatis.spring.mapper.ClassPathMapperScanner - Skipping MapperFactoryBean with name 'goodsCollectionMapper' and 'com.jawe.system.mapper.GoodsCollectionMapper' mapperInterface. Bean already defined with the same name!
2022-05-07 00:11:20.936 [main] WARN  org.mybatis.spring.mapper.ClassPathMapperScanner - Skipping MapperFactoryBean with name 'goodsMapper' and 'com.jawe.system.mapper.GoodsMapper' mapperInterface. Bean already defined with the same name!
2022-05-07 00:11:20.936 [main] WARN  org.mybatis.spring.mapper.ClassPathMapperScanner - Skipping MapperFactoryBean with name 'goodsOrderGoodsMapper' and 'com.jawe.system.mapper.GoodsOrderGoodsMapper' mapperInterface. Bean already defined with the same name!
2022-05-07 00:11:20.936 [main] WARN  org.mybatis.spring.mapper.ClassPathMapperScanner - Skipping MapperFactoryBean with name 'insetMapper' and 'com.jawe.system.mapper.InsetMapper' mapperInterface. Bean already defined with the same name!
2022-05-07 00:11:20.936 [main] WARN  org.mybatis.spring.mapper.ClassPathMapperScanner - Skipping MapperFactoryBean with name 'menuMapper' and 'com.jawe.system.mapper.MenuMapper' mapperInterface. Bean already defined with the same name!
2022-05-07 00:11:20.936 [main] WARN  org.mybatis.spring.mapper.ClassPathMapperScanner - Skipping MapperFactoryBean with name 'myUserDetailsServiceMapper' and 'com.jawe.system.mapper.MyUserDetailsServiceMapper' mapperInterface. Bean already defined with the same name!
2022-05-07 00:11:20.937 [main] WARN  org.mybatis.spring.mapper.ClassPathMapperScanner - Skipping MapperFactoryBean with name 'orderMapper' and 'com.jawe.system.mapper.OrderMapper' mapperInterface. Bean already defined with the same name!
2022-05-07 00:11:20.937 [main] WARN  org.mybatis.spring.mapper.ClassPathMapperScanner - Skipping MapperFactoryBean with name 'roleMapper' and 'com.jawe.system.mapper.RoleMapper' mapperInterface. Bean already defined with the same name!
2022-05-07 00:11:20.937 [main] WARN  org.mybatis.spring.mapper.ClassPathMapperScanner - Skipping MapperFactoryBean with name 'stockMapper' and 'com.jawe.system.mapper.StockMapper' mapperInterface. Bean already defined with the same name!
2022-05-07 00:11:20.937 [main] WARN  org.mybatis.spring.mapper.ClassPathMapperScanner - Skipping MapperFactoryBean with name 'stockOrderMapper' and 'com.jawe.system.mapper.StockOrderMapper' mapperInterface. Bean already defined with the same name!
2022-05-07 00:11:20.937 [main] WARN  org.mybatis.spring.mapper.ClassPathMapperScanner - Skipping MapperFactoryBean with name 'userMapper' and 'com.jawe.system.mapper.UserMapper' mapperInterface. Bean already defined with the same name!
2022-05-07 00:11:20.938 [main] WARN  org.mybatis.spring.mapper.ClassPathMapperScanner - No MyBatis mapper was found in '[com.jawe.system.mapper]' package. Please check your configuration.
2022-05-07 00:11:21.893 [main] WARN  c.b.mybatisplus.core.metadata.TableInfoHelper - Can not find table primary key in Class: "com.jawe.system.entity.Department".
2022-05-07 00:57:49.269 [main] WARN  org.mybatis.spring.mapper.ClassPathMapperScanner - Skipping MapperFactoryBean with name 'addressMapper' and 'com.jawe.system.mapper.AddressMapper' mapperInterface. Bean already defined with the same name!
2022-05-07 00:57:49.269 [main] WARN  org.mybatis.spring.mapper.ClassPathMapperScanner - Skipping MapperFactoryBean with name 'apiMapper' and 'com.jawe.system.mapper.ApiMapper' mapperInterface. Bean already defined with the same name!
2022-05-07 00:57:49.269 [main] WARN  org.mybatis.spring.mapper.ClassPathMapperScanner - Skipping MapperFactoryBean with name 'cartMapper' and 'com.jawe.system.mapper.CartMapper' mapperInterface. Bean already defined with the same name!
2022-05-07 00:57:49.269 [main] WARN  org.mybatis.spring.mapper.ClassPathMapperScanner - Skipping MapperFactoryBean with name 'commentMapper' and 'com.jawe.system.mapper.CommentMapper' mapperInterface. Bean already defined with the same name!
2022-05-07 00:57:49.270 [main] WARN  org.mybatis.spring.mapper.ClassPathMapperScanner - Skipping MapperFactoryBean with name 'departmentMapper' and 'com.jawe.system.mapper.DepartmentMapper' mapperInterface. Bean already defined with the same name!
2022-05-07 00:57:49.270 [main] WARN  org.mybatis.spring.mapper.ClassPathMapperScanner - Skipping MapperFactoryBean with name 'goodsCategoryMapper' and 'com.jawe.system.mapper.GoodsCategoryMapper' mapperInterface. Bean already defined with the same name!
2022-05-07 00:57:49.270 [main] WARN  org.mybatis.spring.mapper.ClassPathMapperScanner - Skipping MapperFactoryBean with name 'goodsCollectionMapper' and 'com.jawe.system.mapper.GoodsCollectionMapper' mapperInterface. Bean already defined with the same name!
2022-05-07 00:57:49.270 [main] WARN  org.mybatis.spring.mapper.ClassPathMapperScanner - Skipping MapperFactoryBean with name 'goodsMapper' and 'com.jawe.system.mapper.GoodsMapper' mapperInterface. Bean already defined with the same name!
2022-05-07 00:57:49.270 [main] WARN  org.mybatis.spring.mapper.ClassPathMapperScanner - Skipping MapperFactoryBean with name 'goodsOrderGoodsMapper' and 'com.jawe.system.mapper.GoodsOrderGoodsMapper' mapperInterface. Bean already defined with the same name!
2022-05-07 00:57:49.270 [main] WARN  org.mybatis.spring.mapper.ClassPathMapperScanner - Skipping MapperFactoryBean with name 'insetMapper' and 'com.jawe.system.mapper.InsetMapper' mapperInterface. Bean already defined with the same name!
2022-05-07 00:57:49.270 [main] WARN  org.mybatis.spring.mapper.ClassPathMapperScanner - Skipping MapperFactoryBean with name 'menuMapper' and 'com.jawe.system.mapper.MenuMapper' mapperInterface. Bean already defined with the same name!
2022-05-07 00:57:49.270 [main] WARN  org.mybatis.spring.mapper.ClassPathMapperScanner - Skipping MapperFactoryBean with name 'myUserDetailsServiceMapper' and 'com.jawe.system.mapper.MyUserDetailsServiceMapper' mapperInterface. Bean already defined with the same name!
2022-05-07 00:57:49.270 [main] WARN  org.mybatis.spring.mapper.ClassPathMapperScanner - Skipping MapperFactoryBean with name 'orderMapper' and 'com.jawe.system.mapper.OrderMapper' mapperInterface. Bean already defined with the same name!
2022-05-07 00:57:49.271 [main] WARN  org.mybatis.spring.mapper.ClassPathMapperScanner - Skipping MapperFactoryBean with name 'roleMapper' and 'com.jawe.system.mapper.RoleMapper' mapperInterface. Bean already defined with the same name!
2022-05-07 00:57:49.271 [main] WARN  org.mybatis.spring.mapper.ClassPathMapperScanner - Skipping MapperFactoryBean with name 'stockMapper' and 'com.jawe.system.mapper.StockMapper' mapperInterface. Bean already defined with the same name!
2022-05-07 00:57:49.271 [main] WARN  org.mybatis.spring.mapper.ClassPathMapperScanner - Skipping MapperFactoryBean with name 'stockOrderMapper' and 'com.jawe.system.mapper.StockOrderMapper' mapperInterface. Bean already defined with the same name!
2022-05-07 00:57:49.271 [main] WARN  org.mybatis.spring.mapper.ClassPathMapperScanner - Skipping MapperFactoryBean with name 'userMapper' and 'com.jawe.system.mapper.UserMapper' mapperInterface. Bean already defined with the same name!
2022-05-07 00:57:49.271 [main] WARN  org.mybatis.spring.mapper.ClassPathMapperScanner - No MyBatis mapper was found in '[com.jawe.system.mapper]' package. Please check your configuration.
2022-05-07 00:57:50.211 [main] WARN  c.b.mybatisplus.core.metadata.TableInfoHelper - Can not find table primary key in Class: "com.jawe.system.entity.Department".
2022-05-07 00:59:53.821 [main] WARN  org.mybatis.spring.mapper.ClassPathMapperScanner - Skipping MapperFactoryBean with name 'addressMapper' and 'com.jawe.system.mapper.AddressMapper' mapperInterface. Bean already defined with the same name!
2022-05-07 00:59:53.821 [main] WARN  org.mybatis.spring.mapper.ClassPathMapperScanner - Skipping MapperFactoryBean with name 'apiMapper' and 'com.jawe.system.mapper.ApiMapper' mapperInterface. Bean already defined with the same name!
2022-05-07 00:59:53.822 [main] WARN  org.mybatis.spring.mapper.ClassPathMapperScanner - Skipping MapperFactoryBean with name 'cartMapper' and 'com.jawe.system.mapper.CartMapper' mapperInterface. Bean already defined with the same name!
2022-05-07 00:59:53.822 [main] WARN  org.mybatis.spring.mapper.ClassPathMapperScanner - Skipping MapperFactoryBean with name 'commentMapper' and 'com.jawe.system.mapper.CommentMapper' mapperInterface. Bean already defined with the same name!
2022-05-07 00:59:53.822 [main] WARN  org.mybatis.spring.mapper.ClassPathMapperScanner - Skipping MapperFactoryBean with name 'departmentMapper' and 'com.jawe.system.mapper.DepartmentMapper' mapperInterface. Bean already defined with the same name!
2022-05-07 00:59:53.822 [main] WARN  org.mybatis.spring.mapper.ClassPathMapperScanner - Skipping MapperFactoryBean with name 'goodsCategoryMapper' and 'com.jawe.system.mapper.GoodsCategoryMapper' mapperInterface. Bean already defined with the same name!
2022-05-07 00:59:53.822 [main] WARN  org.mybatis.spring.mapper.ClassPathMapperScanner - Skipping MapperFactoryBean with name 'goodsCollectionMapper' and 'com.jawe.system.mapper.GoodsCollectionMapper' mapperInterface. Bean already defined with the same name!
2022-05-07 00:59:53.822 [main] WARN  org.mybatis.spring.mapper.ClassPathMapperScanner - Skipping MapperFactoryBean with name 'goodsMapper' and 'com.jawe.system.mapper.GoodsMapper' mapperInterface. Bean already defined with the same name!
2022-05-07 00:59:53.822 [main] WARN  org.mybatis.spring.mapper.ClassPathMapperScanner - Skipping MapperFactoryBean with name 'goodsOrderGoodsMapper' and 'com.jawe.system.mapper.GoodsOrderGoodsMapper' mapperInterface. Bean already defined with the same name!
2022-05-07 00:59:53.822 [main] WARN  org.mybatis.spring.mapper.ClassPathMapperScanner - Skipping MapperFactoryBean with name 'insetMapper' and 'com.jawe.system.mapper.InsetMapper' mapperInterface. Bean already defined with the same name!
2022-05-07 00:59:53.823 [main] WARN  org.mybatis.spring.mapper.ClassPathMapperScanner - Skipping MapperFactoryBean with name 'menuMapper' and 'com.jawe.system.mapper.MenuMapper' mapperInterface. Bean already defined with the same name!
2022-05-07 00:59:53.823 [main] WARN  org.mybatis.spring.mapper.ClassPathMapperScanner - Skipping MapperFactoryBean with name 'myUserDetailsServiceMapper' and 'com.jawe.system.mapper.MyUserDetailsServiceMapper' mapperInterface. Bean already defined with the same name!
2022-05-07 00:59:53.823 [main] WARN  org.mybatis.spring.mapper.ClassPathMapperScanner - Skipping MapperFactoryBean with name 'orderMapper' and 'com.jawe.system.mapper.OrderMapper' mapperInterface. Bean already defined with the same name!
2022-05-07 00:59:53.823 [main] WARN  org.mybatis.spring.mapper.ClassPathMapperScanner - Skipping MapperFactoryBean with name 'roleMapper' and 'com.jawe.system.mapper.RoleMapper' mapperInterface. Bean already defined with the same name!
2022-05-07 00:59:53.823 [main] WARN  org.mybatis.spring.mapper.ClassPathMapperScanner - Skipping MapperFactoryBean with name 'stockMapper' and 'com.jawe.system.mapper.StockMapper' mapperInterface. Bean already defined with the same name!
2022-05-07 00:59:53.823 [main] WARN  org.mybatis.spring.mapper.ClassPathMapperScanner - Skipping MapperFactoryBean with name 'stockOrderMapper' and 'com.jawe.system.mapper.StockOrderMapper' mapperInterface. Bean already defined with the same name!
2022-05-07 00:59:53.823 [main] WARN  org.mybatis.spring.mapper.ClassPathMapperScanner - Skipping MapperFactoryBean with name 'userMapper' and 'com.jawe.system.mapper.UserMapper' mapperInterface. Bean already defined with the same name!
2022-05-07 00:59:53.824 [main] WARN  org.mybatis.spring.mapper.ClassPathMapperScanner - No MyBatis mapper was found in '[com.jawe.system.mapper]' package. Please check your configuration.
2022-05-07 00:59:54.676 [main] WARN  c.b.mybatisplus.core.metadata.TableInfoHelper - Can not find table primary key in Class: "com.jawe.system.entity.Department".
2022-05-07 00:59:55.951 [main] WARN  o.s.b.w.s.c.AnnotationConfigServletWebServerApplicationContext - Exception encountered during context initialization - cancelling refresh attempt: org.springframework.beans.factory.UnsatisfiedDependencyException: Error creating bean with name 'documentationPluginsBootstrapper' defined in URL [jar:file:/C:/Users/14618/.m2/repository/io/springfox/springfox-spring-web/2.9.2/springfox-spring-web-2.9.2.jar!/springfox/documentation/spring/web/plugins/DocumentationPluginsBootstrapper.class]: Unsatisfied dependency expressed through constructor parameter 1; nested exception is org.springframework.beans.factory.UnsatisfiedDependencyException: Error creating bean with name 'webMvcRequestHandlerProvider' defined in URL [jar:file:/C:/Users/14618/.m2/repository/io/springfox/springfox-spring-web/2.9.2/springfox-spring-web-2.9.2.jar!/springfox/documentation/spring/web/plugins/WebMvcRequestHandlerProvider.class]: Unsatisfied dependency expressed through constructor parameter 1; nested exception is org.springframework.beans.factory.BeanCreationException: Error creating bean with name 'requestMappingHandlerMapping' defined in class path resource [com/jawe/conf/WebConf.class]: Invocation of init method failed; nested exception is java.lang.IllegalStateException: Ambiguous mapping. Cannot map 'orderCtrl' method 
com.jawe.system.controller_common.OrderCtrl#select(String)
to {POST [/api/common/order]}: There is already 'orderCtrl' bean method
com.jawe.system.controller_common.OrderCtrl#create(String, OrderGoodsVo) mapped.
2022-05-07 01:00:06.006 [main] WARN  org.mybatis.spring.mapper.ClassPathMapperScanner - Skipping MapperFactoryBean with name 'addressMapper' and 'com.jawe.system.mapper.AddressMapper' mapperInterface. Bean already defined with the same name!
2022-05-07 01:00:06.007 [main] WARN  org.mybatis.spring.mapper.ClassPathMapperScanner - Skipping MapperFactoryBean with name 'apiMapper' and 'com.jawe.system.mapper.ApiMapper' mapperInterface. Bean already defined with the same name!
2022-05-07 01:00:06.007 [main] WARN  org.mybatis.spring.mapper.ClassPathMapperScanner - Skipping MapperFactoryBean with name 'cartMapper' and 'com.jawe.system.mapper.CartMapper' mapperInterface. Bean already defined with the same name!
2022-05-07 01:00:06.007 [main] WARN  org.mybatis.spring.mapper.ClassPathMapperScanner - Skipping MapperFactoryBean with name 'commentMapper' and 'com.jawe.system.mapper.CommentMapper' mapperInterface. Bean already defined with the same name!
2022-05-07 01:00:06.008 [main] WARN  org.mybatis.spring.mapper.ClassPathMapperScanner - Skipping MapperFactoryBean with name 'departmentMapper' and 'com.jawe.system.mapper.DepartmentMapper' mapperInterface. Bean already defined with the same name!
2022-05-07 01:00:06.008 [main] WARN  org.mybatis.spring.mapper.ClassPathMapperScanner - Skipping MapperFactoryBean with name 'goodsCategoryMapper' and 'com.jawe.system.mapper.GoodsCategoryMapper' mapperInterface. Bean already defined with the same name!
2022-05-07 01:00:06.008 [main] WARN  org.mybatis.spring.mapper.ClassPathMapperScanner - Skipping MapperFactoryBean with name 'goodsCollectionMapper' and 'com.jawe.system.mapper.GoodsCollectionMapper' mapperInterface. Bean already defined with the same name!
2022-05-07 01:00:06.008 [main] WARN  org.mybatis.spring.mapper.ClassPathMapperScanner - Skipping MapperFactoryBean with name 'goodsMapper' and 'com.jawe.system.mapper.GoodsMapper' mapperInterface. Bean already defined with the same name!
2022-05-07 01:00:06.008 [main] WARN  org.mybatis.spring.mapper.ClassPathMapperScanner - Skipping MapperFactoryBean with name 'goodsOrderGoodsMapper' and 'com.jawe.system.mapper.GoodsOrderGoodsMapper' mapperInterface. Bean already defined with the same name!
2022-05-07 01:00:06.008 [main] WARN  org.mybatis.spring.mapper.ClassPathMapperScanner - Skipping MapperFactoryBean with name 'insetMapper' and 'com.jawe.system.mapper.InsetMapper' mapperInterface. Bean already defined with the same name!
2022-05-07 01:00:06.008 [main] WARN  org.mybatis.spring.mapper.ClassPathMapperScanner - Skipping MapperFactoryBean with name 'menuMapper' and 'com.jawe.system.mapper.MenuMapper' mapperInterface. Bean already defined with the same name!
2022-05-07 01:00:06.009 [main] WARN  org.mybatis.spring.mapper.ClassPathMapperScanner - Skipping MapperFactoryBean with name 'myUserDetailsServiceMapper' and 'com.jawe.system.mapper.MyUserDetailsServiceMapper' mapperInterface. Bean already defined with the same name!
2022-05-07 01:00:06.009 [main] WARN  org.mybatis.spring.mapper.ClassPathMapperScanner - Skipping MapperFactoryBean with name 'orderMapper' and 'com.jawe.system.mapper.OrderMapper' mapperInterface. Bean already defined with the same name!
2022-05-07 01:00:06.009 [main] WARN  org.mybatis.spring.mapper.ClassPathMapperScanner - Skipping MapperFactoryBean with name 'roleMapper' and 'com.jawe.system.mapper.RoleMapper' mapperInterface. Bean already defined with the same name!
2022-05-07 01:00:06.009 [main] WARN  org.mybatis.spring.mapper.ClassPathMapperScanner - Skipping MapperFactoryBean with name 'stockMapper' and 'com.jawe.system.mapper.StockMapper' mapperInterface. Bean already defined with the same name!
2022-05-07 01:00:06.009 [main] WARN  org.mybatis.spring.mapper.ClassPathMapperScanner - Skipping MapperFactoryBean with name 'stockOrderMapper' and 'com.jawe.system.mapper.StockOrderMapper' mapperInterface. Bean already defined with the same name!
2022-05-07 01:00:06.010 [main] WARN  org.mybatis.spring.mapper.ClassPathMapperScanner - Skipping MapperFactoryBean with name 'userMapper' and 'com.jawe.system.mapper.UserMapper' mapperInterface. Bean already defined with the same name!
2022-05-07 01:00:06.010 [main] WARN  org.mybatis.spring.mapper.ClassPathMapperScanner - No MyBatis mapper was found in '[com.jawe.system.mapper]' package. Please check your configuration.
2022-05-07 01:00:06.845 [main] WARN  c.b.mybatisplus.core.metadata.TableInfoHelper - Can not find table primary key in Class: "com.jawe.system.entity.Department".
2022-05-07 01:00:08.116 [main] WARN  o.s.b.w.s.c.AnnotationConfigServletWebServerApplicationContext - Exception encountered during context initialization - cancelling refresh attempt: org.springframework.beans.factory.UnsatisfiedDependencyException: Error creating bean with name 'documentationPluginsBootstrapper' defined in URL [jar:file:/C:/Users/14618/.m2/repository/io/springfox/springfox-spring-web/2.9.2/springfox-spring-web-2.9.2.jar!/springfox/documentation/spring/web/plugins/DocumentationPluginsBootstrapper.class]: Unsatisfied dependency expressed through constructor parameter 1; nested exception is org.springframework.beans.factory.UnsatisfiedDependencyException: Error creating bean with name 'webMvcRequestHandlerProvider' defined in URL [jar:file:/C:/Users/14618/.m2/repository/io/springfox/springfox-spring-web/2.9.2/springfox-spring-web-2.9.2.jar!/springfox/documentation/spring/web/plugins/WebMvcRequestHandlerProvider.class]: Unsatisfied dependency expressed through constructor parameter 1; nested exception is org.springframework.beans.factory.BeanCreationException: Error creating bean with name 'requestMappingHandlerMapping' defined in class path resource [com/jawe/conf/WebConf.class]: Invocation of init method failed; nested exception is java.lang.IllegalStateException: Ambiguous mapping. Cannot map 'orderCtrl' method 
com.jawe.system.controller_common.OrderCtrl#select(String)
to {POST [/api/common/order]}: There is already 'orderCtrl' bean method
com.jawe.system.controller_common.OrderCtrl#create(String, OrderGoodsVo) mapped.
2022-05-07 01:00:20.019 [main] WARN  org.mybatis.spring.mapper.ClassPathMapperScanner - Skipping MapperFactoryBean with name 'addressMapper' and 'com.jawe.system.mapper.AddressMapper' mapperInterface. Bean already defined with the same name!
2022-05-07 01:00:20.020 [main] WARN  org.mybatis.spring.mapper.ClassPathMapperScanner - Skipping MapperFactoryBean with name 'apiMapper' and 'com.jawe.system.mapper.ApiMapper' mapperInterface. Bean already defined with the same name!
2022-05-07 01:00:20.020 [main] WARN  org.mybatis.spring.mapper.ClassPathMapperScanner - Skipping MapperFactoryBean with name 'cartMapper' and 'com.jawe.system.mapper.CartMapper' mapperInterface. Bean already defined with the same name!
2022-05-07 01:00:20.020 [main] WARN  org.mybatis.spring.mapper.ClassPathMapperScanner - Skipping MapperFactoryBean with name 'commentMapper' and 'com.jawe.system.mapper.CommentMapper' mapperInterface. Bean already defined with the same name!
2022-05-07 01:00:20.020 [main] WARN  org.mybatis.spring.mapper.ClassPathMapperScanner - Skipping MapperFactoryBean with name 'departmentMapper' and 'com.jawe.system.mapper.DepartmentMapper' mapperInterface. Bean already defined with the same name!
2022-05-07 01:00:20.021 [main] WARN  org.mybatis.spring.mapper.ClassPathMapperScanner - Skipping MapperFactoryBean with name 'goodsCategoryMapper' and 'com.jawe.system.mapper.GoodsCategoryMapper' mapperInterface. Bean already defined with the same name!
2022-05-07 01:00:20.021 [main] WARN  org.mybatis.spring.mapper.ClassPathMapperScanner - Skipping MapperFactoryBean with name 'goodsCollectionMapper' and 'com.jawe.system.mapper.GoodsCollectionMapper' mapperInterface. Bean already defined with the same name!
2022-05-07 01:00:20.021 [main] WARN  org.mybatis.spring.mapper.ClassPathMapperScanner - Skipping MapperFactoryBean with name 'goodsMapper' and 'com.jawe.system.mapper.GoodsMapper' mapperInterface. Bean already defined with the same name!
2022-05-07 01:00:20.021 [main] WARN  org.mybatis.spring.mapper.ClassPathMapperScanner - Skipping MapperFactoryBean with name 'goodsOrderGoodsMapper' and 'com.jawe.system.mapper.GoodsOrderGoodsMapper' mapperInterface. Bean already defined with the same name!
2022-05-07 01:00:20.021 [main] WARN  org.mybatis.spring.mapper.ClassPathMapperScanner - Skipping MapperFactoryBean with name 'insetMapper' and 'com.jawe.system.mapper.InsetMapper' mapperInterface. Bean already defined with the same name!
2022-05-07 01:00:20.021 [main] WARN  org.mybatis.spring.mapper.ClassPathMapperScanner - Skipping MapperFactoryBean with name 'menuMapper' and 'com.jawe.system.mapper.MenuMapper' mapperInterface. Bean already defined with the same name!
2022-05-07 01:00:20.021 [main] WARN  org.mybatis.spring.mapper.ClassPathMapperScanner - Skipping MapperFactoryBean with name 'myUserDetailsServiceMapper' and 'com.jawe.system.mapper.MyUserDetailsServiceMapper' mapperInterface. Bean already defined with the same name!
2022-05-07 01:00:20.021 [main] WARN  org.mybatis.spring.mapper.ClassPathMapperScanner - Skipping MapperFactoryBean with name 'orderMapper' and 'com.jawe.system.mapper.OrderMapper' mapperInterface. Bean already defined with the same name!
2022-05-07 01:00:20.021 [main] WARN  org.mybatis.spring.mapper.ClassPathMapperScanner - Skipping MapperFactoryBean with name 'roleMapper' and 'com.jawe.system.mapper.RoleMapper' mapperInterface. Bean already defined with the same name!
2022-05-07 01:00:20.022 [main] WARN  org.mybatis.spring.mapper.ClassPathMapperScanner - Skipping MapperFactoryBean with name 'stockMapper' and 'com.jawe.system.mapper.StockMapper' mapperInterface. Bean already defined with the same name!
2022-05-07 01:00:20.022 [main] WARN  org.mybatis.spring.mapper.ClassPathMapperScanner - Skipping MapperFactoryBean with name 'stockOrderMapper' and 'com.jawe.system.mapper.StockOrderMapper' mapperInterface. Bean already defined with the same name!
2022-05-07 01:00:20.022 [main] WARN  org.mybatis.spring.mapper.ClassPathMapperScanner - Skipping MapperFactoryBean with name 'userMapper' and 'com.jawe.system.mapper.UserMapper' mapperInterface. Bean already defined with the same name!
2022-05-07 01:00:20.023 [main] WARN  org.mybatis.spring.mapper.ClassPathMapperScanner - No MyBatis mapper was found in '[com.jawe.system.mapper]' package. Please check your configuration.
2022-05-07 01:00:20.845 [main] WARN  c.b.mybatisplus.core.metadata.TableInfoHelper - Can not find table primary key in Class: "com.jawe.system.entity.Department".
2022-05-07 01:01:53.035 [main] WARN  org.mybatis.spring.mapper.ClassPathMapperScanner - Skipping MapperFactoryBean with name 'addressMapper' and 'com.jawe.system.mapper.AddressMapper' mapperInterface. Bean already defined with the same name!
2022-05-07 01:01:53.036 [main] WARN  org.mybatis.spring.mapper.ClassPathMapperScanner - Skipping MapperFactoryBean with name 'apiMapper' and 'com.jawe.system.mapper.ApiMapper' mapperInterface. Bean already defined with the same name!
2022-05-07 01:01:53.036 [main] WARN  org.mybatis.spring.mapper.ClassPathMapperScanner - Skipping MapperFactoryBean with name 'cartMapper' and 'com.jawe.system.mapper.CartMapper' mapperInterface. Bean already defined with the same name!
2022-05-07 01:01:53.036 [main] WARN  org.mybatis.spring.mapper.ClassPathMapperScanner - Skipping MapperFactoryBean with name 'commentMapper' and 'com.jawe.system.mapper.CommentMapper' mapperInterface. Bean already defined with the same name!
2022-05-07 01:01:53.036 [main] WARN  org.mybatis.spring.mapper.ClassPathMapperScanner - Skipping MapperFactoryBean with name 'departmentMapper' and 'com.jawe.system.mapper.DepartmentMapper' mapperInterface. Bean already defined with the same name!
2022-05-07 01:01:53.036 [main] WARN  org.mybatis.spring.mapper.ClassPathMapperScanner - Skipping MapperFactoryBean with name 'goodsCategoryMapper' and 'com.jawe.system.mapper.GoodsCategoryMapper' mapperInterface. Bean already defined with the same name!
2022-05-07 01:01:53.036 [main] WARN  org.mybatis.spring.mapper.ClassPathMapperScanner - Skipping MapperFactoryBean with name 'goodsCollectionMapper' and 'com.jawe.system.mapper.GoodsCollectionMapper' mapperInterface. Bean already defined with the same name!
2022-05-07 01:01:53.037 [main] WARN  org.mybatis.spring.mapper.ClassPathMapperScanner - Skipping MapperFactoryBean with name 'goodsMapper' and 'com.jawe.system.mapper.GoodsMapper' mapperInterface. Bean already defined with the same name!
2022-05-07 01:01:53.037 [main] WARN  org.mybatis.spring.mapper.ClassPathMapperScanner - Skipping MapperFactoryBean with name 'goodsOrderGoodsMapper' and 'com.jawe.system.mapper.GoodsOrderGoodsMapper' mapperInterface. Bean already defined with the same name!
2022-05-07 01:01:53.037 [main] WARN  org.mybatis.spring.mapper.ClassPathMapperScanner - Skipping MapperFactoryBean with name 'insetMapper' and 'com.jawe.system.mapper.InsetMapper' mapperInterface. Bean already defined with the same name!
2022-05-07 01:01:53.037 [main] WARN  org.mybatis.spring.mapper.ClassPathMapperScanner - Skipping MapperFactoryBean with name 'menuMapper' and 'com.jawe.system.mapper.MenuMapper' mapperInterface. Bean already defined with the same name!
2022-05-07 01:01:53.037 [main] WARN  org.mybatis.spring.mapper.ClassPathMapperScanner - Skipping MapperFactoryBean with name 'myUserDetailsServiceMapper' and 'com.jawe.system.mapper.MyUserDetailsServiceMapper' mapperInterface. Bean already defined with the same name!
2022-05-07 01:01:53.037 [main] WARN  org.mybatis.spring.mapper.ClassPathMapperScanner - Skipping MapperFactoryBean with name 'orderMapper' and 'com.jawe.system.mapper.OrderMapper' mapperInterface. Bean already defined with the same name!
2022-05-07 01:01:53.037 [main] WARN  org.mybatis.spring.mapper.ClassPathMapperScanner - Skipping MapperFactoryBean with name 'roleMapper' and 'com.jawe.system.mapper.RoleMapper' mapperInterface. Bean already defined with the same name!
2022-05-07 01:01:53.037 [main] WARN  org.mybatis.spring.mapper.ClassPathMapperScanner - Skipping MapperFactoryBean with name 'stockMapper' and 'com.jawe.system.mapper.StockMapper' mapperInterface. Bean already defined with the same name!
2022-05-07 01:01:53.038 [main] WARN  org.mybatis.spring.mapper.ClassPathMapperScanner - Skipping MapperFactoryBean with name 'stockOrderMapper' and 'com.jawe.system.mapper.StockOrderMapper' mapperInterface. Bean already defined with the same name!
2022-05-07 01:01:53.038 [main] WARN  org.mybatis.spring.mapper.ClassPathMapperScanner - Skipping MapperFactoryBean with name 'userMapper' and 'com.jawe.system.mapper.UserMapper' mapperInterface. Bean already defined with the same name!
2022-05-07 01:01:53.038 [main] WARN  org.mybatis.spring.mapper.ClassPathMapperScanner - No MyBatis mapper was found in '[com.jawe.system.mapper]' package. Please check your configuration.
2022-05-07 01:01:53.898 [main] WARN  c.b.mybatisplus.core.metadata.TableInfoHelper - Can not find table primary key in Class: "com.jawe.system.entity.Department".
2022-05-07 01:03:06.695 [main] WARN  org.mybatis.spring.mapper.ClassPathMapperScanner - Skipping MapperFactoryBean with name 'addressMapper' and 'com.jawe.system.mapper.AddressMapper' mapperInterface. Bean already defined with the same name!
2022-05-07 01:03:06.695 [main] WARN  org.mybatis.spring.mapper.ClassPathMapperScanner - Skipping MapperFactoryBean with name 'apiMapper' and 'com.jawe.system.mapper.ApiMapper' mapperInterface. Bean already defined with the same name!
2022-05-07 01:03:06.696 [main] WARN  org.mybatis.spring.mapper.ClassPathMapperScanner - Skipping MapperFactoryBean with name 'cartMapper' and 'com.jawe.system.mapper.CartMapper' mapperInterface. Bean already defined with the same name!
2022-05-07 01:03:06.696 [main] WARN  org.mybatis.spring.mapper.ClassPathMapperScanner - Skipping MapperFactoryBean with name 'commentMapper' and 'com.jawe.system.mapper.CommentMapper' mapperInterface. Bean already defined with the same name!
2022-05-07 01:03:06.696 [main] WARN  org.mybatis.spring.mapper.ClassPathMapperScanner - Skipping MapperFactoryBean with name 'departmentMapper' and 'com.jawe.system.mapper.DepartmentMapper' mapperInterface. Bean already defined with the same name!
2022-05-07 01:03:06.696 [main] WARN  org.mybatis.spring.mapper.ClassPathMapperScanner - Skipping MapperFactoryBean with name 'goodsCategoryMapper' and 'com.jawe.system.mapper.GoodsCategoryMapper' mapperInterface. Bean already defined with the same name!
2022-05-07 01:03:06.696 [main] WARN  org.mybatis.spring.mapper.ClassPathMapperScanner - Skipping MapperFactoryBean with name 'goodsCollectionMapper' and 'com.jawe.system.mapper.GoodsCollectionMapper' mapperInterface. Bean already defined with the same name!
2022-05-07 01:03:06.696 [main] WARN  org.mybatis.spring.mapper.ClassPathMapperScanner - Skipping MapperFactoryBean with name 'goodsMapper' and 'com.jawe.system.mapper.GoodsMapper' mapperInterface. Bean already defined with the same name!
2022-05-07 01:03:06.696 [main] WARN  org.mybatis.spring.mapper.ClassPathMapperScanner - Skipping MapperFactoryBean with name 'goodsOrderGoodsMapper' and 'com.jawe.system.mapper.GoodsOrderGoodsMapper' mapperInterface. Bean already defined with the same name!
2022-05-07 01:03:06.696 [main] WARN  org.mybatis.spring.mapper.ClassPathMapperScanner - Skipping MapperFactoryBean with name 'insetMapper' and 'com.jawe.system.mapper.InsetMapper' mapperInterface. Bean already defined with the same name!
2022-05-07 01:03:06.697 [main] WARN  org.mybatis.spring.mapper.ClassPathMapperScanner - Skipping MapperFactoryBean with name 'menuMapper' and 'com.jawe.system.mapper.MenuMapper' mapperInterface. Bean already defined with the same name!
2022-05-07 01:03:06.697 [main] WARN  org.mybatis.spring.mapper.ClassPathMapperScanner - Skipping MapperFactoryBean with name 'myUserDetailsServiceMapper' and 'com.jawe.system.mapper.MyUserDetailsServiceMapper' mapperInterface. Bean already defined with the same name!
2022-05-07 01:03:06.697 [main] WARN  org.mybatis.spring.mapper.ClassPathMapperScanner - Skipping MapperFactoryBean with name 'orderMapper' and 'com.jawe.system.mapper.OrderMapper' mapperInterface. Bean already defined with the same name!
2022-05-07 01:03:06.697 [main] WARN  org.mybatis.spring.mapper.ClassPathMapperScanner - Skipping MapperFactoryBean with name 'roleMapper' and 'com.jawe.system.mapper.RoleMapper' mapperInterface. Bean already defined with the same name!
2022-05-07 01:03:06.697 [main] WARN  org.mybatis.spring.mapper.ClassPathMapperScanner - Skipping MapperFactoryBean with name 'stockMapper' and 'com.jawe.system.mapper.StockMapper' mapperInterface. Bean already defined with the same name!
2022-05-07 01:03:06.697 [main] WARN  org.mybatis.spring.mapper.ClassPathMapperScanner - Skipping MapperFactoryBean with name 'stockOrderMapper' and 'com.jawe.system.mapper.StockOrderMapper' mapperInterface. Bean already defined with the same name!
2022-05-07 01:03:06.697 [main] WARN  org.mybatis.spring.mapper.ClassPathMapperScanner - Skipping MapperFactoryBean with name 'userMapper' and 'com.jawe.system.mapper.UserMapper' mapperInterface. Bean already defined with the same name!
2022-05-07 01:03:06.698 [main] WARN  org.mybatis.spring.mapper.ClassPathMapperScanner - No MyBatis mapper was found in '[com.jawe.system.mapper]' package. Please check your configuration.
2022-05-07 01:03:07.518 [main] WARN  c.b.mybatisplus.core.metadata.TableInfoHelper - Can not find table primary key in Class: "com.jawe.system.entity.Department".
2022-05-07 09:24:02.489 [main] WARN  org.mybatis.spring.mapper.ClassPathMapperScanner - Skipping MapperFactoryBean with name 'addressMapper' and 'com.jawe.system.mapper.AddressMapper' mapperInterface. Bean already defined with the same name!
2022-05-07 09:24:02.489 [main] WARN  org.mybatis.spring.mapper.ClassPathMapperScanner - Skipping MapperFactoryBean with name 'apiMapper' and 'com.jawe.system.mapper.ApiMapper' mapperInterface. Bean already defined with the same name!
2022-05-07 09:24:02.489 [main] WARN  org.mybatis.spring.mapper.ClassPathMapperScanner - Skipping MapperFactoryBean with name 'cartMapper' and 'com.jawe.system.mapper.CartMapper' mapperInterface. Bean already defined with the same name!
2022-05-07 09:24:02.490 [main] WARN  org.mybatis.spring.mapper.ClassPathMapperScanner - Skipping MapperFactoryBean with name 'commentMapper' and 'com.jawe.system.mapper.CommentMapper' mapperInterface. Bean already defined with the same name!
2022-05-07 09:24:02.490 [main] WARN  org.mybatis.spring.mapper.ClassPathMapperScanner - Skipping MapperFactoryBean with name 'departmentMapper' and 'com.jawe.system.mapper.DepartmentMapper' mapperInterface. Bean already defined with the same name!
2022-05-07 09:24:02.490 [main] WARN  org.mybatis.spring.mapper.ClassPathMapperScanner - Skipping MapperFactoryBean with name 'goodsCategoryMapper' and 'com.jawe.system.mapper.GoodsCategoryMapper' mapperInterface. Bean already defined with the same name!
2022-05-07 09:24:02.490 [main] WARN  org.mybatis.spring.mapper.ClassPathMapperScanner - Skipping MapperFactoryBean with name 'goodsCollectionMapper' and 'com.jawe.system.mapper.GoodsCollectionMapper' mapperInterface. Bean already defined with the same name!
2022-05-07 09:24:02.490 [main] WARN  org.mybatis.spring.mapper.ClassPathMapperScanner - Skipping MapperFactoryBean with name 'goodsMapper' and 'com.jawe.system.mapper.GoodsMapper' mapperInterface. Bean already defined with the same name!
2022-05-07 09:24:02.491 [main] WARN  org.mybatis.spring.mapper.ClassPathMapperScanner - Skipping MapperFactoryBean with name 'goodsOrderGoodsMapper' and 'com.jawe.system.mapper.GoodsOrderGoodsMapper' mapperInterface. Bean already defined with the same name!
2022-05-07 09:24:02.491 [main] WARN  org.mybatis.spring.mapper.ClassPathMapperScanner - Skipping MapperFactoryBean with name 'insetMapper' and 'com.jawe.system.mapper.InsetMapper' mapperInterface. Bean already defined with the same name!
2022-05-07 09:24:02.491 [main] WARN  org.mybatis.spring.mapper.ClassPathMapperScanner - Skipping MapperFactoryBean with name 'menuMapper' and 'com.jawe.system.mapper.MenuMapper' mapperInterface. Bean already defined with the same name!
2022-05-07 09:24:02.491 [main] WARN  org.mybatis.spring.mapper.ClassPathMapperScanner - Skipping MapperFactoryBean with name 'myUserDetailsServiceMapper' and 'com.jawe.system.mapper.MyUserDetailsServiceMapper' mapperInterface. Bean already defined with the same name!
2022-05-07 09:24:02.491 [main] WARN  org.mybatis.spring.mapper.ClassPathMapperScanner - Skipping MapperFactoryBean with name 'orderMapper' and 'com.jawe.system.mapper.OrderMapper' mapperInterface. Bean already defined with the same name!
2022-05-07 09:24:02.491 [main] WARN  org.mybatis.spring.mapper.ClassPathMapperScanner - Skipping MapperFactoryBean with name 'roleMapper' and 'com.jawe.system.mapper.RoleMapper' mapperInterface. Bean already defined with the same name!
2022-05-07 09:24:02.491 [main] WARN  org.mybatis.spring.mapper.ClassPathMapperScanner - Skipping MapperFactoryBean with name 'stockMapper' and 'com.jawe.system.mapper.StockMapper' mapperInterface. Bean already defined with the same name!
2022-05-07 09:24:02.492 [main] WARN  org.mybatis.spring.mapper.ClassPathMapperScanner - Skipping MapperFactoryBean with name 'stockOrderMapper' and 'com.jawe.system.mapper.StockOrderMapper' mapperInterface. Bean already defined with the same name!
2022-05-07 09:24:02.492 [main] WARN  org.mybatis.spring.mapper.ClassPathMapperScanner - Skipping MapperFactoryBean with name 'userMapper' and 'com.jawe.system.mapper.UserMapper' mapperInterface. Bean already defined with the same name!
2022-05-07 09:24:02.492 [main] WARN  org.mybatis.spring.mapper.ClassPathMapperScanner - No MyBatis mapper was found in '[com.jawe.system.mapper]' package. Please check your configuration.
2022-05-07 09:24:03.682 [main] WARN  c.b.mybatisplus.core.metadata.TableInfoHelper - Can not find table primary key in Class: "com.jawe.system.entity.Department".
2022-05-07 09:38:17.127 [main] WARN  org.mybatis.spring.mapper.ClassPathMapperScanner - Skipping MapperFactoryBean with name 'addressMapper' and 'com.jawe.system.mapper.AddressMapper' mapperInterface. Bean already defined with the same name!
2022-05-07 09:38:17.128 [main] WARN  org.mybatis.spring.mapper.ClassPathMapperScanner - Skipping MapperFactoryBean with name 'apiMapper' and 'com.jawe.system.mapper.ApiMapper' mapperInterface. Bean already defined with the same name!
2022-05-07 09:38:17.128 [main] WARN  org.mybatis.spring.mapper.ClassPathMapperScanner - Skipping MapperFactoryBean with name 'cartMapper' and 'com.jawe.system.mapper.CartMapper' mapperInterface. Bean already defined with the same name!
2022-05-07 09:38:17.128 [main] WARN  org.mybatis.spring.mapper.ClassPathMapperScanner - Skipping MapperFactoryBean with name 'commentMapper' and 'com.jawe.system.mapper.CommentMapper' mapperInterface. Bean already defined with the same name!
2022-05-07 09:38:17.128 [main] WARN  org.mybatis.spring.mapper.ClassPathMapperScanner - Skipping MapperFactoryBean with name 'departmentMapper' and 'com.jawe.system.mapper.DepartmentMapper' mapperInterface. Bean already defined with the same name!
2022-05-07 09:38:17.128 [main] WARN  org.mybatis.spring.mapper.ClassPathMapperScanner - Skipping MapperFactoryBean with name 'goodsCategoryMapper' and 'com.jawe.system.mapper.GoodsCategoryMapper' mapperInterface. Bean already defined with the same name!
2022-05-07 09:38:17.128 [main] WARN  org.mybatis.spring.mapper.ClassPathMapperScanner - Skipping MapperFactoryBean with name 'goodsCollectionMapper' and 'com.jawe.system.mapper.GoodsCollectionMapper' mapperInterface. Bean already defined with the same name!
2022-05-07 09:38:17.128 [main] WARN  org.mybatis.spring.mapper.ClassPathMapperScanner - Skipping MapperFactoryBean with name 'goodsMapper' and 'com.jawe.system.mapper.GoodsMapper' mapperInterface. Bean already defined with the same name!
2022-05-07 09:38:17.129 [main] WARN  org.mybatis.spring.mapper.ClassPathMapperScanner - Skipping MapperFactoryBean with name 'goodsOrderGoodsMapper' and 'com.jawe.system.mapper.GoodsOrderGoodsMapper' mapperInterface. Bean already defined with the same name!
2022-05-07 09:38:17.129 [main] WARN  org.mybatis.spring.mapper.ClassPathMapperScanner - Skipping MapperFactoryBean with name 'insetMapper' and 'com.jawe.system.mapper.InsetMapper' mapperInterface. Bean already defined with the same name!
2022-05-07 09:38:17.129 [main] WARN  org.mybatis.spring.mapper.ClassPathMapperScanner - Skipping MapperFactoryBean with name 'menuMapper' and 'com.jawe.system.mapper.MenuMapper' mapperInterface. Bean already defined with the same name!
2022-05-07 09:38:17.129 [main] WARN  org.mybatis.spring.mapper.ClassPathMapperScanner - Skipping MapperFactoryBean with name 'myUserDetailsServiceMapper' and 'com.jawe.system.mapper.MyUserDetailsServiceMapper' mapperInterface. Bean already defined with the same name!
2022-05-07 09:38:17.129 [main] WARN  org.mybatis.spring.mapper.ClassPathMapperScanner - Skipping MapperFactoryBean with name 'orderMapper' and 'com.jawe.system.mapper.OrderMapper' mapperInterface. Bean already defined with the same name!
2022-05-07 09:38:17.129 [main] WARN  org.mybatis.spring.mapper.ClassPathMapperScanner - Skipping MapperFactoryBean with name 'roleMapper' and 'com.jawe.system.mapper.RoleMapper' mapperInterface. Bean already defined with the same name!
2022-05-07 09:38:17.129 [main] WARN  org.mybatis.spring.mapper.ClassPathMapperScanner - Skipping MapperFactoryBean with name 'stockMapper' and 'com.jawe.system.mapper.StockMapper' mapperInterface. Bean already defined with the same name!
2022-05-07 09:38:17.129 [main] WARN  org.mybatis.spring.mapper.ClassPathMapperScanner - Skipping MapperFactoryBean with name 'stockOrderMapper' and 'com.jawe.system.mapper.StockOrderMapper' mapperInterface. Bean already defined with the same name!
2022-05-07 09:38:17.129 [main] WARN  org.mybatis.spring.mapper.ClassPathMapperScanner - Skipping MapperFactoryBean with name 'userMapper' and 'com.jawe.system.mapper.UserMapper' mapperInterface. Bean already defined with the same name!
2022-05-07 09:38:17.130 [main] WARN  org.mybatis.spring.mapper.ClassPathMapperScanner - No MyBatis mapper was found in '[com.jawe.system.mapper]' package. Please check your configuration.
2022-05-07 09:38:18.046 [main] WARN  c.b.mybatisplus.core.metadata.TableInfoHelper - Can not find table primary key in Class: "com.jawe.system.entity.Department".
2022-05-07 19:07:49.409 [main] WARN  org.mybatis.spring.mapper.ClassPathMapperScanner - Skipping MapperFactoryBean with name 'addressMapper' and 'com.jawe.system.mapper.AddressMapper' mapperInterface. Bean already defined with the same name!
2022-05-07 19:07:49.411 [main] WARN  org.mybatis.spring.mapper.ClassPathMapperScanner - Skipping MapperFactoryBean with name 'apiMapper' and 'com.jawe.system.mapper.ApiMapper' mapperInterface. Bean already defined with the same name!
2022-05-07 19:07:49.411 [main] WARN  org.mybatis.spring.mapper.ClassPathMapperScanner - Skipping MapperFactoryBean with name 'cartMapper' and 'com.jawe.system.mapper.CartMapper' mapperInterface. Bean already defined with the same name!
2022-05-07 19:07:49.411 [main] WARN  org.mybatis.spring.mapper.ClassPathMapperScanner - Skipping MapperFactoryBean with name 'commentMapper' and 'com.jawe.system.mapper.CommentMapper' mapperInterface. Bean already defined with the same name!
2022-05-07 19:07:49.411 [main] WARN  org.mybatis.spring.mapper.ClassPathMapperScanner - Skipping MapperFactoryBean with name 'departmentMapper' and 'com.jawe.system.mapper.DepartmentMapper' mapperInterface. Bean already defined with the same name!
2022-05-07 19:07:49.411 [main] WARN  org.mybatis.spring.mapper.ClassPathMapperScanner - Skipping MapperFactoryBean with name 'goodsCategoryMapper' and 'com.jawe.system.mapper.GoodsCategoryMapper' mapperInterface. Bean already defined with the same name!
2022-05-07 19:07:49.411 [main] WARN  org.mybatis.spring.mapper.ClassPathMapperScanner - Skipping MapperFactoryBean with name 'goodsCollectionMapper' and 'com.jawe.system.mapper.GoodsCollectionMapper' mapperInterface. Bean already defined with the same name!
2022-05-07 19:07:49.411 [main] WARN  org.mybatis.spring.mapper.ClassPathMapperScanner - Skipping MapperFactoryBean with name 'goodsMapper' and 'com.jawe.system.mapper.GoodsMapper' mapperInterface. Bean already defined with the same name!
2022-05-07 19:07:49.412 [main] WARN  org.mybatis.spring.mapper.ClassPathMapperScanner - Skipping MapperFactoryBean with name 'goodsOrderGoodsMapper' and 'com.jawe.system.mapper.GoodsOrderGoodsMapper' mapperInterface. Bean already defined with the same name!
2022-05-07 19:07:49.412 [main] WARN  org.mybatis.spring.mapper.ClassPathMapperScanner - Skipping MapperFactoryBean with name 'insetMapper' and 'com.jawe.system.mapper.InsetMapper' mapperInterface. Bean already defined with the same name!
2022-05-07 19:07:49.412 [main] WARN  org.mybatis.spring.mapper.ClassPathMapperScanner - Skipping MapperFactoryBean with name 'menuMapper' and 'com.jawe.system.mapper.MenuMapper' mapperInterface. Bean already defined with the same name!
2022-05-07 19:07:49.412 [main] WARN  org.mybatis.spring.mapper.ClassPathMapperScanner - Skipping MapperFactoryBean with name 'myUserDetailsServiceMapper' and 'com.jawe.system.mapper.MyUserDetailsServiceMapper' mapperInterface. Bean already defined with the same name!
2022-05-07 19:07:49.412 [main] WARN  org.mybatis.spring.mapper.ClassPathMapperScanner - Skipping MapperFactoryBean with name 'orderMapper' and 'com.jawe.system.mapper.OrderMapper' mapperInterface. Bean already defined with the same name!
2022-05-07 19:07:49.412 [main] WARN  org.mybatis.spring.mapper.ClassPathMapperScanner - Skipping MapperFactoryBean with name 'roleMapper' and 'com.jawe.system.mapper.RoleMapper' mapperInterface. Bean already defined with the same name!
2022-05-07 19:07:49.412 [main] WARN  org.mybatis.spring.mapper.ClassPathMapperScanner - Skipping MapperFactoryBean with name 'stockMapper' and 'com.jawe.system.mapper.StockMapper' mapperInterface. Bean already defined with the same name!
2022-05-07 19:07:49.412 [main] WARN  org.mybatis.spring.mapper.ClassPathMapperScanner - Skipping MapperFactoryBean with name 'stockOrderMapper' and 'com.jawe.system.mapper.StockOrderMapper' mapperInterface. Bean already defined with the same name!
2022-05-07 19:07:49.413 [main] WARN  org.mybatis.spring.mapper.ClassPathMapperScanner - Skipping MapperFactoryBean with name 'userMapper' and 'com.jawe.system.mapper.UserMapper' mapperInterface. Bean already defined with the same name!
2022-05-07 19:07:49.413 [main] WARN  org.mybatis.spring.mapper.ClassPathMapperScanner - No MyBatis mapper was found in '[com.jawe.system.mapper]' package. Please check your configuration.
2022-05-07 19:07:50.492 [main] WARN  c.b.mybatisplus.core.metadata.TableInfoHelper - Can not find table primary key in Class: "com.jawe.system.entity.Department".
2022-05-07 19:08:33.171 [main] WARN  c.b.mybatisplus.core.metadata.TableInfoHelper - Can not find table primary key in Class: "com.jawe.system.entity.Department".
2022-05-07 20:27:52.548 [main] WARN  c.b.mybatisplus.core.metadata.TableInfoHelper - Can not find table primary key in Class: "com.jawe.system.entity.Department".
2022-05-07 20:28:41.661 [main] WARN  c.b.mybatisplus.core.metadata.TableInfoHelper - Can not find table primary key in Class: "com.jawe.system.entity.Department".
2022-05-07 20:30:21.507 [main] WARN  c.b.mybatisplus.core.metadata.TableInfoHelper - Can not find table primary key in Class: "com.jawe.system.entity.Department".
2022-05-07 20:34:21.995 [main] WARN  c.b.mybatisplus.core.metadata.TableInfoHelper - Can not find table primary key in Class: "com.jawe.system.entity.Department".
2022-05-07 20:42:00.986 [HikariPool-1 housekeeper] WARN  com.zaxxer.hikari.pool.HikariPool - HikariPool-1 - Thread starvation or clock leap detected (housekeeper delta=7m32s707ms978µs).
2022-05-07 20:42:48.588 [main] WARN  c.b.mybatisplus.core.metadata.TableInfoHelper - Can not find table primary key in Class: "com.jawe.system.entity.Department".
2022-05-07 22:40:46.066 [main] WARN  c.b.mybatisplus.core.metadata.TableInfoHelper - Can not find table primary key in Class: "com.jawe.system.entity.Department".
