2021-12-17 22:33:38.784 [DEBUG] com.jawe.system.mapper.UserMapper.currentUser - ==>  Preparing: select * from user where username = ?
2021-12-17 22:33:38.926 [DEBUG] com.jawe.system.mapper.UserMapper.currentUser - ==> Parameters: null
2021-12-17 22:33:38.968 [DEBUG] com.jawe.system.mapper.UserMapper.currentUser - <==      Total: 0
2021-12-17 22:33:42.109 [DEBUG] com.jawe.system.mapper.MyUserDetailsServiceMapper.findByPhoneNumber - ==>  Preparing: SELECT username,password,enable from user u where u.username = ?;
2021-12-17 22:33:42.110 [DEBUG] com.jawe.system.mapper.MyUserDetailsServiceMapper.findByPhoneNumber - ==> Parameters: admin(String)
2021-12-17 22:33:42.118 [DEBUG] com.jawe.system.mapper.MyUserDetailsServiceMapper.findByPhoneNumber - <==      Total: 1
2021-12-17 22:33:42.119 [DEBUG] com.jawe.system.mapper.MyUserDetailsServiceMapper.findRole - ==>  Preparing: SELECT role_code FROM role r LEFT JOIN user_role ur ON r.id = ur.role_id LEFT JOIN user u ON u.id = ur.user_id WHERE u.username = ?
2021-12-17 22:33:42.119 [DEBUG] com.jawe.system.mapper.MyUserDetailsServiceMapper.findRole - ==> Parameters: admin(String)
2021-12-17 22:33:42.128 [DEBUG] com.jawe.system.mapper.MyUserDetailsServiceMapper.findRole - <==      Total: 1
2021-12-17 22:33:42.145 [DEBUG] com.jawe.system.mapper.MyUserDetailsServiceMapper.findAuthorityByRoleCodes - ==>  Preparing: SELECT DISTINCT url FROM api m LEFT JOIN role_api rm ON m.id = rm.api_id LEFT JOIN role r ON r.id = rm.role_id WHERE r.role_code IN ( ? )
2021-12-17 22:33:42.145 [DEBUG] com.jawe.system.mapper.MyUserDetailsServiceMapper.findAuthorityByRoleCodes - ==> Parameters: admin(String)
2021-12-17 22:33:42.154 [DEBUG] com.jawe.system.mapper.MyUserDetailsServiceMapper.findAuthorityByRoleCodes - <==      Total: 4
2021-12-17 22:33:42.232 [DEBUG] com.jawe.system.mapper.MyUserDetailsServiceMapper.findByPhoneNumber - ==>  Preparing: SELECT username,password,enable from user u where u.username = ?;
2021-12-17 22:33:42.233 [DEBUG] com.jawe.system.mapper.MyUserDetailsServiceMapper.findByPhoneNumber - ==> Parameters: admin(String)
2021-12-17 22:33:42.234 [DEBUG] com.jawe.system.mapper.MyUserDetailsServiceMapper.findByPhoneNumber - <==      Total: 1
2021-12-17 22:33:42.235 [DEBUG] com.jawe.system.mapper.MyUserDetailsServiceMapper.findRole - ==>  Preparing: SELECT role_code FROM role r LEFT JOIN user_role ur ON r.id = ur.role_id LEFT JOIN user u ON u.id = ur.user_id WHERE u.username = ?
2021-12-17 22:33:42.235 [DEBUG] com.jawe.system.mapper.MyUserDetailsServiceMapper.findRole - ==> Parameters: admin(String)
2021-12-17 22:33:42.236 [DEBUG] com.jawe.system.mapper.MyUserDetailsServiceMapper.findRole - <==      Total: 1
2021-12-17 22:33:42.237 [DEBUG] com.jawe.system.mapper.MyUserDetailsServiceMapper.findAuthorityByRoleCodes - ==>  Preparing: SELECT DISTINCT url FROM api m LEFT JOIN role_api rm ON m.id = rm.api_id LEFT JOIN role r ON r.id = rm.role_id WHERE r.role_code IN ( ? )
2021-12-17 22:33:42.238 [DEBUG] com.jawe.system.mapper.MyUserDetailsServiceMapper.findAuthorityByRoleCodes - ==> Parameters: admin(String)
2021-12-17 22:33:42.240 [DEBUG] com.jawe.system.mapper.MyUserDetailsServiceMapper.findAuthorityByRoleCodes - <==      Total: 4
2021-12-17 22:33:42.270 [DEBUG] com.jawe.system.mapper.MyUserDetailsServiceMapper.findByPhoneNumber - ==>  Preparing: SELECT username,password,enable from user u where u.username = ?;
2021-12-17 22:33:42.271 [DEBUG] com.jawe.system.mapper.MyUserDetailsServiceMapper.findByPhoneNumber - ==> Parameters: admin(String)
2021-12-17 22:33:42.272 [DEBUG] com.jawe.system.mapper.MyUserDetailsServiceMapper.findByPhoneNumber - <==      Total: 1
2021-12-17 22:33:42.273 [DEBUG] com.jawe.system.mapper.MyUserDetailsServiceMapper.findRole - ==>  Preparing: SELECT role_code FROM role r LEFT JOIN user_role ur ON r.id = ur.role_id LEFT JOIN user u ON u.id = ur.user_id WHERE u.username = ?
2021-12-17 22:33:42.273 [DEBUG] com.jawe.system.mapper.MyUserDetailsServiceMapper.findRole - ==> Parameters: admin(String)
2021-12-17 22:33:42.274 [DEBUG] com.jawe.system.mapper.MyUserDetailsServiceMapper.findRole - <==      Total: 1
2021-12-17 22:33:42.275 [DEBUG] com.jawe.system.mapper.MyUserDetailsServiceMapper.findAuthorityByRoleCodes - ==>  Preparing: SELECT DISTINCT url FROM api m LEFT JOIN role_api rm ON m.id = rm.api_id LEFT JOIN role r ON r.id = rm.role_id WHERE r.role_code IN ( ? )
2021-12-17 22:33:42.275 [DEBUG] com.jawe.system.mapper.MyUserDetailsServiceMapper.findAuthorityByRoleCodes - ==> Parameters: admin(String)
2021-12-17 22:33:42.277 [DEBUG] com.jawe.system.mapper.MyUserDetailsServiceMapper.findAuthorityByRoleCodes - <==      Total: 4
2021-12-17 22:33:42.279 [DEBUG] com.jawe.system.mapper.UserMapper.currentUser - ==>  Preparing: select * from user where username = ?
2021-12-17 22:33:42.281 [DEBUG] com.jawe.system.mapper.UserMapper.currentUser - ==> Parameters: admin(String)
2021-12-17 22:33:42.284 [DEBUG] com.jawe.system.mapper.UserMapper.currentUser - <==      Total: 1
2021-12-17 22:33:43.182 [DEBUG] com.jawe.system.mapper.MyUserDetailsServiceMapper.findByPhoneNumber - ==>  Preparing: SELECT username,password,enable from user u where u.username = ?;
2021-12-17 22:33:43.183 [DEBUG] com.jawe.system.mapper.MyUserDetailsServiceMapper.findByPhoneNumber - ==> Parameters: admin(String)
2021-12-17 22:33:43.184 [DEBUG] com.jawe.system.mapper.MyUserDetailsServiceMapper.findByPhoneNumber - <==      Total: 1
2021-12-17 22:33:43.185 [DEBUG] com.jawe.system.mapper.MyUserDetailsServiceMapper.findRole - ==>  Preparing: SELECT role_code FROM role r LEFT JOIN user_role ur ON r.id = ur.role_id LEFT JOIN user u ON u.id = ur.user_id WHERE u.username = ?
2021-12-17 22:33:43.185 [DEBUG] com.jawe.system.mapper.MyUserDetailsServiceMapper.findRole - ==> Parameters: admin(String)
2021-12-17 22:33:43.187 [DEBUG] com.jawe.system.mapper.MyUserDetailsServiceMapper.findRole - <==      Total: 1
2021-12-17 22:33:43.187 [DEBUG] com.jawe.system.mapper.MyUserDetailsServiceMapper.findAuthorityByRoleCodes - ==>  Preparing: SELECT DISTINCT url FROM api m LEFT JOIN role_api rm ON m.id = rm.api_id LEFT JOIN role r ON r.id = rm.role_id WHERE r.role_code IN ( ? )
2021-12-17 22:33:43.188 [DEBUG] com.jawe.system.mapper.MyUserDetailsServiceMapper.findAuthorityByRoleCodes - ==> Parameters: admin(String)
2021-12-17 22:33:43.190 [DEBUG] com.jawe.system.mapper.MyUserDetailsServiceMapper.findAuthorityByRoleCodes - <==      Total: 4
2021-12-17 22:34:35.012 [DEBUG] com.jawe.system.mapper.MyUserDetailsServiceMapper.findByPhoneNumber - ==>  Preparing: SELECT username,password,enable from user u where u.username = ?;
2021-12-17 22:34:35.013 [DEBUG] com.jawe.system.mapper.MyUserDetailsServiceMapper.findByPhoneNumber - ==> Parameters: admin(String)
2021-12-17 22:34:35.014 [DEBUG] com.jawe.system.mapper.MyUserDetailsServiceMapper.findByPhoneNumber - <==      Total: 1
2021-12-17 22:34:35.015 [DEBUG] com.jawe.system.mapper.MyUserDetailsServiceMapper.findRole - ==>  Preparing: SELECT role_code FROM role r LEFT JOIN user_role ur ON r.id = ur.role_id LEFT JOIN user u ON u.id = ur.user_id WHERE u.username = ?
2021-12-17 22:34:35.016 [DEBUG] com.jawe.system.mapper.MyUserDetailsServiceMapper.findRole - ==> Parameters: admin(String)
2021-12-17 22:34:35.017 [DEBUG] com.jawe.system.mapper.MyUserDetailsServiceMapper.findRole - <==      Total: 1
2021-12-17 22:34:35.018 [DEBUG] com.jawe.system.mapper.MyUserDetailsServiceMapper.findAuthorityByRoleCodes - ==>  Preparing: SELECT DISTINCT url FROM api m LEFT JOIN role_api rm ON m.id = rm.api_id LEFT JOIN role r ON r.id = rm.role_id WHERE r.role_code IN ( ? )
2021-12-17 22:34:35.019 [DEBUG] com.jawe.system.mapper.MyUserDetailsServiceMapper.findAuthorityByRoleCodes - ==> Parameters: admin(String)
2021-12-17 22:34:35.021 [DEBUG] com.jawe.system.mapper.MyUserDetailsServiceMapper.findAuthorityByRoleCodes - <==      Total: 4
2021-12-17 22:34:35.024 [DEBUG] com.jawe.system.mapper.UserMapper.currentUser - ==>  Preparing: select * from user where username = ?
2021-12-17 22:34:35.024 [DEBUG] com.jawe.system.mapper.UserMapper.currentUser - ==> Parameters: admin(String)
2021-12-17 22:34:35.026 [DEBUG] com.jawe.system.mapper.UserMapper.currentUser - <==      Total: 1
2021-12-17 22:34:36.025 [DEBUG] com.jawe.system.mapper.MyUserDetailsServiceMapper.findByPhoneNumber - ==>  Preparing: SELECT username,password,enable from user u where u.username = ?;
2021-12-17 22:34:36.026 [DEBUG] com.jawe.system.mapper.MyUserDetailsServiceMapper.findByPhoneNumber - ==> Parameters: admin(String)
2021-12-17 22:34:36.027 [DEBUG] com.jawe.system.mapper.MyUserDetailsServiceMapper.findByPhoneNumber - <==      Total: 1
2021-12-17 22:34:36.027 [DEBUG] com.jawe.system.mapper.MyUserDetailsServiceMapper.findRole - ==>  Preparing: SELECT role_code FROM role r LEFT JOIN user_role ur ON r.id = ur.role_id LEFT JOIN user u ON u.id = ur.user_id WHERE u.username = ?
2021-12-17 22:34:36.028 [DEBUG] com.jawe.system.mapper.MyUserDetailsServiceMapper.findRole - ==> Parameters: admin(String)
2021-12-17 22:34:36.029 [DEBUG] com.jawe.system.mapper.MyUserDetailsServiceMapper.findRole - <==      Total: 1
2021-12-17 22:34:36.030 [DEBUG] com.jawe.system.mapper.MyUserDetailsServiceMapper.findAuthorityByRoleCodes - ==>  Preparing: SELECT DISTINCT url FROM api m LEFT JOIN role_api rm ON m.id = rm.api_id LEFT JOIN role r ON r.id = rm.role_id WHERE r.role_code IN ( ? )
2021-12-17 22:34:36.031 [DEBUG] com.jawe.system.mapper.MyUserDetailsServiceMapper.findAuthorityByRoleCodes - ==> Parameters: admin(String)
2021-12-17 22:34:36.032 [DEBUG] com.jawe.system.mapper.MyUserDetailsServiceMapper.findAuthorityByRoleCodes - <==      Total: 4
2021-12-17 22:35:20.224 [DEBUG] com.jawe.system.mapper.MyUserDetailsServiceMapper.findByPhoneNumber - ==>  Preparing: SELECT username,password,enable from user u where u.username = ?;
2021-12-17 22:35:20.224 [DEBUG] com.jawe.system.mapper.MyUserDetailsServiceMapper.findByPhoneNumber - ==> Parameters: admin(String)
2021-12-17 22:35:20.225 [DEBUG] com.jawe.system.mapper.MyUserDetailsServiceMapper.findByPhoneNumber - <==      Total: 1
2021-12-17 22:35:20.226 [DEBUG] com.jawe.system.mapper.MyUserDetailsServiceMapper.findRole - ==>  Preparing: SELECT role_code FROM role r LEFT JOIN user_role ur ON r.id = ur.role_id LEFT JOIN user u ON u.id = ur.user_id WHERE u.username = ?
2021-12-17 22:35:20.226 [DEBUG] com.jawe.system.mapper.MyUserDetailsServiceMapper.findRole - ==> Parameters: admin(String)
2021-12-17 22:35:20.227 [DEBUG] com.jawe.system.mapper.MyUserDetailsServiceMapper.findRole - <==      Total: 1
2021-12-17 22:35:20.228 [DEBUG] com.jawe.system.mapper.MyUserDetailsServiceMapper.findAuthorityByRoleCodes - ==>  Preparing: SELECT DISTINCT url FROM api m LEFT JOIN role_api rm ON m.id = rm.api_id LEFT JOIN role r ON r.id = rm.role_id WHERE r.role_code IN ( ? )
2021-12-17 22:35:20.228 [DEBUG] com.jawe.system.mapper.MyUserDetailsServiceMapper.findAuthorityByRoleCodes - ==> Parameters: admin(String)
2021-12-17 22:35:20.229 [DEBUG] com.jawe.system.mapper.MyUserDetailsServiceMapper.findAuthorityByRoleCodes - <==      Total: 4
2021-12-17 22:35:20.231 [DEBUG] com.jawe.system.mapper.UserMapper.currentUser - ==>  Preparing: select * from user where username = ?
2021-12-17 22:35:20.232 [DEBUG] com.jawe.system.mapper.UserMapper.currentUser - ==> Parameters: admin(String)
2021-12-17 22:35:20.233 [DEBUG] com.jawe.system.mapper.UserMapper.currentUser - <==      Total: 1
2021-12-17 22:35:21.348 [DEBUG] com.jawe.system.mapper.MyUserDetailsServiceMapper.findByPhoneNumber - ==>  Preparing: SELECT username,password,enable from user u where u.username = ?;
2021-12-17 22:35:21.348 [DEBUG] com.jawe.system.mapper.MyUserDetailsServiceMapper.findByPhoneNumber - ==> Parameters: admin(String)
2021-12-17 22:35:21.349 [DEBUG] com.jawe.system.mapper.MyUserDetailsServiceMapper.findByPhoneNumber - <==      Total: 1
2021-12-17 22:35:21.350 [DEBUG] com.jawe.system.mapper.MyUserDetailsServiceMapper.findRole - ==>  Preparing: SELECT role_code FROM role r LEFT JOIN user_role ur ON r.id = ur.role_id LEFT JOIN user u ON u.id = ur.user_id WHERE u.username = ?
2021-12-17 22:35:21.350 [DEBUG] com.jawe.system.mapper.MyUserDetailsServiceMapper.findRole - ==> Parameters: admin(String)
2021-12-17 22:35:21.351 [DEBUG] com.jawe.system.mapper.MyUserDetailsServiceMapper.findRole - <==      Total: 1
2021-12-17 22:35:21.352 [DEBUG] com.jawe.system.mapper.MyUserDetailsServiceMapper.findAuthorityByRoleCodes - ==>  Preparing: SELECT DISTINCT url FROM api m LEFT JOIN role_api rm ON m.id = rm.api_id LEFT JOIN role r ON r.id = rm.role_id WHERE r.role_code IN ( ? )
2021-12-17 22:35:21.352 [DEBUG] com.jawe.system.mapper.MyUserDetailsServiceMapper.findAuthorityByRoleCodes - ==> Parameters: admin(String)
2021-12-17 22:35:21.353 [DEBUG] com.jawe.system.mapper.MyUserDetailsServiceMapper.findAuthorityByRoleCodes - <==      Total: 4
2021-12-17 22:35:30.519 [DEBUG] com.jawe.system.mapper.MyUserDetailsServiceMapper.findByPhoneNumber - ==>  Preparing: SELECT username,password,enable from user u where u.username = ?;
2021-12-17 22:35:30.519 [DEBUG] com.jawe.system.mapper.MyUserDetailsServiceMapper.findByPhoneNumber - ==> Parameters: admin(String)
2021-12-17 22:35:30.520 [DEBUG] com.jawe.system.mapper.MyUserDetailsServiceMapper.findByPhoneNumber - <==      Total: 1
2021-12-17 22:35:30.520 [DEBUG] com.jawe.system.mapper.MyUserDetailsServiceMapper.findRole - ==>  Preparing: SELECT role_code FROM role r LEFT JOIN user_role ur ON r.id = ur.role_id LEFT JOIN user u ON u.id = ur.user_id WHERE u.username = ?
2021-12-17 22:35:30.521 [DEBUG] com.jawe.system.mapper.MyUserDetailsServiceMapper.findRole - ==> Parameters: admin(String)
2021-12-17 22:35:30.522 [DEBUG] com.jawe.system.mapper.MyUserDetailsServiceMapper.findRole - <==      Total: 1
2021-12-17 22:35:30.522 [DEBUG] com.jawe.system.mapper.MyUserDetailsServiceMapper.findAuthorityByRoleCodes - ==>  Preparing: SELECT DISTINCT url FROM api m LEFT JOIN role_api rm ON m.id = rm.api_id LEFT JOIN role r ON r.id = rm.role_id WHERE r.role_code IN ( ? )
2021-12-17 22:35:30.522 [DEBUG] com.jawe.system.mapper.MyUserDetailsServiceMapper.findAuthorityByRoleCodes - ==> Parameters: admin(String)
2021-12-17 22:35:30.523 [DEBUG] com.jawe.system.mapper.MyUserDetailsServiceMapper.findAuthorityByRoleCodes - <==      Total: 4
2021-12-17 22:35:30.526 [DEBUG] com.jawe.system.mapper.UserMapper.currentUser - ==>  Preparing: select * from user where username = ?
2021-12-17 22:35:30.526 [DEBUG] com.jawe.system.mapper.UserMapper.currentUser - ==> Parameters: admin(String)
2021-12-17 22:35:30.527 [DEBUG] com.jawe.system.mapper.UserMapper.currentUser - <==      Total: 1
2021-12-17 22:35:31.503 [DEBUG] com.jawe.system.mapper.MyUserDetailsServiceMapper.findByPhoneNumber - ==>  Preparing: SELECT username,password,enable from user u where u.username = ?;
2021-12-17 22:35:31.504 [DEBUG] com.jawe.system.mapper.MyUserDetailsServiceMapper.findByPhoneNumber - ==> Parameters: admin(String)
2021-12-17 22:35:31.505 [DEBUG] com.jawe.system.mapper.MyUserDetailsServiceMapper.findByPhoneNumber - <==      Total: 1
2021-12-17 22:35:31.505 [DEBUG] com.jawe.system.mapper.MyUserDetailsServiceMapper.findRole - ==>  Preparing: SELECT role_code FROM role r LEFT JOIN user_role ur ON r.id = ur.role_id LEFT JOIN user u ON u.id = ur.user_id WHERE u.username = ?
2021-12-17 22:35:31.506 [DEBUG] com.jawe.system.mapper.MyUserDetailsServiceMapper.findRole - ==> Parameters: admin(String)
2021-12-17 22:35:31.507 [DEBUG] com.jawe.system.mapper.MyUserDetailsServiceMapper.findRole - <==      Total: 1
2021-12-17 22:35:31.507 [DEBUG] com.jawe.system.mapper.MyUserDetailsServiceMapper.findAuthorityByRoleCodes - ==>  Preparing: SELECT DISTINCT url FROM api m LEFT JOIN role_api rm ON m.id = rm.api_id LEFT JOIN role r ON r.id = rm.role_id WHERE r.role_code IN ( ? )
2021-12-17 22:35:31.507 [DEBUG] com.jawe.system.mapper.MyUserDetailsServiceMapper.findAuthorityByRoleCodes - ==> Parameters: admin(String)
2021-12-17 22:35:31.509 [DEBUG] com.jawe.system.mapper.MyUserDetailsServiceMapper.findAuthorityByRoleCodes - <==      Total: 4
2021-12-17 22:36:31.094 [DEBUG] com.jawe.system.mapper.MyUserDetailsServiceMapper.findByPhoneNumber - ==>  Preparing: SELECT username,password,enable from user u where u.username = ?;
2021-12-17 22:36:31.095 [DEBUG] com.jawe.system.mapper.MyUserDetailsServiceMapper.findByPhoneNumber - ==> Parameters: admin(String)
2021-12-17 22:36:31.096 [DEBUG] com.jawe.system.mapper.MyUserDetailsServiceMapper.findByPhoneNumber - <==      Total: 1
2021-12-17 22:36:31.096 [DEBUG] com.jawe.system.mapper.MyUserDetailsServiceMapper.findRole - ==>  Preparing: SELECT role_code FROM role r LEFT JOIN user_role ur ON r.id = ur.role_id LEFT JOIN user u ON u.id = ur.user_id WHERE u.username = ?
2021-12-17 22:36:31.097 [DEBUG] com.jawe.system.mapper.MyUserDetailsServiceMapper.findRole - ==> Parameters: admin(String)
2021-12-17 22:36:31.098 [DEBUG] com.jawe.system.mapper.MyUserDetailsServiceMapper.findRole - <==      Total: 1
2021-12-17 22:36:31.098 [DEBUG] com.jawe.system.mapper.MyUserDetailsServiceMapper.findAuthorityByRoleCodes - ==>  Preparing: SELECT DISTINCT url FROM api m LEFT JOIN role_api rm ON m.id = rm.api_id LEFT JOIN role r ON r.id = rm.role_id WHERE r.role_code IN ( ? )
2021-12-17 22:36:31.099 [DEBUG] com.jawe.system.mapper.MyUserDetailsServiceMapper.findAuthorityByRoleCodes - ==> Parameters: admin(String)
2021-12-17 22:36:31.101 [DEBUG] com.jawe.system.mapper.MyUserDetailsServiceMapper.findAuthorityByRoleCodes - <==      Total: 4
2021-12-17 22:36:32.923 [DEBUG] com.jawe.system.mapper.MyUserDetailsServiceMapper.findByPhoneNumber - ==>  Preparing: SELECT username,password,enable from user u where u.username = ?;
2021-12-17 22:36:32.924 [DEBUG] com.jawe.system.mapper.MyUserDetailsServiceMapper.findByPhoneNumber - ==> Parameters: admin(String)
2021-12-17 22:36:32.925 [DEBUG] com.jawe.system.mapper.MyUserDetailsServiceMapper.findByPhoneNumber - <==      Total: 1
2021-12-17 22:36:32.926 [DEBUG] com.jawe.system.mapper.MyUserDetailsServiceMapper.findRole - ==>  Preparing: SELECT role_code FROM role r LEFT JOIN user_role ur ON r.id = ur.role_id LEFT JOIN user u ON u.id = ur.user_id WHERE u.username = ?
2021-12-17 22:36:32.926 [DEBUG] com.jawe.system.mapper.MyUserDetailsServiceMapper.findRole - ==> Parameters: admin(String)
2021-12-17 22:36:32.928 [DEBUG] com.jawe.system.mapper.MyUserDetailsServiceMapper.findRole - <==      Total: 1
2021-12-17 22:36:32.929 [DEBUG] com.jawe.system.mapper.MyUserDetailsServiceMapper.findAuthorityByRoleCodes - ==>  Preparing: SELECT DISTINCT url FROM api m LEFT JOIN role_api rm ON m.id = rm.api_id LEFT JOIN role r ON r.id = rm.role_id WHERE r.role_code IN ( ? )
2021-12-17 22:36:32.929 [DEBUG] com.jawe.system.mapper.MyUserDetailsServiceMapper.findAuthorityByRoleCodes - ==> Parameters: admin(String)
2021-12-17 22:36:32.930 [DEBUG] com.jawe.system.mapper.MyUserDetailsServiceMapper.findAuthorityByRoleCodes - <==      Total: 4
2021-12-17 22:36:32.933 [DEBUG] com.jawe.system.mapper.UserMapper.currentUser - ==>  Preparing: select * from user where username = ?
2021-12-17 22:36:32.934 [DEBUG] com.jawe.system.mapper.UserMapper.currentUser - ==> Parameters: admin(String)
2021-12-17 22:36:32.935 [DEBUG] com.jawe.system.mapper.UserMapper.currentUser - <==      Total: 1
2021-12-17 22:36:33.921 [DEBUG] com.jawe.system.mapper.MyUserDetailsServiceMapper.findByPhoneNumber - ==>  Preparing: SELECT username,password,enable from user u where u.username = ?;
2021-12-17 22:36:33.921 [DEBUG] com.jawe.system.mapper.MyUserDetailsServiceMapper.findByPhoneNumber - ==> Parameters: admin(String)
2021-12-17 22:36:33.922 [DEBUG] com.jawe.system.mapper.MyUserDetailsServiceMapper.findByPhoneNumber - <==      Total: 1
2021-12-17 22:36:33.923 [DEBUG] com.jawe.system.mapper.MyUserDetailsServiceMapper.findRole - ==>  Preparing: SELECT role_code FROM role r LEFT JOIN user_role ur ON r.id = ur.role_id LEFT JOIN user u ON u.id = ur.user_id WHERE u.username = ?
2021-12-17 22:36:33.923 [DEBUG] com.jawe.system.mapper.MyUserDetailsServiceMapper.findRole - ==> Parameters: admin(String)
2021-12-17 22:36:33.925 [DEBUG] com.jawe.system.mapper.MyUserDetailsServiceMapper.findRole - <==      Total: 1
2021-12-17 22:36:33.926 [DEBUG] com.jawe.system.mapper.MyUserDetailsServiceMapper.findAuthorityByRoleCodes - ==>  Preparing: SELECT DISTINCT url FROM api m LEFT JOIN role_api rm ON m.id = rm.api_id LEFT JOIN role r ON r.id = rm.role_id WHERE r.role_code IN ( ? )
2021-12-17 22:36:33.927 [DEBUG] com.jawe.system.mapper.MyUserDetailsServiceMapper.findAuthorityByRoleCodes - ==> Parameters: admin(String)
2021-12-17 22:36:33.930 [DEBUG] com.jawe.system.mapper.MyUserDetailsServiceMapper.findAuthorityByRoleCodes - <==      Total: 4
2021-12-17 22:37:12.641 [DEBUG] com.jawe.system.mapper.MyUserDetailsServiceMapper.findByPhoneNumber - ==>  Preparing: SELECT username,password,enable from user u where u.username = ?;
2021-12-17 22:37:12.642 [DEBUG] com.jawe.system.mapper.MyUserDetailsServiceMapper.findByPhoneNumber - ==> Parameters: admin(String)
2021-12-17 22:37:12.643 [DEBUG] com.jawe.system.mapper.MyUserDetailsServiceMapper.findByPhoneNumber - <==      Total: 1
2021-12-17 22:37:12.644 [DEBUG] com.jawe.system.mapper.MyUserDetailsServiceMapper.findRole - ==>  Preparing: SELECT role_code FROM role r LEFT JOIN user_role ur ON r.id = ur.role_id LEFT JOIN user u ON u.id = ur.user_id WHERE u.username = ?
2021-12-17 22:37:12.644 [DEBUG] com.jawe.system.mapper.MyUserDetailsServiceMapper.findRole - ==> Parameters: admin(String)
2021-12-17 22:37:12.645 [DEBUG] com.jawe.system.mapper.MyUserDetailsServiceMapper.findRole - <==      Total: 1
2021-12-17 22:37:12.646 [DEBUG] com.jawe.system.mapper.MyUserDetailsServiceMapper.findAuthorityByRoleCodes - ==>  Preparing: SELECT DISTINCT url FROM api m LEFT JOIN role_api rm ON m.id = rm.api_id LEFT JOIN role r ON r.id = rm.role_id WHERE r.role_code IN ( ? )
2021-12-17 22:37:12.646 [DEBUG] com.jawe.system.mapper.MyUserDetailsServiceMapper.findAuthorityByRoleCodes - ==> Parameters: admin(String)
2021-12-17 22:37:12.648 [DEBUG] com.jawe.system.mapper.MyUserDetailsServiceMapper.findAuthorityByRoleCodes - <==      Total: 4
2021-12-17 22:37:12.651 [DEBUG] com.jawe.system.mapper.UserMapper.currentUser - ==>  Preparing: select * from user where username = ?
2021-12-17 22:37:12.652 [DEBUG] com.jawe.system.mapper.UserMapper.currentUser - ==> Parameters: admin(String)
2021-12-17 22:37:12.653 [DEBUG] com.jawe.system.mapper.UserMapper.currentUser - <==      Total: 1
2021-12-17 22:37:14.199 [DEBUG] com.jawe.system.mapper.MyUserDetailsServiceMapper.findByPhoneNumber - ==>  Preparing: SELECT username,password,enable from user u where u.username = ?;
2021-12-17 22:37:14.199 [DEBUG] com.jawe.system.mapper.MyUserDetailsServiceMapper.findByPhoneNumber - ==> Parameters: admin(String)
2021-12-17 22:37:14.201 [DEBUG] com.jawe.system.mapper.MyUserDetailsServiceMapper.findByPhoneNumber - <==      Total: 1
2021-12-17 22:37:14.201 [DEBUG] com.jawe.system.mapper.MyUserDetailsServiceMapper.findRole - ==>  Preparing: SELECT role_code FROM role r LEFT JOIN user_role ur ON r.id = ur.role_id LEFT JOIN user u ON u.id = ur.user_id WHERE u.username = ?
2021-12-17 22:37:14.202 [DEBUG] com.jawe.system.mapper.MyUserDetailsServiceMapper.findRole - ==> Parameters: admin(String)
2021-12-17 22:37:14.203 [DEBUG] com.jawe.system.mapper.MyUserDetailsServiceMapper.findRole - <==      Total: 1
2021-12-17 22:37:14.203 [DEBUG] com.jawe.system.mapper.MyUserDetailsServiceMapper.findAuthorityByRoleCodes - ==>  Preparing: SELECT DISTINCT url FROM api m LEFT JOIN role_api rm ON m.id = rm.api_id LEFT JOIN role r ON r.id = rm.role_id WHERE r.role_code IN ( ? )
2021-12-17 22:37:14.204 [DEBUG] com.jawe.system.mapper.MyUserDetailsServiceMapper.findAuthorityByRoleCodes - ==> Parameters: admin(String)
2021-12-17 22:37:14.205 [DEBUG] com.jawe.system.mapper.MyUserDetailsServiceMapper.findAuthorityByRoleCodes - <==      Total: 4
2021-12-17 22:37:34.993 [DEBUG] com.jawe.system.mapper.MyUserDetailsServiceMapper.findByPhoneNumber - ==>  Preparing: SELECT username,password,enable from user u where u.username = ?;
2021-12-17 22:37:34.993 [DEBUG] com.jawe.system.mapper.MyUserDetailsServiceMapper.findByPhoneNumber - ==> Parameters: admin(String)
2021-12-17 22:37:34.995 [DEBUG] com.jawe.system.mapper.MyUserDetailsServiceMapper.findByPhoneNumber - <==      Total: 1
2021-12-17 22:37:34.995 [DEBUG] com.jawe.system.mapper.MyUserDetailsServiceMapper.findRole - ==>  Preparing: SELECT role_code FROM role r LEFT JOIN user_role ur ON r.id = ur.role_id LEFT JOIN user u ON u.id = ur.user_id WHERE u.username = ?
2021-12-17 22:37:34.995 [DEBUG] com.jawe.system.mapper.MyUserDetailsServiceMapper.findRole - ==> Parameters: admin(String)
2021-12-17 22:37:34.996 [DEBUG] com.jawe.system.mapper.MyUserDetailsServiceMapper.findRole - <==      Total: 1
2021-12-17 22:37:34.996 [DEBUG] com.jawe.system.mapper.MyUserDetailsServiceMapper.findAuthorityByRoleCodes - ==>  Preparing: SELECT DISTINCT url FROM api m LEFT JOIN role_api rm ON m.id = rm.api_id LEFT JOIN role r ON r.id = rm.role_id WHERE r.role_code IN ( ? )
2021-12-17 22:37:34.997 [DEBUG] com.jawe.system.mapper.MyUserDetailsServiceMapper.findAuthorityByRoleCodes - ==> Parameters: admin(String)
2021-12-17 22:37:34.998 [DEBUG] com.jawe.system.mapper.MyUserDetailsServiceMapper.findAuthorityByRoleCodes - <==      Total: 4
2021-12-17 22:37:35.000 [DEBUG] com.jawe.system.mapper.UserMapper.currentUser - ==>  Preparing: select * from user where username = ?
2021-12-17 22:37:35.001 [DEBUG] com.jawe.system.mapper.UserMapper.currentUser - ==> Parameters: admin(String)
2021-12-17 22:37:35.002 [DEBUG] com.jawe.system.mapper.UserMapper.currentUser - <==      Total: 1
2021-12-17 22:37:35.971 [DEBUG] com.jawe.system.mapper.MyUserDetailsServiceMapper.findByPhoneNumber - ==>  Preparing: SELECT username,password,enable from user u where u.username = ?;
2021-12-17 22:37:35.972 [DEBUG] com.jawe.system.mapper.MyUserDetailsServiceMapper.findByPhoneNumber - ==> Parameters: admin(String)
2021-12-17 22:37:35.973 [DEBUG] com.jawe.system.mapper.MyUserDetailsServiceMapper.findByPhoneNumber - <==      Total: 1
2021-12-17 22:37:35.974 [DEBUG] com.jawe.system.mapper.MyUserDetailsServiceMapper.findRole - ==>  Preparing: SELECT role_code FROM role r LEFT JOIN user_role ur ON r.id = ur.role_id LEFT JOIN user u ON u.id = ur.user_id WHERE u.username = ?
2021-12-17 22:37:35.974 [DEBUG] com.jawe.system.mapper.MyUserDetailsServiceMapper.findRole - ==> Parameters: admin(String)
2021-12-17 22:37:35.975 [DEBUG] com.jawe.system.mapper.MyUserDetailsServiceMapper.findRole - <==      Total: 1
2021-12-17 22:37:35.975 [DEBUG] com.jawe.system.mapper.MyUserDetailsServiceMapper.findAuthorityByRoleCodes - ==>  Preparing: SELECT DISTINCT url FROM api m LEFT JOIN role_api rm ON m.id = rm.api_id LEFT JOIN role r ON r.id = rm.role_id WHERE r.role_code IN ( ? )
2021-12-17 22:37:35.976 [DEBUG] com.jawe.system.mapper.MyUserDetailsServiceMapper.findAuthorityByRoleCodes - ==> Parameters: admin(String)
2021-12-17 22:37:35.977 [DEBUG] com.jawe.system.mapper.MyUserDetailsServiceMapper.findAuthorityByRoleCodes - <==      Total: 4
2021-12-17 22:41:17.076 [DEBUG] com.jawe.system.mapper.MyUserDetailsServiceMapper.findByPhoneNumber - ==>  Preparing: SELECT username,password,enable from user u where u.username = ?;
2021-12-17 22:41:17.076 [DEBUG] com.jawe.system.mapper.MyUserDetailsServiceMapper.findByPhoneNumber - ==> Parameters: admin(String)
2021-12-17 22:41:17.077 [DEBUG] com.jawe.system.mapper.MyUserDetailsServiceMapper.findByPhoneNumber - <==      Total: 1
2021-12-17 22:41:17.077 [DEBUG] com.jawe.system.mapper.MyUserDetailsServiceMapper.findRole - ==>  Preparing: SELECT role_code FROM role r LEFT JOIN user_role ur ON r.id = ur.role_id LEFT JOIN user u ON u.id = ur.user_id WHERE u.username = ?
2021-12-17 22:41:17.078 [DEBUG] com.jawe.system.mapper.MyUserDetailsServiceMapper.findRole - ==> Parameters: admin(String)
2021-12-17 22:41:17.078 [DEBUG] com.jawe.system.mapper.MyUserDetailsServiceMapper.findRole - <==      Total: 1
2021-12-17 22:41:17.079 [DEBUG] com.jawe.system.mapper.MyUserDetailsServiceMapper.findAuthorityByRoleCodes - ==>  Preparing: SELECT DISTINCT url FROM api m LEFT JOIN role_api rm ON m.id = rm.api_id LEFT JOIN role r ON r.id = rm.role_id WHERE r.role_code IN ( ? )
2021-12-17 22:41:17.079 [DEBUG] com.jawe.system.mapper.MyUserDetailsServiceMapper.findAuthorityByRoleCodes - ==> Parameters: admin(String)
2021-12-17 22:41:17.080 [DEBUG] com.jawe.system.mapper.MyUserDetailsServiceMapper.findAuthorityByRoleCodes - <==      Total: 4
2021-12-17 22:41:17.082 [DEBUG] com.jawe.system.mapper.UserMapper.currentUser - ==>  Preparing: select * from user where username = ?
2021-12-17 22:41:17.082 [DEBUG] com.jawe.system.mapper.UserMapper.currentUser - ==> Parameters: admin(String)
2021-12-17 22:41:17.083 [DEBUG] com.jawe.system.mapper.UserMapper.currentUser - <==      Total: 1
2021-12-17 22:41:54.804 [DEBUG] com.jawe.system.mapper.MyUserDetailsServiceMapper.findByPhoneNumber - ==>  Preparing: SELECT username,password,enable from user u where u.username = ?;
2021-12-17 22:41:54.805 [DEBUG] com.jawe.system.mapper.MyUserDetailsServiceMapper.findByPhoneNumber - ==> Parameters: admin(String)
2021-12-17 22:41:54.805 [DEBUG] com.jawe.system.mapper.MyUserDetailsServiceMapper.findByPhoneNumber - <==      Total: 1
2021-12-17 22:41:54.806 [DEBUG] com.jawe.system.mapper.MyUserDetailsServiceMapper.findRole - ==>  Preparing: SELECT role_code FROM role r LEFT JOIN user_role ur ON r.id = ur.role_id LEFT JOIN user u ON u.id = ur.user_id WHERE u.username = ?
2021-12-17 22:41:54.806 [DEBUG] com.jawe.system.mapper.MyUserDetailsServiceMapper.findRole - ==> Parameters: admin(String)
2021-12-17 22:41:54.807 [DEBUG] com.jawe.system.mapper.MyUserDetailsServiceMapper.findRole - <==      Total: 1
2021-12-17 22:41:54.808 [DEBUG] com.jawe.system.mapper.MyUserDetailsServiceMapper.findAuthorityByRoleCodes - ==>  Preparing: SELECT DISTINCT url FROM api m LEFT JOIN role_api rm ON m.id = rm.api_id LEFT JOIN role r ON r.id = rm.role_id WHERE r.role_code IN ( ? )
2021-12-17 22:41:54.808 [DEBUG] com.jawe.system.mapper.MyUserDetailsServiceMapper.findAuthorityByRoleCodes - ==> Parameters: admin(String)
2021-12-17 22:41:54.809 [DEBUG] com.jawe.system.mapper.MyUserDetailsServiceMapper.findAuthorityByRoleCodes - <==      Total: 4
2021-12-17 22:41:54.812 [DEBUG] com.jawe.system.mapper.UserMapper.currentUser - ==>  Preparing: select * from user where username = ?
2021-12-17 22:41:54.812 [DEBUG] com.jawe.system.mapper.UserMapper.currentUser - ==> Parameters: admin(String)
2021-12-17 22:41:54.813 [DEBUG] com.jawe.system.mapper.UserMapper.currentUser - <==      Total: 1
2021-12-17 22:46:30.277 [DEBUG] com.jawe.system.mapper.MyUserDetailsServiceMapper.findByPhoneNumber - ==>  Preparing: SELECT username,password,enable from user u where u.username = ?;
2021-12-17 22:46:30.277 [DEBUG] com.jawe.system.mapper.MyUserDetailsServiceMapper.findByPhoneNumber - ==> Parameters: admin(String)
2021-12-17 22:46:30.278 [DEBUG] com.jawe.system.mapper.MyUserDetailsServiceMapper.findByPhoneNumber - <==      Total: 1
2021-12-17 22:46:30.279 [DEBUG] com.jawe.system.mapper.MyUserDetailsServiceMapper.findRole - ==>  Preparing: SELECT role_code FROM role r LEFT JOIN user_role ur ON r.id = ur.role_id LEFT JOIN user u ON u.id = ur.user_id WHERE u.username = ?
2021-12-17 22:46:30.279 [DEBUG] com.jawe.system.mapper.MyUserDetailsServiceMapper.findRole - ==> Parameters: admin(String)
2021-12-17 22:46:30.280 [DEBUG] com.jawe.system.mapper.MyUserDetailsServiceMapper.findRole - <==      Total: 1
2021-12-17 22:46:30.281 [DEBUG] com.jawe.system.mapper.MyUserDetailsServiceMapper.findAuthorityByRoleCodes - ==>  Preparing: SELECT DISTINCT url FROM api m LEFT JOIN role_api rm ON m.id = rm.api_id LEFT JOIN role r ON r.id = rm.role_id WHERE r.role_code IN ( ? )
2021-12-17 22:46:30.281 [DEBUG] com.jawe.system.mapper.MyUserDetailsServiceMapper.findAuthorityByRoleCodes - ==> Parameters: admin(String)
2021-12-17 22:46:30.282 [DEBUG] com.jawe.system.mapper.MyUserDetailsServiceMapper.findAuthorityByRoleCodes - <==      Total: 4
2021-12-17 22:46:30.285 [DEBUG] com.jawe.system.mapper.UserMapper.currentUser - ==>  Preparing: select * from user where username = ?
2021-12-17 22:46:30.285 [DEBUG] com.jawe.system.mapper.UserMapper.currentUser - ==> Parameters: admin(String)
2021-12-17 22:46:30.286 [DEBUG] com.jawe.system.mapper.UserMapper.currentUser - <==      Total: 1
2021-12-17 22:51:28.649 [DEBUG] com.jawe.system.mapper.MyUserDetailsServiceMapper.findByPhoneNumber - ==>  Preparing: SELECT username,password,enable from user u where u.username = ?;
2021-12-17 22:51:28.650 [DEBUG] com.jawe.system.mapper.MyUserDetailsServiceMapper.findByPhoneNumber - ==> Parameters: admin(String)
2021-12-17 22:51:28.651 [DEBUG] com.jawe.system.mapper.MyUserDetailsServiceMapper.findByPhoneNumber - <==      Total: 1
2021-12-17 22:51:28.652 [DEBUG] com.jawe.system.mapper.MyUserDetailsServiceMapper.findRole - ==>  Preparing: SELECT role_code FROM role r LEFT JOIN user_role ur ON r.id = ur.role_id LEFT JOIN user u ON u.id = ur.user_id WHERE u.username = ?
2021-12-17 22:51:28.652 [DEBUG] com.jawe.system.mapper.MyUserDetailsServiceMapper.findRole - ==> Parameters: admin(String)
2021-12-17 22:51:28.653 [DEBUG] com.jawe.system.mapper.MyUserDetailsServiceMapper.findRole - <==      Total: 1
2021-12-17 22:51:28.653 [DEBUG] com.jawe.system.mapper.MyUserDetailsServiceMapper.findAuthorityByRoleCodes - ==>  Preparing: SELECT DISTINCT url FROM api m LEFT JOIN role_api rm ON m.id = rm.api_id LEFT JOIN role r ON r.id = rm.role_id WHERE r.role_code IN ( ? )
2021-12-17 22:51:28.654 [DEBUG] com.jawe.system.mapper.MyUserDetailsServiceMapper.findAuthorityByRoleCodes - ==> Parameters: admin(String)
2021-12-17 22:51:28.654 [DEBUG] com.jawe.system.mapper.MyUserDetailsServiceMapper.findAuthorityByRoleCodes - <==      Total: 4
2021-12-17 22:51:28.656 [DEBUG] com.jawe.system.mapper.UserMapper.currentUser - ==>  Preparing: select * from user where username = ?
2021-12-17 22:51:28.657 [DEBUG] com.jawe.system.mapper.UserMapper.currentUser - ==> Parameters: admin(String)
2021-12-17 22:51:28.658 [DEBUG] com.jawe.system.mapper.UserMapper.currentUser - <==      Total: 1
2021-12-17 22:51:33.390 [DEBUG] com.jawe.system.mapper.MyUserDetailsServiceMapper.findByPhoneNumber - ==>  Preparing: SELECT username,password,enable from user u where u.username = ?;
2021-12-17 22:51:33.391 [DEBUG] com.jawe.system.mapper.MyUserDetailsServiceMapper.findByPhoneNumber - ==> Parameters: admin(String)
2021-12-17 22:51:33.392 [DEBUG] com.jawe.system.mapper.MyUserDetailsServiceMapper.findByPhoneNumber - <==      Total: 1
2021-12-17 22:51:33.392 [DEBUG] com.jawe.system.mapper.MyUserDetailsServiceMapper.findRole - ==>  Preparing: SELECT role_code FROM role r LEFT JOIN user_role ur ON r.id = ur.role_id LEFT JOIN user u ON u.id = ur.user_id WHERE u.username = ?
2021-12-17 22:51:33.392 [DEBUG] com.jawe.system.mapper.MyUserDetailsServiceMapper.findRole - ==> Parameters: admin(String)
2021-12-17 22:51:33.393 [DEBUG] com.jawe.system.mapper.MyUserDetailsServiceMapper.findRole - <==      Total: 1
2021-12-17 22:51:33.394 [DEBUG] com.jawe.system.mapper.MyUserDetailsServiceMapper.findAuthorityByRoleCodes - ==>  Preparing: SELECT DISTINCT url FROM api m LEFT JOIN role_api rm ON m.id = rm.api_id LEFT JOIN role r ON r.id = rm.role_id WHERE r.role_code IN ( ? )
2021-12-17 22:51:33.394 [DEBUG] com.jawe.system.mapper.MyUserDetailsServiceMapper.findAuthorityByRoleCodes - ==> Parameters: admin(String)
2021-12-17 22:51:33.395 [DEBUG] com.jawe.system.mapper.MyUserDetailsServiceMapper.findAuthorityByRoleCodes - <==      Total: 4
2021-12-17 22:51:33.398 [DEBUG] com.jawe.system.mapper.UserMapper.currentUser - ==>  Preparing: select * from user where username = ?
2021-12-17 22:51:33.398 [DEBUG] com.jawe.system.mapper.UserMapper.currentUser - ==> Parameters: admin(String)
2021-12-17 22:51:33.399 [DEBUG] com.jawe.system.mapper.UserMapper.currentUser - <==      Total: 1
2021-12-17 22:53:17.533 [DEBUG] com.jawe.system.mapper.MyUserDetailsServiceMapper.findByPhoneNumber - ==>  Preparing: SELECT username,password,enable from user u where u.username = ?;
2021-12-17 22:53:17.534 [DEBUG] com.jawe.system.mapper.MyUserDetailsServiceMapper.findByPhoneNumber - ==> Parameters: admin(String)
2021-12-17 22:53:17.535 [DEBUG] com.jawe.system.mapper.MyUserDetailsServiceMapper.findByPhoneNumber - <==      Total: 1
2021-12-17 22:53:17.535 [DEBUG] com.jawe.system.mapper.MyUserDetailsServiceMapper.findRole - ==>  Preparing: SELECT role_code FROM role r LEFT JOIN user_role ur ON r.id = ur.role_id LEFT JOIN user u ON u.id = ur.user_id WHERE u.username = ?
2021-12-17 22:53:17.536 [DEBUG] com.jawe.system.mapper.MyUserDetailsServiceMapper.findRole - ==> Parameters: admin(String)
2021-12-17 22:53:17.536 [DEBUG] com.jawe.system.mapper.MyUserDetailsServiceMapper.findRole - <==      Total: 1
2021-12-17 22:53:17.537 [DEBUG] com.jawe.system.mapper.MyUserDetailsServiceMapper.findAuthorityByRoleCodes - ==>  Preparing: SELECT DISTINCT url FROM api m LEFT JOIN role_api rm ON m.id = rm.api_id LEFT JOIN role r ON r.id = rm.role_id WHERE r.role_code IN ( ? )
2021-12-17 22:53:17.537 [DEBUG] com.jawe.system.mapper.MyUserDetailsServiceMapper.findAuthorityByRoleCodes - ==> Parameters: admin(String)
2021-12-17 22:53:17.538 [DEBUG] com.jawe.system.mapper.MyUserDetailsServiceMapper.findAuthorityByRoleCodes - <==      Total: 4
2021-12-17 22:53:17.540 [DEBUG] com.jawe.system.mapper.UserMapper.currentUser - ==>  Preparing: select * from user where username = ?
2021-12-17 22:53:17.541 [DEBUG] com.jawe.system.mapper.UserMapper.currentUser - ==> Parameters: admin(String)
2021-12-17 22:53:17.542 [DEBUG] com.jawe.system.mapper.UserMapper.currentUser - <==      Total: 1
2021-12-17 22:53:47.484 [DEBUG] com.jawe.system.mapper.MyUserDetailsServiceMapper.findByPhoneNumber - ==>  Preparing: SELECT username,password,enable from user u where u.username = ?;
2021-12-17 22:53:47.485 [DEBUG] com.jawe.system.mapper.MyUserDetailsServiceMapper.findByPhoneNumber - ==> Parameters: admin(String)
2021-12-17 22:53:47.486 [DEBUG] com.jawe.system.mapper.MyUserDetailsServiceMapper.findByPhoneNumber - <==      Total: 1
2021-12-17 22:53:47.487 [DEBUG] com.jawe.system.mapper.MyUserDetailsServiceMapper.findRole - ==>  Preparing: SELECT role_code FROM role r LEFT JOIN user_role ur ON r.id = ur.role_id LEFT JOIN user u ON u.id = ur.user_id WHERE u.username = ?
2021-12-17 22:53:47.487 [DEBUG] com.jawe.system.mapper.MyUserDetailsServiceMapper.findRole - ==> Parameters: admin(String)
2021-12-17 22:53:47.488 [DEBUG] com.jawe.system.mapper.MyUserDetailsServiceMapper.findRole - <==      Total: 1
2021-12-17 22:53:47.489 [DEBUG] com.jawe.system.mapper.MyUserDetailsServiceMapper.findAuthorityByRoleCodes - ==>  Preparing: SELECT DISTINCT url FROM api m LEFT JOIN role_api rm ON m.id = rm.api_id LEFT JOIN role r ON r.id = rm.role_id WHERE r.role_code IN ( ? )
2021-12-17 22:53:47.489 [DEBUG] com.jawe.system.mapper.MyUserDetailsServiceMapper.findAuthorityByRoleCodes - ==> Parameters: admin(String)
2021-12-17 22:53:47.491 [DEBUG] com.jawe.system.mapper.MyUserDetailsServiceMapper.findAuthorityByRoleCodes - <==      Total: 4
2021-12-17 22:53:47.492 [DEBUG] com.jawe.system.mapper.UserMapper.currentUser - ==>  Preparing: select * from user where username = ?
2021-12-17 22:53:47.493 [DEBUG] com.jawe.system.mapper.UserMapper.currentUser - ==> Parameters: admin(String)
2021-12-17 22:53:47.494 [DEBUG] com.jawe.system.mapper.UserMapper.currentUser - <==      Total: 1
2021-12-17 22:57:36.016 [DEBUG] com.jawe.system.mapper.MyUserDetailsServiceMapper.findByPhoneNumber - ==>  Preparing: SELECT username,password,enable from user u where u.username = ?;
2021-12-17 22:57:36.016 [DEBUG] com.jawe.system.mapper.MyUserDetailsServiceMapper.findByPhoneNumber - ==> Parameters: admin(String)
2021-12-17 22:57:36.017 [DEBUG] com.jawe.system.mapper.MyUserDetailsServiceMapper.findByPhoneNumber - <==      Total: 1
2021-12-17 22:57:36.018 [DEBUG] com.jawe.system.mapper.MyUserDetailsServiceMapper.findRole - ==>  Preparing: SELECT role_code FROM role r LEFT JOIN user_role ur ON r.id = ur.role_id LEFT JOIN user u ON u.id = ur.user_id WHERE u.username = ?
2021-12-17 22:57:36.018 [DEBUG] com.jawe.system.mapper.MyUserDetailsServiceMapper.findRole - ==> Parameters: admin(String)
2021-12-17 22:57:36.019 [DEBUG] com.jawe.system.mapper.MyUserDetailsServiceMapper.findRole - <==      Total: 1
2021-12-17 22:57:36.020 [DEBUG] com.jawe.system.mapper.MyUserDetailsServiceMapper.findAuthorityByRoleCodes - ==>  Preparing: SELECT DISTINCT url FROM api m LEFT JOIN role_api rm ON m.id = rm.api_id LEFT JOIN role r ON r.id = rm.role_id WHERE r.role_code IN ( ? )
2021-12-17 22:57:36.020 [DEBUG] com.jawe.system.mapper.MyUserDetailsServiceMapper.findAuthorityByRoleCodes - ==> Parameters: admin(String)
2021-12-17 22:57:36.021 [DEBUG] com.jawe.system.mapper.MyUserDetailsServiceMapper.findAuthorityByRoleCodes - <==      Total: 4
2021-12-17 22:57:36.087 [DEBUG] com.jawe.system.mapper.MyUserDetailsServiceMapper.findByPhoneNumber - ==>  Preparing: SELECT username,password,enable from user u where u.username = ?;
2021-12-17 22:57:36.088 [DEBUG] com.jawe.system.mapper.MyUserDetailsServiceMapper.findByPhoneNumber - ==> Parameters: admin(String)
2021-12-17 22:57:36.089 [DEBUG] com.jawe.system.mapper.MyUserDetailsServiceMapper.findByPhoneNumber - <==      Total: 1
2021-12-17 22:57:36.089 [DEBUG] com.jawe.system.mapper.MyUserDetailsServiceMapper.findRole - ==>  Preparing: SELECT role_code FROM role r LEFT JOIN user_role ur ON r.id = ur.role_id LEFT JOIN user u ON u.id = ur.user_id WHERE u.username = ?
2021-12-17 22:57:36.090 [DEBUG] com.jawe.system.mapper.MyUserDetailsServiceMapper.findRole - ==> Parameters: admin(String)
2021-12-17 22:57:36.091 [DEBUG] com.jawe.system.mapper.MyUserDetailsServiceMapper.findRole - <==      Total: 1
2021-12-17 22:57:36.092 [DEBUG] com.jawe.system.mapper.MyUserDetailsServiceMapper.findAuthorityByRoleCodes - ==>  Preparing: SELECT DISTINCT url FROM api m LEFT JOIN role_api rm ON m.id = rm.api_id LEFT JOIN role r ON r.id = rm.role_id WHERE r.role_code IN ( ? )
2021-12-17 22:57:36.092 [DEBUG] com.jawe.system.mapper.MyUserDetailsServiceMapper.findAuthorityByRoleCodes - ==> Parameters: admin(String)
2021-12-17 22:57:36.093 [DEBUG] com.jawe.system.mapper.MyUserDetailsServiceMapper.findAuthorityByRoleCodes - <==      Total: 4
2021-12-17 22:57:36.271 [DEBUG] com.jawe.system.mapper.MyUserDetailsServiceMapper.findByPhoneNumber - ==>  Preparing: SELECT username,password,enable from user u where u.username = ?;
2021-12-17 22:57:36.272 [DEBUG] com.jawe.system.mapper.MyUserDetailsServiceMapper.findByPhoneNumber - ==> Parameters: admin(String)
2021-12-17 22:57:36.273 [DEBUG] com.jawe.system.mapper.MyUserDetailsServiceMapper.findByPhoneNumber - <==      Total: 1
2021-12-17 22:57:36.273 [DEBUG] com.jawe.system.mapper.MyUserDetailsServiceMapper.findRole - ==>  Preparing: SELECT role_code FROM role r LEFT JOIN user_role ur ON r.id = ur.role_id LEFT JOIN user u ON u.id = ur.user_id WHERE u.username = ?
2021-12-17 22:57:36.274 [DEBUG] com.jawe.system.mapper.MyUserDetailsServiceMapper.findRole - ==> Parameters: admin(String)
2021-12-17 22:57:36.275 [DEBUG] com.jawe.system.mapper.MyUserDetailsServiceMapper.findRole - <==      Total: 1
2021-12-17 22:57:36.276 [DEBUG] com.jawe.system.mapper.MyUserDetailsServiceMapper.findAuthorityByRoleCodes - ==>  Preparing: SELECT DISTINCT url FROM api m LEFT JOIN role_api rm ON m.id = rm.api_id LEFT JOIN role r ON r.id = rm.role_id WHERE r.role_code IN ( ? )
2021-12-17 22:57:36.276 [DEBUG] com.jawe.system.mapper.MyUserDetailsServiceMapper.findAuthorityByRoleCodes - ==> Parameters: admin(String)
2021-12-17 22:57:36.278 [DEBUG] com.jawe.system.mapper.MyUserDetailsServiceMapper.findAuthorityByRoleCodes - <==      Total: 4
2021-12-17 22:57:36.281 [DEBUG] com.jawe.system.mapper.UserMapper.currentUser - ==>  Preparing: select * from user where username = ?
2021-12-17 22:57:36.281 [DEBUG] com.jawe.system.mapper.UserMapper.currentUser - ==> Parameters: admin(String)
2021-12-17 22:57:36.282 [DEBUG] com.jawe.system.mapper.UserMapper.currentUser - <==      Total: 1
2021-12-17 22:57:39.503 [DEBUG] com.jawe.system.mapper.MyUserDetailsServiceMapper.findByPhoneNumber - ==>  Preparing: SELECT username,password,enable from user u where u.username = ?;
2021-12-17 22:57:39.503 [DEBUG] com.jawe.system.mapper.MyUserDetailsServiceMapper.findByPhoneNumber - ==> Parameters: admin(String)
2021-12-17 22:57:39.504 [DEBUG] com.jawe.system.mapper.MyUserDetailsServiceMapper.findByPhoneNumber - <==      Total: 1
2021-12-17 22:57:39.505 [DEBUG] com.jawe.system.mapper.MyUserDetailsServiceMapper.findRole - ==>  Preparing: SELECT role_code FROM role r LEFT JOIN user_role ur ON r.id = ur.role_id LEFT JOIN user u ON u.id = ur.user_id WHERE u.username = ?
2021-12-17 22:57:39.505 [DEBUG] com.jawe.system.mapper.MyUserDetailsServiceMapper.findRole - ==> Parameters: admin(String)
2021-12-17 22:57:39.506 [DEBUG] com.jawe.system.mapper.MyUserDetailsServiceMapper.findRole - <==      Total: 1
2021-12-17 22:57:39.507 [DEBUG] com.jawe.system.mapper.MyUserDetailsServiceMapper.findAuthorityByRoleCodes - ==>  Preparing: SELECT DISTINCT url FROM api m LEFT JOIN role_api rm ON m.id = rm.api_id LEFT JOIN role r ON r.id = rm.role_id WHERE r.role_code IN ( ? )
2021-12-17 22:57:39.507 [DEBUG] com.jawe.system.mapper.MyUserDetailsServiceMapper.findAuthorityByRoleCodes - ==> Parameters: admin(String)
2021-12-17 22:57:39.509 [DEBUG] com.jawe.system.mapper.MyUserDetailsServiceMapper.findAuthorityByRoleCodes - <==      Total: 4
2021-12-17 22:57:39.568 [DEBUG] com.jawe.system.mapper.GoodsMapper.findGoodsPage_mpCount - ==>  Preparing: SELECT COUNT(1) FROM `goods` g
2021-12-17 22:57:39.568 [DEBUG] com.jawe.system.mapper.GoodsMapper.findGoodsPage_mpCount - ==> Parameters: 
2021-12-17 22:57:39.578 [DEBUG] com.jawe.system.mapper.GoodsMapper.findGoodsPage_mpCount - <==      Total: 1
2021-12-17 22:57:39.583 [DEBUG] com.jawe.system.mapper.GoodsMapper.findGoodsPage - ==>  Preparing: select g.* from `goods` g LIMIT ?
2021-12-17 22:57:39.583 [DEBUG] com.jawe.system.mapper.GoodsMapper.findGoodsPage - ==> Parameters: 7(Long)
2021-12-17 22:57:39.587 [DEBUG] com.jawe.system.mapper.GoodsMapper.findGoodsPage - <==      Total: 7
2021-12-17 22:57:43.026 [DEBUG] com.jawe.system.mapper.MyUserDetailsServiceMapper.findByPhoneNumber - ==>  Preparing: SELECT username,password,enable from user u where u.username = ?;
2021-12-17 22:57:43.027 [DEBUG] com.jawe.system.mapper.MyUserDetailsServiceMapper.findByPhoneNumber - ==> Parameters: admin(String)
2021-12-17 22:57:43.028 [DEBUG] com.jawe.system.mapper.MyUserDetailsServiceMapper.findByPhoneNumber - <==      Total: 1
2021-12-17 22:57:43.028 [DEBUG] com.jawe.system.mapper.MyUserDetailsServiceMapper.findRole - ==>  Preparing: SELECT role_code FROM role r LEFT JOIN user_role ur ON r.id = ur.role_id LEFT JOIN user u ON u.id = ur.user_id WHERE u.username = ?
2021-12-17 22:57:43.028 [DEBUG] com.jawe.system.mapper.MyUserDetailsServiceMapper.findRole - ==> Parameters: admin(String)
2021-12-17 22:57:43.029 [DEBUG] com.jawe.system.mapper.MyUserDetailsServiceMapper.findRole - <==      Total: 1
2021-12-17 22:57:43.030 [DEBUG] com.jawe.system.mapper.MyUserDetailsServiceMapper.findAuthorityByRoleCodes - ==>  Preparing: SELECT DISTINCT url FROM api m LEFT JOIN role_api rm ON m.id = rm.api_id LEFT JOIN role r ON r.id = rm.role_id WHERE r.role_code IN ( ? )
2021-12-17 22:57:43.030 [DEBUG] com.jawe.system.mapper.MyUserDetailsServiceMapper.findAuthorityByRoleCodes - ==> Parameters: admin(String)
2021-12-17 22:57:43.031 [DEBUG] com.jawe.system.mapper.MyUserDetailsServiceMapper.findAuthorityByRoleCodes - <==      Total: 4
2021-12-17 22:57:43.037 [DEBUG] com.jawe.system.mapper.UserMapper.findUserPage_mpCount - ==>  Preparing: SELECT COUNT(1) FROM `user` u
2021-12-17 22:57:43.037 [DEBUG] com.jawe.system.mapper.UserMapper.findUserPage_mpCount - ==> Parameters: 
2021-12-17 22:57:43.038 [DEBUG] com.jawe.system.mapper.UserMapper.findUserPage_mpCount - <==      Total: 1
2021-12-17 22:57:43.039 [DEBUG] com.jawe.system.mapper.UserMapper.findUserPage - ==>  Preparing: select u.* from `user` u LIMIT ?
2021-12-17 22:57:43.039 [DEBUG] com.jawe.system.mapper.UserMapper.findUserPage - ==> Parameters: 7(Long)
2021-12-17 22:57:43.042 [DEBUG] com.jawe.system.mapper.UserMapper.findUserPage - <==      Total: 7
2021-12-17 22:57:44.156 [DEBUG] com.jawe.system.mapper.MyUserDetailsServiceMapper.findByPhoneNumber - ==>  Preparing: SELECT username,password,enable from user u where u.username = ?;
2021-12-17 22:57:44.157 [DEBUG] com.jawe.system.mapper.MyUserDetailsServiceMapper.findByPhoneNumber - ==> Parameters: admin(String)
2021-12-17 22:57:44.158 [DEBUG] com.jawe.system.mapper.MyUserDetailsServiceMapper.findByPhoneNumber - <==      Total: 1
2021-12-17 22:57:44.159 [DEBUG] com.jawe.system.mapper.MyUserDetailsServiceMapper.findRole - ==>  Preparing: SELECT role_code FROM role r LEFT JOIN user_role ur ON r.id = ur.role_id LEFT JOIN user u ON u.id = ur.user_id WHERE u.username = ?
2021-12-17 22:57:44.159 [DEBUG] com.jawe.system.mapper.MyUserDetailsServiceMapper.findRole - ==> Parameters: admin(String)
2021-12-17 22:57:44.160 [DEBUG] com.jawe.system.mapper.MyUserDetailsServiceMapper.findRole - <==      Total: 1
2021-12-17 22:57:44.161 [DEBUG] com.jawe.system.mapper.MyUserDetailsServiceMapper.findAuthorityByRoleCodes - ==>  Preparing: SELECT DISTINCT url FROM api m LEFT JOIN role_api rm ON m.id = rm.api_id LEFT JOIN role r ON r.id = rm.role_id WHERE r.role_code IN ( ? )
2021-12-17 22:57:44.162 [DEBUG] com.jawe.system.mapper.MyUserDetailsServiceMapper.findAuthorityByRoleCodes - ==> Parameters: admin(String)
2021-12-17 22:57:44.163 [DEBUG] com.jawe.system.mapper.MyUserDetailsServiceMapper.findAuthorityByRoleCodes - <==      Total: 4
2021-12-17 22:57:45.069 [DEBUG] com.jawe.system.mapper.MyUserDetailsServiceMapper.findByPhoneNumber - ==>  Preparing: SELECT username,password,enable from user u where u.username = ?;
2021-12-17 22:57:45.069 [DEBUG] com.jawe.system.mapper.MyUserDetailsServiceMapper.findByPhoneNumber - ==> Parameters: admin(String)
2021-12-17 22:57:45.070 [DEBUG] com.jawe.system.mapper.MyUserDetailsServiceMapper.findByPhoneNumber - <==      Total: 1
2021-12-17 22:57:45.071 [DEBUG] com.jawe.system.mapper.MyUserDetailsServiceMapper.findRole - ==>  Preparing: SELECT role_code FROM role r LEFT JOIN user_role ur ON r.id = ur.role_id LEFT JOIN user u ON u.id = ur.user_id WHERE u.username = ?
2021-12-17 22:57:45.071 [DEBUG] com.jawe.system.mapper.MyUserDetailsServiceMapper.findRole - ==> Parameters: admin(String)
2021-12-17 22:57:45.072 [DEBUG] com.jawe.system.mapper.MyUserDetailsServiceMapper.findRole - <==      Total: 1
2021-12-17 22:57:45.072 [DEBUG] com.jawe.system.mapper.MyUserDetailsServiceMapper.findAuthorityByRoleCodes - ==>  Preparing: SELECT DISTINCT url FROM api m LEFT JOIN role_api rm ON m.id = rm.api_id LEFT JOIN role r ON r.id = rm.role_id WHERE r.role_code IN ( ? )
2021-12-17 22:57:45.073 [DEBUG] com.jawe.system.mapper.MyUserDetailsServiceMapper.findAuthorityByRoleCodes - ==> Parameters: admin(String)
2021-12-17 22:57:45.074 [DEBUG] com.jawe.system.mapper.MyUserDetailsServiceMapper.findAuthorityByRoleCodes - <==      Total: 4
2021-12-17 22:57:45.077 [DEBUG] com.jawe.system.mapper.UserMapper.findUserPage_mpCount - ==>  Preparing: SELECT COUNT(1) FROM `user` u
2021-12-17 22:57:45.078 [DEBUG] com.jawe.system.mapper.UserMapper.findUserPage_mpCount - ==> Parameters: 
2021-12-17 22:57:45.079 [DEBUG] com.jawe.system.mapper.UserMapper.findUserPage_mpCount - <==      Total: 1
2021-12-17 22:57:45.079 [DEBUG] com.jawe.system.mapper.UserMapper.findUserPage - ==>  Preparing: select u.* from `user` u LIMIT ?
2021-12-17 22:57:45.080 [DEBUG] com.jawe.system.mapper.UserMapper.findUserPage - ==> Parameters: 7(Long)
2021-12-17 22:57:45.081 [DEBUG] com.jawe.system.mapper.UserMapper.findUserPage - <==      Total: 7
2021-12-17 22:57:49.699 [DEBUG] com.jawe.system.mapper.MyUserDetailsServiceMapper.findByPhoneNumber - ==>  Preparing: SELECT username,password,enable from user u where u.username = ?;
2021-12-17 22:57:49.699 [DEBUG] com.jawe.system.mapper.MyUserDetailsServiceMapper.findByPhoneNumber - ==> Parameters: admin(String)
2021-12-17 22:57:49.700 [DEBUG] com.jawe.system.mapper.MyUserDetailsServiceMapper.findByPhoneNumber - <==      Total: 1
2021-12-17 22:57:49.701 [DEBUG] com.jawe.system.mapper.MyUserDetailsServiceMapper.findRole - ==>  Preparing: SELECT role_code FROM role r LEFT JOIN user_role ur ON r.id = ur.role_id LEFT JOIN user u ON u.id = ur.user_id WHERE u.username = ?
2021-12-17 22:57:49.701 [DEBUG] com.jawe.system.mapper.MyUserDetailsServiceMapper.findRole - ==> Parameters: admin(String)
2021-12-17 22:57:49.702 [DEBUG] com.jawe.system.mapper.MyUserDetailsServiceMapper.findRole - <==      Total: 1
2021-12-17 22:57:49.702 [DEBUG] com.jawe.system.mapper.MyUserDetailsServiceMapper.findAuthorityByRoleCodes - ==>  Preparing: SELECT DISTINCT url FROM api m LEFT JOIN role_api rm ON m.id = rm.api_id LEFT JOIN role r ON r.id = rm.role_id WHERE r.role_code IN ( ? )
2021-12-17 22:57:49.702 [DEBUG] com.jawe.system.mapper.MyUserDetailsServiceMapper.findAuthorityByRoleCodes - ==> Parameters: admin(String)
2021-12-17 22:57:49.703 [DEBUG] com.jawe.system.mapper.MyUserDetailsServiceMapper.findAuthorityByRoleCodes - <==      Total: 4
2021-12-17 22:57:54.243 [DEBUG] com.jawe.system.mapper.MyUserDetailsServiceMapper.findByPhoneNumber - ==>  Preparing: SELECT username,password,enable from user u where u.username = ?;
2021-12-17 22:57:54.243 [DEBUG] com.jawe.system.mapper.MyUserDetailsServiceMapper.findByPhoneNumber - ==> Parameters: admin(String)
2021-12-17 22:57:54.244 [DEBUG] com.jawe.system.mapper.MyUserDetailsServiceMapper.findByPhoneNumber - <==      Total: 1
2021-12-17 22:57:54.245 [DEBUG] com.jawe.system.mapper.MyUserDetailsServiceMapper.findRole - ==>  Preparing: SELECT role_code FROM role r LEFT JOIN user_role ur ON r.id = ur.role_id LEFT JOIN user u ON u.id = ur.user_id WHERE u.username = ?
2021-12-17 22:57:54.245 [DEBUG] com.jawe.system.mapper.MyUserDetailsServiceMapper.findRole - ==> Parameters: admin(String)
2021-12-17 22:57:54.246 [DEBUG] com.jawe.system.mapper.MyUserDetailsServiceMapper.findRole - <==      Total: 1
2021-12-17 22:57:54.247 [DEBUG] com.jawe.system.mapper.MyUserDetailsServiceMapper.findAuthorityByRoleCodes - ==>  Preparing: SELECT DISTINCT url FROM api m LEFT JOIN role_api rm ON m.id = rm.api_id LEFT JOIN role r ON r.id = rm.role_id WHERE r.role_code IN ( ? )
2021-12-17 22:57:54.247 [DEBUG] com.jawe.system.mapper.MyUserDetailsServiceMapper.findAuthorityByRoleCodes - ==> Parameters: admin(String)
2021-12-17 22:57:54.248 [DEBUG] com.jawe.system.mapper.MyUserDetailsServiceMapper.findAuthorityByRoleCodes - <==      Total: 4
2021-12-17 22:57:54.250 [DEBUG] com.jawe.system.mapper.GoodsMapper.findGoodsPage_mpCount - ==>  Preparing: SELECT COUNT(1) FROM `goods` g
2021-12-17 22:57:54.251 [DEBUG] com.jawe.system.mapper.GoodsMapper.findGoodsPage_mpCount - ==> Parameters: 
2021-12-17 22:57:54.252 [DEBUG] com.jawe.system.mapper.GoodsMapper.findGoodsPage_mpCount - <==      Total: 1
2021-12-17 22:57:54.253 [DEBUG] com.jawe.system.mapper.GoodsMapper.findGoodsPage - ==>  Preparing: select g.* from `goods` g LIMIT ?
2021-12-17 22:57:54.253 [DEBUG] com.jawe.system.mapper.GoodsMapper.findGoodsPage - ==> Parameters: 7(Long)
2021-12-17 22:57:54.255 [DEBUG] com.jawe.system.mapper.GoodsMapper.findGoodsPage - <==      Total: 7
2021-12-17 23:03:57.207 [DEBUG] com.jawe.system.mapper.MyUserDetailsServiceMapper.findByPhoneNumber - ==>  Preparing: SELECT username,password,enable from user u where u.username = ?;
2021-12-17 23:03:57.208 [DEBUG] com.jawe.system.mapper.MyUserDetailsServiceMapper.findByPhoneNumber - ==> Parameters: admin(String)
2021-12-17 23:03:57.210 [DEBUG] com.jawe.system.mapper.MyUserDetailsServiceMapper.findByPhoneNumber - <==      Total: 1
2021-12-17 23:03:57.211 [DEBUG] com.jawe.system.mapper.MyUserDetailsServiceMapper.findRole - ==>  Preparing: SELECT role_code FROM role r LEFT JOIN user_role ur ON r.id = ur.role_id LEFT JOIN user u ON u.id = ur.user_id WHERE u.username = ?
2021-12-17 23:03:57.211 [DEBUG] com.jawe.system.mapper.MyUserDetailsServiceMapper.findRole - ==> Parameters: admin(String)
2021-12-17 23:03:57.213 [DEBUG] com.jawe.system.mapper.MyUserDetailsServiceMapper.findRole - <==      Total: 1
2021-12-17 23:03:57.215 [DEBUG] com.jawe.system.mapper.MyUserDetailsServiceMapper.findAuthorityByRoleCodes - ==>  Preparing: SELECT DISTINCT url FROM api m LEFT JOIN role_api rm ON m.id = rm.api_id LEFT JOIN role r ON r.id = rm.role_id WHERE r.role_code IN ( ? )
2021-12-17 23:03:57.215 [DEBUG] com.jawe.system.mapper.MyUserDetailsServiceMapper.findAuthorityByRoleCodes - ==> Parameters: admin(String)
2021-12-17 23:03:57.218 [DEBUG] com.jawe.system.mapper.MyUserDetailsServiceMapper.findAuthorityByRoleCodes - <==      Total: 4
2021-12-17 23:03:57.222 [DEBUG] com.jawe.system.mapper.UserMapper.currentUser - ==>  Preparing: select * from user where username = ?
2021-12-17 23:03:57.222 [DEBUG] com.jawe.system.mapper.UserMapper.currentUser - ==> Parameters: admin(String)
2021-12-17 23:03:57.224 [DEBUG] com.jawe.system.mapper.UserMapper.currentUser - <==      Total: 1
2021-12-17 23:03:58.464 [DEBUG] com.jawe.system.mapper.MyUserDetailsServiceMapper.findByPhoneNumber - ==>  Preparing: SELECT username,password,enable from user u where u.username = ?;
2021-12-17 23:03:58.465 [DEBUG] com.jawe.system.mapper.MyUserDetailsServiceMapper.findByPhoneNumber - ==> Parameters: admin(String)
2021-12-17 23:03:58.467 [DEBUG] com.jawe.system.mapper.MyUserDetailsServiceMapper.findByPhoneNumber - <==      Total: 1
2021-12-17 23:03:58.468 [DEBUG] com.jawe.system.mapper.MyUserDetailsServiceMapper.findRole - ==>  Preparing: SELECT role_code FROM role r LEFT JOIN user_role ur ON r.id = ur.role_id LEFT JOIN user u ON u.id = ur.user_id WHERE u.username = ?
2021-12-17 23:03:58.468 [DEBUG] com.jawe.system.mapper.MyUserDetailsServiceMapper.findRole - ==> Parameters: admin(String)
2021-12-17 23:03:58.469 [DEBUG] com.jawe.system.mapper.MyUserDetailsServiceMapper.findRole - <==      Total: 1
2021-12-17 23:03:58.470 [DEBUG] com.jawe.system.mapper.MyUserDetailsServiceMapper.findAuthorityByRoleCodes - ==>  Preparing: SELECT DISTINCT url FROM api m LEFT JOIN role_api rm ON m.id = rm.api_id LEFT JOIN role r ON r.id = rm.role_id WHERE r.role_code IN ( ? )
2021-12-17 23:03:58.471 [DEBUG] com.jawe.system.mapper.MyUserDetailsServiceMapper.findAuthorityByRoleCodes - ==> Parameters: admin(String)
2021-12-17 23:03:58.472 [DEBUG] com.jawe.system.mapper.MyUserDetailsServiceMapper.findAuthorityByRoleCodes - <==      Total: 4
2021-12-17 23:03:58.476 [DEBUG] com.jawe.system.mapper.GoodsMapper.findGoodsPage_mpCount - ==>  Preparing: SELECT COUNT(1) FROM `goods` g
2021-12-17 23:03:58.476 [DEBUG] com.jawe.system.mapper.GoodsMapper.findGoodsPage_mpCount - ==> Parameters: 
2021-12-17 23:03:58.478 [DEBUG] com.jawe.system.mapper.GoodsMapper.findGoodsPage_mpCount - <==      Total: 1
2021-12-17 23:03:58.479 [DEBUG] com.jawe.system.mapper.GoodsMapper.findGoodsPage - ==>  Preparing: select g.* from `goods` g LIMIT ?
2021-12-17 23:03:58.479 [DEBUG] com.jawe.system.mapper.GoodsMapper.findGoodsPage - ==> Parameters: 7(Long)
2021-12-17 23:03:58.484 [DEBUG] com.jawe.system.mapper.GoodsMapper.findGoodsPage - <==      Total: 7
