2022-04-29 08:39:31.038 [HikariPool-1 housekeeper] WARN  com.zaxxer.hikari.pool.HikariPool - HikariPool-1 - Thread starvation or clock leap detected (housekeeper delta=10h22m9s338ms254µs401ns).
2022-04-29 11:33:08.802 [main] WARN  org.mybatis.spring.mapper.ClassPathMapperScanner - Skipping MapperFactoryBean with name 'addressMapper' and 'com.jawe.system.mapper.AddressMapper' mapperInterface. Bean already defined with the same name!
2022-04-29 11:33:08.802 [main] WARN  org.mybatis.spring.mapper.ClassPathMapperScanner - Skipping MapperFactoryBean with name 'apiMapper' and 'com.jawe.system.mapper.ApiMapper' mapperInterface. Bean already defined with the same name!
2022-04-29 11:33:08.803 [main] WARN  org.mybatis.spring.mapper.ClassPathMapperScanner - Skipping MapperFactoryBean with name 'cartMapper' and 'com.jawe.system.mapper.CartMapper' mapperInterface. Bean already defined with the same name!
2022-04-29 11:33:08.803 [main] WARN  org.mybatis.spring.mapper.ClassPathMapperScanner - Skipping MapperFactoryBean with name 'commentMapper' and 'com.jawe.system.mapper.CommentMapper' mapperInterface. Bean already defined with the same name!
2022-04-29 11:33:08.804 [main] WARN  org.mybatis.spring.mapper.ClassPathMapperScanner - Skipping MapperFactoryBean with name 'departmentMapper' and 'com.jawe.system.mapper.DepartmentMapper' mapperInterface. Bean already defined with the same name!
2022-04-29 11:33:08.804 [main] WARN  org.mybatis.spring.mapper.ClassPathMapperScanner - Skipping MapperFactoryBean with name 'goodsCategoryMapper' and 'com.jawe.system.mapper.GoodsCategoryMapper' mapperInterface. Bean already defined with the same name!
2022-04-29 11:33:08.805 [main] WARN  org.mybatis.spring.mapper.ClassPathMapperScanner - Skipping MapperFactoryBean with name 'goodsCollectionMapper' and 'com.jawe.system.mapper.GoodsCollectionMapper' mapperInterface. Bean already defined with the same name!
2022-04-29 11:33:08.805 [main] WARN  org.mybatis.spring.mapper.ClassPathMapperScanner - Skipping MapperFactoryBean with name 'goodsMapper' and 'com.jawe.system.mapper.GoodsMapper' mapperInterface. Bean already defined with the same name!
2022-04-29 11:33:08.806 [main] WARN  org.mybatis.spring.mapper.ClassPathMapperScanner - Skipping MapperFactoryBean with name 'insetMapper' and 'com.jawe.system.mapper.InsetMapper' mapperInterface. Bean already defined with the same name!
2022-04-29 11:33:08.806 [main] WARN  org.mybatis.spring.mapper.ClassPathMapperScanner - Skipping MapperFactoryBean with name 'menuMapper' and 'com.jawe.system.mapper.MenuMapper' mapperInterface. Bean already defined with the same name!
2022-04-29 11:33:08.806 [main] WARN  org.mybatis.spring.mapper.ClassPathMapperScanner - Skipping MapperFactoryBean with name 'myUserDetailsServiceMapper' and 'com.jawe.system.mapper.MyUserDetailsServiceMapper' mapperInterface. Bean already defined with the same name!
2022-04-29 11:33:08.807 [main] WARN  org.mybatis.spring.mapper.ClassPathMapperScanner - Skipping MapperFactoryBean with name 'orderMapper' and 'com.jawe.system.mapper.OrderMapper' mapperInterface. Bean already defined with the same name!
2022-04-29 11:33:08.807 [main] WARN  org.mybatis.spring.mapper.ClassPathMapperScanner - Skipping MapperFactoryBean with name 'roleMapper' and 'com.jawe.system.mapper.RoleMapper' mapperInterface. Bean already defined with the same name!
2022-04-29 11:33:08.807 [main] WARN  org.mybatis.spring.mapper.ClassPathMapperScanner - Skipping MapperFactoryBean with name 'stockMapper' and 'com.jawe.system.mapper.StockMapper' mapperInterface. Bean already defined with the same name!
2022-04-29 11:33:08.807 [main] WARN  org.mybatis.spring.mapper.ClassPathMapperScanner - Skipping MapperFactoryBean with name 'stockOrderMapper' and 'com.jawe.system.mapper.StockOrderMapper' mapperInterface. Bean already defined with the same name!
2022-04-29 11:33:08.808 [main] WARN  org.mybatis.spring.mapper.ClassPathMapperScanner - Skipping MapperFactoryBean with name 'userMapper' and 'com.jawe.system.mapper.UserMapper' mapperInterface. Bean already defined with the same name!
2022-04-29 11:33:08.809 [main] WARN  org.mybatis.spring.mapper.ClassPathMapperScanner - No MyBatis mapper was found in '[com.jawe.system.mapper]' package. Please check your configuration.
2022-04-29 11:33:10.051 [main] WARN  c.b.mybatisplus.core.metadata.TableInfoHelper - Can not find table primary key in Class: "com.jawe.system.entity.Department".
2022-04-29 12:26:02.522 [main] WARN  org.mybatis.spring.mapper.ClassPathMapperScanner - Skipping MapperFactoryBean with name 'addressMapper' and 'com.jawe.system.mapper.AddressMapper' mapperInterface. Bean already defined with the same name!
2022-04-29 12:26:02.523 [main] WARN  org.mybatis.spring.mapper.ClassPathMapperScanner - Skipping MapperFactoryBean with name 'apiMapper' and 'com.jawe.system.mapper.ApiMapper' mapperInterface. Bean already defined with the same name!
2022-04-29 12:26:02.523 [main] WARN  org.mybatis.spring.mapper.ClassPathMapperScanner - Skipping MapperFactoryBean with name 'cartMapper' and 'com.jawe.system.mapper.CartMapper' mapperInterface. Bean already defined with the same name!
2022-04-29 12:26:02.524 [main] WARN  org.mybatis.spring.mapper.ClassPathMapperScanner - Skipping MapperFactoryBean with name 'commentMapper' and 'com.jawe.system.mapper.CommentMapper' mapperInterface. Bean already defined with the same name!
2022-04-29 12:26:02.527 [main] WARN  org.mybatis.spring.mapper.ClassPathMapperScanner - Skipping MapperFactoryBean with name 'departmentMapper' and 'com.jawe.system.mapper.DepartmentMapper' mapperInterface. Bean already defined with the same name!
2022-04-29 12:26:02.528 [main] WARN  org.mybatis.spring.mapper.ClassPathMapperScanner - Skipping MapperFactoryBean with name 'goodsCategoryMapper' and 'com.jawe.system.mapper.GoodsCategoryMapper' mapperInterface. Bean already defined with the same name!
2022-04-29 12:26:02.530 [main] WARN  org.mybatis.spring.mapper.ClassPathMapperScanner - Skipping MapperFactoryBean with name 'goodsCollectionMapper' and 'com.jawe.system.mapper.GoodsCollectionMapper' mapperInterface. Bean already defined with the same name!
2022-04-29 12:26:02.530 [main] WARN  org.mybatis.spring.mapper.ClassPathMapperScanner - Skipping MapperFactoryBean with name 'goodsMapper' and 'com.jawe.system.mapper.GoodsMapper' mapperInterface. Bean already defined with the same name!
2022-04-29 12:26:02.531 [main] WARN  org.mybatis.spring.mapper.ClassPathMapperScanner - Skipping MapperFactoryBean with name 'insetMapper' and 'com.jawe.system.mapper.InsetMapper' mapperInterface. Bean already defined with the same name!
2022-04-29 12:26:02.532 [main] WARN  org.mybatis.spring.mapper.ClassPathMapperScanner - Skipping MapperFactoryBean with name 'menuMapper' and 'com.jawe.system.mapper.MenuMapper' mapperInterface. Bean already defined with the same name!
2022-04-29 12:26:02.532 [main] WARN  org.mybatis.spring.mapper.ClassPathMapperScanner - Skipping MapperFactoryBean with name 'myUserDetailsServiceMapper' and 'com.jawe.system.mapper.MyUserDetailsServiceMapper' mapperInterface. Bean already defined with the same name!
2022-04-29 12:26:02.532 [main] WARN  org.mybatis.spring.mapper.ClassPathMapperScanner - Skipping MapperFactoryBean with name 'orderMapper' and 'com.jawe.system.mapper.OrderMapper' mapperInterface. Bean already defined with the same name!
2022-04-29 12:26:02.533 [main] WARN  org.mybatis.spring.mapper.ClassPathMapperScanner - Skipping MapperFactoryBean with name 'roleMapper' and 'com.jawe.system.mapper.RoleMapper' mapperInterface. Bean already defined with the same name!
2022-04-29 12:26:02.533 [main] WARN  org.mybatis.spring.mapper.ClassPathMapperScanner - Skipping MapperFactoryBean with name 'stockMapper' and 'com.jawe.system.mapper.StockMapper' mapperInterface. Bean already defined with the same name!
2022-04-29 12:26:02.533 [main] WARN  org.mybatis.spring.mapper.ClassPathMapperScanner - Skipping MapperFactoryBean with name 'stockOrderMapper' and 'com.jawe.system.mapper.StockOrderMapper' mapperInterface. Bean already defined with the same name!
2022-04-29 12:26:02.533 [main] WARN  org.mybatis.spring.mapper.ClassPathMapperScanner - Skipping MapperFactoryBean with name 'userMapper' and 'com.jawe.system.mapper.UserMapper' mapperInterface. Bean already defined with the same name!
2022-04-29 12:26:02.534 [main] WARN  org.mybatis.spring.mapper.ClassPathMapperScanner - No MyBatis mapper was found in '[com.jawe.system.mapper]' package. Please check your configuration.
2022-04-29 12:26:03.789 [main] WARN  c.b.mybatisplus.core.metadata.TableInfoHelper - Can not find table primary key in Class: "com.jawe.system.entity.Department".
2022-04-29 12:43:44.360 [main] WARN  org.mybatis.spring.mapper.ClassPathMapperScanner - Skipping MapperFactoryBean with name 'addressMapper' and 'com.jawe.system.mapper.AddressMapper' mapperInterface. Bean already defined with the same name!
2022-04-29 12:43:44.361 [main] WARN  org.mybatis.spring.mapper.ClassPathMapperScanner - Skipping MapperFactoryBean with name 'apiMapper' and 'com.jawe.system.mapper.ApiMapper' mapperInterface. Bean already defined with the same name!
2022-04-29 12:43:44.361 [main] WARN  org.mybatis.spring.mapper.ClassPathMapperScanner - Skipping MapperFactoryBean with name 'cartMapper' and 'com.jawe.system.mapper.CartMapper' mapperInterface. Bean already defined with the same name!
2022-04-29 12:43:44.361 [main] WARN  org.mybatis.spring.mapper.ClassPathMapperScanner - Skipping MapperFactoryBean with name 'commentMapper' and 'com.jawe.system.mapper.CommentMapper' mapperInterface. Bean already defined with the same name!
2022-04-29 12:43:44.362 [main] WARN  org.mybatis.spring.mapper.ClassPathMapperScanner - Skipping MapperFactoryBean with name 'departmentMapper' and 'com.jawe.system.mapper.DepartmentMapper' mapperInterface. Bean already defined with the same name!
2022-04-29 12:43:44.362 [main] WARN  org.mybatis.spring.mapper.ClassPathMapperScanner - Skipping MapperFactoryBean with name 'goodsCategoryMapper' and 'com.jawe.system.mapper.GoodsCategoryMapper' mapperInterface. Bean already defined with the same name!
2022-04-29 12:43:44.362 [main] WARN  org.mybatis.spring.mapper.ClassPathMapperScanner - Skipping MapperFactoryBean with name 'goodsCollectionMapper' and 'com.jawe.system.mapper.GoodsCollectionMapper' mapperInterface. Bean already defined with the same name!
2022-04-29 12:43:44.362 [main] WARN  org.mybatis.spring.mapper.ClassPathMapperScanner - Skipping MapperFactoryBean with name 'goodsMapper' and 'com.jawe.system.mapper.GoodsMapper' mapperInterface. Bean already defined with the same name!
2022-04-29 12:43:44.362 [main] WARN  org.mybatis.spring.mapper.ClassPathMapperScanner - Skipping MapperFactoryBean with name 'insetMapper' and 'com.jawe.system.mapper.InsetMapper' mapperInterface. Bean already defined with the same name!
2022-04-29 12:43:44.363 [main] WARN  org.mybatis.spring.mapper.ClassPathMapperScanner - Skipping MapperFactoryBean with name 'menuMapper' and 'com.jawe.system.mapper.MenuMapper' mapperInterface. Bean already defined with the same name!
2022-04-29 12:43:44.363 [main] WARN  org.mybatis.spring.mapper.ClassPathMapperScanner - Skipping MapperFactoryBean with name 'myUserDetailsServiceMapper' and 'com.jawe.system.mapper.MyUserDetailsServiceMapper' mapperInterface. Bean already defined with the same name!
2022-04-29 12:43:44.363 [main] WARN  org.mybatis.spring.mapper.ClassPathMapperScanner - Skipping MapperFactoryBean with name 'orderMapper' and 'com.jawe.system.mapper.OrderMapper' mapperInterface. Bean already defined with the same name!
2022-04-29 12:43:44.363 [main] WARN  org.mybatis.spring.mapper.ClassPathMapperScanner - Skipping MapperFactoryBean with name 'roleMapper' and 'com.jawe.system.mapper.RoleMapper' mapperInterface. Bean already defined with the same name!
2022-04-29 12:43:44.363 [main] WARN  org.mybatis.spring.mapper.ClassPathMapperScanner - Skipping MapperFactoryBean with name 'stockMapper' and 'com.jawe.system.mapper.StockMapper' mapperInterface. Bean already defined with the same name!
2022-04-29 12:43:44.363 [main] WARN  org.mybatis.spring.mapper.ClassPathMapperScanner - Skipping MapperFactoryBean with name 'stockOrderMapper' and 'com.jawe.system.mapper.StockOrderMapper' mapperInterface. Bean already defined with the same name!
2022-04-29 12:43:44.364 [main] WARN  org.mybatis.spring.mapper.ClassPathMapperScanner - Skipping MapperFactoryBean with name 'userMapper' and 'com.jawe.system.mapper.UserMapper' mapperInterface. Bean already defined with the same name!
2022-04-29 12:43:44.365 [main] WARN  org.mybatis.spring.mapper.ClassPathMapperScanner - No MyBatis mapper was found in '[com.jawe.system.mapper]' package. Please check your configuration.
2022-04-29 12:43:45.695 [main] WARN  c.b.mybatisplus.core.metadata.TableInfoHelper - Can not find table primary key in Class: "com.jawe.system.entity.Department".
