2022-01-09 14:31:07.938 [INFO ] com.jawe.DemoApplication - Starting DemoApplication using Java 1.8.0_291 on DESKTOP-A0VVV1J with PID 38144 (C:\Users\14618\Desktop\Sync\MyDemo\demo-parent\demo-base-web\target\classes started by 14618 in C:\Users\14618\Desktop\Sync\MyDemo\demo-parent)
2022-01-09 14:31:07.941 [INFO ] com.jawe.DemoApplication - No active profile set, falling back to default profiles: default
2022-01-09 14:31:12.898 [INFO ] org.springframework.data.repository.config.RepositoryConfigurationDelegate - Multiple Spring Data modules found, entering strict repository configuration mode!
2022-01-09 14:31:12.986 [INFO ] org.springframework.data.repository.config.RepositoryConfigurationDelegate - Bootstrapping Spring Data Redis repositories in DEFAULT mode.
2022-01-09 14:31:13.233 [INFO ] org.springframework.data.repository.config.RepositoryConfigurationDelegate - Finished Spring Data repository scanning in 88 ms. Found 0 Redis repository interfaces.
2022-01-09 14:31:13.759 [INFO ] org.springframework.context.support.PostProcessorRegistrationDelegate$BeanPostProcessorChecker - Bean 'org.springframework.statemachine.config.configuration.StateMachineAnnotationPostProcessorConfiguration' of type [org.springframework.statemachine.config.configuration.StateMachineAnnotationPostProcessorConfiguration$$EnhancerBySpringCGLIB$$618c6456] is not eligible for getting processed by all BeanPostProcessors (for example: not eligible for auto-proxying)
2022-01-09 14:31:13.861 [INFO ] org.springframework.context.support.PostProcessorRegistrationDelegate$BeanPostProcessorChecker - Bean 'org.springframework.security.config.annotation.configuration.ObjectPostProcessorConfiguration' of type [org.springframework.security.config.annotation.configuration.ObjectPostProcessorConfiguration$$EnhancerBySpringCGLIB$$9ea6168f] is not eligible for getting processed by all BeanPostProcessors (for example: not eligible for auto-proxying)
2022-01-09 14:31:13.977 [INFO ] org.springframework.context.support.PostProcessorRegistrationDelegate$BeanPostProcessorChecker - Bean 'objectPostProcessor' of type [org.springframework.security.config.annotation.configuration.AutowireBeanFactoryObjectPostProcessor] is not eligible for getting processed by all BeanPostProcessors (for example: not eligible for auto-proxying)
2022-01-09 14:31:13.979 [INFO ] org.springframework.context.support.PostProcessorRegistrationDelegate$BeanPostProcessorChecker - Bean 'org.springframework.security.access.expression.method.DefaultMethodSecurityExpressionHandler@7903d448' of type [org.springframework.security.access.expression.method.DefaultMethodSecurityExpressionHandler] is not eligible for getting processed by all BeanPostProcessors (for example: not eligible for auto-proxying)
2022-01-09 14:31:13.981 [INFO ] org.springframework.context.support.PostProcessorRegistrationDelegate$BeanPostProcessorChecker - Bean 'org.springframework.security.config.annotation.method.configuration.GlobalMethodSecurityConfiguration' of type [org.springframework.security.config.annotation.method.configuration.GlobalMethodSecurityConfiguration$$EnhancerBySpringCGLIB$$c37ab941] is not eligible for getting processed by all BeanPostProcessors (for example: not eligible for auto-proxying)
2022-01-09 14:31:13.984 [INFO ] org.springframework.context.support.PostProcessorRegistrationDelegate$BeanPostProcessorChecker - Bean 'methodSecurityMetadataSource' of type [org.springframework.security.access.method.DelegatingMethodSecurityMetadataSource] is not eligible for getting processed by all BeanPostProcessors (for example: not eligible for auto-proxying)
2022-01-09 14:31:14.871 [INFO ] org.springframework.boot.web.embedded.tomcat.TomcatWebServer - Tomcat initialized with port(s): 8881 (http)
2022-01-09 14:31:14.930 [INFO ] org.apache.coyote.http11.Http11NioProtocol - Initializing ProtocolHandler ["http-nio-8881"]
2022-01-09 14:31:14.931 [INFO ] org.apache.catalina.core.StandardService - Starting service [Tomcat]
2022-01-09 14:31:14.931 [INFO ] org.apache.catalina.core.StandardEngine - Starting Servlet engine: [Apache Tomcat/9.0.45]
2022-01-09 14:31:15.116 [INFO ] org.apache.catalina.core.ContainerBase.[Tomcat].[localhost].[/] - Initializing Spring embedded WebApplicationContext
2022-01-09 14:31:15.117 [INFO ] org.springframework.boot.web.servlet.context.ServletWebServerApplicationContext - Root WebApplicationContext: initialization completed in 7109 ms
2022-01-09 14:31:20.856 [INFO ] org.springframework.security.web.DefaultSecurityFilterChain - Creating filter chain: Ant [pattern='/favicon.ico', GET], []
2022-01-09 14:31:20.857 [INFO ] org.springframework.security.web.DefaultSecurityFilterChain - Creating filter chain: Ant [pattern='/**/*.png', GET], []
2022-01-09 14:31:20.857 [INFO ] org.springframework.security.web.DefaultSecurityFilterChain - Creating filter chain: Ant [pattern='/**/*.ttf', GET], []
2022-01-09 14:31:20.857 [INFO ] org.springframework.security.web.DefaultSecurityFilterChain - Creating filter chain: Ant [pattern='/*.html', GET], []
2022-01-09 14:31:20.857 [INFO ] org.springframework.security.web.DefaultSecurityFilterChain - Creating filter chain: Ant [pattern='/**/*.css', GET], []
2022-01-09 14:31:20.857 [INFO ] org.springframework.security.web.DefaultSecurityFilterChain - Creating filter chain: Ant [pattern='/**/*.js', GET], []
2022-01-09 14:31:20.951 [INFO ] org.springframework.security.web.DefaultSecurityFilterChain - Creating filter chain: any request, [org.springframework.security.web.context.request.async.WebAsyncManagerIntegrationFilter@138f0661, org.springframework.security.web.context.SecurityContextPersistenceFilter@afde064, org.springframework.security.web.header.HeaderWriterFilter@42c12b3e, org.springframework.web.filter.CorsFilter@212fafd1, org.springframework.security.web.authentication.logout.LogoutFilter@681061d6, com.jawe.conf.jwt.JwtAuthenticationTokenFilter@32d5279, org.springframework.security.web.savedrequest.RequestCacheAwareFilter@252ec02e, org.springframework.security.web.servletapi.SecurityContextHolderAwareRequestFilter@4b7ed03e, org.springframework.security.web.authentication.AnonymousAuthenticationFilter@448462f0, org.springframework.security.web.session.SessionManagementFilter@46f73ffa, org.springframework.security.web.access.ExceptionTranslationFilter@51e7589f, org.springframework.security.web.access.intercept.FilterSecurityInterceptor@2bec068b]
2022-01-09 14:31:21.017 [INFO ] springfox.documentation.spring.web.PropertySourcedRequestMappingHandlerMapping - Mapped URL path [/v2/api-docs] onto method [springfox.documentation.swagger2.web.Swagger2Controller#getDocumentation(String, HttpServletRequest)]
2022-01-09 14:31:23.568 [INFO ] org.apache.coyote.http11.Http11NioProtocol - Starting ProtocolHandler ["http-nio-8881"]
2022-01-09 14:31:23.709 [INFO ] org.springframework.boot.web.embedded.tomcat.TomcatWebServer - Tomcat started on port(s): 8881 (http) with context path ''
2022-01-09 14:31:23.711 [INFO ] springfox.documentation.spring.web.plugins.DocumentationPluginsBootstrapper - Context refreshed
2022-01-09 14:31:23.819 [INFO ] springfox.documentation.spring.web.plugins.DocumentationPluginsBootstrapper - Found 1 custom documentation plugin(s)
2022-01-09 14:31:24.031 [INFO ] springfox.documentation.spring.web.scanners.ApiListingReferenceScanner - Scanning for api listing references
2022-01-09 14:31:24.557 [INFO ] com.jawe.DemoApplication - Started DemoApplication in 17.326 seconds (JVM running for 18.498)
2022-01-09 14:31:27.658 [INFO ] org.apache.catalina.core.ContainerBase.[Tomcat].[localhost].[/] - Initializing Spring DispatcherServlet 'dispatcherServlet'
2022-01-09 14:31:28.494 [INFO ] com.zaxxer.hikari.HikariDataSource - HikariPool-1 - Starting...
2022-01-09 14:31:31.638 [INFO ] com.zaxxer.hikari.HikariDataSource - HikariPool-1 - Start completed.
2022-01-09 14:31:40.410 [INFO ] com.jawe.system.service.impl.GoodsCategoryServiceImpl - false
2022-01-09 14:31:44.410 [INFO ] com.jawe.system.service.impl.GoodsCategoryServiceImpl - false
2022-01-09 14:54:56.201 [INFO ] com.jawe.system.service.impl.GoodsCategoryServiceImpl - true
2022-01-09 16:37:39.006 [INFO ] com.jawe.system.service.impl.GoodsCategoryServiceImpl - true
2022-01-09 16:43:13.458 [INFO ] com.jawe.system.service.impl.GoodsCategoryServiceImpl - true
