2021-12-01 19:03:54.172 [INFO ] com.jawe.system.service.impl.GoodsCategoryServiceImpl - true
2021-12-01 19:06:37.233 [INFO ] com.jawe.system.service.impl.GoodsCategoryServiceImpl - false
2021-12-01 19:06:40.748 [INFO ] com.jawe.system.service.impl.GoodsCategoryServiceImpl - false
2021-12-01 19:06:51.435 [INFO ] com.jawe.system.service.impl.GoodsCategoryServiceImpl - false
2021-12-01 19:22:08.794 [INFO ] com.jawe.system.service.impl.GoodsCategoryServiceImpl - false
2021-12-01 19:45:36.171 [INFO ] com.jawe.DemoApplication - Starting DemoApplication using Java 1.8.0_291 on DESKTOP-A0VVV1J with PID 27568 (C:\Users\14618\Desktop\Sync\MyDemo\demo-parent\demo-base-web\target\classes started by 14618 in C:\Users\14618\Desktop\Sync\MyDemo\demo-parent)
2021-12-01 19:45:36.174 [INFO ] com.jawe.DemoApplication - No active profile set, falling back to default profiles: default
2021-12-01 19:45:37.276 [INFO ] org.springframework.data.repository.config.RepositoryConfigurationDelegate - Multiple Spring Data modules found, entering strict repository configuration mode!
2021-12-01 19:45:37.279 [INFO ] org.springframework.data.repository.config.RepositoryConfigurationDelegate - Bootstrapping Spring Data Redis repositories in DEFAULT mode.
2021-12-01 19:45:37.342 [INFO ] org.springframework.data.repository.config.RepositoryConfigurationDelegate - Finished Spring Data repository scanning in 41 ms. Found 0 Redis repository interfaces.
2021-12-01 19:45:37.767 [INFO ] org.springframework.context.support.PostProcessorRegistrationDelegate$BeanPostProcessorChecker - Bean 'org.springframework.security.config.annotation.configuration.ObjectPostProcessorConfiguration' of type [org.springframework.security.config.annotation.configuration.ObjectPostProcessorConfiguration$$EnhancerBySpringCGLIB$$4bf3d4cc] is not eligible for getting processed by all BeanPostProcessors (for example: not eligible for auto-proxying)
2021-12-01 19:45:37.846 [INFO ] org.springframework.context.support.PostProcessorRegistrationDelegate$BeanPostProcessorChecker - Bean 'objectPostProcessor' of type [org.springframework.security.config.annotation.configuration.AutowireBeanFactoryObjectPostProcessor] is not eligible for getting processed by all BeanPostProcessors (for example: not eligible for auto-proxying)
2021-12-01 19:45:37.849 [INFO ] org.springframework.context.support.PostProcessorRegistrationDelegate$BeanPostProcessorChecker - Bean 'org.springframework.security.access.expression.method.DefaultMethodSecurityExpressionHandler@42b6d0cc' of type [org.springframework.security.access.expression.method.DefaultMethodSecurityExpressionHandler] is not eligible for getting processed by all BeanPostProcessors (for example: not eligible for auto-proxying)
2021-12-01 19:45:37.851 [INFO ] org.springframework.context.support.PostProcessorRegistrationDelegate$BeanPostProcessorChecker - Bean 'org.springframework.security.config.annotation.method.configuration.GlobalMethodSecurityConfiguration' of type [org.springframework.security.config.annotation.method.configuration.GlobalMethodSecurityConfiguration$$EnhancerBySpringCGLIB$$70c8777e] is not eligible for getting processed by all BeanPostProcessors (for example: not eligible for auto-proxying)
2021-12-01 19:45:37.856 [INFO ] org.springframework.context.support.PostProcessorRegistrationDelegate$BeanPostProcessorChecker - Bean 'methodSecurityMetadataSource' of type [org.springframework.security.access.method.DelegatingMethodSecurityMetadataSource] is not eligible for getting processed by all BeanPostProcessors (for example: not eligible for auto-proxying)
2021-12-01 19:45:38.173 [INFO ] org.springframework.boot.web.embedded.tomcat.TomcatWebServer - Tomcat initialized with port(s): 8881 (http)
2021-12-01 19:45:38.184 [INFO ] org.apache.coyote.http11.Http11NioProtocol - Initializing ProtocolHandler ["http-nio-8881"]
2021-12-01 19:45:38.185 [INFO ] org.apache.catalina.core.StandardService - Starting service [Tomcat]
2021-12-01 19:45:38.185 [INFO ] org.apache.catalina.core.StandardEngine - Starting Servlet engine: [Apache Tomcat/9.0.45]
2021-12-01 19:45:38.307 [INFO ] org.apache.catalina.core.ContainerBase.[Tomcat].[localhost].[/] - Initializing Spring embedded WebApplicationContext
2021-12-01 19:45:38.307 [INFO ] org.springframework.boot.web.servlet.context.ServletWebServerApplicationContext - Root WebApplicationContext: initialization completed in 2076 ms
2021-12-01 19:45:40.163 [INFO ] org.springframework.security.web.DefaultSecurityFilterChain - Creating filter chain: Ant [pattern='/favicon.ico', GET], []
2021-12-01 19:45:40.163 [INFO ] org.springframework.security.web.DefaultSecurityFilterChain - Creating filter chain: Ant [pattern='/**/*.png', GET], []
2021-12-01 19:45:40.163 [INFO ] org.springframework.security.web.DefaultSecurityFilterChain - Creating filter chain: Ant [pattern='/**/*.ttf', GET], []
2021-12-01 19:45:40.163 [INFO ] org.springframework.security.web.DefaultSecurityFilterChain - Creating filter chain: Ant [pattern='/*.html', GET], []
2021-12-01 19:45:40.163 [INFO ] org.springframework.security.web.DefaultSecurityFilterChain - Creating filter chain: Ant [pattern='/**/*.css', GET], []
2021-12-01 19:45:40.163 [INFO ] org.springframework.security.web.DefaultSecurityFilterChain - Creating filter chain: Ant [pattern='/**/*.js', GET], []
2021-12-01 19:45:40.197 [INFO ] org.springframework.security.web.DefaultSecurityFilterChain - Creating filter chain: any request, [org.springframework.security.web.context.request.async.WebAsyncManagerIntegrationFilter@14b528b6, org.springframework.security.web.context.SecurityContextPersistenceFilter@5bda157e, org.springframework.security.web.header.HeaderWriterFilter@619c93ca, org.springframework.web.filter.CorsFilter@c412556, org.springframework.security.web.authentication.logout.LogoutFilter@5f8a02cf, com.jawe.conf.jwt.JwtAuthenticationTokenFilter@1fedf0a4, org.springframework.security.web.savedrequest.RequestCacheAwareFilter@21390938, org.springframework.security.web.servletapi.SecurityContextHolderAwareRequestFilter@2d28fb02, org.springframework.security.web.authentication.AnonymousAuthenticationFilter@6f930e0, org.springframework.security.web.session.SessionManagementFilter@6aa5974e, org.springframework.security.web.access.ExceptionTranslationFilter@443cdaa4, org.springframework.security.web.access.intercept.FilterSecurityInterceptor@19f02280]
2021-12-01 19:45:40.214 [INFO ] springfox.documentation.spring.web.PropertySourcedRequestMappingHandlerMapping - Mapped URL path [/v2/api-docs] onto method [springfox.documentation.swagger2.web.Swagger2Controller#getDocumentation(String, HttpServletRequest)]
2021-12-01 19:45:40.798 [INFO ] org.apache.coyote.http11.Http11NioProtocol - Starting ProtocolHandler ["http-nio-8881"]
2021-12-01 19:45:40.814 [INFO ] org.springframework.boot.web.embedded.tomcat.TomcatWebServer - Tomcat started on port(s): 8881 (http) with context path ''
2021-12-01 19:45:40.816 [INFO ] springfox.documentation.spring.web.plugins.DocumentationPluginsBootstrapper - Context refreshed
2021-12-01 19:45:40.827 [INFO ] springfox.documentation.spring.web.plugins.DocumentationPluginsBootstrapper - Found 1 custom documentation plugin(s)
2021-12-01 19:45:40.867 [INFO ] springfox.documentation.spring.web.scanners.ApiListingReferenceScanner - Scanning for api listing references
2021-12-01 19:45:41.010 [INFO ] com.jawe.DemoApplication - Started DemoApplication in 5.494 seconds (JVM running for 6.568)
