2022-05-05 01:14:43.055 [HikariPool-1 housekeeper] WARN  com.zaxxer.hikari.pool.HikariPool - HikariPool-1 - Thread starvation or clock leap detected (housekeeper delta=3h12m55s625ms263µs500ns).
2022-05-05 17:12:58.947 [main] WARN  org.mybatis.spring.mapper.ClassPathMapperScanner - Skipping MapperFactoryBean with name 'addressMapper' and 'com.jawe.system.mapper.AddressMapper' mapperInterface. Bean already defined with the same name!
2022-05-05 17:12:58.948 [main] WARN  org.mybatis.spring.mapper.ClassPathMapperScanner - Skipping MapperFactoryBean with name 'apiMapper' and 'com.jawe.system.mapper.ApiMapper' mapperInterface. Bean already defined with the same name!
2022-05-05 17:12:58.966 [main] WARN  org.mybatis.spring.mapper.ClassPathMapperScanner - Skipping MapperFactoryBean with name 'cartMapper' and 'com.jawe.system.mapper.CartMapper' mapperInterface. Bean already defined with the same name!
2022-05-05 17:12:58.966 [main] WARN  org.mybatis.spring.mapper.ClassPathMapperScanner - Skipping MapperFactoryBean with name 'commentMapper' and 'com.jawe.system.mapper.CommentMapper' mapperInterface. Bean already defined with the same name!
2022-05-05 17:12:58.966 [main] WARN  org.mybatis.spring.mapper.ClassPathMapperScanner - Skipping MapperFactoryBean with name 'departmentMapper' and 'com.jawe.system.mapper.DepartmentMapper' mapperInterface. Bean already defined with the same name!
2022-05-05 17:12:58.967 [main] WARN  org.mybatis.spring.mapper.ClassPathMapperScanner - Skipping MapperFactoryBean with name 'goodsCategoryMapper' and 'com.jawe.system.mapper.GoodsCategoryMapper' mapperInterface. Bean already defined with the same name!
2022-05-05 17:12:58.967 [main] WARN  org.mybatis.spring.mapper.ClassPathMapperScanner - Skipping MapperFactoryBean with name 'goodsCollectionMapper' and 'com.jawe.system.mapper.GoodsCollectionMapper' mapperInterface. Bean already defined with the same name!
2022-05-05 17:12:58.967 [main] WARN  org.mybatis.spring.mapper.ClassPathMapperScanner - Skipping MapperFactoryBean with name 'goodsMapper' and 'com.jawe.system.mapper.GoodsMapper' mapperInterface. Bean already defined with the same name!
2022-05-05 17:12:58.967 [main] WARN  org.mybatis.spring.mapper.ClassPathMapperScanner - Skipping MapperFactoryBean with name 'insetMapper' and 'com.jawe.system.mapper.InsetMapper' mapperInterface. Bean already defined with the same name!
2022-05-05 17:12:58.969 [main] WARN  org.mybatis.spring.mapper.ClassPathMapperScanner - Skipping MapperFactoryBean with name 'menuMapper' and 'com.jawe.system.mapper.MenuMapper' mapperInterface. Bean already defined with the same name!
2022-05-05 17:12:58.970 [main] WARN  org.mybatis.spring.mapper.ClassPathMapperScanner - Skipping MapperFactoryBean with name 'myUserDetailsServiceMapper' and 'com.jawe.system.mapper.MyUserDetailsServiceMapper' mapperInterface. Bean already defined with the same name!
2022-05-05 17:12:58.970 [main] WARN  org.mybatis.spring.mapper.ClassPathMapperScanner - Skipping MapperFactoryBean with name 'orderMapper' and 'com.jawe.system.mapper.OrderMapper' mapperInterface. Bean already defined with the same name!
2022-05-05 17:12:58.970 [main] WARN  org.mybatis.spring.mapper.ClassPathMapperScanner - Skipping MapperFactoryBean with name 'roleMapper' and 'com.jawe.system.mapper.RoleMapper' mapperInterface. Bean already defined with the same name!
2022-05-05 17:12:58.970 [main] WARN  org.mybatis.spring.mapper.ClassPathMapperScanner - Skipping MapperFactoryBean with name 'stockMapper' and 'com.jawe.system.mapper.StockMapper' mapperInterface. Bean already defined with the same name!
2022-05-05 17:12:58.970 [main] WARN  org.mybatis.spring.mapper.ClassPathMapperScanner - Skipping MapperFactoryBean with name 'stockOrderMapper' and 'com.jawe.system.mapper.StockOrderMapper' mapperInterface. Bean already defined with the same name!
2022-05-05 17:12:58.970 [main] WARN  org.mybatis.spring.mapper.ClassPathMapperScanner - Skipping MapperFactoryBean with name 'userMapper' and 'com.jawe.system.mapper.UserMapper' mapperInterface. Bean already defined with the same name!
2022-05-05 17:12:58.971 [main] WARN  org.mybatis.spring.mapper.ClassPathMapperScanner - No MyBatis mapper was found in '[com.jawe.system.mapper]' package. Please check your configuration.
2022-05-05 17:13:00.152 [main] WARN  c.b.mybatisplus.core.metadata.TableInfoHelper - Can not find table primary key in Class: "com.jawe.system.entity.Department".
2022-05-05 19:27:12.843 [main] WARN  org.mybatis.spring.mapper.ClassPathMapperScanner - Skipping MapperFactoryBean with name 'addressMapper' and 'com.jawe.system.mapper.AddressMapper' mapperInterface. Bean already defined with the same name!
2022-05-05 19:27:12.844 [main] WARN  org.mybatis.spring.mapper.ClassPathMapperScanner - Skipping MapperFactoryBean with name 'apiMapper' and 'com.jawe.system.mapper.ApiMapper' mapperInterface. Bean already defined with the same name!
2022-05-05 19:27:12.844 [main] WARN  org.mybatis.spring.mapper.ClassPathMapperScanner - Skipping MapperFactoryBean with name 'cartMapper' and 'com.jawe.system.mapper.CartMapper' mapperInterface. Bean already defined with the same name!
2022-05-05 19:27:12.844 [main] WARN  org.mybatis.spring.mapper.ClassPathMapperScanner - Skipping MapperFactoryBean with name 'commentMapper' and 'com.jawe.system.mapper.CommentMapper' mapperInterface. Bean already defined with the same name!
2022-05-05 19:27:12.844 [main] WARN  org.mybatis.spring.mapper.ClassPathMapperScanner - Skipping MapperFactoryBean with name 'departmentMapper' and 'com.jawe.system.mapper.DepartmentMapper' mapperInterface. Bean already defined with the same name!
2022-05-05 19:27:12.844 [main] WARN  org.mybatis.spring.mapper.ClassPathMapperScanner - Skipping MapperFactoryBean with name 'goodsCategoryMapper' and 'com.jawe.system.mapper.GoodsCategoryMapper' mapperInterface. Bean already defined with the same name!
2022-05-05 19:27:12.844 [main] WARN  org.mybatis.spring.mapper.ClassPathMapperScanner - Skipping MapperFactoryBean with name 'goodsCollectionMapper' and 'com.jawe.system.mapper.GoodsCollectionMapper' mapperInterface. Bean already defined with the same name!
2022-05-05 19:27:12.844 [main] WARN  org.mybatis.spring.mapper.ClassPathMapperScanner - Skipping MapperFactoryBean with name 'goodsMapper' and 'com.jawe.system.mapper.GoodsMapper' mapperInterface. Bean already defined with the same name!
2022-05-05 19:27:12.844 [main] WARN  org.mybatis.spring.mapper.ClassPathMapperScanner - Skipping MapperFactoryBean with name 'insetMapper' and 'com.jawe.system.mapper.InsetMapper' mapperInterface. Bean already defined with the same name!
2022-05-05 19:27:12.845 [main] WARN  org.mybatis.spring.mapper.ClassPathMapperScanner - Skipping MapperFactoryBean with name 'menuMapper' and 'com.jawe.system.mapper.MenuMapper' mapperInterface. Bean already defined with the same name!
2022-05-05 19:27:12.845 [main] WARN  org.mybatis.spring.mapper.ClassPathMapperScanner - Skipping MapperFactoryBean with name 'myUserDetailsServiceMapper' and 'com.jawe.system.mapper.MyUserDetailsServiceMapper' mapperInterface. Bean already defined with the same name!
2022-05-05 19:27:12.845 [main] WARN  org.mybatis.spring.mapper.ClassPathMapperScanner - Skipping MapperFactoryBean with name 'orderMapper' and 'com.jawe.system.mapper.OrderMapper' mapperInterface. Bean already defined with the same name!
2022-05-05 19:27:12.845 [main] WARN  org.mybatis.spring.mapper.ClassPathMapperScanner - Skipping MapperFactoryBean with name 'roleMapper' and 'com.jawe.system.mapper.RoleMapper' mapperInterface. Bean already defined with the same name!
2022-05-05 19:27:12.845 [main] WARN  org.mybatis.spring.mapper.ClassPathMapperScanner - Skipping MapperFactoryBean with name 'stockMapper' and 'com.jawe.system.mapper.StockMapper' mapperInterface. Bean already defined with the same name!
2022-05-05 19:27:12.845 [main] WARN  org.mybatis.spring.mapper.ClassPathMapperScanner - Skipping MapperFactoryBean with name 'stockOrderMapper' and 'com.jawe.system.mapper.StockOrderMapper' mapperInterface. Bean already defined with the same name!
2022-05-05 19:27:12.845 [main] WARN  org.mybatis.spring.mapper.ClassPathMapperScanner - Skipping MapperFactoryBean with name 'userMapper' and 'com.jawe.system.mapper.UserMapper' mapperInterface. Bean already defined with the same name!
2022-05-05 19:27:12.846 [main] WARN  org.mybatis.spring.mapper.ClassPathMapperScanner - No MyBatis mapper was found in '[com.jawe.system.mapper]' package. Please check your configuration.
2022-05-05 19:27:13.746 [main] WARN  c.b.mybatisplus.core.metadata.TableInfoHelper - Can not find table primary key in Class: "com.jawe.system.entity.Department".
2022-05-05 19:34:18.284 [main] WARN  org.mybatis.spring.mapper.ClassPathMapperScanner - Skipping MapperFactoryBean with name 'addressMapper' and 'com.jawe.system.mapper.AddressMapper' mapperInterface. Bean already defined with the same name!
2022-05-05 19:34:18.285 [main] WARN  org.mybatis.spring.mapper.ClassPathMapperScanner - Skipping MapperFactoryBean with name 'apiMapper' and 'com.jawe.system.mapper.ApiMapper' mapperInterface. Bean already defined with the same name!
2022-05-05 19:34:18.285 [main] WARN  org.mybatis.spring.mapper.ClassPathMapperScanner - Skipping MapperFactoryBean with name 'cartMapper' and 'com.jawe.system.mapper.CartMapper' mapperInterface. Bean already defined with the same name!
2022-05-05 19:34:18.285 [main] WARN  org.mybatis.spring.mapper.ClassPathMapperScanner - Skipping MapperFactoryBean with name 'commentMapper' and 'com.jawe.system.mapper.CommentMapper' mapperInterface. Bean already defined with the same name!
2022-05-05 19:34:18.285 [main] WARN  org.mybatis.spring.mapper.ClassPathMapperScanner - Skipping MapperFactoryBean with name 'departmentMapper' and 'com.jawe.system.mapper.DepartmentMapper' mapperInterface. Bean already defined with the same name!
2022-05-05 19:34:18.285 [main] WARN  org.mybatis.spring.mapper.ClassPathMapperScanner - Skipping MapperFactoryBean with name 'goodsCategoryMapper' and 'com.jawe.system.mapper.GoodsCategoryMapper' mapperInterface. Bean already defined with the same name!
2022-05-05 19:34:18.285 [main] WARN  org.mybatis.spring.mapper.ClassPathMapperScanner - Skipping MapperFactoryBean with name 'goodsCollectionMapper' and 'com.jawe.system.mapper.GoodsCollectionMapper' mapperInterface. Bean already defined with the same name!
2022-05-05 19:34:18.285 [main] WARN  org.mybatis.spring.mapper.ClassPathMapperScanner - Skipping MapperFactoryBean with name 'goodsMapper' and 'com.jawe.system.mapper.GoodsMapper' mapperInterface. Bean already defined with the same name!
2022-05-05 19:34:18.285 [main] WARN  org.mybatis.spring.mapper.ClassPathMapperScanner - Skipping MapperFactoryBean with name 'insetMapper' and 'com.jawe.system.mapper.InsetMapper' mapperInterface. Bean already defined with the same name!
2022-05-05 19:34:18.286 [main] WARN  org.mybatis.spring.mapper.ClassPathMapperScanner - Skipping MapperFactoryBean with name 'menuMapper' and 'com.jawe.system.mapper.MenuMapper' mapperInterface. Bean already defined with the same name!
2022-05-05 19:34:18.286 [main] WARN  org.mybatis.spring.mapper.ClassPathMapperScanner - Skipping MapperFactoryBean with name 'myUserDetailsServiceMapper' and 'com.jawe.system.mapper.MyUserDetailsServiceMapper' mapperInterface. Bean already defined with the same name!
2022-05-05 19:34:18.286 [main] WARN  org.mybatis.spring.mapper.ClassPathMapperScanner - Skipping MapperFactoryBean with name 'orderMapper' and 'com.jawe.system.mapper.OrderMapper' mapperInterface. Bean already defined with the same name!
2022-05-05 19:34:18.286 [main] WARN  org.mybatis.spring.mapper.ClassPathMapperScanner - Skipping MapperFactoryBean with name 'roleMapper' and 'com.jawe.system.mapper.RoleMapper' mapperInterface. Bean already defined with the same name!
2022-05-05 19:34:18.286 [main] WARN  org.mybatis.spring.mapper.ClassPathMapperScanner - Skipping MapperFactoryBean with name 'stockMapper' and 'com.jawe.system.mapper.StockMapper' mapperInterface. Bean already defined with the same name!
2022-05-05 19:34:18.286 [main] WARN  org.mybatis.spring.mapper.ClassPathMapperScanner - Skipping MapperFactoryBean with name 'stockOrderMapper' and 'com.jawe.system.mapper.StockOrderMapper' mapperInterface. Bean already defined with the same name!
2022-05-05 19:34:18.286 [main] WARN  org.mybatis.spring.mapper.ClassPathMapperScanner - Skipping MapperFactoryBean with name 'userMapper' and 'com.jawe.system.mapper.UserMapper' mapperInterface. Bean already defined with the same name!
2022-05-05 19:34:18.287 [main] WARN  org.mybatis.spring.mapper.ClassPathMapperScanner - No MyBatis mapper was found in '[com.jawe.system.mapper]' package. Please check your configuration.
2022-05-05 19:34:19.156 [main] WARN  c.b.mybatisplus.core.metadata.TableInfoHelper - Can not find table primary key in Class: "com.jawe.system.entity.Department".
2022-05-05 19:35:46.392 [main] WARN  org.mybatis.spring.mapper.ClassPathMapperScanner - Skipping MapperFactoryBean with name 'addressMapper' and 'com.jawe.system.mapper.AddressMapper' mapperInterface. Bean already defined with the same name!
2022-05-05 19:35:46.392 [main] WARN  org.mybatis.spring.mapper.ClassPathMapperScanner - Skipping MapperFactoryBean with name 'apiMapper' and 'com.jawe.system.mapper.ApiMapper' mapperInterface. Bean already defined with the same name!
2022-05-05 19:35:46.392 [main] WARN  org.mybatis.spring.mapper.ClassPathMapperScanner - Skipping MapperFactoryBean with name 'cartMapper' and 'com.jawe.system.mapper.CartMapper' mapperInterface. Bean already defined with the same name!
2022-05-05 19:35:46.393 [main] WARN  org.mybatis.spring.mapper.ClassPathMapperScanner - Skipping MapperFactoryBean with name 'commentMapper' and 'com.jawe.system.mapper.CommentMapper' mapperInterface. Bean already defined with the same name!
2022-05-05 19:35:46.393 [main] WARN  org.mybatis.spring.mapper.ClassPathMapperScanner - Skipping MapperFactoryBean with name 'departmentMapper' and 'com.jawe.system.mapper.DepartmentMapper' mapperInterface. Bean already defined with the same name!
2022-05-05 19:35:46.393 [main] WARN  org.mybatis.spring.mapper.ClassPathMapperScanner - Skipping MapperFactoryBean with name 'goodsCategoryMapper' and 'com.jawe.system.mapper.GoodsCategoryMapper' mapperInterface. Bean already defined with the same name!
2022-05-05 19:35:46.393 [main] WARN  org.mybatis.spring.mapper.ClassPathMapperScanner - Skipping MapperFactoryBean with name 'goodsCollectionMapper' and 'com.jawe.system.mapper.GoodsCollectionMapper' mapperInterface. Bean already defined with the same name!
2022-05-05 19:35:46.393 [main] WARN  org.mybatis.spring.mapper.ClassPathMapperScanner - Skipping MapperFactoryBean with name 'goodsMapper' and 'com.jawe.system.mapper.GoodsMapper' mapperInterface. Bean already defined with the same name!
2022-05-05 19:35:46.393 [main] WARN  org.mybatis.spring.mapper.ClassPathMapperScanner - Skipping MapperFactoryBean with name 'insetMapper' and 'com.jawe.system.mapper.InsetMapper' mapperInterface. Bean already defined with the same name!
2022-05-05 19:35:46.393 [main] WARN  org.mybatis.spring.mapper.ClassPathMapperScanner - Skipping MapperFactoryBean with name 'menuMapper' and 'com.jawe.system.mapper.MenuMapper' mapperInterface. Bean already defined with the same name!
2022-05-05 19:35:46.393 [main] WARN  org.mybatis.spring.mapper.ClassPathMapperScanner - Skipping MapperFactoryBean with name 'myUserDetailsServiceMapper' and 'com.jawe.system.mapper.MyUserDetailsServiceMapper' mapperInterface. Bean already defined with the same name!
2022-05-05 19:35:46.394 [main] WARN  org.mybatis.spring.mapper.ClassPathMapperScanner - Skipping MapperFactoryBean with name 'orderMapper' and 'com.jawe.system.mapper.OrderMapper' mapperInterface. Bean already defined with the same name!
2022-05-05 19:35:46.394 [main] WARN  org.mybatis.spring.mapper.ClassPathMapperScanner - Skipping MapperFactoryBean with name 'roleMapper' and 'com.jawe.system.mapper.RoleMapper' mapperInterface. Bean already defined with the same name!
2022-05-05 19:35:46.394 [main] WARN  org.mybatis.spring.mapper.ClassPathMapperScanner - Skipping MapperFactoryBean with name 'stockMapper' and 'com.jawe.system.mapper.StockMapper' mapperInterface. Bean already defined with the same name!
2022-05-05 19:35:46.394 [main] WARN  org.mybatis.spring.mapper.ClassPathMapperScanner - Skipping MapperFactoryBean with name 'stockOrderMapper' and 'com.jawe.system.mapper.StockOrderMapper' mapperInterface. Bean already defined with the same name!
2022-05-05 19:35:46.394 [main] WARN  org.mybatis.spring.mapper.ClassPathMapperScanner - Skipping MapperFactoryBean with name 'userMapper' and 'com.jawe.system.mapper.UserMapper' mapperInterface. Bean already defined with the same name!
2022-05-05 19:35:46.395 [main] WARN  org.mybatis.spring.mapper.ClassPathMapperScanner - No MyBatis mapper was found in '[com.jawe.system.mapper]' package. Please check your configuration.
2022-05-05 19:35:47.457 [main] WARN  c.b.mybatisplus.core.metadata.TableInfoHelper - Can not find table primary key in Class: "com.jawe.system.entity.Department".
2022-05-05 19:36:30.483 [main] WARN  org.mybatis.spring.mapper.ClassPathMapperScanner - Skipping MapperFactoryBean with name 'addressMapper' and 'com.jawe.system.mapper.AddressMapper' mapperInterface. Bean already defined with the same name!
2022-05-05 19:36:30.483 [main] WARN  org.mybatis.spring.mapper.ClassPathMapperScanner - Skipping MapperFactoryBean with name 'apiMapper' and 'com.jawe.system.mapper.ApiMapper' mapperInterface. Bean already defined with the same name!
2022-05-05 19:36:30.483 [main] WARN  org.mybatis.spring.mapper.ClassPathMapperScanner - Skipping MapperFactoryBean with name 'cartMapper' and 'com.jawe.system.mapper.CartMapper' mapperInterface. Bean already defined with the same name!
2022-05-05 19:36:30.484 [main] WARN  org.mybatis.spring.mapper.ClassPathMapperScanner - Skipping MapperFactoryBean with name 'commentMapper' and 'com.jawe.system.mapper.CommentMapper' mapperInterface. Bean already defined with the same name!
2022-05-05 19:36:30.484 [main] WARN  org.mybatis.spring.mapper.ClassPathMapperScanner - Skipping MapperFactoryBean with name 'departmentMapper' and 'com.jawe.system.mapper.DepartmentMapper' mapperInterface. Bean already defined with the same name!
2022-05-05 19:36:30.484 [main] WARN  org.mybatis.spring.mapper.ClassPathMapperScanner - Skipping MapperFactoryBean with name 'goodsCategoryMapper' and 'com.jawe.system.mapper.GoodsCategoryMapper' mapperInterface. Bean already defined with the same name!
2022-05-05 19:36:30.484 [main] WARN  org.mybatis.spring.mapper.ClassPathMapperScanner - Skipping MapperFactoryBean with name 'goodsCollectionMapper' and 'com.jawe.system.mapper.GoodsCollectionMapper' mapperInterface. Bean already defined with the same name!
2022-05-05 19:36:30.484 [main] WARN  org.mybatis.spring.mapper.ClassPathMapperScanner - Skipping MapperFactoryBean with name 'goodsMapper' and 'com.jawe.system.mapper.GoodsMapper' mapperInterface. Bean already defined with the same name!
2022-05-05 19:36:30.484 [main] WARN  org.mybatis.spring.mapper.ClassPathMapperScanner - Skipping MapperFactoryBean with name 'insetMapper' and 'com.jawe.system.mapper.InsetMapper' mapperInterface. Bean already defined with the same name!
2022-05-05 19:36:30.484 [main] WARN  org.mybatis.spring.mapper.ClassPathMapperScanner - Skipping MapperFactoryBean with name 'menuMapper' and 'com.jawe.system.mapper.MenuMapper' mapperInterface. Bean already defined with the same name!
2022-05-05 19:36:30.484 [main] WARN  org.mybatis.spring.mapper.ClassPathMapperScanner - Skipping MapperFactoryBean with name 'myUserDetailsServiceMapper' and 'com.jawe.system.mapper.MyUserDetailsServiceMapper' mapperInterface. Bean already defined with the same name!
2022-05-05 19:36:30.485 [main] WARN  org.mybatis.spring.mapper.ClassPathMapperScanner - Skipping MapperFactoryBean with name 'orderMapper' and 'com.jawe.system.mapper.OrderMapper' mapperInterface. Bean already defined with the same name!
2022-05-05 19:36:30.485 [main] WARN  org.mybatis.spring.mapper.ClassPathMapperScanner - Skipping MapperFactoryBean with name 'roleMapper' and 'com.jawe.system.mapper.RoleMapper' mapperInterface. Bean already defined with the same name!
2022-05-05 19:36:30.485 [main] WARN  org.mybatis.spring.mapper.ClassPathMapperScanner - Skipping MapperFactoryBean with name 'stockMapper' and 'com.jawe.system.mapper.StockMapper' mapperInterface. Bean already defined with the same name!
2022-05-05 19:36:30.485 [main] WARN  org.mybatis.spring.mapper.ClassPathMapperScanner - Skipping MapperFactoryBean with name 'stockOrderMapper' and 'com.jawe.system.mapper.StockOrderMapper' mapperInterface. Bean already defined with the same name!
2022-05-05 19:36:30.485 [main] WARN  org.mybatis.spring.mapper.ClassPathMapperScanner - Skipping MapperFactoryBean with name 'userMapper' and 'com.jawe.system.mapper.UserMapper' mapperInterface. Bean already defined with the same name!
2022-05-05 19:36:30.485 [main] WARN  org.mybatis.spring.mapper.ClassPathMapperScanner - No MyBatis mapper was found in '[com.jawe.system.mapper]' package. Please check your configuration.
2022-05-05 19:36:31.362 [main] WARN  c.b.mybatisplus.core.metadata.TableInfoHelper - Can not find table primary key in Class: "com.jawe.system.entity.Department".
2022-05-05 22:16:42.582 [main] WARN  org.mybatis.spring.mapper.ClassPathMapperScanner - Skipping MapperFactoryBean with name 'addressMapper' and 'com.jawe.system.mapper.AddressMapper' mapperInterface. Bean already defined with the same name!
2022-05-05 22:16:42.583 [main] WARN  org.mybatis.spring.mapper.ClassPathMapperScanner - Skipping MapperFactoryBean with name 'apiMapper' and 'com.jawe.system.mapper.ApiMapper' mapperInterface. Bean already defined with the same name!
2022-05-05 22:16:42.583 [main] WARN  org.mybatis.spring.mapper.ClassPathMapperScanner - Skipping MapperFactoryBean with name 'cartMapper' and 'com.jawe.system.mapper.CartMapper' mapperInterface. Bean already defined with the same name!
2022-05-05 22:16:42.583 [main] WARN  org.mybatis.spring.mapper.ClassPathMapperScanner - Skipping MapperFactoryBean with name 'commentMapper' and 'com.jawe.system.mapper.CommentMapper' mapperInterface. Bean already defined with the same name!
2022-05-05 22:16:42.584 [main] WARN  org.mybatis.spring.mapper.ClassPathMapperScanner - Skipping MapperFactoryBean with name 'departmentMapper' and 'com.jawe.system.mapper.DepartmentMapper' mapperInterface. Bean already defined with the same name!
2022-05-05 22:16:42.584 [main] WARN  org.mybatis.spring.mapper.ClassPathMapperScanner - Skipping MapperFactoryBean with name 'goodsCategoryMapper' and 'com.jawe.system.mapper.GoodsCategoryMapper' mapperInterface. Bean already defined with the same name!
2022-05-05 22:16:42.584 [main] WARN  org.mybatis.spring.mapper.ClassPathMapperScanner - Skipping MapperFactoryBean with name 'goodsCollectionMapper' and 'com.jawe.system.mapper.GoodsCollectionMapper' mapperInterface. Bean already defined with the same name!
2022-05-05 22:16:42.584 [main] WARN  org.mybatis.spring.mapper.ClassPathMapperScanner - Skipping MapperFactoryBean with name 'goodsMapper' and 'com.jawe.system.mapper.GoodsMapper' mapperInterface. Bean already defined with the same name!
2022-05-05 22:16:42.584 [main] WARN  org.mybatis.spring.mapper.ClassPathMapperScanner - Skipping MapperFactoryBean with name 'insetMapper' and 'com.jawe.system.mapper.InsetMapper' mapperInterface. Bean already defined with the same name!
2022-05-05 22:16:42.584 [main] WARN  org.mybatis.spring.mapper.ClassPathMapperScanner - Skipping MapperFactoryBean with name 'menuMapper' and 'com.jawe.system.mapper.MenuMapper' mapperInterface. Bean already defined with the same name!
2022-05-05 22:16:42.584 [main] WARN  org.mybatis.spring.mapper.ClassPathMapperScanner - Skipping MapperFactoryBean with name 'myUserDetailsServiceMapper' and 'com.jawe.system.mapper.MyUserDetailsServiceMapper' mapperInterface. Bean already defined with the same name!
2022-05-05 22:16:42.585 [main] WARN  org.mybatis.spring.mapper.ClassPathMapperScanner - Skipping MapperFactoryBean with name 'orderMapper' and 'com.jawe.system.mapper.OrderMapper' mapperInterface. Bean already defined with the same name!
2022-05-05 22:16:42.585 [main] WARN  org.mybatis.spring.mapper.ClassPathMapperScanner - Skipping MapperFactoryBean with name 'roleMapper' and 'com.jawe.system.mapper.RoleMapper' mapperInterface. Bean already defined with the same name!
2022-05-05 22:16:42.585 [main] WARN  org.mybatis.spring.mapper.ClassPathMapperScanner - Skipping MapperFactoryBean with name 'stockMapper' and 'com.jawe.system.mapper.StockMapper' mapperInterface. Bean already defined with the same name!
2022-05-05 22:16:42.585 [main] WARN  org.mybatis.spring.mapper.ClassPathMapperScanner - Skipping MapperFactoryBean with name 'stockOrderMapper' and 'com.jawe.system.mapper.StockOrderMapper' mapperInterface. Bean already defined with the same name!
2022-05-05 22:16:42.585 [main] WARN  org.mybatis.spring.mapper.ClassPathMapperScanner - Skipping MapperFactoryBean with name 'userMapper' and 'com.jawe.system.mapper.UserMapper' mapperInterface. Bean already defined with the same name!
2022-05-05 22:16:42.586 [main] WARN  org.mybatis.spring.mapper.ClassPathMapperScanner - No MyBatis mapper was found in '[com.jawe.system.mapper]' package. Please check your configuration.
2022-05-05 22:16:43.464 [main] WARN  c.b.mybatisplus.core.metadata.TableInfoHelper - Can not find table primary key in Class: "com.jawe.system.entity.Department".
2022-05-05 22:16:44.675 [main] WARN  o.s.b.w.s.c.AnnotationConfigServletWebServerApplicationContext - Exception encountered during context initialization - cancelling refresh attempt: org.springframework.beans.factory.UnsatisfiedDependencyException: Error creating bean with name 'documentationPluginsBootstrapper' defined in URL [jar:file:/C:/Users/14618/.m2/repository/io/springfox/springfox-spring-web/2.9.2/springfox-spring-web-2.9.2.jar!/springfox/documentation/spring/web/plugins/DocumentationPluginsBootstrapper.class]: Unsatisfied dependency expressed through constructor parameter 1; nested exception is org.springframework.beans.factory.UnsatisfiedDependencyException: Error creating bean with name 'webMvcRequestHandlerProvider' defined in URL [jar:file:/C:/Users/14618/.m2/repository/io/springfox/springfox-spring-web/2.9.2/springfox-spring-web-2.9.2.jar!/springfox/documentation/spring/web/plugins/WebMvcRequestHandlerProvider.class]: Unsatisfied dependency expressed through constructor parameter 1; nested exception is org.springframework.beans.factory.BeanCreationException: Error creating bean with name 'requestMappingHandlerMapping' defined in class path resource [com/jawe/conf/WebConf.class]: Invocation of init method failed; nested exception is java.lang.IllegalStateException: Ambiguous mapping. Cannot map 'orderCtrl' method 
com.jawe.system.controller_common.OrderCtrl#findGoodsByIdList(List, String)
to {POST [/api/common/order]}: There is already 'orderCtrl' bean method
com.jawe.system.controller_common.OrderCtrl#create(GoodsOrder, String, List) mapped.
2022-05-05 22:17:08.707 [main] WARN  org.mybatis.spring.mapper.ClassPathMapperScanner - Skipping MapperFactoryBean with name 'addressMapper' and 'com.jawe.system.mapper.AddressMapper' mapperInterface. Bean already defined with the same name!
2022-05-05 22:17:08.708 [main] WARN  org.mybatis.spring.mapper.ClassPathMapperScanner - Skipping MapperFactoryBean with name 'apiMapper' and 'com.jawe.system.mapper.ApiMapper' mapperInterface. Bean already defined with the same name!
2022-05-05 22:17:08.708 [main] WARN  org.mybatis.spring.mapper.ClassPathMapperScanner - Skipping MapperFactoryBean with name 'cartMapper' and 'com.jawe.system.mapper.CartMapper' mapperInterface. Bean already defined with the same name!
2022-05-05 22:17:08.708 [main] WARN  org.mybatis.spring.mapper.ClassPathMapperScanner - Skipping MapperFactoryBean with name 'commentMapper' and 'com.jawe.system.mapper.CommentMapper' mapperInterface. Bean already defined with the same name!
2022-05-05 22:17:08.708 [main] WARN  org.mybatis.spring.mapper.ClassPathMapperScanner - Skipping MapperFactoryBean with name 'departmentMapper' and 'com.jawe.system.mapper.DepartmentMapper' mapperInterface. Bean already defined with the same name!
2022-05-05 22:17:08.709 [main] WARN  org.mybatis.spring.mapper.ClassPathMapperScanner - Skipping MapperFactoryBean with name 'goodsCategoryMapper' and 'com.jawe.system.mapper.GoodsCategoryMapper' mapperInterface. Bean already defined with the same name!
2022-05-05 22:17:08.709 [main] WARN  org.mybatis.spring.mapper.ClassPathMapperScanner - Skipping MapperFactoryBean with name 'goodsCollectionMapper' and 'com.jawe.system.mapper.GoodsCollectionMapper' mapperInterface. Bean already defined with the same name!
2022-05-05 22:17:08.709 [main] WARN  org.mybatis.spring.mapper.ClassPathMapperScanner - Skipping MapperFactoryBean with name 'goodsMapper' and 'com.jawe.system.mapper.GoodsMapper' mapperInterface. Bean already defined with the same name!
2022-05-05 22:17:08.709 [main] WARN  org.mybatis.spring.mapper.ClassPathMapperScanner - Skipping MapperFactoryBean with name 'insetMapper' and 'com.jawe.system.mapper.InsetMapper' mapperInterface. Bean already defined with the same name!
2022-05-05 22:17:08.709 [main] WARN  org.mybatis.spring.mapper.ClassPathMapperScanner - Skipping MapperFactoryBean with name 'menuMapper' and 'com.jawe.system.mapper.MenuMapper' mapperInterface. Bean already defined with the same name!
2022-05-05 22:17:08.709 [main] WARN  org.mybatis.spring.mapper.ClassPathMapperScanner - Skipping MapperFactoryBean with name 'myUserDetailsServiceMapper' and 'com.jawe.system.mapper.MyUserDetailsServiceMapper' mapperInterface. Bean already defined with the same name!
2022-05-05 22:17:08.709 [main] WARN  org.mybatis.spring.mapper.ClassPathMapperScanner - Skipping MapperFactoryBean with name 'orderMapper' and 'com.jawe.system.mapper.OrderMapper' mapperInterface. Bean already defined with the same name!
2022-05-05 22:17:08.709 [main] WARN  org.mybatis.spring.mapper.ClassPathMapperScanner - Skipping MapperFactoryBean with name 'roleMapper' and 'com.jawe.system.mapper.RoleMapper' mapperInterface. Bean already defined with the same name!
2022-05-05 22:17:08.709 [main] WARN  org.mybatis.spring.mapper.ClassPathMapperScanner - Skipping MapperFactoryBean with name 'stockMapper' and 'com.jawe.system.mapper.StockMapper' mapperInterface. Bean already defined with the same name!
2022-05-05 22:17:08.710 [main] WARN  org.mybatis.spring.mapper.ClassPathMapperScanner - Skipping MapperFactoryBean with name 'stockOrderMapper' and 'com.jawe.system.mapper.StockOrderMapper' mapperInterface. Bean already defined with the same name!
2022-05-05 22:17:08.710 [main] WARN  org.mybatis.spring.mapper.ClassPathMapperScanner - Skipping MapperFactoryBean with name 'userMapper' and 'com.jawe.system.mapper.UserMapper' mapperInterface. Bean already defined with the same name!
2022-05-05 22:17:08.710 [main] WARN  org.mybatis.spring.mapper.ClassPathMapperScanner - No MyBatis mapper was found in '[com.jawe.system.mapper]' package. Please check your configuration.
2022-05-05 22:17:09.504 [main] WARN  c.b.mybatisplus.core.metadata.TableInfoHelper - Can not find table primary key in Class: "com.jawe.system.entity.Department".
2022-05-05 22:17:50.936 [main] WARN  org.mybatis.spring.mapper.ClassPathMapperScanner - Skipping MapperFactoryBean with name 'addressMapper' and 'com.jawe.system.mapper.AddressMapper' mapperInterface. Bean already defined with the same name!
2022-05-05 22:17:50.937 [main] WARN  org.mybatis.spring.mapper.ClassPathMapperScanner - Skipping MapperFactoryBean with name 'apiMapper' and 'com.jawe.system.mapper.ApiMapper' mapperInterface. Bean already defined with the same name!
2022-05-05 22:17:50.938 [main] WARN  org.mybatis.spring.mapper.ClassPathMapperScanner - Skipping MapperFactoryBean with name 'cartMapper' and 'com.jawe.system.mapper.CartMapper' mapperInterface. Bean already defined with the same name!
2022-05-05 22:17:50.938 [main] WARN  org.mybatis.spring.mapper.ClassPathMapperScanner - Skipping MapperFactoryBean with name 'commentMapper' and 'com.jawe.system.mapper.CommentMapper' mapperInterface. Bean already defined with the same name!
2022-05-05 22:17:50.938 [main] WARN  org.mybatis.spring.mapper.ClassPathMapperScanner - Skipping MapperFactoryBean with name 'departmentMapper' and 'com.jawe.system.mapper.DepartmentMapper' mapperInterface. Bean already defined with the same name!
2022-05-05 22:17:50.938 [main] WARN  org.mybatis.spring.mapper.ClassPathMapperScanner - Skipping MapperFactoryBean with name 'goodsCategoryMapper' and 'com.jawe.system.mapper.GoodsCategoryMapper' mapperInterface. Bean already defined with the same name!
2022-05-05 22:17:50.938 [main] WARN  org.mybatis.spring.mapper.ClassPathMapperScanner - Skipping MapperFactoryBean with name 'goodsCollectionMapper' and 'com.jawe.system.mapper.GoodsCollectionMapper' mapperInterface. Bean already defined with the same name!
2022-05-05 22:17:50.938 [main] WARN  org.mybatis.spring.mapper.ClassPathMapperScanner - Skipping MapperFactoryBean with name 'goodsMapper' and 'com.jawe.system.mapper.GoodsMapper' mapperInterface. Bean already defined with the same name!
2022-05-05 22:17:50.938 [main] WARN  org.mybatis.spring.mapper.ClassPathMapperScanner - Skipping MapperFactoryBean with name 'insetMapper' and 'com.jawe.system.mapper.InsetMapper' mapperInterface. Bean already defined with the same name!
2022-05-05 22:17:50.938 [main] WARN  org.mybatis.spring.mapper.ClassPathMapperScanner - Skipping MapperFactoryBean with name 'menuMapper' and 'com.jawe.system.mapper.MenuMapper' mapperInterface. Bean already defined with the same name!
2022-05-05 22:17:50.939 [main] WARN  org.mybatis.spring.mapper.ClassPathMapperScanner - Skipping MapperFactoryBean with name 'myUserDetailsServiceMapper' and 'com.jawe.system.mapper.MyUserDetailsServiceMapper' mapperInterface. Bean already defined with the same name!
2022-05-05 22:17:50.939 [main] WARN  org.mybatis.spring.mapper.ClassPathMapperScanner - Skipping MapperFactoryBean with name 'orderMapper' and 'com.jawe.system.mapper.OrderMapper' mapperInterface. Bean already defined with the same name!
2022-05-05 22:17:50.939 [main] WARN  org.mybatis.spring.mapper.ClassPathMapperScanner - Skipping MapperFactoryBean with name 'roleMapper' and 'com.jawe.system.mapper.RoleMapper' mapperInterface. Bean already defined with the same name!
2022-05-05 22:17:50.939 [main] WARN  org.mybatis.spring.mapper.ClassPathMapperScanner - Skipping MapperFactoryBean with name 'stockMapper' and 'com.jawe.system.mapper.StockMapper' mapperInterface. Bean already defined with the same name!
2022-05-05 22:17:50.939 [main] WARN  org.mybatis.spring.mapper.ClassPathMapperScanner - Skipping MapperFactoryBean with name 'stockOrderMapper' and 'com.jawe.system.mapper.StockOrderMapper' mapperInterface. Bean already defined with the same name!
2022-05-05 22:17:50.939 [main] WARN  org.mybatis.spring.mapper.ClassPathMapperScanner - Skipping MapperFactoryBean with name 'userMapper' and 'com.jawe.system.mapper.UserMapper' mapperInterface. Bean already defined with the same name!
2022-05-05 22:17:50.939 [main] WARN  org.mybatis.spring.mapper.ClassPathMapperScanner - No MyBatis mapper was found in '[com.jawe.system.mapper]' package. Please check your configuration.
2022-05-05 22:17:51.760 [main] WARN  c.b.mybatisplus.core.metadata.TableInfoHelper - Can not find table primary key in Class: "com.jawe.system.entity.Department".
