2022-01-19 22:08:34.037 [INFO ] com.jawe.DemoApplication - Starting DemoApplication using Java 1.8.0_291 on DESKTOP-A0VVV1J with PID 38324 (C:\Users\14618\Desktop\Sync\MyDemo\demo-parent\demo-base-web\target\classes started by 14618 in C:\Users\14618\Desktop\Sync\MyDemo\demo-parent)
2022-01-19 22:08:34.042 [INFO ] com.jawe.DemoApplication - No active profile set, falling back to default profiles: default
2022-01-19 22:08:37.504 [INFO ] org.springframework.data.repository.config.RepositoryConfigurationDelegate - Multiple Spring Data modules found, entering strict repository configuration mode!
2022-01-19 22:08:37.525 [INFO ] org.springframework.data.repository.config.RepositoryConfigurationDelegate - Bootstrapping Spring Data Redis repositories in DEFAULT mode.
2022-01-19 22:08:37.606 [INFO ] org.springframework.data.repository.config.RepositoryConfigurationDelegate - Finished Spring Data repository scanning in 57 ms. Found 0 Redis repository interfaces.
2022-01-19 22:08:38.504 [INFO ] org.springframework.context.support.PostProcessorRegistrationDelegate$BeanPostProcessorChecker - Bean 'org.springframework.statemachine.config.configuration.StateMachineAnnotationPostProcessorConfiguration' of type [org.springframework.statemachine.config.configuration.StateMachineAnnotationPostProcessorConfiguration$$EnhancerBySpringCGLIB$$8e81a33c] is not eligible for getting processed by all BeanPostProcessors (for example: not eligible for auto-proxying)
2022-01-19 22:08:38.548 [INFO ] org.springframework.context.support.PostProcessorRegistrationDelegate$BeanPostProcessorChecker - Bean 'org.springframework.security.config.annotation.configuration.ObjectPostProcessorConfiguration' of type [org.springframework.security.config.annotation.configuration.ObjectPostProcessorConfiguration$$EnhancerBySpringCGLIB$$cb9b5575] is not eligible for getting processed by all BeanPostProcessors (for example: not eligible for auto-proxying)
2022-01-19 22:08:38.690 [INFO ] org.springframework.context.support.PostProcessorRegistrationDelegate$BeanPostProcessorChecker - Bean 'objectPostProcessor' of type [org.springframework.security.config.annotation.configuration.AutowireBeanFactoryObjectPostProcessor] is not eligible for getting processed by all BeanPostProcessors (for example: not eligible for auto-proxying)
2022-01-19 22:08:38.693 [INFO ] org.springframework.context.support.PostProcessorRegistrationDelegate$BeanPostProcessorChecker - Bean 'org.springframework.security.access.expression.method.DefaultMethodSecurityExpressionHandler@78cd163b' of type [org.springframework.security.access.expression.method.DefaultMethodSecurityExpressionHandler] is not eligible for getting processed by all BeanPostProcessors (for example: not eligible for auto-proxying)
2022-01-19 22:08:38.695 [INFO ] org.springframework.context.support.PostProcessorRegistrationDelegate$BeanPostProcessorChecker - Bean 'org.springframework.security.config.annotation.method.configuration.GlobalMethodSecurityConfiguration' of type [org.springframework.security.config.annotation.method.configuration.GlobalMethodSecurityConfiguration$$EnhancerBySpringCGLIB$$f06ff827] is not eligible for getting processed by all BeanPostProcessors (for example: not eligible for auto-proxying)
2022-01-19 22:08:38.698 [INFO ] org.springframework.context.support.PostProcessorRegistrationDelegate$BeanPostProcessorChecker - Bean 'methodSecurityMetadataSource' of type [org.springframework.security.access.method.DelegatingMethodSecurityMetadataSource] is not eligible for getting processed by all BeanPostProcessors (for example: not eligible for auto-proxying)
2022-01-19 22:08:39.849 [INFO ] org.springframework.boot.web.embedded.tomcat.TomcatWebServer - Tomcat initialized with port(s): 8881 (http)
2022-01-19 22:08:39.921 [INFO ] org.apache.coyote.http11.Http11NioProtocol - Initializing ProtocolHandler ["http-nio-8881"]
2022-01-19 22:08:39.922 [INFO ] org.apache.catalina.core.StandardService - Starting service [Tomcat]
2022-01-19 22:08:39.922 [INFO ] org.apache.catalina.core.StandardEngine - Starting Servlet engine: [Apache Tomcat/9.0.45]
2022-01-19 22:08:40.134 [INFO ] org.apache.catalina.core.ContainerBase.[Tomcat].[localhost].[/] - Initializing Spring embedded WebApplicationContext
2022-01-19 22:08:40.134 [INFO ] org.springframework.boot.web.servlet.context.ServletWebServerApplicationContext - Root WebApplicationContext: initialization completed in 6005 ms
2022-01-19 22:08:42.282 [INFO ] org.springframework.security.web.DefaultSecurityFilterChain - Creating filter chain: Ant [pattern='/favicon.ico', GET], []
2022-01-19 22:08:42.283 [INFO ] org.springframework.security.web.DefaultSecurityFilterChain - Creating filter chain: Ant [pattern='/**/*.png', GET], []
2022-01-19 22:08:42.283 [INFO ] org.springframework.security.web.DefaultSecurityFilterChain - Creating filter chain: Ant [pattern='/**/*.ttf', GET], []
2022-01-19 22:08:42.283 [INFO ] org.springframework.security.web.DefaultSecurityFilterChain - Creating filter chain: Ant [pattern='/*.html', GET], []
2022-01-19 22:08:42.284 [INFO ] org.springframework.security.web.DefaultSecurityFilterChain - Creating filter chain: Ant [pattern='/**/*.css', GET], []
2022-01-19 22:08:42.284 [INFO ] org.springframework.security.web.DefaultSecurityFilterChain - Creating filter chain: Ant [pattern='/**/*.js', GET], []
2022-01-19 22:08:42.348 [INFO ] org.springframework.security.web.DefaultSecurityFilterChain - Creating filter chain: any request, [org.springframework.security.web.context.request.async.WebAsyncManagerIntegrationFilter@4ffced4e, org.springframework.security.web.context.SecurityContextPersistenceFilter@7aa01bd9, org.springframework.security.web.header.HeaderWriterFilter@512abf25, org.springframework.web.filter.CorsFilter@6094de13, org.springframework.security.web.authentication.logout.LogoutFilter@11f23038, com.jawe.conf.jwt.JwtAuthenticationTokenFilter@1b410308, org.springframework.security.web.savedrequest.RequestCacheAwareFilter@615db358, org.springframework.security.web.servletapi.SecurityContextHolderAwareRequestFilter@34a20f16, org.springframework.security.web.authentication.AnonymousAuthenticationFilter@bbb6f0, org.springframework.security.web.session.SessionManagementFilter@6d0e45a5, org.springframework.security.web.access.ExceptionTranslationFilter@62cbc478, org.springframework.security.web.access.intercept.FilterSecurityInterceptor@4b7ed03e]
2022-01-19 22:08:42.383 [INFO ] springfox.documentation.spring.web.PropertySourcedRequestMappingHandlerMapping - Mapped URL path [/v2/api-docs] onto method [springfox.documentation.swagger2.web.Swagger2Controller#getDocumentation(String, HttpServletRequest)]
2022-01-19 22:08:43.130 [INFO ] org.apache.coyote.http11.Http11NioProtocol - Starting ProtocolHandler ["http-nio-8881"]
2022-01-19 22:08:43.152 [INFO ] org.springframework.boot.web.embedded.tomcat.TomcatWebServer - Tomcat started on port(s): 8881 (http) with context path ''
2022-01-19 22:08:43.154 [INFO ] springfox.documentation.spring.web.plugins.DocumentationPluginsBootstrapper - Context refreshed
2022-01-19 22:08:43.170 [INFO ] springfox.documentation.spring.web.plugins.DocumentationPluginsBootstrapper - Found 1 custom documentation plugin(s)
2022-01-19 22:08:43.222 [INFO ] springfox.documentation.spring.web.scanners.ApiListingReferenceScanner - Scanning for api listing references
2022-01-19 22:08:43.445 [INFO ] com.jawe.DemoApplication - Started DemoApplication in 10.409 seconds (JVM running for 11.929)
2022-01-19 22:09:01.189 [INFO ] org.apache.catalina.core.ContainerBase.[Tomcat].[localhost].[/] - Initializing Spring DispatcherServlet 'dispatcherServlet'
2022-01-19 22:09:02.041 [INFO ] com.zaxxer.hikari.HikariDataSource - HikariPool-1 - Starting...
2022-01-19 22:09:03.121 [INFO ] com.zaxxer.hikari.HikariDataSource - HikariPool-1 - Start completed.
2022-01-19 22:09:43.827 [INFO ] com.jawe.system.service.impl.GoodsCategoryServiceImpl - true
