2021-12-10 15:00:18.304 [DEBUG] com.jawe.system.mapper.UserMapper.currentUser - ==>  Preparing: select * from user where username = ?
2021-12-10 15:00:18.425 [DEBUG] com.jawe.system.mapper.UserMapper.currentUser - ==> Parameters: user(String)
2021-12-10 15:00:18.470 [DEBUG] com.jawe.system.mapper.UserMapper.currentUser - <==      Total: 1
2021-12-10 15:00:18.554 [DEBUG] com.jawe.system.mapper.CartMapper.selectList - ==>  Preparing: SELECT id,goods_id,num,price,user_id,is_active,category_id,create_time FROM cart WHERE (user_id = ?) ORDER BY category_id ASC
2021-12-10 15:00:18.554 [DEBUG] com.jawe.system.mapper.CartMapper.selectList - ==> Parameters: 2(Integer)
2021-12-10 15:00:18.580 [DEBUG] com.jawe.system.mapper.CartMapper.selectList - <==      Total: 5
2021-12-10 15:00:18.585 [DEBUG] com.jawe.system.mapper.GoodsMapper.selectById - ==>  Preparing: SELECT id,goods_name,category_id,description,price,stock,sales,cover_url,is_on,is_recommend,create_time,update_time FROM goods WHERE id=?
2021-12-10 15:00:18.585 [DEBUG] com.jawe.system.mapper.GoodsMapper.selectById - ==> Parameters: 20(Integer)
2021-12-10 15:00:18.591 [DEBUG] com.jawe.system.mapper.GoodsMapper.selectById - <==      Total: 1
2021-12-10 15:00:18.592 [DEBUG] com.jawe.system.mapper.GoodsCategoryMapper.getName - ==>  Preparing: select name from goods_category where id=?
2021-12-10 15:00:18.592 [DEBUG] com.jawe.system.mapper.GoodsCategoryMapper.getName - ==> Parameters: 6(Integer)
2021-12-10 15:00:18.596 [DEBUG] com.jawe.system.mapper.GoodsCategoryMapper.getName - <==      Total: 1
2021-12-10 15:00:18.597 [DEBUG] com.jawe.system.mapper.GoodsMapper.selectById - ==>  Preparing: SELECT id,goods_name,category_id,description,price,stock,sales,cover_url,is_on,is_recommend,create_time,update_time FROM goods WHERE id=?
2021-12-10 15:00:18.597 [DEBUG] com.jawe.system.mapper.GoodsMapper.selectById - ==> Parameters: 13(Integer)
2021-12-10 15:00:18.598 [DEBUG] com.jawe.system.mapper.GoodsMapper.selectById - <==      Total: 1
2021-12-10 15:00:18.599 [DEBUG] com.jawe.system.mapper.GoodsCategoryMapper.getName - ==>  Preparing: select name from goods_category where id=?
2021-12-10 15:00:18.599 [DEBUG] com.jawe.system.mapper.GoodsCategoryMapper.getName - ==> Parameters: 6(Integer)
2021-12-10 15:00:18.600 [DEBUG] com.jawe.system.mapper.GoodsCategoryMapper.getName - <==      Total: 1
2021-12-10 15:00:18.601 [DEBUG] com.jawe.system.mapper.GoodsMapper.selectById - ==>  Preparing: SELECT id,goods_name,category_id,description,price,stock,sales,cover_url,is_on,is_recommend,create_time,update_time FROM goods WHERE id=?
2021-12-10 15:00:18.601 [DEBUG] com.jawe.system.mapper.GoodsMapper.selectById - ==> Parameters: 23(Integer)
2021-12-10 15:00:18.603 [DEBUG] com.jawe.system.mapper.GoodsMapper.selectById - <==      Total: 1
2021-12-10 15:00:18.603 [DEBUG] com.jawe.system.mapper.GoodsCategoryMapper.getName - ==>  Preparing: select name from goods_category where id=?
2021-12-10 15:00:18.603 [DEBUG] com.jawe.system.mapper.GoodsCategoryMapper.getName - ==> Parameters: 21(Integer)
2021-12-10 15:00:18.604 [DEBUG] com.jawe.system.mapper.GoodsCategoryMapper.getName - <==      Total: 1
2021-12-10 15:00:18.605 [DEBUG] com.jawe.system.mapper.GoodsCategoryMapper.selectById - ==>  Preparing: SELECT id,pid,name,sort,enable,create_time,update_time FROM goods_category WHERE id=?
2021-12-10 15:00:18.605 [DEBUG] com.jawe.system.mapper.GoodsCategoryMapper.selectById - ==> Parameters: 6(Integer)
2021-12-10 15:00:18.607 [DEBUG] com.jawe.system.mapper.GoodsCategoryMapper.selectById - <==      Total: 1
2021-12-10 15:00:18.607 [DEBUG] com.jawe.system.mapper.GoodsMapper.selectById - ==>  Preparing: SELECT id,goods_name,category_id,description,price,stock,sales,cover_url,is_on,is_recommend,create_time,update_time FROM goods WHERE id=?
2021-12-10 15:00:18.607 [DEBUG] com.jawe.system.mapper.GoodsMapper.selectById - ==> Parameters: 22(Integer)
2021-12-10 15:00:18.609 [DEBUG] com.jawe.system.mapper.GoodsMapper.selectById - <==      Total: 1
2021-12-10 15:00:18.609 [DEBUG] com.jawe.system.mapper.GoodsCategoryMapper.getName - ==>  Preparing: select name from goods_category where id=?
2021-12-10 15:00:18.610 [DEBUG] com.jawe.system.mapper.GoodsCategoryMapper.getName - ==> Parameters: 21(Integer)
2021-12-10 15:00:18.610 [DEBUG] com.jawe.system.mapper.GoodsCategoryMapper.getName - <==      Total: 1
2021-12-10 15:00:18.611 [DEBUG] com.jawe.system.mapper.GoodsMapper.selectById - ==>  Preparing: SELECT id,goods_name,category_id,description,price,stock,sales,cover_url,is_on,is_recommend,create_time,update_time FROM goods WHERE id=?
2021-12-10 15:00:18.611 [DEBUG] com.jawe.system.mapper.GoodsMapper.selectById - ==> Parameters: 26(Integer)
2021-12-10 15:00:18.613 [DEBUG] com.jawe.system.mapper.GoodsMapper.selectById - <==      Total: 1
2021-12-10 15:00:18.613 [DEBUG] com.jawe.system.mapper.GoodsCategoryMapper.getName - ==>  Preparing: select name from goods_category where id=?
2021-12-10 15:00:18.614 [DEBUG] com.jawe.system.mapper.GoodsCategoryMapper.getName - ==> Parameters: 24(Integer)
2021-12-10 15:00:18.614 [DEBUG] com.jawe.system.mapper.GoodsCategoryMapper.getName - <==      Total: 1
2021-12-10 15:00:18.615 [DEBUG] com.jawe.system.mapper.GoodsCategoryMapper.selectById - ==>  Preparing: SELECT id,pid,name,sort,enable,create_time,update_time FROM goods_category WHERE id=?
2021-12-10 15:00:18.615 [DEBUG] com.jawe.system.mapper.GoodsCategoryMapper.selectById - ==> Parameters: 21(Integer)
2021-12-10 15:00:18.616 [DEBUG] com.jawe.system.mapper.GoodsCategoryMapper.selectById - <==      Total: 1
2021-12-10 15:00:18.617 [DEBUG] com.jawe.system.mapper.GoodsCategoryMapper.selectById - ==>  Preparing: SELECT id,pid,name,sort,enable,create_time,update_time FROM goods_category WHERE id=?
2021-12-10 15:00:18.617 [DEBUG] com.jawe.system.mapper.GoodsCategoryMapper.selectById - ==> Parameters: 24(Integer)
2021-12-10 15:00:18.618 [DEBUG] com.jawe.system.mapper.GoodsCategoryMapper.selectById - <==      Total: 1
2021-12-10 15:00:19.407 [DEBUG] com.jawe.system.mapper.UserMapper.currentUser - ==>  Preparing: select * from user where username = ?
2021-12-10 15:00:19.408 [DEBUG] com.jawe.system.mapper.UserMapper.currentUser - ==> Parameters: user(String)
2021-12-10 15:00:19.410 [DEBUG] com.jawe.system.mapper.UserMapper.currentUser - <==      Total: 1
2021-12-10 15:00:19.413 [DEBUG] com.jawe.system.mapper.CartMapper.selectList - ==>  Preparing: SELECT id,goods_id,num,price,user_id,is_active,category_id,create_time FROM cart WHERE (user_id = ?) ORDER BY category_id ASC
2021-12-10 15:00:19.414 [DEBUG] com.jawe.system.mapper.CartMapper.selectList - ==> Parameters: 2(Integer)
2021-12-10 15:00:19.416 [DEBUG] com.jawe.system.mapper.CartMapper.selectList - <==      Total: 5
2021-12-10 15:00:19.417 [DEBUG] com.jawe.system.mapper.GoodsMapper.selectById - ==>  Preparing: SELECT id,goods_name,category_id,description,price,stock,sales,cover_url,is_on,is_recommend,create_time,update_time FROM goods WHERE id=?
2021-12-10 15:00:19.418 [DEBUG] com.jawe.system.mapper.GoodsMapper.selectById - ==> Parameters: 20(Integer)
2021-12-10 15:00:19.421 [DEBUG] com.jawe.system.mapper.GoodsMapper.selectById - <==      Total: 1
2021-12-10 15:00:19.422 [DEBUG] com.jawe.system.mapper.GoodsCategoryMapper.getName - ==>  Preparing: select name from goods_category where id=?
2021-12-10 15:00:19.423 [DEBUG] com.jawe.system.mapper.GoodsCategoryMapper.getName - ==> Parameters: 6(Integer)
2021-12-10 15:00:19.424 [DEBUG] com.jawe.system.mapper.GoodsCategoryMapper.getName - <==      Total: 1
2021-12-10 15:00:19.425 [DEBUG] com.jawe.system.mapper.GoodsMapper.selectById - ==>  Preparing: SELECT id,goods_name,category_id,description,price,stock,sales,cover_url,is_on,is_recommend,create_time,update_time FROM goods WHERE id=?
2021-12-10 15:00:19.426 [DEBUG] com.jawe.system.mapper.GoodsMapper.selectById - ==> Parameters: 13(Integer)
2021-12-10 15:00:19.427 [DEBUG] com.jawe.system.mapper.GoodsMapper.selectById - <==      Total: 1
2021-12-10 15:00:19.429 [DEBUG] com.jawe.system.mapper.GoodsCategoryMapper.getName - ==>  Preparing: select name from goods_category where id=?
2021-12-10 15:00:19.430 [DEBUG] com.jawe.system.mapper.GoodsCategoryMapper.getName - ==> Parameters: 6(Integer)
2021-12-10 15:00:19.431 [DEBUG] com.jawe.system.mapper.GoodsCategoryMapper.getName - <==      Total: 1
2021-12-10 15:00:19.432 [DEBUG] com.jawe.system.mapper.GoodsMapper.selectById - ==>  Preparing: SELECT id,goods_name,category_id,description,price,stock,sales,cover_url,is_on,is_recommend,create_time,update_time FROM goods WHERE id=?
2021-12-10 15:00:19.433 [DEBUG] com.jawe.system.mapper.GoodsMapper.selectById - ==> Parameters: 23(Integer)
2021-12-10 15:00:19.434 [DEBUG] com.jawe.system.mapper.GoodsMapper.selectById - <==      Total: 1
2021-12-10 15:00:19.435 [DEBUG] com.jawe.system.mapper.GoodsCategoryMapper.getName - ==>  Preparing: select name from goods_category where id=?
2021-12-10 15:00:19.435 [DEBUG] com.jawe.system.mapper.GoodsCategoryMapper.getName - ==> Parameters: 21(Integer)
2021-12-10 15:00:19.436 [DEBUG] com.jawe.system.mapper.GoodsCategoryMapper.getName - <==      Total: 1
2021-12-10 15:00:19.437 [DEBUG] com.jawe.system.mapper.GoodsCategoryMapper.selectById - ==>  Preparing: SELECT id,pid,name,sort,enable,create_time,update_time FROM goods_category WHERE id=?
2021-12-10 15:00:19.437 [DEBUG] com.jawe.system.mapper.GoodsCategoryMapper.selectById - ==> Parameters: 6(Integer)
2021-12-10 15:00:19.439 [DEBUG] com.jawe.system.mapper.GoodsCategoryMapper.selectById - <==      Total: 1
2021-12-10 15:00:19.440 [DEBUG] com.jawe.system.mapper.GoodsMapper.selectById - ==>  Preparing: SELECT id,goods_name,category_id,description,price,stock,sales,cover_url,is_on,is_recommend,create_time,update_time FROM goods WHERE id=?
2021-12-10 15:00:19.440 [DEBUG] com.jawe.system.mapper.GoodsMapper.selectById - ==> Parameters: 22(Integer)
2021-12-10 15:00:19.442 [DEBUG] com.jawe.system.mapper.GoodsMapper.selectById - <==      Total: 1
2021-12-10 15:00:19.442 [DEBUG] com.jawe.system.mapper.GoodsCategoryMapper.getName - ==>  Preparing: select name from goods_category where id=?
2021-12-10 15:00:19.443 [DEBUG] com.jawe.system.mapper.GoodsCategoryMapper.getName - ==> Parameters: 21(Integer)
2021-12-10 15:00:19.444 [DEBUG] com.jawe.system.mapper.GoodsCategoryMapper.getName - <==      Total: 1
2021-12-10 15:00:19.444 [DEBUG] com.jawe.system.mapper.GoodsMapper.selectById - ==>  Preparing: SELECT id,goods_name,category_id,description,price,stock,sales,cover_url,is_on,is_recommend,create_time,update_time FROM goods WHERE id=?
2021-12-10 15:00:19.445 [DEBUG] com.jawe.system.mapper.GoodsMapper.selectById - ==> Parameters: 26(Integer)
2021-12-10 15:00:19.447 [DEBUG] com.jawe.system.mapper.GoodsMapper.selectById - <==      Total: 1
2021-12-10 15:00:19.447 [DEBUG] com.jawe.system.mapper.GoodsCategoryMapper.getName - ==>  Preparing: select name from goods_category where id=?
2021-12-10 15:00:19.448 [DEBUG] com.jawe.system.mapper.GoodsCategoryMapper.getName - ==> Parameters: 24(Integer)
2021-12-10 15:00:19.449 [DEBUG] com.jawe.system.mapper.GoodsCategoryMapper.getName - <==      Total: 1
2021-12-10 15:00:19.450 [DEBUG] com.jawe.system.mapper.GoodsCategoryMapper.selectById - ==>  Preparing: SELECT id,pid,name,sort,enable,create_time,update_time FROM goods_category WHERE id=?
2021-12-10 15:00:19.450 [DEBUG] com.jawe.system.mapper.GoodsCategoryMapper.selectById - ==> Parameters: 21(Integer)
2021-12-10 15:00:19.451 [DEBUG] com.jawe.system.mapper.GoodsCategoryMapper.selectById - <==      Total: 1
2021-12-10 15:00:19.452 [DEBUG] com.jawe.system.mapper.GoodsCategoryMapper.selectById - ==>  Preparing: SELECT id,pid,name,sort,enable,create_time,update_time FROM goods_category WHERE id=?
2021-12-10 15:00:19.453 [DEBUG] com.jawe.system.mapper.GoodsCategoryMapper.selectById - ==> Parameters: 24(Integer)
2021-12-10 15:00:19.454 [DEBUG] com.jawe.system.mapper.GoodsCategoryMapper.selectById - <==      Total: 1
2021-12-10 15:00:24.229 [DEBUG] com.jawe.system.mapper.GoodsCategoryMapper.selectList - ==>  Preparing: SELECT id,pid,name,sort,enable,create_time,update_time FROM goods_category WHERE (pid = ? AND enable = ?) ORDER BY sort ASC
2021-12-10 15:00:24.230 [DEBUG] com.jawe.system.mapper.GoodsCategoryMapper.selectList - ==> Parameters: 0(Integer), 1(Integer)
2021-12-10 15:00:24.232 [DEBUG] com.jawe.system.mapper.GoodsCategoryMapper.selectList - <==      Total: 6
2021-12-10 15:00:24.234 [DEBUG] com.jawe.system.mapper.GoodsCategoryMapper.selectList - ==>  Preparing: SELECT id,pid,name,sort,enable,create_time,update_time FROM goods_category WHERE (pid = ? AND enable = ?) ORDER BY sort ASC
2021-12-10 15:00:24.235 [DEBUG] com.jawe.system.mapper.GoodsCategoryMapper.selectList - ==> Parameters: 4(Integer), 1(Integer)
2021-12-10 15:00:24.236 [DEBUG] com.jawe.system.mapper.GoodsCategoryMapper.selectList - <==      Total: 2
2021-12-10 15:00:24.238 [DEBUG] com.jawe.system.mapper.GoodsCategoryMapper.selectList - ==>  Preparing: SELECT id,pid,name,sort,enable,create_time,update_time FROM goods_category WHERE (pid = ? AND enable = ?) ORDER BY sort ASC
2021-12-10 15:00:24.239 [DEBUG] com.jawe.system.mapper.GoodsCategoryMapper.selectList - ==> Parameters: 22(Integer), 1(Integer)
2021-12-10 15:00:24.242 [DEBUG] com.jawe.system.mapper.GoodsCategoryMapper.selectList - <==      Total: 2
2021-12-10 15:00:24.243 [DEBUG] com.jawe.system.mapper.GoodsCategoryMapper.selectList - ==>  Preparing: SELECT id,pid,name,sort,enable,create_time,update_time FROM goods_category WHERE (pid = ? AND enable = ?) ORDER BY sort ASC
2021-12-10 15:00:24.244 [DEBUG] com.jawe.system.mapper.GoodsCategoryMapper.selectList - ==> Parameters: 2(Integer), 1(Integer)
2021-12-10 15:00:24.245 [DEBUG] com.jawe.system.mapper.GoodsCategoryMapper.selectList - <==      Total: 1
2021-12-10 15:00:24.247 [DEBUG] com.jawe.system.mapper.GoodsCategoryMapper.selectList - ==>  Preparing: SELECT id,pid,name,sort,enable,create_time,update_time FROM goods_category WHERE (pid = ? AND enable = ?) ORDER BY sort ASC
2021-12-10 15:00:24.248 [DEBUG] com.jawe.system.mapper.GoodsCategoryMapper.selectList - ==> Parameters: 3(Integer), 1(Integer)
2021-12-10 15:00:24.249 [DEBUG] com.jawe.system.mapper.GoodsCategoryMapper.selectList - <==      Total: 1
2021-12-10 15:00:24.251 [DEBUG] com.jawe.system.mapper.GoodsCategoryMapper.selectList - ==>  Preparing: SELECT id,pid,name,sort,enable,create_time,update_time FROM goods_category WHERE (pid = ? AND enable = ?) ORDER BY sort ASC
2021-12-10 15:00:24.251 [DEBUG] com.jawe.system.mapper.GoodsCategoryMapper.selectList - ==> Parameters: 5(Integer), 1(Integer)
2021-12-10 15:00:24.253 [DEBUG] com.jawe.system.mapper.GoodsCategoryMapper.selectList - <==      Total: 2
2021-12-10 15:00:24.254 [DEBUG] com.jawe.system.mapper.GoodsCategoryMapper.selectList - ==>  Preparing: SELECT id,pid,name,sort,enable,create_time,update_time FROM goods_category WHERE (pid = ? AND enable = ?) ORDER BY sort ASC
2021-12-10 15:00:24.255 [DEBUG] com.jawe.system.mapper.GoodsCategoryMapper.selectList - ==> Parameters: 1(Integer), 1(Integer)
2021-12-10 15:00:24.256 [DEBUG] com.jawe.system.mapper.GoodsCategoryMapper.selectList - <==      Total: 2
2021-12-10 15:00:24.315 [DEBUG] com.jawe.system.mapper.GoodsMapper.selectPage_mpCount - ==>  Preparing: SELECT COUNT(1) FROM goods WHERE (goods_name LIKE ?)
2021-12-10 15:00:24.315 [DEBUG] com.jawe.system.mapper.GoodsMapper.selectPage_mpCount - ==> Parameters: %%(String)
2021-12-10 15:00:24.319 [DEBUG] com.jawe.system.mapper.GoodsMapper.selectPage_mpCount - <==      Total: 1
2021-12-10 15:00:24.325 [DEBUG] com.jawe.system.mapper.GoodsMapper.selectPage - ==>  Preparing: SELECT id,goods_name,category_id,description,price,stock,sales,cover_url,is_on,is_recommend,create_time,update_time FROM goods WHERE (goods_name LIKE ?) LIMIT ?
2021-12-10 15:00:24.325 [DEBUG] com.jawe.system.mapper.GoodsMapper.selectPage - ==> Parameters: %%(String), 8(Long)
2021-12-10 15:00:24.329 [DEBUG] com.jawe.system.mapper.GoodsMapper.selectPage - <==      Total: 8
2021-12-10 15:00:25.600 [DEBUG] com.jawe.system.mapper.GoodsMapper.selectPage_mpCount - ==>  Preparing: SELECT COUNT(1) FROM goods WHERE (goods_name LIKE ?)
2021-12-10 15:00:25.601 [DEBUG] com.jawe.system.mapper.GoodsMapper.selectPage_mpCount - ==> Parameters: %%(String)
2021-12-10 15:00:25.602 [DEBUG] com.jawe.system.mapper.GoodsMapper.selectPage_mpCount - <==      Total: 1
2021-12-10 15:00:25.603 [DEBUG] com.jawe.system.mapper.GoodsMapper.selectPage - ==>  Preparing: SELECT id,goods_name,category_id,description,price,stock,sales,cover_url,is_on,is_recommend,create_time,update_time FROM goods WHERE (goods_name LIKE ?) LIMIT ?
2021-12-10 15:00:25.603 [DEBUG] com.jawe.system.mapper.GoodsMapper.selectPage - ==> Parameters: %%(String), 8(Long)
2021-12-10 15:00:25.605 [DEBUG] com.jawe.system.mapper.GoodsMapper.selectPage - <==      Total: 8
2021-12-10 15:00:27.256 [DEBUG] com.jawe.system.mapper.GoodsMapper.selectPage_mpCount - ==>  Preparing: SELECT COUNT(1) FROM goods WHERE (goods_name LIKE ?)
2021-12-10 15:00:27.256 [DEBUG] com.jawe.system.mapper.GoodsMapper.selectPage_mpCount - ==> Parameters: %%(String)
2021-12-10 15:00:27.257 [DEBUG] com.jawe.system.mapper.GoodsMapper.selectPage_mpCount - <==      Total: 1
2021-12-10 15:00:27.258 [DEBUG] com.jawe.system.mapper.GoodsMapper.selectPage - ==>  Preparing: SELECT id,goods_name,category_id,description,price,stock,sales,cover_url,is_on,is_recommend,create_time,update_time FROM goods WHERE (goods_name LIKE ?) LIMIT ? OFFSET ?
2021-12-10 15:00:27.258 [DEBUG] com.jawe.system.mapper.GoodsMapper.selectPage - ==> Parameters: %%(String), 8(Long), 8(Long)
2021-12-10 15:00:27.260 [DEBUG] com.jawe.system.mapper.GoodsMapper.selectPage - <==      Total: 8
2021-12-10 15:00:32.018 [DEBUG] com.jawe.system.mapper.UserMapper.updateById - ==>  Preparing: UPDATE user SET avatar_url=?, phone_number=?, username=?, password=?, email=?, enable=?, gender=?, create_time=?, update_time=? WHERE id=?
2021-12-10 15:00:32.020 [DEBUG] com.jawe.system.mapper.UserMapper.updateById - ==> Parameters: https://player-one.oss-cn-beijing.aliyuncs.com/avatar/2021-12-10/uBRvdgyMHwiMQMvHi9ze.jpg(String), 12312389262(String), user(String), $2a$10$ECXj2f30G31aoxVrYYgxHenUHUm67e21xmCGPyZDnn8Jddqx85DzW(String), aa22@aasaa.com(String), 1(Integer), 1(Integer), 2021-04-01 13:32:38.0(Timestamp), 2021-12-10 15:00:32.018(Timestamp), 2(Integer)
2021-12-10 15:00:32.074 [DEBUG] com.jawe.system.mapper.UserMapper.updateById - <==    Updates: 1
2021-12-10 15:00:32.084 [DEBUG] com.jawe.system.mapper.UserMapper.currentUser - ==>  Preparing: select * from user where username = ?
2021-12-10 15:00:32.085 [DEBUG] com.jawe.system.mapper.UserMapper.currentUser - ==> Parameters: null
2021-12-10 15:00:32.086 [DEBUG] com.jawe.system.mapper.UserMapper.currentUser - <==      Total: 0
2021-12-10 15:01:14.239 [DEBUG] com.jawe.system.mapper.GoodsMapper.selectPage_mpCount - ==>  Preparing: SELECT COUNT(1) FROM goods WHERE (goods_name LIKE ?)
2021-12-10 15:01:14.240 [DEBUG] com.jawe.system.mapper.GoodsMapper.selectPage_mpCount - ==> Parameters: %%(String)
2021-12-10 15:01:14.241 [DEBUG] com.jawe.system.mapper.GoodsMapper.selectPage_mpCount - <==      Total: 1
2021-12-10 15:01:14.242 [DEBUG] com.jawe.system.mapper.GoodsMapper.selectPage - ==>  Preparing: SELECT id,goods_name,category_id,description,price,stock,sales,cover_url,is_on,is_recommend,create_time,update_time FROM goods WHERE (goods_name LIKE ?) LIMIT ?
2021-12-10 15:01:14.242 [DEBUG] com.jawe.system.mapper.GoodsMapper.selectPage - ==> Parameters: %%(String), 8(Long)
2021-12-10 15:01:14.244 [DEBUG] com.jawe.system.mapper.GoodsMapper.selectPage - <==      Total: 8
2021-12-10 15:01:24.375 [DEBUG] com.jawe.system.mapper.GoodsMapper.selectPage_mpCount - ==>  Preparing: SELECT COUNT(1) FROM goods WHERE (goods_name LIKE ?)
2021-12-10 15:01:24.376 [DEBUG] com.jawe.system.mapper.GoodsMapper.selectPage_mpCount - ==> Parameters: %%(String)
2021-12-10 15:01:24.377 [DEBUG] com.jawe.system.mapper.GoodsMapper.selectPage_mpCount - <==      Total: 1
2021-12-10 15:01:24.378 [DEBUG] com.jawe.system.mapper.GoodsMapper.selectPage - ==>  Preparing: SELECT id,goods_name,category_id,description,price,stock,sales,cover_url,is_on,is_recommend,create_time,update_time FROM goods WHERE (goods_name LIKE ?) LIMIT ?
2021-12-10 15:01:24.379 [DEBUG] com.jawe.system.mapper.GoodsMapper.selectPage - ==> Parameters: %%(String), 8(Long)
2021-12-10 15:01:24.380 [DEBUG] com.jawe.system.mapper.GoodsMapper.selectPage - <==      Total: 8
2021-12-10 15:01:27.143 [DEBUG] com.jawe.system.mapper.MyUserDetailsServiceMapper.findByPhoneNumber - ==>  Preparing: SELECT username,password,enable from user u where u.username = ?;
2021-12-10 15:01:27.144 [DEBUG] com.jawe.system.mapper.MyUserDetailsServiceMapper.findByPhoneNumber - ==> Parameters: user(String)
2021-12-10 15:01:27.145 [DEBUG] com.jawe.system.mapper.MyUserDetailsServiceMapper.findByPhoneNumber - <==      Total: 1
2021-12-10 15:01:27.145 [DEBUG] com.jawe.system.mapper.MyUserDetailsServiceMapper.findRole - ==>  Preparing: SELECT role_code FROM role r LEFT JOIN user_role ur ON r.id = ur.role_id LEFT JOIN user u ON u.id = ur.user_id WHERE u.username = ?
2021-12-10 15:01:27.145 [DEBUG] com.jawe.system.mapper.MyUserDetailsServiceMapper.findRole - ==> Parameters: user(String)
2021-12-10 15:01:27.157 [DEBUG] com.jawe.system.mapper.MyUserDetailsServiceMapper.findRole - <==      Total: 1
2021-12-10 15:01:27.159 [DEBUG] com.jawe.system.mapper.MyUserDetailsServiceMapper.findAuthorityByRoleCodes - ==>  Preparing: SELECT DISTINCT url FROM api m LEFT JOIN role_api rm ON m.id = rm.api_id LEFT JOIN role r ON r.id = rm.role_id WHERE r.role_code IN ( ? )
2021-12-10 15:01:27.159 [DEBUG] com.jawe.system.mapper.MyUserDetailsServiceMapper.findAuthorityByRoleCodes - ==> Parameters: common(String)
2021-12-10 15:01:27.165 [DEBUG] com.jawe.system.mapper.MyUserDetailsServiceMapper.findAuthorityByRoleCodes - <==      Total: 1
2021-12-10 15:01:27.234 [DEBUG] com.jawe.system.mapper.MyUserDetailsServiceMapper.findByPhoneNumber - ==>  Preparing: SELECT username,password,enable from user u where u.username = ?;
2021-12-10 15:01:27.235 [DEBUG] com.jawe.system.mapper.MyUserDetailsServiceMapper.findByPhoneNumber - ==> Parameters: user(String)
2021-12-10 15:01:27.236 [DEBUG] com.jawe.system.mapper.MyUserDetailsServiceMapper.findByPhoneNumber - <==      Total: 1
2021-12-10 15:01:27.236 [DEBUG] com.jawe.system.mapper.MyUserDetailsServiceMapper.findRole - ==>  Preparing: SELECT role_code FROM role r LEFT JOIN user_role ur ON r.id = ur.role_id LEFT JOIN user u ON u.id = ur.user_id WHERE u.username = ?
2021-12-10 15:01:27.236 [DEBUG] com.jawe.system.mapper.MyUserDetailsServiceMapper.findRole - ==> Parameters: user(String)
2021-12-10 15:01:27.237 [DEBUG] com.jawe.system.mapper.MyUserDetailsServiceMapper.findRole - <==      Total: 1
2021-12-10 15:01:27.237 [DEBUG] com.jawe.system.mapper.MyUserDetailsServiceMapper.findAuthorityByRoleCodes - ==>  Preparing: SELECT DISTINCT url FROM api m LEFT JOIN role_api rm ON m.id = rm.api_id LEFT JOIN role r ON r.id = rm.role_id WHERE r.role_code IN ( ? )
2021-12-10 15:01:27.237 [DEBUG] com.jawe.system.mapper.MyUserDetailsServiceMapper.findAuthorityByRoleCodes - ==> Parameters: common(String)
2021-12-10 15:01:27.238 [DEBUG] com.jawe.system.mapper.MyUserDetailsServiceMapper.findAuthorityByRoleCodes - <==      Total: 1
2021-12-10 15:01:27.256 [DEBUG] com.jawe.system.mapper.MyUserDetailsServiceMapper.findByPhoneNumber - ==>  Preparing: SELECT username,password,enable from user u where u.username = ?;
2021-12-10 15:01:27.256 [DEBUG] com.jawe.system.mapper.MyUserDetailsServiceMapper.findByPhoneNumber - ==> Parameters: user(String)
2021-12-10 15:01:27.257 [DEBUG] com.jawe.system.mapper.MyUserDetailsServiceMapper.findByPhoneNumber - <==      Total: 1
2021-12-10 15:01:27.258 [DEBUG] com.jawe.system.mapper.MyUserDetailsServiceMapper.findRole - ==>  Preparing: SELECT role_code FROM role r LEFT JOIN user_role ur ON r.id = ur.role_id LEFT JOIN user u ON u.id = ur.user_id WHERE u.username = ?
2021-12-10 15:01:27.258 [DEBUG] com.jawe.system.mapper.MyUserDetailsServiceMapper.findRole - ==> Parameters: user(String)
2021-12-10 15:01:27.259 [DEBUG] com.jawe.system.mapper.MyUserDetailsServiceMapper.findRole - <==      Total: 1
2021-12-10 15:01:27.259 [DEBUG] com.jawe.system.mapper.MyUserDetailsServiceMapper.findAuthorityByRoleCodes - ==>  Preparing: SELECT DISTINCT url FROM api m LEFT JOIN role_api rm ON m.id = rm.api_id LEFT JOIN role r ON r.id = rm.role_id WHERE r.role_code IN ( ? )
2021-12-10 15:01:27.260 [DEBUG] com.jawe.system.mapper.MyUserDetailsServiceMapper.findAuthorityByRoleCodes - ==> Parameters: common(String)
2021-12-10 15:01:27.261 [DEBUG] com.jawe.system.mapper.MyUserDetailsServiceMapper.findAuthorityByRoleCodes - <==      Total: 1
2021-12-10 15:01:27.263 [DEBUG] com.jawe.system.mapper.UserMapper.currentUser - ==>  Preparing: select * from user where username = ?
2021-12-10 15:01:27.264 [DEBUG] com.jawe.system.mapper.UserMapper.currentUser - ==> Parameters: user(String)
2021-12-10 15:01:27.265 [DEBUG] com.jawe.system.mapper.UserMapper.currentUser - <==      Total: 1
2021-12-10 15:01:28.777 [DEBUG] com.jawe.system.mapper.MyUserDetailsServiceMapper.findByPhoneNumber - ==>  Preparing: SELECT username,password,enable from user u where u.username = ?;
2021-12-10 15:01:28.777 [DEBUG] com.jawe.system.mapper.MyUserDetailsServiceMapper.findByPhoneNumber - ==> Parameters: user(String)
2021-12-10 15:01:28.778 [DEBUG] com.jawe.system.mapper.MyUserDetailsServiceMapper.findByPhoneNumber - <==      Total: 1
2021-12-10 15:01:28.779 [DEBUG] com.jawe.system.mapper.MyUserDetailsServiceMapper.findRole - ==>  Preparing: SELECT role_code FROM role r LEFT JOIN user_role ur ON r.id = ur.role_id LEFT JOIN user u ON u.id = ur.user_id WHERE u.username = ?
2021-12-10 15:01:28.779 [DEBUG] com.jawe.system.mapper.MyUserDetailsServiceMapper.findRole - ==> Parameters: user(String)
2021-12-10 15:01:28.780 [DEBUG] com.jawe.system.mapper.MyUserDetailsServiceMapper.findRole - <==      Total: 1
2021-12-10 15:01:28.781 [DEBUG] com.jawe.system.mapper.MyUserDetailsServiceMapper.findAuthorityByRoleCodes - ==>  Preparing: SELECT DISTINCT url FROM api m LEFT JOIN role_api rm ON m.id = rm.api_id LEFT JOIN role r ON r.id = rm.role_id WHERE r.role_code IN ( ? )
2021-12-10 15:01:28.781 [DEBUG] com.jawe.system.mapper.MyUserDetailsServiceMapper.findAuthorityByRoleCodes - ==> Parameters: common(String)
2021-12-10 15:01:28.783 [DEBUG] com.jawe.system.mapper.MyUserDetailsServiceMapper.findAuthorityByRoleCodes - <==      Total: 1
2021-12-10 15:01:48.449 [DEBUG] com.jawe.system.mapper.UserMapper.currentUser - ==>  Preparing: select * from user where username = ?
2021-12-10 15:01:48.450 [DEBUG] com.jawe.system.mapper.UserMapper.currentUser - ==> Parameters: null
2021-12-10 15:01:48.451 [DEBUG] com.jawe.system.mapper.UserMapper.currentUser - <==      Total: 0
2021-12-10 15:01:50.183 [DEBUG] com.jawe.system.mapper.MyUserDetailsServiceMapper.findByPhoneNumber - ==>  Preparing: SELECT username,password,enable from user u where u.username = ?;
2021-12-10 15:01:50.183 [DEBUG] com.jawe.system.mapper.MyUserDetailsServiceMapper.findByPhoneNumber - ==> Parameters: admin(String)
2021-12-10 15:01:50.184 [DEBUG] com.jawe.system.mapper.MyUserDetailsServiceMapper.findByPhoneNumber - <==      Total: 1
2021-12-10 15:01:50.185 [DEBUG] com.jawe.system.mapper.MyUserDetailsServiceMapper.findRole - ==>  Preparing: SELECT role_code FROM role r LEFT JOIN user_role ur ON r.id = ur.role_id LEFT JOIN user u ON u.id = ur.user_id WHERE u.username = ?
2021-12-10 15:01:50.185 [DEBUG] com.jawe.system.mapper.MyUserDetailsServiceMapper.findRole - ==> Parameters: admin(String)
2021-12-10 15:01:50.186 [DEBUG] com.jawe.system.mapper.MyUserDetailsServiceMapper.findRole - <==      Total: 1
2021-12-10 15:01:50.187 [DEBUG] com.jawe.system.mapper.MyUserDetailsServiceMapper.findAuthorityByRoleCodes - ==>  Preparing: SELECT DISTINCT url FROM api m LEFT JOIN role_api rm ON m.id = rm.api_id LEFT JOIN role r ON r.id = rm.role_id WHERE r.role_code IN ( ? )
2021-12-10 15:01:50.188 [DEBUG] com.jawe.system.mapper.MyUserDetailsServiceMapper.findAuthorityByRoleCodes - ==> Parameters: admin(String)
2021-12-10 15:01:50.189 [DEBUG] com.jawe.system.mapper.MyUserDetailsServiceMapper.findAuthorityByRoleCodes - <==      Total: 4
2021-12-10 15:01:50.259 [DEBUG] com.jawe.system.mapper.MyUserDetailsServiceMapper.findByPhoneNumber - ==>  Preparing: SELECT username,password,enable from user u where u.username = ?;
2021-12-10 15:01:50.259 [DEBUG] com.jawe.system.mapper.MyUserDetailsServiceMapper.findByPhoneNumber - ==> Parameters: admin(String)
2021-12-10 15:01:50.260 [DEBUG] com.jawe.system.mapper.MyUserDetailsServiceMapper.findByPhoneNumber - <==      Total: 1
2021-12-10 15:01:50.261 [DEBUG] com.jawe.system.mapper.MyUserDetailsServiceMapper.findRole - ==>  Preparing: SELECT role_code FROM role r LEFT JOIN user_role ur ON r.id = ur.role_id LEFT JOIN user u ON u.id = ur.user_id WHERE u.username = ?
2021-12-10 15:01:50.261 [DEBUG] com.jawe.system.mapper.MyUserDetailsServiceMapper.findRole - ==> Parameters: admin(String)
2021-12-10 15:01:50.262 [DEBUG] com.jawe.system.mapper.MyUserDetailsServiceMapper.findRole - <==      Total: 1
2021-12-10 15:01:50.262 [DEBUG] com.jawe.system.mapper.MyUserDetailsServiceMapper.findAuthorityByRoleCodes - ==>  Preparing: SELECT DISTINCT url FROM api m LEFT JOIN role_api rm ON m.id = rm.api_id LEFT JOIN role r ON r.id = rm.role_id WHERE r.role_code IN ( ? )
2021-12-10 15:01:50.262 [DEBUG] com.jawe.system.mapper.MyUserDetailsServiceMapper.findAuthorityByRoleCodes - ==> Parameters: admin(String)
2021-12-10 15:01:50.263 [DEBUG] com.jawe.system.mapper.MyUserDetailsServiceMapper.findAuthorityByRoleCodes - <==      Total: 4
2021-12-10 15:01:50.275 [DEBUG] com.jawe.system.mapper.MyUserDetailsServiceMapper.findByPhoneNumber - ==>  Preparing: SELECT username,password,enable from user u where u.username = ?;
2021-12-10 15:01:50.276 [DEBUG] com.jawe.system.mapper.MyUserDetailsServiceMapper.findByPhoneNumber - ==> Parameters: admin(String)
2021-12-10 15:01:50.276 [DEBUG] com.jawe.system.mapper.MyUserDetailsServiceMapper.findByPhoneNumber - <==      Total: 1
2021-12-10 15:01:50.277 [DEBUG] com.jawe.system.mapper.MyUserDetailsServiceMapper.findRole - ==>  Preparing: SELECT role_code FROM role r LEFT JOIN user_role ur ON r.id = ur.role_id LEFT JOIN user u ON u.id = ur.user_id WHERE u.username = ?
2021-12-10 15:01:50.277 [DEBUG] com.jawe.system.mapper.MyUserDetailsServiceMapper.findRole - ==> Parameters: admin(String)
2021-12-10 15:01:50.278 [DEBUG] com.jawe.system.mapper.MyUserDetailsServiceMapper.findRole - <==      Total: 1
2021-12-10 15:01:50.278 [DEBUG] com.jawe.system.mapper.MyUserDetailsServiceMapper.findAuthorityByRoleCodes - ==>  Preparing: SELECT DISTINCT url FROM api m LEFT JOIN role_api rm ON m.id = rm.api_id LEFT JOIN role r ON r.id = rm.role_id WHERE r.role_code IN ( ? )
2021-12-10 15:01:50.278 [DEBUG] com.jawe.system.mapper.MyUserDetailsServiceMapper.findAuthorityByRoleCodes - ==> Parameters: admin(String)
2021-12-10 15:01:50.279 [DEBUG] com.jawe.system.mapper.MyUserDetailsServiceMapper.findAuthorityByRoleCodes - <==      Total: 4
2021-12-10 15:01:50.281 [DEBUG] com.jawe.system.mapper.UserMapper.currentUser - ==>  Preparing: select * from user where username = ?
2021-12-10 15:01:50.281 [DEBUG] com.jawe.system.mapper.UserMapper.currentUser - ==> Parameters: admin(String)
2021-12-10 15:01:50.282 [DEBUG] com.jawe.system.mapper.UserMapper.currentUser - <==      Total: 1
2021-12-10 15:01:50.462 [DEBUG] com.jawe.system.mapper.MyUserDetailsServiceMapper.findByPhoneNumber - ==>  Preparing: SELECT username,password,enable from user u where u.username = ?;
2021-12-10 15:01:50.462 [DEBUG] com.jawe.system.mapper.MyUserDetailsServiceMapper.findByPhoneNumber - ==> Parameters: admin(String)
2021-12-10 15:01:50.463 [DEBUG] com.jawe.system.mapper.MyUserDetailsServiceMapper.findByPhoneNumber - <==      Total: 1
2021-12-10 15:01:50.463 [DEBUG] com.jawe.system.mapper.MyUserDetailsServiceMapper.findRole - ==>  Preparing: SELECT role_code FROM role r LEFT JOIN user_role ur ON r.id = ur.role_id LEFT JOIN user u ON u.id = ur.user_id WHERE u.username = ?
2021-12-10 15:01:50.463 [DEBUG] com.jawe.system.mapper.MyUserDetailsServiceMapper.findRole - ==> Parameters: admin(String)
2021-12-10 15:01:50.464 [DEBUG] com.jawe.system.mapper.MyUserDetailsServiceMapper.findRole - <==      Total: 1
2021-12-10 15:01:50.465 [DEBUG] com.jawe.system.mapper.MyUserDetailsServiceMapper.findAuthorityByRoleCodes - ==>  Preparing: SELECT DISTINCT url FROM api m LEFT JOIN role_api rm ON m.id = rm.api_id LEFT JOIN role r ON r.id = rm.role_id WHERE r.role_code IN ( ? )
2021-12-10 15:01:50.465 [DEBUG] com.jawe.system.mapper.MyUserDetailsServiceMapper.findAuthorityByRoleCodes - ==> Parameters: admin(String)
2021-12-10 15:01:50.466 [DEBUG] com.jawe.system.mapper.MyUserDetailsServiceMapper.findAuthorityByRoleCodes - <==      Total: 4
2021-12-10 15:01:52.183 [DEBUG] com.jawe.system.mapper.MyUserDetailsServiceMapper.findByPhoneNumber - ==>  Preparing: SELECT username,password,enable from user u where u.username = ?;
2021-12-10 15:01:52.183 [DEBUG] com.jawe.system.mapper.MyUserDetailsServiceMapper.findByPhoneNumber - ==> Parameters: admin(String)
2021-12-10 15:01:52.184 [DEBUG] com.jawe.system.mapper.MyUserDetailsServiceMapper.findByPhoneNumber - <==      Total: 1
2021-12-10 15:01:52.185 [DEBUG] com.jawe.system.mapper.MyUserDetailsServiceMapper.findRole - ==>  Preparing: SELECT role_code FROM role r LEFT JOIN user_role ur ON r.id = ur.role_id LEFT JOIN user u ON u.id = ur.user_id WHERE u.username = ?
2021-12-10 15:01:52.185 [DEBUG] com.jawe.system.mapper.MyUserDetailsServiceMapper.findRole - ==> Parameters: admin(String)
2021-12-10 15:01:52.186 [DEBUG] com.jawe.system.mapper.MyUserDetailsServiceMapper.findRole - <==      Total: 1
2021-12-10 15:01:52.187 [DEBUG] com.jawe.system.mapper.MyUserDetailsServiceMapper.findAuthorityByRoleCodes - ==>  Preparing: SELECT DISTINCT url FROM api m LEFT JOIN role_api rm ON m.id = rm.api_id LEFT JOIN role r ON r.id = rm.role_id WHERE r.role_code IN ( ? )
2021-12-10 15:01:52.187 [DEBUG] com.jawe.system.mapper.MyUserDetailsServiceMapper.findAuthorityByRoleCodes - ==> Parameters: admin(String)
2021-12-10 15:01:52.188 [DEBUG] com.jawe.system.mapper.MyUserDetailsServiceMapper.findAuthorityByRoleCodes - <==      Total: 4
2021-12-10 15:01:52.193 [DEBUG] com.jawe.system.mapper.UserMapper.findUserPage_mpCount - ==>  Preparing: SELECT COUNT(1) FROM `user` u
2021-12-10 15:01:52.193 [DEBUG] com.jawe.system.mapper.UserMapper.findUserPage_mpCount - ==> Parameters: 
2021-12-10 15:01:52.194 [DEBUG] com.jawe.system.mapper.UserMapper.findUserPage_mpCount - <==      Total: 1
2021-12-10 15:01:52.195 [DEBUG] com.jawe.system.mapper.UserMapper.findUserPage - ==>  Preparing: select u.* from `user` u LIMIT ?
2021-12-10 15:01:52.195 [DEBUG] com.jawe.system.mapper.UserMapper.findUserPage - ==> Parameters: 7(Long)
2021-12-10 15:01:52.196 [DEBUG] com.jawe.system.mapper.UserMapper.findUserPage - <==      Total: 7
2021-12-10 15:01:53.714 [DEBUG] com.jawe.system.mapper.MyUserDetailsServiceMapper.findByPhoneNumber - ==>  Preparing: SELECT username,password,enable from user u where u.username = ?;
2021-12-10 15:01:53.714 [DEBUG] com.jawe.system.mapper.MyUserDetailsServiceMapper.findByPhoneNumber - ==> Parameters: admin(String)
2021-12-10 15:01:53.715 [DEBUG] com.jawe.system.mapper.MyUserDetailsServiceMapper.findByPhoneNumber - <==      Total: 1
2021-12-10 15:01:53.715 [DEBUG] com.jawe.system.mapper.MyUserDetailsServiceMapper.findRole - ==>  Preparing: SELECT role_code FROM role r LEFT JOIN user_role ur ON r.id = ur.role_id LEFT JOIN user u ON u.id = ur.user_id WHERE u.username = ?
2021-12-10 15:01:53.716 [DEBUG] com.jawe.system.mapper.MyUserDetailsServiceMapper.findRole - ==> Parameters: admin(String)
2021-12-10 15:01:53.717 [DEBUG] com.jawe.system.mapper.MyUserDetailsServiceMapper.findRole - <==      Total: 1
2021-12-10 15:01:53.717 [DEBUG] com.jawe.system.mapper.MyUserDetailsServiceMapper.findAuthorityByRoleCodes - ==>  Preparing: SELECT DISTINCT url FROM api m LEFT JOIN role_api rm ON m.id = rm.api_id LEFT JOIN role r ON r.id = rm.role_id WHERE r.role_code IN ( ? )
2021-12-10 15:01:53.718 [DEBUG] com.jawe.system.mapper.MyUserDetailsServiceMapper.findAuthorityByRoleCodes - ==> Parameters: admin(String)
2021-12-10 15:01:53.718 [DEBUG] com.jawe.system.mapper.MyUserDetailsServiceMapper.findAuthorityByRoleCodes - <==      Total: 4
2021-12-10 15:01:53.725 [DEBUG] com.jawe.system.mapper.GoodsMapper.findGoodsPage_mpCount - ==>  Preparing: SELECT COUNT(1) FROM `goods` g
2021-12-10 15:01:53.725 [DEBUG] com.jawe.system.mapper.GoodsMapper.findGoodsPage_mpCount - ==> Parameters: 
2021-12-10 15:01:53.726 [DEBUG] com.jawe.system.mapper.GoodsMapper.findGoodsPage_mpCount - <==      Total: 1
2021-12-10 15:01:53.727 [DEBUG] com.jawe.system.mapper.GoodsMapper.findGoodsPage - ==>  Preparing: select g.* from `goods` g LIMIT ?
2021-12-10 15:01:53.727 [DEBUG] com.jawe.system.mapper.GoodsMapper.findGoodsPage - ==> Parameters: 7(Long)
2021-12-10 15:01:53.729 [DEBUG] com.jawe.system.mapper.GoodsMapper.findGoodsPage - <==      Total: 7
2021-12-10 15:01:54.367 [DEBUG] com.jawe.system.mapper.MyUserDetailsServiceMapper.findByPhoneNumber - ==>  Preparing: SELECT username,password,enable from user u where u.username = ?;
2021-12-10 15:01:54.367 [DEBUG] com.jawe.system.mapper.MyUserDetailsServiceMapper.findByPhoneNumber - ==> Parameters: admin(String)
2021-12-10 15:01:54.368 [DEBUG] com.jawe.system.mapper.MyUserDetailsServiceMapper.findByPhoneNumber - <==      Total: 1
2021-12-10 15:01:54.368 [DEBUG] com.jawe.system.mapper.MyUserDetailsServiceMapper.findRole - ==>  Preparing: SELECT role_code FROM role r LEFT JOIN user_role ur ON r.id = ur.role_id LEFT JOIN user u ON u.id = ur.user_id WHERE u.username = ?
2021-12-10 15:01:54.369 [DEBUG] com.jawe.system.mapper.MyUserDetailsServiceMapper.findRole - ==> Parameters: admin(String)
2021-12-10 15:01:54.369 [DEBUG] com.jawe.system.mapper.MyUserDetailsServiceMapper.findRole - <==      Total: 1
2021-12-10 15:01:54.369 [DEBUG] com.jawe.system.mapper.MyUserDetailsServiceMapper.findAuthorityByRoleCodes - ==>  Preparing: SELECT DISTINCT url FROM api m LEFT JOIN role_api rm ON m.id = rm.api_id LEFT JOIN role r ON r.id = rm.role_id WHERE r.role_code IN ( ? )
2021-12-10 15:01:54.369 [DEBUG] com.jawe.system.mapper.MyUserDetailsServiceMapper.findAuthorityByRoleCodes - ==> Parameters: admin(String)
2021-12-10 15:01:54.370 [DEBUG] com.jawe.system.mapper.MyUserDetailsServiceMapper.findAuthorityByRoleCodes - <==      Total: 4
2021-12-10 15:01:54.373 [DEBUG] com.jawe.system.mapper.UserMapper.findUserPage_mpCount - ==>  Preparing: SELECT COUNT(1) FROM `user` u
2021-12-10 15:01:54.374 [DEBUG] com.jawe.system.mapper.UserMapper.findUserPage_mpCount - ==> Parameters: 
2021-12-10 15:01:54.375 [DEBUG] com.jawe.system.mapper.UserMapper.findUserPage_mpCount - <==      Total: 1
2021-12-10 15:01:54.376 [DEBUG] com.jawe.system.mapper.UserMapper.findUserPage - ==>  Preparing: select u.* from `user` u LIMIT ?
2021-12-10 15:01:54.376 [DEBUG] com.jawe.system.mapper.UserMapper.findUserPage - ==> Parameters: 7(Long)
2021-12-10 15:01:54.379 [DEBUG] com.jawe.system.mapper.UserMapper.findUserPage - <==      Total: 7
2021-12-10 15:01:57.587 [DEBUG] com.jawe.system.mapper.MyUserDetailsServiceMapper.findByPhoneNumber - ==>  Preparing: SELECT username,password,enable from user u where u.username = ?;
2021-12-10 15:01:57.588 [DEBUG] com.jawe.system.mapper.MyUserDetailsServiceMapper.findByPhoneNumber - ==> Parameters: admin(String)
2021-12-10 15:01:57.589 [DEBUG] com.jawe.system.mapper.MyUserDetailsServiceMapper.findByPhoneNumber - <==      Total: 1
2021-12-10 15:01:57.589 [DEBUG] com.jawe.system.mapper.MyUserDetailsServiceMapper.findRole - ==>  Preparing: SELECT role_code FROM role r LEFT JOIN user_role ur ON r.id = ur.role_id LEFT JOIN user u ON u.id = ur.user_id WHERE u.username = ?
2021-12-10 15:01:57.590 [DEBUG] com.jawe.system.mapper.MyUserDetailsServiceMapper.findRole - ==> Parameters: admin(String)
2021-12-10 15:01:57.590 [DEBUG] com.jawe.system.mapper.MyUserDetailsServiceMapper.findRole - <==      Total: 1
2021-12-10 15:01:57.591 [DEBUG] com.jawe.system.mapper.MyUserDetailsServiceMapper.findAuthorityByRoleCodes - ==>  Preparing: SELECT DISTINCT url FROM api m LEFT JOIN role_api rm ON m.id = rm.api_id LEFT JOIN role r ON r.id = rm.role_id WHERE r.role_code IN ( ? )
2021-12-10 15:01:57.591 [DEBUG] com.jawe.system.mapper.MyUserDetailsServiceMapper.findAuthorityByRoleCodes - ==> Parameters: admin(String)
2021-12-10 15:01:57.592 [DEBUG] com.jawe.system.mapper.MyUserDetailsServiceMapper.findAuthorityByRoleCodes - <==      Total: 4
2021-12-10 15:01:57.595 [DEBUG] com.jawe.system.mapper.GoodsCategoryMapper.selectList - ==>  Preparing: SELECT id,pid,name,sort,enable,create_time,update_time FROM goods_category WHERE (pid = ?) ORDER BY sort ASC
2021-12-10 15:01:57.596 [DEBUG] com.jawe.system.mapper.GoodsCategoryMapper.selectList - ==> Parameters: 0(Integer)
2021-12-10 15:01:57.597 [DEBUG] com.jawe.system.mapper.GoodsCategoryMapper.selectList - <==      Total: 6
2021-12-10 15:01:57.598 [DEBUG] com.jawe.system.mapper.GoodsCategoryMapper.selectList - ==>  Preparing: SELECT id,pid,name,sort,enable,create_time,update_time FROM goods_category WHERE (pid = ?) ORDER BY sort ASC
2021-12-10 15:01:57.599 [DEBUG] com.jawe.system.mapper.GoodsCategoryMapper.selectList - ==> Parameters: 4(Integer)
2021-12-10 15:01:57.600 [DEBUG] com.jawe.system.mapper.GoodsCategoryMapper.selectList - <==      Total: 2
2021-12-10 15:01:57.601 [DEBUG] com.jawe.system.mapper.GoodsCategoryMapper.selectList - ==>  Preparing: SELECT id,pid,name,sort,enable,create_time,update_time FROM goods_category WHERE (pid = ?) ORDER BY sort ASC
2021-12-10 15:01:57.601 [DEBUG] com.jawe.system.mapper.GoodsCategoryMapper.selectList - ==> Parameters: 22(Integer)
2021-12-10 15:01:57.602 [DEBUG] com.jawe.system.mapper.GoodsCategoryMapper.selectList - <==      Total: 2
2021-12-10 15:01:57.603 [DEBUG] com.jawe.system.mapper.GoodsCategoryMapper.selectList - ==>  Preparing: SELECT id,pid,name,sort,enable,create_time,update_time FROM goods_category WHERE (pid = ?) ORDER BY sort ASC
2021-12-10 15:01:57.603 [DEBUG] com.jawe.system.mapper.GoodsCategoryMapper.selectList - ==> Parameters: 2(Integer)
2021-12-10 15:01:57.604 [DEBUG] com.jawe.system.mapper.GoodsCategoryMapper.selectList - <==      Total: 1
2021-12-10 15:01:57.605 [DEBUG] com.jawe.system.mapper.GoodsCategoryMapper.selectList - ==>  Preparing: SELECT id,pid,name,sort,enable,create_time,update_time FROM goods_category WHERE (pid = ?) ORDER BY sort ASC
2021-12-10 15:01:57.605 [DEBUG] com.jawe.system.mapper.GoodsCategoryMapper.selectList - ==> Parameters: 3(Integer)
2021-12-10 15:01:57.606 [DEBUG] com.jawe.system.mapper.GoodsCategoryMapper.selectList - <==      Total: 1
2021-12-10 15:01:57.607 [DEBUG] com.jawe.system.mapper.GoodsCategoryMapper.selectList - ==>  Preparing: SELECT id,pid,name,sort,enable,create_time,update_time FROM goods_category WHERE (pid = ?) ORDER BY sort ASC
2021-12-10 15:01:57.608 [DEBUG] com.jawe.system.mapper.GoodsCategoryMapper.selectList - ==> Parameters: 5(Integer)
2021-12-10 15:01:57.609 [DEBUG] com.jawe.system.mapper.GoodsCategoryMapper.selectList - <==      Total: 2
2021-12-10 15:01:57.610 [DEBUG] com.jawe.system.mapper.GoodsCategoryMapper.selectList - ==>  Preparing: SELECT id,pid,name,sort,enable,create_time,update_time FROM goods_category WHERE (pid = ?) ORDER BY sort ASC
2021-12-10 15:01:57.611 [DEBUG] com.jawe.system.mapper.GoodsCategoryMapper.selectList - ==> Parameters: 1(Integer)
2021-12-10 15:01:57.612 [DEBUG] com.jawe.system.mapper.GoodsCategoryMapper.selectList - <==      Total: 2
2021-12-10 15:04:15.788 [DEBUG] com.jawe.system.mapper.MyUserDetailsServiceMapper.findByPhoneNumber - ==>  Preparing: SELECT username,password,enable from user u where u.username = ?;
2021-12-10 15:04:15.788 [DEBUG] com.jawe.system.mapper.MyUserDetailsServiceMapper.findByPhoneNumber - ==> Parameters: user(String)
2021-12-10 15:04:15.789 [DEBUG] com.jawe.system.mapper.MyUserDetailsServiceMapper.findByPhoneNumber - <==      Total: 1
2021-12-10 15:04:15.790 [DEBUG] com.jawe.system.mapper.MyUserDetailsServiceMapper.findRole - ==>  Preparing: SELECT role_code FROM role r LEFT JOIN user_role ur ON r.id = ur.role_id LEFT JOIN user u ON u.id = ur.user_id WHERE u.username = ?
2021-12-10 15:04:15.790 [DEBUG] com.jawe.system.mapper.MyUserDetailsServiceMapper.findRole - ==> Parameters: user(String)
2021-12-10 15:04:15.792 [DEBUG] com.jawe.system.mapper.MyUserDetailsServiceMapper.findRole - <==      Total: 1
2021-12-10 15:04:15.794 [DEBUG] com.jawe.system.mapper.MyUserDetailsServiceMapper.findAuthorityByRoleCodes - ==>  Preparing: SELECT DISTINCT url FROM api m LEFT JOIN role_api rm ON m.id = rm.api_id LEFT JOIN role r ON r.id = rm.role_id WHERE r.role_code IN ( ? )
2021-12-10 15:04:15.794 [DEBUG] com.jawe.system.mapper.MyUserDetailsServiceMapper.findAuthorityByRoleCodes - ==> Parameters: common(String)
2021-12-10 15:04:15.796 [DEBUG] com.jawe.system.mapper.MyUserDetailsServiceMapper.findAuthorityByRoleCodes - <==      Total: 1
2021-12-10 15:04:15.817 [DEBUG] com.jawe.system.mapper.MyUserDetailsServiceMapper.findByPhoneNumber - ==>  Preparing: SELECT username,password,enable from user u where u.username = ?;
2021-12-10 15:04:15.817 [DEBUG] com.jawe.system.mapper.MyUserDetailsServiceMapper.findByPhoneNumber - ==> Parameters: user(String)
2021-12-10 15:04:15.818 [DEBUG] com.jawe.system.mapper.MyUserDetailsServiceMapper.findByPhoneNumber - <==      Total: 1
2021-12-10 15:04:15.818 [DEBUG] com.jawe.system.mapper.MyUserDetailsServiceMapper.findRole - ==>  Preparing: SELECT role_code FROM role r LEFT JOIN user_role ur ON r.id = ur.role_id LEFT JOIN user u ON u.id = ur.user_id WHERE u.username = ?
2021-12-10 15:04:15.818 [DEBUG] com.jawe.system.mapper.MyUserDetailsServiceMapper.findRole - ==> Parameters: user(String)
2021-12-10 15:04:15.820 [DEBUG] com.jawe.system.mapper.MyUserDetailsServiceMapper.findRole - <==      Total: 1
2021-12-10 15:04:15.820 [DEBUG] com.jawe.system.mapper.MyUserDetailsServiceMapper.findAuthorityByRoleCodes - ==>  Preparing: SELECT DISTINCT url FROM api m LEFT JOIN role_api rm ON m.id = rm.api_id LEFT JOIN role r ON r.id = rm.role_id WHERE r.role_code IN ( ? )
2021-12-10 15:04:15.821 [DEBUG] com.jawe.system.mapper.MyUserDetailsServiceMapper.findAuthorityByRoleCodes - ==> Parameters: common(String)
2021-12-10 15:04:15.822 [DEBUG] com.jawe.system.mapper.MyUserDetailsServiceMapper.findAuthorityByRoleCodes - <==      Total: 1
2021-12-10 15:04:15.824 [DEBUG] com.jawe.system.mapper.UserMapper.currentUser - ==>  Preparing: select * from user where username = ?
2021-12-10 15:04:15.825 [DEBUG] com.jawe.system.mapper.UserMapper.currentUser - ==> Parameters: user(String)
2021-12-10 15:04:15.825 [DEBUG] com.jawe.system.mapper.UserMapper.currentUser - <==      Total: 1
2021-12-10 15:04:15.827 [DEBUG] com.jawe.system.mapper.CartMapper.selectList - ==>  Preparing: SELECT id,goods_id,num,price,user_id,is_active,category_id,create_time FROM cart WHERE (user_id = ?) ORDER BY category_id ASC
2021-12-10 15:04:15.827 [DEBUG] com.jawe.system.mapper.CartMapper.selectList - ==> Parameters: 2(Integer)
2021-12-10 15:04:15.828 [DEBUG] com.jawe.system.mapper.CartMapper.selectList - <==      Total: 5
2021-12-10 15:04:15.829 [DEBUG] com.jawe.system.mapper.GoodsMapper.selectById - ==>  Preparing: SELECT id,goods_name,category_id,description,price,stock,sales,cover_url,is_on,is_recommend,create_time,update_time FROM goods WHERE id=?
2021-12-10 15:04:15.829 [DEBUG] com.jawe.system.mapper.GoodsMapper.selectById - ==> Parameters: 20(Integer)
2021-12-10 15:04:15.830 [DEBUG] com.jawe.system.mapper.GoodsMapper.selectById - <==      Total: 1
2021-12-10 15:04:15.831 [DEBUG] com.jawe.system.mapper.GoodsCategoryMapper.getName - ==>  Preparing: select name from goods_category where id=?
2021-12-10 15:04:15.831 [DEBUG] com.jawe.system.mapper.GoodsCategoryMapper.getName - ==> Parameters: 6(Integer)
2021-12-10 15:04:15.832 [DEBUG] com.jawe.system.mapper.GoodsCategoryMapper.getName - <==      Total: 1
2021-12-10 15:04:15.832 [DEBUG] com.jawe.system.mapper.GoodsMapper.selectById - ==>  Preparing: SELECT id,goods_name,category_id,description,price,stock,sales,cover_url,is_on,is_recommend,create_time,update_time FROM goods WHERE id=?
2021-12-10 15:04:15.833 [DEBUG] com.jawe.system.mapper.GoodsMapper.selectById - ==> Parameters: 13(Integer)
2021-12-10 15:04:15.833 [DEBUG] com.jawe.system.mapper.GoodsMapper.selectById - <==      Total: 1
2021-12-10 15:04:15.834 [DEBUG] com.jawe.system.mapper.GoodsCategoryMapper.getName - ==>  Preparing: select name from goods_category where id=?
2021-12-10 15:04:15.834 [DEBUG] com.jawe.system.mapper.GoodsCategoryMapper.getName - ==> Parameters: 6(Integer)
2021-12-10 15:04:15.835 [DEBUG] com.jawe.system.mapper.GoodsCategoryMapper.getName - <==      Total: 1
2021-12-10 15:04:15.835 [DEBUG] com.jawe.system.mapper.GoodsMapper.selectById - ==>  Preparing: SELECT id,goods_name,category_id,description,price,stock,sales,cover_url,is_on,is_recommend,create_time,update_time FROM goods WHERE id=?
2021-12-10 15:04:15.836 [DEBUG] com.jawe.system.mapper.GoodsMapper.selectById - ==> Parameters: 23(Integer)
2021-12-10 15:04:15.837 [DEBUG] com.jawe.system.mapper.GoodsMapper.selectById - <==      Total: 1
2021-12-10 15:04:15.837 [DEBUG] com.jawe.system.mapper.GoodsCategoryMapper.getName - ==>  Preparing: select name from goods_category where id=?
2021-12-10 15:04:15.838 [DEBUG] com.jawe.system.mapper.GoodsCategoryMapper.getName - ==> Parameters: 21(Integer)
2021-12-10 15:04:15.838 [DEBUG] com.jawe.system.mapper.GoodsCategoryMapper.getName - <==      Total: 1
2021-12-10 15:04:15.839 [DEBUG] com.jawe.system.mapper.GoodsCategoryMapper.selectById - ==>  Preparing: SELECT id,pid,name,sort,enable,create_time,update_time FROM goods_category WHERE id=?
2021-12-10 15:04:15.839 [DEBUG] com.jawe.system.mapper.GoodsCategoryMapper.selectById - ==> Parameters: 6(Integer)
2021-12-10 15:04:15.840 [DEBUG] com.jawe.system.mapper.GoodsCategoryMapper.selectById - <==      Total: 1
2021-12-10 15:04:15.841 [DEBUG] com.jawe.system.mapper.GoodsMapper.selectById - ==>  Preparing: SELECT id,goods_name,category_id,description,price,stock,sales,cover_url,is_on,is_recommend,create_time,update_time FROM goods WHERE id=?
2021-12-10 15:04:15.841 [DEBUG] com.jawe.system.mapper.GoodsMapper.selectById - ==> Parameters: 22(Integer)
2021-12-10 15:04:15.842 [DEBUG] com.jawe.system.mapper.GoodsMapper.selectById - <==      Total: 1
2021-12-10 15:04:15.842 [DEBUG] com.jawe.system.mapper.GoodsCategoryMapper.getName - ==>  Preparing: select name from goods_category where id=?
2021-12-10 15:04:15.843 [DEBUG] com.jawe.system.mapper.GoodsCategoryMapper.getName - ==> Parameters: 21(Integer)
2021-12-10 15:04:15.844 [DEBUG] com.jawe.system.mapper.GoodsCategoryMapper.getName - <==      Total: 1
2021-12-10 15:04:15.844 [DEBUG] com.jawe.system.mapper.GoodsMapper.selectById - ==>  Preparing: SELECT id,goods_name,category_id,description,price,stock,sales,cover_url,is_on,is_recommend,create_time,update_time FROM goods WHERE id=?
2021-12-10 15:04:15.844 [DEBUG] com.jawe.system.mapper.GoodsMapper.selectById - ==> Parameters: 26(Integer)
2021-12-10 15:04:15.845 [DEBUG] com.jawe.system.mapper.GoodsMapper.selectById - <==      Total: 1
2021-12-10 15:04:15.846 [DEBUG] com.jawe.system.mapper.GoodsCategoryMapper.getName - ==>  Preparing: select name from goods_category where id=?
2021-12-10 15:04:15.846 [DEBUG] com.jawe.system.mapper.GoodsCategoryMapper.getName - ==> Parameters: 24(Integer)
2021-12-10 15:04:15.847 [DEBUG] com.jawe.system.mapper.GoodsCategoryMapper.getName - <==      Total: 1
2021-12-10 15:04:15.847 [DEBUG] com.jawe.system.mapper.GoodsCategoryMapper.selectById - ==>  Preparing: SELECT id,pid,name,sort,enable,create_time,update_time FROM goods_category WHERE id=?
2021-12-10 15:04:15.847 [DEBUG] com.jawe.system.mapper.GoodsCategoryMapper.selectById - ==> Parameters: 21(Integer)
2021-12-10 15:04:15.848 [DEBUG] com.jawe.system.mapper.GoodsCategoryMapper.selectById - <==      Total: 1
2021-12-10 15:04:15.848 [DEBUG] com.jawe.system.mapper.GoodsCategoryMapper.selectById - ==>  Preparing: SELECT id,pid,name,sort,enable,create_time,update_time FROM goods_category WHERE id=?
2021-12-10 15:04:15.848 [DEBUG] com.jawe.system.mapper.GoodsCategoryMapper.selectById - ==> Parameters: 24(Integer)
2021-12-10 15:04:15.849 [DEBUG] com.jawe.system.mapper.GoodsCategoryMapper.selectById - <==      Total: 1
2021-12-10 15:04:17.927 [DEBUG] com.jawe.system.mapper.MyUserDetailsServiceMapper.findByPhoneNumber - ==>  Preparing: SELECT username,password,enable from user u where u.username = ?;
2021-12-10 15:04:17.927 [DEBUG] com.jawe.system.mapper.MyUserDetailsServiceMapper.findByPhoneNumber - ==> Parameters: user(String)
2021-12-10 15:04:17.928 [DEBUG] com.jawe.system.mapper.MyUserDetailsServiceMapper.findByPhoneNumber - <==      Total: 1
2021-12-10 15:04:17.929 [DEBUG] com.jawe.system.mapper.MyUserDetailsServiceMapper.findRole - ==>  Preparing: SELECT role_code FROM role r LEFT JOIN user_role ur ON r.id = ur.role_id LEFT JOIN user u ON u.id = ur.user_id WHERE u.username = ?
2021-12-10 15:04:17.929 [DEBUG] com.jawe.system.mapper.MyUserDetailsServiceMapper.findRole - ==> Parameters: user(String)
2021-12-10 15:04:17.930 [DEBUG] com.jawe.system.mapper.MyUserDetailsServiceMapper.findRole - <==      Total: 1
2021-12-10 15:04:17.931 [DEBUG] com.jawe.system.mapper.MyUserDetailsServiceMapper.findAuthorityByRoleCodes - ==>  Preparing: SELECT DISTINCT url FROM api m LEFT JOIN role_api rm ON m.id = rm.api_id LEFT JOIN role r ON r.id = rm.role_id WHERE r.role_code IN ( ? )
2021-12-10 15:04:17.931 [DEBUG] com.jawe.system.mapper.MyUserDetailsServiceMapper.findAuthorityByRoleCodes - ==> Parameters: common(String)
2021-12-10 15:04:17.933 [DEBUG] com.jawe.system.mapper.MyUserDetailsServiceMapper.findAuthorityByRoleCodes - <==      Total: 1
2021-12-10 15:04:17.936 [DEBUG] com.jawe.system.mapper.GoodsCategoryMapper.selectList - ==>  Preparing: SELECT id,pid,name,sort,enable,create_time,update_time FROM goods_category WHERE (pid = ? AND enable = ?) ORDER BY sort ASC
2021-12-10 15:04:17.937 [DEBUG] com.jawe.system.mapper.GoodsCategoryMapper.selectList - ==> Parameters: 0(Integer), 1(Integer)
2021-12-10 15:04:17.938 [DEBUG] com.jawe.system.mapper.GoodsCategoryMapper.selectList - <==      Total: 6
2021-12-10 15:04:17.940 [DEBUG] com.jawe.system.mapper.GoodsCategoryMapper.selectList - ==>  Preparing: SELECT id,pid,name,sort,enable,create_time,update_time FROM goods_category WHERE (pid = ? AND enable = ?) ORDER BY sort ASC
2021-12-10 15:04:17.940 [DEBUG] com.jawe.system.mapper.GoodsCategoryMapper.selectList - ==> Parameters: 4(Integer), 1(Integer)
2021-12-10 15:04:17.941 [DEBUG] com.jawe.system.mapper.GoodsCategoryMapper.selectList - <==      Total: 2
2021-12-10 15:04:17.942 [DEBUG] com.jawe.system.mapper.GoodsCategoryMapper.selectList - ==>  Preparing: SELECT id,pid,name,sort,enable,create_time,update_time FROM goods_category WHERE (pid = ? AND enable = ?) ORDER BY sort ASC
2021-12-10 15:04:17.943 [DEBUG] com.jawe.system.mapper.GoodsCategoryMapper.selectList - ==> Parameters: 22(Integer), 1(Integer)
2021-12-10 15:04:17.945 [DEBUG] com.jawe.system.mapper.GoodsCategoryMapper.selectList - <==      Total: 2
2021-12-10 15:04:17.946 [DEBUG] com.jawe.system.mapper.GoodsCategoryMapper.selectList - ==>  Preparing: SELECT id,pid,name,sort,enable,create_time,update_time FROM goods_category WHERE (pid = ? AND enable = ?) ORDER BY sort ASC
2021-12-10 15:04:17.947 [DEBUG] com.jawe.system.mapper.GoodsCategoryMapper.selectList - ==> Parameters: 2(Integer), 1(Integer)
2021-12-10 15:04:17.948 [DEBUG] com.jawe.system.mapper.GoodsCategoryMapper.selectList - <==      Total: 1
2021-12-10 15:04:17.949 [DEBUG] com.jawe.system.mapper.GoodsCategoryMapper.selectList - ==>  Preparing: SELECT id,pid,name,sort,enable,create_time,update_time FROM goods_category WHERE (pid = ? AND enable = ?) ORDER BY sort ASC
2021-12-10 15:04:17.949 [DEBUG] com.jawe.system.mapper.GoodsCategoryMapper.selectList - ==> Parameters: 3(Integer), 1(Integer)
2021-12-10 15:04:17.950 [DEBUG] com.jawe.system.mapper.GoodsCategoryMapper.selectList - <==      Total: 1
2021-12-10 15:04:17.951 [DEBUG] com.jawe.system.mapper.GoodsCategoryMapper.selectList - ==>  Preparing: SELECT id,pid,name,sort,enable,create_time,update_time FROM goods_category WHERE (pid = ? AND enable = ?) ORDER BY sort ASC
2021-12-10 15:04:17.952 [DEBUG] com.jawe.system.mapper.GoodsCategoryMapper.selectList - ==> Parameters: 5(Integer), 1(Integer)
2021-12-10 15:04:17.953 [DEBUG] com.jawe.system.mapper.GoodsCategoryMapper.selectList - <==      Total: 2
2021-12-10 15:04:17.954 [DEBUG] com.jawe.system.mapper.GoodsCategoryMapper.selectList - ==>  Preparing: SELECT id,pid,name,sort,enable,create_time,update_time FROM goods_category WHERE (pid = ? AND enable = ?) ORDER BY sort ASC
2021-12-10 15:04:17.955 [DEBUG] com.jawe.system.mapper.GoodsCategoryMapper.selectList - ==> Parameters: 1(Integer), 1(Integer)
2021-12-10 15:04:17.956 [DEBUG] com.jawe.system.mapper.GoodsCategoryMapper.selectList - <==      Total: 2
2021-12-10 15:04:17.975 [DEBUG] com.jawe.system.mapper.MyUserDetailsServiceMapper.findByPhoneNumber - ==>  Preparing: SELECT username,password,enable from user u where u.username = ?;
2021-12-10 15:04:17.975 [DEBUG] com.jawe.system.mapper.MyUserDetailsServiceMapper.findByPhoneNumber - ==> Parameters: user(String)
2021-12-10 15:04:17.976 [DEBUG] com.jawe.system.mapper.MyUserDetailsServiceMapper.findByPhoneNumber - <==      Total: 1
2021-12-10 15:04:17.977 [DEBUG] com.jawe.system.mapper.MyUserDetailsServiceMapper.findRole - ==>  Preparing: SELECT role_code FROM role r LEFT JOIN user_role ur ON r.id = ur.role_id LEFT JOIN user u ON u.id = ur.user_id WHERE u.username = ?
2021-12-10 15:04:17.977 [DEBUG] com.jawe.system.mapper.MyUserDetailsServiceMapper.findRole - ==> Parameters: user(String)
2021-12-10 15:04:17.979 [DEBUG] com.jawe.system.mapper.MyUserDetailsServiceMapper.findRole - <==      Total: 1
2021-12-10 15:04:17.979 [DEBUG] com.jawe.system.mapper.MyUserDetailsServiceMapper.findAuthorityByRoleCodes - ==>  Preparing: SELECT DISTINCT url FROM api m LEFT JOIN role_api rm ON m.id = rm.api_id LEFT JOIN role r ON r.id = rm.role_id WHERE r.role_code IN ( ? )
2021-12-10 15:04:17.979 [DEBUG] com.jawe.system.mapper.MyUserDetailsServiceMapper.findAuthorityByRoleCodes - ==> Parameters: common(String)
2021-12-10 15:04:17.981 [DEBUG] com.jawe.system.mapper.MyUserDetailsServiceMapper.findAuthorityByRoleCodes - <==      Total: 1
2021-12-10 15:04:17.985 [DEBUG] com.jawe.system.mapper.GoodsMapper.selectPage_mpCount - ==>  Preparing: SELECT COUNT(1) FROM goods WHERE (goods_name LIKE ?)
2021-12-10 15:04:17.985 [DEBUG] com.jawe.system.mapper.GoodsMapper.selectPage_mpCount - ==> Parameters: %%(String)
2021-12-10 15:04:17.986 [DEBUG] com.jawe.system.mapper.GoodsMapper.selectPage_mpCount - <==      Total: 1
2021-12-10 15:04:17.987 [DEBUG] com.jawe.system.mapper.GoodsMapper.selectPage - ==>  Preparing: SELECT id,goods_name,category_id,description,price,stock,sales,cover_url,is_on,is_recommend,create_time,update_time FROM goods WHERE (goods_name LIKE ?) LIMIT ?
2021-12-10 15:04:17.987 [DEBUG] com.jawe.system.mapper.GoodsMapper.selectPage - ==> Parameters: %%(String), 8(Long)
2021-12-10 15:04:17.989 [DEBUG] com.jawe.system.mapper.GoodsMapper.selectPage - <==      Total: 8
2021-12-10 15:04:18.267 [DEBUG] com.jawe.system.mapper.MyUserDetailsServiceMapper.findByPhoneNumber - ==>  Preparing: SELECT username,password,enable from user u where u.username = ?;
2021-12-10 15:04:18.267 [DEBUG] com.jawe.system.mapper.MyUserDetailsServiceMapper.findByPhoneNumber - ==> Parameters: user(String)
2021-12-10 15:04:18.268 [DEBUG] com.jawe.system.mapper.MyUserDetailsServiceMapper.findByPhoneNumber - <==      Total: 1
2021-12-10 15:04:18.269 [DEBUG] com.jawe.system.mapper.MyUserDetailsServiceMapper.findRole - ==>  Preparing: SELECT role_code FROM role r LEFT JOIN user_role ur ON r.id = ur.role_id LEFT JOIN user u ON u.id = ur.user_id WHERE u.username = ?
2021-12-10 15:04:18.269 [DEBUG] com.jawe.system.mapper.MyUserDetailsServiceMapper.findRole - ==> Parameters: user(String)
2021-12-10 15:04:18.270 [DEBUG] com.jawe.system.mapper.MyUserDetailsServiceMapper.findRole - <==      Total: 1
2021-12-10 15:04:18.271 [DEBUG] com.jawe.system.mapper.MyUserDetailsServiceMapper.findAuthorityByRoleCodes - ==>  Preparing: SELECT DISTINCT url FROM api m LEFT JOIN role_api rm ON m.id = rm.api_id LEFT JOIN role r ON r.id = rm.role_id WHERE r.role_code IN ( ? )
2021-12-10 15:04:18.272 [DEBUG] com.jawe.system.mapper.MyUserDetailsServiceMapper.findAuthorityByRoleCodes - ==> Parameters: common(String)
2021-12-10 15:04:18.273 [DEBUG] com.jawe.system.mapper.MyUserDetailsServiceMapper.findAuthorityByRoleCodes - <==      Total: 1
2021-12-10 15:04:18.276 [DEBUG] com.jawe.system.mapper.GoodsMapper.selectPage_mpCount - ==>  Preparing: SELECT COUNT(1) FROM goods WHERE (goods_name LIKE ?)
2021-12-10 15:04:18.277 [DEBUG] com.jawe.system.mapper.GoodsMapper.selectPage_mpCount - ==> Parameters: %%(String)
2021-12-10 15:04:18.278 [DEBUG] com.jawe.system.mapper.GoodsMapper.selectPage_mpCount - <==      Total: 1
2021-12-10 15:04:18.279 [DEBUG] com.jawe.system.mapper.GoodsMapper.selectPage - ==>  Preparing: SELECT id,goods_name,category_id,description,price,stock,sales,cover_url,is_on,is_recommend,create_time,update_time FROM goods WHERE (goods_name LIKE ?) LIMIT ?
2021-12-10 15:04:18.279 [DEBUG] com.jawe.system.mapper.GoodsMapper.selectPage - ==> Parameters: %%(String), 8(Long)
2021-12-10 15:04:18.280 [DEBUG] com.jawe.system.mapper.GoodsMapper.selectPage - <==      Total: 8
