2022-05-12 00:48:59.046 [INFO ] com.jawe.DemoApplication - Starting DemoApplication using Java 1.8.0_291 on DESKTOP-A0VVV1J with PID 17268 (C:\Users\14618\Desktop\Sync\MyDemo\demo-parent\demo-base-web\target\classes started by 14618 in C:\Users\14618\Desktop\Sync\MyDemo\demo-parent)
2022-05-12 00:48:59.051 [INFO ] com.jawe.DemoApplication - No active profile set, falling back to default profiles: default
2022-05-12 00:49:00.328 [INFO ] org.springframework.data.repository.config.RepositoryConfigurationDelegate - Multiple Spring Data modules found, entering strict repository configuration mode!
2022-05-12 00:49:00.349 [INFO ] org.springframework.data.repository.config.RepositoryConfigurationDelegate - Bootstrapping Spring Data Redis repositories in DEFAULT mode.
2022-05-12 00:49:00.407 [INFO ] org.springframework.data.repository.config.RepositoryConfigurationDelegate - Finished Spring Data repository scanning in 45 ms. Found 0 Redis repository interfaces.
2022-05-12 00:49:01.309 [INFO ] org.springframework.context.support.PostProcessorRegistrationDelegate$BeanPostProcessorChecker - Bean 'org.springframework.statemachine.config.configuration.StateMachineAnnotationPostProcessorConfiguration' of type [org.springframework.statemachine.config.configuration.StateMachineAnnotationPostProcessorConfiguration$$EnhancerBySpringCGLIB$$9429f376] is not eligible for getting processed by all BeanPostProcessors (for example: not eligible for auto-proxying)
2022-05-12 00:49:01.333 [INFO ] org.springframework.context.support.PostProcessorRegistrationDelegate$BeanPostProcessorChecker - Bean 'org.springframework.security.config.annotation.configuration.ObjectPostProcessorConfiguration' of type [org.springframework.security.config.annotation.configuration.ObjectPostProcessorConfiguration$$EnhancerBySpringCGLIB$$d143a5af] is not eligible for getting processed by all BeanPostProcessors (for example: not eligible for auto-proxying)
2022-05-12 00:49:01.383 [INFO ] org.springframework.context.support.PostProcessorRegistrationDelegate$BeanPostProcessorChecker - Bean 'objectPostProcessor' of type [org.springframework.security.config.annotation.configuration.AutowireBeanFactoryObjectPostProcessor] is not eligible for getting processed by all BeanPostProcessors (for example: not eligible for auto-proxying)
2022-05-12 00:49:01.386 [INFO ] org.springframework.context.support.PostProcessorRegistrationDelegate$BeanPostProcessorChecker - Bean 'org.springframework.security.access.expression.method.DefaultMethodSecurityExpressionHandler@7718a40f' of type [org.springframework.security.access.expression.method.DefaultMethodSecurityExpressionHandler] is not eligible for getting processed by all BeanPostProcessors (for example: not eligible for auto-proxying)
2022-05-12 00:49:01.388 [INFO ] org.springframework.context.support.PostProcessorRegistrationDelegate$BeanPostProcessorChecker - Bean 'org.springframework.security.config.annotation.method.configuration.GlobalMethodSecurityConfiguration' of type [org.springframework.security.config.annotation.method.configuration.GlobalMethodSecurityConfiguration$$EnhancerBySpringCGLIB$$f6184861] is not eligible for getting processed by all BeanPostProcessors (for example: not eligible for auto-proxying)
2022-05-12 00:49:01.392 [INFO ] org.springframework.context.support.PostProcessorRegistrationDelegate$BeanPostProcessorChecker - Bean 'methodSecurityMetadataSource' of type [org.springframework.security.access.method.DelegatingMethodSecurityMetadataSource] is not eligible for getting processed by all BeanPostProcessors (for example: not eligible for auto-proxying)
2022-05-12 00:49:01.665 [INFO ] org.springframework.boot.web.embedded.tomcat.TomcatWebServer - Tomcat initialized with port(s): 8881 (http)
2022-05-12 00:49:01.692 [INFO ] org.apache.coyote.http11.Http11NioProtocol - Initializing ProtocolHandler ["http-nio-8881"]
2022-05-12 00:49:01.693 [INFO ] org.apache.catalina.core.StandardService - Starting service [Tomcat]
2022-05-12 00:49:01.693 [INFO ] org.apache.catalina.core.StandardEngine - Starting Servlet engine: [Apache Tomcat/9.0.45]
2022-05-12 00:49:01.778 [INFO ] org.apache.catalina.core.ContainerBase.[Tomcat].[localhost].[/] - Initializing Spring embedded WebApplicationContext
2022-05-12 00:49:01.778 [INFO ] org.springframework.boot.web.servlet.context.ServletWebServerApplicationContext - Root WebApplicationContext: initialization completed in 2665 ms
2022-05-12 00:49:03.989 [INFO ] org.springframework.security.web.DefaultSecurityFilterChain - Creating filter chain: Ant [pattern='/favicon.ico', GET], []
2022-05-12 00:49:03.989 [INFO ] org.springframework.security.web.DefaultSecurityFilterChain - Creating filter chain: Ant [pattern='/**/*.png', GET], []
2022-05-12 00:49:03.989 [INFO ] org.springframework.security.web.DefaultSecurityFilterChain - Creating filter chain: Ant [pattern='/**/*.ttf', GET], []
2022-05-12 00:49:03.990 [INFO ] org.springframework.security.web.DefaultSecurityFilterChain - Creating filter chain: Ant [pattern='/*.html', GET], []
2022-05-12 00:49:03.990 [INFO ] org.springframework.security.web.DefaultSecurityFilterChain - Creating filter chain: Ant [pattern='/**/*.css', GET], []
2022-05-12 00:49:03.990 [INFO ] org.springframework.security.web.DefaultSecurityFilterChain - Creating filter chain: Ant [pattern='/**/*.js', GET], []
2022-05-12 00:49:04.023 [INFO ] org.springframework.security.web.DefaultSecurityFilterChain - Creating filter chain: any request, [org.springframework.security.web.context.request.async.WebAsyncManagerIntegrationFilter@43c7fe8a, org.springframework.security.web.context.SecurityContextPersistenceFilter@703fa45, org.springframework.security.web.header.HeaderWriterFilter@4837f97e, org.springframework.web.filter.CorsFilter@67f946c3, org.springframework.security.web.authentication.logout.LogoutFilter@6075b369, com.jawe.conf.jwt.JwtAuthenticationTokenFilter@16ac5d35, org.springframework.security.web.savedrequest.RequestCacheAwareFilter@fddd7ae, org.springframework.security.web.servletapi.SecurityContextHolderAwareRequestFilter@5d7dd549, org.springframework.security.web.authentication.AnonymousAuthenticationFilter@21b51e59, org.springframework.security.web.session.SessionManagementFilter@62a6674f, org.springframework.security.web.access.ExceptionTranslationFilter@17c4dc5b, org.springframework.security.web.access.intercept.FilterSecurityInterceptor@3487442d]
2022-05-12 00:49:04.047 [INFO ] springfox.documentation.spring.web.PropertySourcedRequestMappingHandlerMapping - Mapped URL path [/v2/api-docs] onto method [springfox.documentation.swagger2.web.Swagger2Controller#getDocumentation(String, HttpServletRequest)]
2022-05-12 00:49:04.566 [INFO ] org.apache.coyote.http11.Http11NioProtocol - Starting ProtocolHandler ["http-nio-8881"]
2022-05-12 00:49:04.582 [INFO ] org.springframework.boot.web.embedded.tomcat.TomcatWebServer - Tomcat started on port(s): 8881 (http) with context path ''
2022-05-12 00:49:04.583 [INFO ] springfox.documentation.spring.web.plugins.DocumentationPluginsBootstrapper - Context refreshed
2022-05-12 00:49:04.594 [INFO ] springfox.documentation.spring.web.plugins.DocumentationPluginsBootstrapper - Found 1 custom documentation plugin(s)
2022-05-12 00:49:04.638 [INFO ] springfox.documentation.spring.web.scanners.ApiListingReferenceScanner - Scanning for api listing references
2022-05-12 00:49:04.853 [INFO ] com.jawe.DemoApplication - Started DemoApplication in 6.497 seconds (JVM running for 7.869)
2022-05-12 00:49:35.741 [INFO ] org.apache.catalina.core.ContainerBase.[Tomcat].[localhost].[/] - Initializing Spring DispatcherServlet 'dispatcherServlet'
2022-05-12 00:49:36.242 [INFO ] com.zaxxer.hikari.HikariDataSource - HikariPool-1 - Starting...
2022-05-12 00:49:36.477 [INFO ] com.zaxxer.hikari.HikariDataSource - HikariPool-1 - Start completed.
2022-05-12 00:51:45.365 [INFO ] com.jawe.DemoApplication - Starting DemoApplication using Java 1.8.0_291 on DESKTOP-A0VVV1J with PID 64472 (C:\Users\14618\Desktop\Sync\MyDemo\demo-parent\demo-base-web\target\classes started by 14618 in C:\Users\14618\Desktop\Sync\MyDemo\demo-parent)
2022-05-12 00:51:45.370 [INFO ] com.jawe.DemoApplication - No active profile set, falling back to default profiles: default
2022-05-12 00:51:46.212 [INFO ] org.springframework.data.repository.config.RepositoryConfigurationDelegate - Multiple Spring Data modules found, entering strict repository configuration mode!
2022-05-12 00:51:46.214 [INFO ] org.springframework.data.repository.config.RepositoryConfigurationDelegate - Bootstrapping Spring Data Redis repositories in DEFAULT mode.
2022-05-12 00:51:46.265 [INFO ] org.springframework.data.repository.config.RepositoryConfigurationDelegate - Finished Spring Data repository scanning in 36 ms. Found 0 Redis repository interfaces.
2022-05-12 00:51:46.516 [INFO ] org.springframework.context.support.PostProcessorRegistrationDelegate$BeanPostProcessorChecker - Bean 'org.springframework.statemachine.config.configuration.StateMachineAnnotationPostProcessorConfiguration' of type [org.springframework.statemachine.config.configuration.StateMachineAnnotationPostProcessorConfiguration$$EnhancerBySpringCGLIB$$d1e010cc] is not eligible for getting processed by all BeanPostProcessors (for example: not eligible for auto-proxying)
2022-05-12 00:51:46.537 [INFO ] org.springframework.context.support.PostProcessorRegistrationDelegate$BeanPostProcessorChecker - Bean 'org.springframework.security.config.annotation.configuration.ObjectPostProcessorConfiguration' of type [org.springframework.security.config.annotation.configuration.ObjectPostProcessorConfiguration$$EnhancerBySpringCGLIB$$ef9c305] is not eligible for getting processed by all BeanPostProcessors (for example: not eligible for auto-proxying)
2022-05-12 00:51:46.585 [INFO ] org.springframework.context.support.PostProcessorRegistrationDelegate$BeanPostProcessorChecker - Bean 'objectPostProcessor' of type [org.springframework.security.config.annotation.configuration.AutowireBeanFactoryObjectPostProcessor] is not eligible for getting processed by all BeanPostProcessors (for example: not eligible for auto-proxying)
2022-05-12 00:51:46.587 [INFO ] org.springframework.context.support.PostProcessorRegistrationDelegate$BeanPostProcessorChecker - Bean 'org.springframework.security.access.expression.method.DefaultMethodSecurityExpressionHandler@44bd4b0a' of type [org.springframework.security.access.expression.method.DefaultMethodSecurityExpressionHandler] is not eligible for getting processed by all BeanPostProcessors (for example: not eligible for auto-proxying)
2022-05-12 00:51:46.588 [INFO ] org.springframework.context.support.PostProcessorRegistrationDelegate$BeanPostProcessorChecker - Bean 'org.springframework.security.config.annotation.method.configuration.GlobalMethodSecurityConfiguration' of type [org.springframework.security.config.annotation.method.configuration.GlobalMethodSecurityConfiguration$$EnhancerBySpringCGLIB$$33ce65b7] is not eligible for getting processed by all BeanPostProcessors (for example: not eligible for auto-proxying)
2022-05-12 00:51:46.591 [INFO ] org.springframework.context.support.PostProcessorRegistrationDelegate$BeanPostProcessorChecker - Bean 'methodSecurityMetadataSource' of type [org.springframework.security.access.method.DelegatingMethodSecurityMetadataSource] is not eligible for getting processed by all BeanPostProcessors (for example: not eligible for auto-proxying)
2022-05-12 00:51:46.815 [INFO ] org.springframework.boot.web.embedded.tomcat.TomcatWebServer - Tomcat initialized with port(s): 8881 (http)
2022-05-12 00:51:46.823 [INFO ] org.apache.coyote.http11.Http11NioProtocol - Initializing ProtocolHandler ["http-nio-8881"]
2022-05-12 00:51:46.823 [INFO ] org.apache.catalina.core.StandardService - Starting service [Tomcat]
2022-05-12 00:51:46.823 [INFO ] org.apache.catalina.core.StandardEngine - Starting Servlet engine: [Apache Tomcat/9.0.45]
2022-05-12 00:51:46.906 [INFO ] org.apache.catalina.core.ContainerBase.[Tomcat].[localhost].[/] - Initializing Spring embedded WebApplicationContext
2022-05-12 00:51:46.907 [INFO ] org.springframework.boot.web.servlet.context.ServletWebServerApplicationContext - Root WebApplicationContext: initialization completed in 1494 ms
2022-05-12 00:51:49.590 [INFO ] org.springframework.security.web.DefaultSecurityFilterChain - Creating filter chain: Ant [pattern='/favicon.ico', GET], []
2022-05-12 00:51:49.590 [INFO ] org.springframework.security.web.DefaultSecurityFilterChain - Creating filter chain: Ant [pattern='/**/*.png', GET], []
2022-05-12 00:51:49.590 [INFO ] org.springframework.security.web.DefaultSecurityFilterChain - Creating filter chain: Ant [pattern='/**/*.ttf', GET], []
2022-05-12 00:51:49.590 [INFO ] org.springframework.security.web.DefaultSecurityFilterChain - Creating filter chain: Ant [pattern='/*.html', GET], []
2022-05-12 00:51:49.591 [INFO ] org.springframework.security.web.DefaultSecurityFilterChain - Creating filter chain: Ant [pattern='/**/*.css', GET], []
2022-05-12 00:51:49.591 [INFO ] org.springframework.security.web.DefaultSecurityFilterChain - Creating filter chain: Ant [pattern='/**/*.js', GET], []
2022-05-12 00:51:49.625 [INFO ] org.springframework.security.web.DefaultSecurityFilterChain - Creating filter chain: any request, [org.springframework.security.web.context.request.async.WebAsyncManagerIntegrationFilter@1b8aaeab, org.springframework.security.web.context.SecurityContextPersistenceFilter@6459f4ea, org.springframework.security.web.header.HeaderWriterFilter@350323a0, org.springframework.web.filter.CorsFilter@5d1bdd4a, org.springframework.security.web.authentication.logout.LogoutFilter@4eeab3e, com.jawe.conf.jwt.JwtAuthenticationTokenFilter@78cfa264, org.springframework.security.web.savedrequest.RequestCacheAwareFilter@476fde05, org.springframework.security.web.servletapi.SecurityContextHolderAwareRequestFilter@231cdda8, org.springframework.security.web.authentication.AnonymousAuthenticationFilter@6812c8cc, org.springframework.security.web.session.SessionManagementFilter@5d7dd549, org.springframework.security.web.access.ExceptionTranslationFilter@43d76a92, org.springframework.security.web.access.intercept.FilterSecurityInterceptor@4fea840f]
2022-05-12 00:51:49.648 [INFO ] springfox.documentation.spring.web.PropertySourcedRequestMappingHandlerMapping - Mapped URL path [/v2/api-docs] onto method [springfox.documentation.swagger2.web.Swagger2Controller#getDocumentation(String, HttpServletRequest)]
2022-05-12 00:51:50.478 [INFO ] org.apache.coyote.http11.Http11NioProtocol - Starting ProtocolHandler ["http-nio-8881"]
2022-05-12 00:51:50.493 [INFO ] org.springframework.boot.web.embedded.tomcat.TomcatWebServer - Tomcat started on port(s): 8881 (http) with context path ''
2022-05-12 00:51:50.494 [INFO ] springfox.documentation.spring.web.plugins.DocumentationPluginsBootstrapper - Context refreshed
2022-05-12 00:51:50.504 [INFO ] springfox.documentation.spring.web.plugins.DocumentationPluginsBootstrapper - Found 1 custom documentation plugin(s)
2022-05-12 00:51:50.561 [INFO ] springfox.documentation.spring.web.scanners.ApiListingReferenceScanner - Scanning for api listing references
2022-05-12 00:51:50.802 [INFO ] com.jawe.DemoApplication - Started DemoApplication in 5.87 seconds (JVM running for 7.106)
2022-05-12 00:51:53.947 [INFO ] org.apache.catalina.core.ContainerBase.[Tomcat].[localhost].[/] - Initializing Spring DispatcherServlet 'dispatcherServlet'
2022-05-12 00:51:54.395 [INFO ] com.zaxxer.hikari.HikariDataSource - HikariPool-1 - Starting...
2022-05-12 00:51:54.607 [INFO ] com.zaxxer.hikari.HikariDataSource - HikariPool-1 - Start completed.
2022-05-12 00:58:40.018 [INFO ] com.jawe.system.service.impl.GoodsCategoryServiceImpl - true
2022-05-12 02:07:35.147 [INFO ] com.jawe.system.service.impl.GoodsCategoryServiceImpl - true
2022-05-12 02:22:16.339 [INFO ] com.jawe.DemoApplication - Starting DemoApplication using Java 1.8.0_291 on DESKTOP-A0VVV1J with PID 69284 (C:\Users\14618\Desktop\Sync\MyDemo\demo-parent\demo-base-web\target\classes started by 14618 in C:\Users\14618\Desktop\Sync\MyDemo\demo-parent)
2022-05-12 02:22:16.346 [INFO ] com.jawe.DemoApplication - No active profile set, falling back to default profiles: default
2022-05-12 02:22:17.205 [INFO ] org.springframework.data.repository.config.RepositoryConfigurationDelegate - Multiple Spring Data modules found, entering strict repository configuration mode!
2022-05-12 02:22:17.207 [INFO ] org.springframework.data.repository.config.RepositoryConfigurationDelegate - Bootstrapping Spring Data Redis repositories in DEFAULT mode.
2022-05-12 02:22:17.253 [INFO ] org.springframework.data.repository.config.RepositoryConfigurationDelegate - Finished Spring Data repository scanning in 34 ms. Found 0 Redis repository interfaces.
2022-05-12 02:22:17.497 [INFO ] org.springframework.context.support.PostProcessorRegistrationDelegate$BeanPostProcessorChecker - Bean 'org.springframework.statemachine.config.configuration.StateMachineAnnotationPostProcessorConfiguration' of type [org.springframework.statemachine.config.configuration.StateMachineAnnotationPostProcessorConfiguration$$EnhancerBySpringCGLIB$$33e4b64] is not eligible for getting processed by all BeanPostProcessors (for example: not eligible for auto-proxying)
2022-05-12 02:22:17.519 [INFO ] org.springframework.context.support.PostProcessorRegistrationDelegate$BeanPostProcessorChecker - Bean 'org.springframework.security.config.annotation.configuration.ObjectPostProcessorConfiguration' of type [org.springframework.security.config.annotation.configuration.ObjectPostProcessorConfiguration$$EnhancerBySpringCGLIB$$4057fd9d] is not eligible for getting processed by all BeanPostProcessors (for example: not eligible for auto-proxying)
2022-05-12 02:22:17.565 [INFO ] org.springframework.context.support.PostProcessorRegistrationDelegate$BeanPostProcessorChecker - Bean 'objectPostProcessor' of type [org.springframework.security.config.annotation.configuration.AutowireBeanFactoryObjectPostProcessor] is not eligible for getting processed by all BeanPostProcessors (for example: not eligible for auto-proxying)
2022-05-12 02:22:17.567 [INFO ] org.springframework.context.support.PostProcessorRegistrationDelegate$BeanPostProcessorChecker - Bean 'org.springframework.security.access.expression.method.DefaultMethodSecurityExpressionHandler@1e0895f5' of type [org.springframework.security.access.expression.method.DefaultMethodSecurityExpressionHandler] is not eligible for getting processed by all BeanPostProcessors (for example: not eligible for auto-proxying)
2022-05-12 02:22:17.568 [INFO ] org.springframework.context.support.PostProcessorRegistrationDelegate$BeanPostProcessorChecker - Bean 'org.springframework.security.config.annotation.method.configuration.GlobalMethodSecurityConfiguration' of type [org.springframework.security.config.annotation.method.configuration.GlobalMethodSecurityConfiguration$$EnhancerBySpringCGLIB$$652ca04f] is not eligible for getting processed by all BeanPostProcessors (for example: not eligible for auto-proxying)
2022-05-12 02:22:17.571 [INFO ] org.springframework.context.support.PostProcessorRegistrationDelegate$BeanPostProcessorChecker - Bean 'methodSecurityMetadataSource' of type [org.springframework.security.access.method.DelegatingMethodSecurityMetadataSource] is not eligible for getting processed by all BeanPostProcessors (for example: not eligible for auto-proxying)
2022-05-12 02:22:17.791 [INFO ] org.springframework.boot.web.embedded.tomcat.TomcatWebServer - Tomcat initialized with port(s): 8881 (http)
2022-05-12 02:22:17.798 [INFO ] org.apache.coyote.http11.Http11NioProtocol - Initializing ProtocolHandler ["http-nio-8881"]
2022-05-12 02:22:17.798 [INFO ] org.apache.catalina.core.StandardService - Starting service [Tomcat]
2022-05-12 02:22:17.799 [INFO ] org.apache.catalina.core.StandardEngine - Starting Servlet engine: [Apache Tomcat/9.0.45]
2022-05-12 02:22:17.877 [INFO ] org.apache.catalina.core.ContainerBase.[Tomcat].[localhost].[/] - Initializing Spring embedded WebApplicationContext
2022-05-12 02:22:17.878 [INFO ] org.springframework.boot.web.servlet.context.ServletWebServerApplicationContext - Root WebApplicationContext: initialization completed in 1484 ms
2022-05-12 02:22:19.974 [INFO ] org.springframework.security.web.DefaultSecurityFilterChain - Creating filter chain: Ant [pattern='/favicon.ico', GET], []
2022-05-12 02:22:19.975 [INFO ] org.springframework.security.web.DefaultSecurityFilterChain - Creating filter chain: Ant [pattern='/**/*.png', GET], []
2022-05-12 02:22:19.975 [INFO ] org.springframework.security.web.DefaultSecurityFilterChain - Creating filter chain: Ant [pattern='/**/*.ttf', GET], []
2022-05-12 02:22:19.975 [INFO ] org.springframework.security.web.DefaultSecurityFilterChain - Creating filter chain: Ant [pattern='/*.html', GET], []
2022-05-12 02:22:19.975 [INFO ] org.springframework.security.web.DefaultSecurityFilterChain - Creating filter chain: Ant [pattern='/**/*.css', GET], []
2022-05-12 02:22:19.975 [INFO ] org.springframework.security.web.DefaultSecurityFilterChain - Creating filter chain: Ant [pattern='/**/*.js', GET], []
2022-05-12 02:22:20.007 [INFO ] org.springframework.security.web.DefaultSecurityFilterChain - Creating filter chain: any request, [org.springframework.security.web.context.request.async.WebAsyncManagerIntegrationFilter@72c9ebfa, org.springframework.security.web.context.SecurityContextPersistenceFilter@3002e397, org.springframework.security.web.header.HeaderWriterFilter@12192604, org.springframework.web.filter.CorsFilter@686cf8ad, org.springframework.security.web.authentication.logout.LogoutFilter@4f235107, com.jawe.conf.jwt.JwtAuthenticationTokenFilter@76f881d9, org.springframework.security.web.savedrequest.RequestCacheAwareFilter@38159384, org.springframework.security.web.servletapi.SecurityContextHolderAwareRequestFilter@2b6fb197, org.springframework.security.web.authentication.AnonymousAuthenticationFilter@747f6c5a, org.springframework.security.web.session.SessionManagementFilter@231cdda8, org.springframework.security.web.access.ExceptionTranslationFilter@342ee097, org.springframework.security.web.access.intercept.FilterSecurityInterceptor@1df9186f]
2022-05-12 02:22:20.029 [INFO ] springfox.documentation.spring.web.PropertySourcedRequestMappingHandlerMapping - Mapped URL path [/v2/api-docs] onto method [springfox.documentation.swagger2.web.Swagger2Controller#getDocumentation(String, HttpServletRequest)]
2022-05-12 02:22:20.453 [INFO ] org.apache.coyote.http11.Http11NioProtocol - Starting ProtocolHandler ["http-nio-8881"]
2022-05-12 02:22:20.474 [INFO ] org.springframework.boot.web.embedded.tomcat.TomcatWebServer - Tomcat started on port(s): 8881 (http) with context path ''
2022-05-12 02:22:20.475 [INFO ] springfox.documentation.spring.web.plugins.DocumentationPluginsBootstrapper - Context refreshed
2022-05-12 02:22:20.487 [INFO ] springfox.documentation.spring.web.plugins.DocumentationPluginsBootstrapper - Found 1 custom documentation plugin(s)
2022-05-12 02:22:20.529 [INFO ] springfox.documentation.spring.web.scanners.ApiListingReferenceScanner - Scanning for api listing references
2022-05-12 02:22:20.686 [INFO ] com.jawe.DemoApplication - Started DemoApplication in 4.811 seconds (JVM running for 6.0)
2022-05-12 02:22:28.761 [INFO ] org.apache.catalina.core.ContainerBase.[Tomcat].[localhost].[/] - Initializing Spring DispatcherServlet 'dispatcherServlet'
2022-05-12 02:22:29.265 [INFO ] com.zaxxer.hikari.HikariDataSource - HikariPool-1 - Starting...
2022-05-12 02:22:29.509 [INFO ] com.zaxxer.hikari.HikariDataSource - HikariPool-1 - Start completed.
2022-05-12 02:22:46.570 [INFO ] com.jawe.state.OrderStateMachineConfig$$EnhancerBySpringCGLIB$$438be1d5 - 用户订单创建，待支付
2022-05-12 02:22:46.573 [INFO ] org.springframework.statemachine.support.LifecycleObjectSupport - started org.springframework.statemachine.support.DefaultStateMachineExecutor@3785fe87
2022-05-12 02:22:46.573 [INFO ] org.springframework.statemachine.support.LifecycleObjectSupport - started COMMENTED WAIT_PAYMENT WAIT_COMMENT CANCEL_FINISH WAIT_DELIVER WAIT_RETURNING FINISH RETURN_FINISH WAIT_RECEIVE  / WAIT_PAYMENT / uuid=b3360a57-d063-4ce7-9c0b-8366e37399a1 / id=null
2022-05-12 02:22:46.574 [INFO ] org.springframework.statemachine.support.LifecycleObjectSupport - stopped org.springframework.statemachine.support.DefaultStateMachineExecutor@3785fe87
2022-05-12 02:22:46.575 [INFO ] org.springframework.statemachine.support.LifecycleObjectSupport - stopped COMMENTED WAIT_PAYMENT WAIT_COMMENT CANCEL_FINISH WAIT_DELIVER WAIT_RETURNING FINISH RETURN_FINISH WAIT_RECEIVE  /  / uuid=b3360a57-d063-4ce7-9c0b-8366e37399a1 / id=null
2022-05-12 02:22:46.575 [INFO ] org.springframework.statemachine.support.LifecycleObjectSupport - started ObjectState [getIds()=[WAIT_PAYMENT], getClass()=class org.springframework.statemachine.state.ObjectState, hashCode()=2118383825, toString()=AbstractState [id=WAIT_PAYMENT, pseudoState=org.springframework.statemachine.state.DefaultPseudoState@1dfb40c4, deferred=[], entryActions=[], exitActions=[], stateActions=[], regions=[], submachine=null]]
2022-05-12 02:22:46.576 [INFO ] org.springframework.statemachine.support.LifecycleObjectSupport - started org.springframework.statemachine.support.DefaultStateMachineExecutor@3785fe87
2022-05-12 02:22:46.576 [INFO ] org.springframework.statemachine.support.LifecycleObjectSupport - started COMMENTED WAIT_PAYMENT WAIT_COMMENT CANCEL_FINISH WAIT_DELIVER WAIT_RETURNING FINISH RETURN_FINISH WAIT_RECEIVE  / WAIT_PAYMENT / uuid=b3360a57-d063-4ce7-9c0b-8366e37399a1 / id=null
2022-05-12 02:22:46.581 [INFO ] com.jawe.state.OrderStateMachineConfig$$EnhancerBySpringCGLIB$$438be1d5 - 用户已支付，待发货
2022-05-12 02:22:46.582 [INFO ] org.springframework.statemachine.support.LifecycleObjectSupport - stopped org.springframework.statemachine.support.DefaultStateMachineExecutor@3785fe87
2022-05-12 02:22:46.583 [INFO ] org.springframework.statemachine.support.LifecycleObjectSupport - stopped COMMENTED WAIT_PAYMENT WAIT_COMMENT CANCEL_FINISH WAIT_DELIVER WAIT_RETURNING FINISH RETURN_FINISH WAIT_RECEIVE  /  / uuid=b3360a57-d063-4ce7-9c0b-8366e37399a1 / id=null
2022-05-12 02:22:52.229 [INFO ] com.jawe.system.service.impl.GoodsCategoryServiceImpl - true
2022-05-12 09:54:29.063 [INFO ] com.jawe.DemoApplication - Starting DemoApplication using Java 1.8.0_291 on DESKTOP-A0VVV1J with PID 17308 (C:\Users\14618\Desktop\Sync\MyDemo\demo-parent\demo-base-web\target\classes started by 14618 in C:\Users\14618\Desktop\Sync\MyDemo\demo-parent)
2022-05-12 09:54:29.067 [INFO ] com.jawe.DemoApplication - No active profile set, falling back to default profiles: default
2022-05-12 09:54:30.351 [INFO ] org.springframework.data.repository.config.RepositoryConfigurationDelegate - Multiple Spring Data modules found, entering strict repository configuration mode!
2022-05-12 09:54:30.355 [INFO ] org.springframework.data.repository.config.RepositoryConfigurationDelegate - Bootstrapping Spring Data Redis repositories in DEFAULT mode.
2022-05-12 09:54:30.411 [INFO ] org.springframework.data.repository.config.RepositoryConfigurationDelegate - Finished Spring Data repository scanning in 39 ms. Found 0 Redis repository interfaces.
2022-05-12 09:54:30.765 [INFO ] org.springframework.context.support.PostProcessorRegistrationDelegate$BeanPostProcessorChecker - Bean 'org.springframework.statemachine.config.configuration.StateMachineAnnotationPostProcessorConfiguration' of type [org.springframework.statemachine.config.configuration.StateMachineAnnotationPostProcessorConfiguration$$EnhancerBySpringCGLIB$$d1e010cc] is not eligible for getting processed by all BeanPostProcessors (for example: not eligible for auto-proxying)
2022-05-12 09:54:30.791 [INFO ] org.springframework.context.support.PostProcessorRegistrationDelegate$BeanPostProcessorChecker - Bean 'org.springframework.security.config.annotation.configuration.ObjectPostProcessorConfiguration' of type [org.springframework.security.config.annotation.configuration.ObjectPostProcessorConfiguration$$EnhancerBySpringCGLIB$$ef9c305] is not eligible for getting processed by all BeanPostProcessors (for example: not eligible for auto-proxying)
2022-05-12 09:54:30.848 [INFO ] org.springframework.context.support.PostProcessorRegistrationDelegate$BeanPostProcessorChecker - Bean 'objectPostProcessor' of type [org.springframework.security.config.annotation.configuration.AutowireBeanFactoryObjectPostProcessor] is not eligible for getting processed by all BeanPostProcessors (for example: not eligible for auto-proxying)
2022-05-12 09:54:30.851 [INFO ] org.springframework.context.support.PostProcessorRegistrationDelegate$BeanPostProcessorChecker - Bean 'org.springframework.security.access.expression.method.DefaultMethodSecurityExpressionHandler@44bd4b0a' of type [org.springframework.security.access.expression.method.DefaultMethodSecurityExpressionHandler] is not eligible for getting processed by all BeanPostProcessors (for example: not eligible for auto-proxying)
2022-05-12 09:54:30.853 [INFO ] org.springframework.context.support.PostProcessorRegistrationDelegate$BeanPostProcessorChecker - Bean 'org.springframework.security.config.annotation.method.configuration.GlobalMethodSecurityConfiguration' of type [org.springframework.security.config.annotation.method.configuration.GlobalMethodSecurityConfiguration$$EnhancerBySpringCGLIB$$33ce65b7] is not eligible for getting processed by all BeanPostProcessors (for example: not eligible for auto-proxying)
2022-05-12 09:54:30.857 [INFO ] org.springframework.context.support.PostProcessorRegistrationDelegate$BeanPostProcessorChecker - Bean 'methodSecurityMetadataSource' of type [org.springframework.security.access.method.DelegatingMethodSecurityMetadataSource] is not eligible for getting processed by all BeanPostProcessors (for example: not eligible for auto-proxying)
2022-05-12 09:54:31.209 [INFO ] org.springframework.boot.web.embedded.tomcat.TomcatWebServer - Tomcat initialized with port(s): 8881 (http)
2022-05-12 09:54:31.220 [INFO ] org.apache.coyote.http11.Http11NioProtocol - Initializing ProtocolHandler ["http-nio-8881"]
2022-05-12 09:54:31.223 [INFO ] org.apache.catalina.core.StandardService - Starting service [Tomcat]
2022-05-12 09:54:31.224 [INFO ] org.apache.catalina.core.StandardEngine - Starting Servlet engine: [Apache Tomcat/9.0.45]
2022-05-12 09:54:31.358 [INFO ] org.apache.catalina.core.ContainerBase.[Tomcat].[localhost].[/] - Initializing Spring embedded WebApplicationContext
2022-05-12 09:54:31.359 [INFO ] org.springframework.boot.web.servlet.context.ServletWebServerApplicationContext - Root WebApplicationContext: initialization completed in 2231 ms
2022-05-12 09:54:34.433 [INFO ] org.springframework.security.web.DefaultSecurityFilterChain - Creating filter chain: Ant [pattern='/favicon.ico', GET], []
2022-05-12 09:54:34.434 [INFO ] org.springframework.security.web.DefaultSecurityFilterChain - Creating filter chain: Ant [pattern='/**/*.png', GET], []
2022-05-12 09:54:34.434 [INFO ] org.springframework.security.web.DefaultSecurityFilterChain - Creating filter chain: Ant [pattern='/**/*.ttf', GET], []
2022-05-12 09:54:34.434 [INFO ] org.springframework.security.web.DefaultSecurityFilterChain - Creating filter chain: Ant [pattern='/*.html', GET], []
2022-05-12 09:54:34.434 [INFO ] org.springframework.security.web.DefaultSecurityFilterChain - Creating filter chain: Ant [pattern='/**/*.css', GET], []
2022-05-12 09:54:34.435 [INFO ] org.springframework.security.web.DefaultSecurityFilterChain - Creating filter chain: Ant [pattern='/**/*.js', GET], []
2022-05-12 09:54:34.496 [INFO ] org.springframework.security.web.DefaultSecurityFilterChain - Creating filter chain: any request, [org.springframework.security.web.context.request.async.WebAsyncManagerIntegrationFilter@73e4387, org.springframework.security.web.context.SecurityContextPersistenceFilter@6b1321b7, org.springframework.security.web.header.HeaderWriterFilter@476fde05, org.springframework.web.filter.CorsFilter@d87d449, org.springframework.security.web.authentication.logout.LogoutFilter@55361f03, com.jawe.conf.jwt.JwtAuthenticationTokenFilter@78cfa264, org.springframework.security.web.savedrequest.RequestCacheAwareFilter@6ac45c0c, org.springframework.security.web.servletapi.SecurityContextHolderAwareRequestFilter@723e2d08, org.springframework.security.web.authentication.AnonymousAuthenticationFilter@4137aab0, org.springframework.security.web.session.SessionManagementFilter@7ac48e10, org.springframework.security.web.access.ExceptionTranslationFilter@6459f4ea, org.springframework.security.web.access.intercept.FilterSecurityInterceptor@6812c8cc]
2022-05-12 09:54:34.522 [INFO ] springfox.documentation.spring.web.PropertySourcedRequestMappingHandlerMapping - Mapped URL path [/v2/api-docs] onto method [springfox.documentation.swagger2.web.Swagger2Controller#getDocumentation(String, HttpServletRequest)]
2022-05-12 09:54:35.257 [INFO ] org.apache.coyote.http11.Http11NioProtocol - Starting ProtocolHandler ["http-nio-8881"]
2022-05-12 09:54:35.277 [INFO ] org.springframework.boot.web.embedded.tomcat.TomcatWebServer - Tomcat started on port(s): 8881 (http) with context path ''
2022-05-12 09:54:35.278 [INFO ] springfox.documentation.spring.web.plugins.DocumentationPluginsBootstrapper - Context refreshed
2022-05-12 09:54:35.293 [INFO ] springfox.documentation.spring.web.plugins.DocumentationPluginsBootstrapper - Found 1 custom documentation plugin(s)
2022-05-12 09:54:35.354 [INFO ] springfox.documentation.spring.web.scanners.ApiListingReferenceScanner - Scanning for api listing references
2022-05-12 09:54:35.646 [INFO ] com.jawe.DemoApplication - Started DemoApplication in 7.259 seconds (JVM running for 8.786)
2022-05-12 09:55:02.668 [INFO ] org.apache.catalina.core.ContainerBase.[Tomcat].[localhost].[/] - Initializing Spring DispatcherServlet 'dispatcherServlet'
2022-05-12 09:55:03.153 [INFO ] com.zaxxer.hikari.HikariDataSource - HikariPool-1 - Starting...
2022-05-12 09:55:03.445 [INFO ] com.zaxxer.hikari.HikariDataSource - HikariPool-1 - Start completed.
2022-05-12 09:57:01.590 [INFO ] com.jawe.state.OrderStateMachineConfig$$EnhancerBySpringCGLIB$$122da73d - 用户订单创建，待支付
2022-05-12 09:57:01.595 [INFO ] org.springframework.statemachine.support.LifecycleObjectSupport - started org.springframework.statemachine.support.DefaultStateMachineExecutor@61804109
2022-05-12 09:57:01.596 [INFO ] org.springframework.statemachine.support.LifecycleObjectSupport - started COMMENTED WAIT_PAYMENT WAIT_COMMENT WAIT_RETURNING FINISH WAIT_DELIVER WAIT_RECEIVE CANCEL_FINISH RETURN_FINISH  / WAIT_PAYMENT / uuid=0035f2c2-c3a3-4cc8-9b5e-48ababf6f4d2 / id=null
2022-05-12 09:57:01.597 [INFO ] org.springframework.statemachine.support.LifecycleObjectSupport - stopped org.springframework.statemachine.support.DefaultStateMachineExecutor@61804109
2022-05-12 09:57:01.598 [INFO ] org.springframework.statemachine.support.LifecycleObjectSupport - stopped COMMENTED WAIT_PAYMENT WAIT_COMMENT WAIT_RETURNING FINISH WAIT_DELIVER WAIT_RECEIVE CANCEL_FINISH RETURN_FINISH  /  / uuid=0035f2c2-c3a3-4cc8-9b5e-48ababf6f4d2 / id=null
2022-05-12 09:57:01.598 [INFO ] org.springframework.statemachine.support.LifecycleObjectSupport - started ObjectState [getIds()=[WAIT_PAYMENT], getClass()=class org.springframework.statemachine.state.ObjectState, hashCode()=184319144, toString()=AbstractState [id=WAIT_PAYMENT, pseudoState=org.springframework.statemachine.state.DefaultPseudoState@2a141199, deferred=[], entryActions=[], exitActions=[], stateActions=[], regions=[], submachine=null]]
2022-05-12 09:57:01.598 [INFO ] org.springframework.statemachine.support.LifecycleObjectSupport - started org.springframework.statemachine.support.DefaultStateMachineExecutor@61804109
2022-05-12 09:57:01.599 [INFO ] org.springframework.statemachine.support.LifecycleObjectSupport - started COMMENTED WAIT_PAYMENT WAIT_COMMENT WAIT_RETURNING FINISH WAIT_DELIVER WAIT_RECEIVE CANCEL_FINISH RETURN_FINISH  / WAIT_PAYMENT / uuid=0035f2c2-c3a3-4cc8-9b5e-48ababf6f4d2 / id=null
2022-05-12 09:57:01.602 [INFO ] com.jawe.state.OrderStateMachineConfig$$EnhancerBySpringCGLIB$$122da73d - 用户已支付，待发货
2022-05-12 09:57:01.604 [INFO ] org.springframework.statemachine.support.LifecycleObjectSupport - stopped org.springframework.statemachine.support.DefaultStateMachineExecutor@61804109
2022-05-12 09:57:01.604 [INFO ] org.springframework.statemachine.support.LifecycleObjectSupport - stopped COMMENTED WAIT_PAYMENT WAIT_COMMENT WAIT_RETURNING FINISH WAIT_DELIVER WAIT_RECEIVE CANCEL_FINISH RETURN_FINISH  /  / uuid=0035f2c2-c3a3-4cc8-9b5e-48ababf6f4d2 / id=null
2022-05-12 09:57:47.570 [INFO ] com.jawe.state.OrderStateMachineConfig$$EnhancerBySpringCGLIB$$122da73d - 用户订单创建，待支付
2022-05-12 09:57:47.570 [INFO ] org.springframework.statemachine.support.LifecycleObjectSupport - started org.springframework.statemachine.support.DefaultStateMachineExecutor@61804109
2022-05-12 09:57:47.570 [INFO ] org.springframework.statemachine.support.LifecycleObjectSupport - started COMMENTED WAIT_PAYMENT WAIT_COMMENT WAIT_RETURNING FINISH WAIT_DELIVER WAIT_RECEIVE CANCEL_FINISH RETURN_FINISH  / WAIT_PAYMENT / uuid=0035f2c2-c3a3-4cc8-9b5e-48ababf6f4d2 / id=null
2022-05-12 09:57:47.570 [INFO ] org.springframework.statemachine.support.LifecycleObjectSupport - stopped org.springframework.statemachine.support.DefaultStateMachineExecutor@61804109
2022-05-12 09:57:47.570 [INFO ] org.springframework.statemachine.support.LifecycleObjectSupport - stopped COMMENTED WAIT_PAYMENT WAIT_COMMENT WAIT_RETURNING FINISH WAIT_DELIVER WAIT_RECEIVE CANCEL_FINISH RETURN_FINISH  /  / uuid=0035f2c2-c3a3-4cc8-9b5e-48ababf6f4d2 / id=null
2022-05-12 09:57:47.571 [INFO ] org.springframework.statemachine.support.LifecycleObjectSupport - started ObjectState [getIds()=[WAIT_DELIVER], getClass()=class org.springframework.statemachine.state.ObjectState, hashCode()=1252120810, toString()=AbstractState [id=WAIT_DELIVER, pseudoState=null, deferred=[], entryActions=[], exitActions=[], stateActions=[], regions=[], submachine=null]]
2022-05-12 09:57:47.571 [INFO ] org.springframework.statemachine.support.LifecycleObjectSupport - started org.springframework.statemachine.support.DefaultStateMachineExecutor@61804109
2022-05-12 09:57:47.571 [INFO ] org.springframework.statemachine.support.LifecycleObjectSupport - started COMMENTED WAIT_PAYMENT WAIT_COMMENT WAIT_RETURNING FINISH WAIT_DELIVER WAIT_RECEIVE CANCEL_FINISH RETURN_FINISH  / WAIT_DELIVER / uuid=0035f2c2-c3a3-4cc8-9b5e-48ababf6f4d2 / id=null
2022-05-12 09:57:47.572 [INFO ] com.jawe.state.OrderStateMachineConfig$$EnhancerBySpringCGLIB$$122da73d - 商家已发货，待接收
2022-05-12 09:57:47.572 [INFO ] org.springframework.statemachine.support.LifecycleObjectSupport - stopped org.springframework.statemachine.support.DefaultStateMachineExecutor@61804109
2022-05-12 09:57:47.573 [INFO ] org.springframework.statemachine.support.LifecycleObjectSupport - stopped COMMENTED WAIT_PAYMENT WAIT_COMMENT WAIT_RETURNING FINISH WAIT_DELIVER WAIT_RECEIVE CANCEL_FINISH RETURN_FINISH  /  / uuid=0035f2c2-c3a3-4cc8-9b5e-48ababf6f4d2 / id=null
2022-05-12 09:57:49.961 [INFO ] com.jawe.state.OrderStateMachineConfig$$EnhancerBySpringCGLIB$$122da73d - 用户订单创建，待支付
2022-05-12 09:57:49.962 [INFO ] org.springframework.statemachine.support.LifecycleObjectSupport - started org.springframework.statemachine.support.DefaultStateMachineExecutor@61804109
2022-05-12 09:57:49.962 [INFO ] org.springframework.statemachine.support.LifecycleObjectSupport - started COMMENTED WAIT_PAYMENT WAIT_COMMENT WAIT_RETURNING FINISH WAIT_DELIVER WAIT_RECEIVE CANCEL_FINISH RETURN_FINISH  / WAIT_PAYMENT / uuid=0035f2c2-c3a3-4cc8-9b5e-48ababf6f4d2 / id=null
2022-05-12 09:57:49.962 [INFO ] org.springframework.statemachine.support.LifecycleObjectSupport - stopped org.springframework.statemachine.support.DefaultStateMachineExecutor@61804109
2022-05-12 09:57:49.963 [INFO ] org.springframework.statemachine.support.LifecycleObjectSupport - stopped COMMENTED WAIT_PAYMENT WAIT_COMMENT WAIT_RETURNING FINISH WAIT_DELIVER WAIT_RECEIVE CANCEL_FINISH RETURN_FINISH  /  / uuid=0035f2c2-c3a3-4cc8-9b5e-48ababf6f4d2 / id=null
2022-05-12 09:57:49.963 [INFO ] org.springframework.statemachine.support.LifecycleObjectSupport - started org.springframework.statemachine.support.DefaultStateMachineExecutor@61804109
2022-05-12 09:57:49.963 [INFO ] org.springframework.statemachine.support.LifecycleObjectSupport - started COMMENTED WAIT_PAYMENT WAIT_COMMENT WAIT_RETURNING FINISH WAIT_DELIVER WAIT_RECEIVE CANCEL_FINISH RETURN_FINISH  / WAIT_DELIVER / uuid=0035f2c2-c3a3-4cc8-9b5e-48ababf6f4d2 / id=null
2022-05-12 09:57:49.964 [INFO ] com.jawe.state.OrderStateMachineConfig$$EnhancerBySpringCGLIB$$122da73d - 商家已发货，待接收
2022-05-12 09:57:49.965 [INFO ] org.springframework.statemachine.support.LifecycleObjectSupport - stopped org.springframework.statemachine.support.DefaultStateMachineExecutor@61804109
2022-05-12 09:57:49.965 [INFO ] org.springframework.statemachine.support.LifecycleObjectSupport - stopped COMMENTED WAIT_PAYMENT WAIT_COMMENT WAIT_RETURNING FINISH WAIT_DELIVER WAIT_RECEIVE CANCEL_FINISH RETURN_FINISH  /  / uuid=0035f2c2-c3a3-4cc8-9b5e-48ababf6f4d2 / id=null
2022-05-12 10:00:14.149 [INFO ] com.jawe.state.OrderStateMachineConfig$$EnhancerBySpringCGLIB$$122da73d - 用户订单创建，待支付
2022-05-12 10:00:14.149 [INFO ] org.springframework.statemachine.support.LifecycleObjectSupport - started org.springframework.statemachine.support.DefaultStateMachineExecutor@61804109
2022-05-12 10:00:14.150 [INFO ] org.springframework.statemachine.support.LifecycleObjectSupport - started COMMENTED WAIT_PAYMENT WAIT_COMMENT WAIT_RETURNING FINISH WAIT_DELIVER WAIT_RECEIVE CANCEL_FINISH RETURN_FINISH  / WAIT_PAYMENT / uuid=0035f2c2-c3a3-4cc8-9b5e-48ababf6f4d2 / id=null
2022-05-12 10:00:14.150 [INFO ] org.springframework.statemachine.support.LifecycleObjectSupport - stopped org.springframework.statemachine.support.DefaultStateMachineExecutor@61804109
2022-05-12 10:00:14.150 [INFO ] org.springframework.statemachine.support.LifecycleObjectSupport - stopped COMMENTED WAIT_PAYMENT WAIT_COMMENT WAIT_RETURNING FINISH WAIT_DELIVER WAIT_RECEIVE CANCEL_FINISH RETURN_FINISH  /  / uuid=0035f2c2-c3a3-4cc8-9b5e-48ababf6f4d2 / id=null
2022-05-12 10:00:14.150 [INFO ] org.springframework.statemachine.support.LifecycleObjectSupport - started ObjectState [getIds()=[WAIT_COMMENT], getClass()=class org.springframework.statemachine.state.ObjectState, hashCode()=1642766004, toString()=AbstractState [id=WAIT_COMMENT, pseudoState=null, deferred=[], entryActions=[], exitActions=[], stateActions=[], regions=[], submachine=null]]
2022-05-12 10:00:14.151 [INFO ] org.springframework.statemachine.support.LifecycleObjectSupport - started org.springframework.statemachine.support.DefaultStateMachineExecutor@61804109
2022-05-12 10:00:14.151 [INFO ] org.springframework.statemachine.support.LifecycleObjectSupport - started COMMENTED WAIT_PAYMENT WAIT_COMMENT WAIT_RETURNING FINISH WAIT_DELIVER WAIT_RECEIVE CANCEL_FINISH RETURN_FINISH  / WAIT_COMMENT / uuid=0035f2c2-c3a3-4cc8-9b5e-48ababf6f4d2 / id=null
2022-05-12 10:00:14.151 [INFO ] org.springframework.statemachine.support.LifecycleObjectSupport - stopped org.springframework.statemachine.support.DefaultStateMachineExecutor@61804109
2022-05-12 10:00:14.152 [INFO ] org.springframework.statemachine.support.LifecycleObjectSupport - stopped COMMENTED WAIT_PAYMENT WAIT_COMMENT WAIT_RETURNING FINISH WAIT_DELIVER WAIT_RECEIVE CANCEL_FINISH RETURN_FINISH  /  / uuid=0035f2c2-c3a3-4cc8-9b5e-48ababf6f4d2 / id=null
2022-05-12 10:04:56.584 [INFO ] com.jawe.system.service.impl.GoodsCategoryServiceImpl - true
2022-05-12 10:11:41.815 [INFO ] com.jawe.system.service.impl.GoodsCategoryServiceImpl - true
2022-05-12 16:02:00.505 [INFO ] com.jawe.DemoApplication - Starting DemoApplication using Java 1.8.0_291 on DESKTOP-A0VVV1J with PID 20572 (C:\Users\14618\Desktop\Sync\MyDemo\demo-parent\demo-base-web\target\classes started by 14618 in C:\Users\14618\Desktop\Sync\MyDemo\demo-parent)
2022-05-12 16:02:00.509 [INFO ] com.jawe.DemoApplication - No active profile set, falling back to default profiles: default
2022-05-12 16:02:01.587 [INFO ] org.springframework.data.repository.config.RepositoryConfigurationDelegate - Multiple Spring Data modules found, entering strict repository configuration mode!
2022-05-12 16:02:01.591 [INFO ] org.springframework.data.repository.config.RepositoryConfigurationDelegate - Bootstrapping Spring Data Redis repositories in DEFAULT mode.
2022-05-12 16:02:01.637 [INFO ] org.springframework.data.repository.config.RepositoryConfigurationDelegate - Finished Spring Data repository scanning in 32 ms. Found 0 Redis repository interfaces.
2022-05-12 16:02:01.921 [INFO ] org.springframework.context.support.PostProcessorRegistrationDelegate$BeanPostProcessorChecker - Bean 'org.springframework.statemachine.config.configuration.StateMachineAnnotationPostProcessorConfiguration' of type [org.springframework.statemachine.config.configuration.StateMachineAnnotationPostProcessorConfiguration$$EnhancerBySpringCGLIB$$1658adf0] is not eligible for getting processed by all BeanPostProcessors (for example: not eligible for auto-proxying)
2022-05-12 16:02:01.943 [INFO ] org.springframework.context.support.PostProcessorRegistrationDelegate$BeanPostProcessorChecker - Bean 'org.springframework.security.config.annotation.configuration.ObjectPostProcessorConfiguration' of type [org.springframework.security.config.annotation.configuration.ObjectPostProcessorConfiguration$$EnhancerBySpringCGLIB$$53726029] is not eligible for getting processed by all BeanPostProcessors (for example: not eligible for auto-proxying)
2022-05-12 16:02:01.991 [INFO ] org.springframework.context.support.PostProcessorRegistrationDelegate$BeanPostProcessorChecker - Bean 'objectPostProcessor' of type [org.springframework.security.config.annotation.configuration.AutowireBeanFactoryObjectPostProcessor] is not eligible for getting processed by all BeanPostProcessors (for example: not eligible for auto-proxying)
2022-05-12 16:02:01.993 [INFO ] org.springframework.context.support.PostProcessorRegistrationDelegate$BeanPostProcessorChecker - Bean 'org.springframework.security.access.expression.method.DefaultMethodSecurityExpressionHandler@288ca5f0' of type [org.springframework.security.access.expression.method.DefaultMethodSecurityExpressionHandler] is not eligible for getting processed by all BeanPostProcessors (for example: not eligible for auto-proxying)
2022-05-12 16:02:01.994 [INFO ] org.springframework.context.support.PostProcessorRegistrationDelegate$BeanPostProcessorChecker - Bean 'org.springframework.security.config.annotation.method.configuration.GlobalMethodSecurityConfiguration' of type [org.springframework.security.config.annotation.method.configuration.GlobalMethodSecurityConfiguration$$EnhancerBySpringCGLIB$$784702db] is not eligible for getting processed by all BeanPostProcessors (for example: not eligible for auto-proxying)
2022-05-12 16:02:01.997 [INFO ] org.springframework.context.support.PostProcessorRegistrationDelegate$BeanPostProcessorChecker - Bean 'methodSecurityMetadataSource' of type [org.springframework.security.access.method.DelegatingMethodSecurityMetadataSource] is not eligible for getting processed by all BeanPostProcessors (for example: not eligible for auto-proxying)
2022-05-12 16:02:02.240 [INFO ] org.springframework.boot.web.embedded.tomcat.TomcatWebServer - Tomcat initialized with port(s): 8881 (http)
2022-05-12 16:02:02.247 [INFO ] org.apache.coyote.http11.Http11NioProtocol - Initializing ProtocolHandler ["http-nio-8881"]
2022-05-12 16:02:02.248 [INFO ] org.apache.catalina.core.StandardService - Starting service [Tomcat]
2022-05-12 16:02:02.248 [INFO ] org.apache.catalina.core.StandardEngine - Starting Servlet engine: [Apache Tomcat/9.0.45]
2022-05-12 16:02:02.334 [INFO ] org.apache.catalina.core.ContainerBase.[Tomcat].[localhost].[/] - Initializing Spring embedded WebApplicationContext
2022-05-12 16:02:02.335 [INFO ] org.springframework.boot.web.servlet.context.ServletWebServerApplicationContext - Root WebApplicationContext: initialization completed in 1776 ms
2022-05-12 16:02:04.877 [INFO ] org.springframework.security.web.DefaultSecurityFilterChain - Creating filter chain: Ant [pattern='/favicon.ico', GET], []
2022-05-12 16:02:04.878 [INFO ] org.springframework.security.web.DefaultSecurityFilterChain - Creating filter chain: Ant [pattern='/**/*.png', GET], []
2022-05-12 16:02:04.878 [INFO ] org.springframework.security.web.DefaultSecurityFilterChain - Creating filter chain: Ant [pattern='/**/*.ttf', GET], []
2022-05-12 16:02:04.878 [INFO ] org.springframework.security.web.DefaultSecurityFilterChain - Creating filter chain: Ant [pattern='/*.html', GET], []
2022-05-12 16:02:04.878 [INFO ] org.springframework.security.web.DefaultSecurityFilterChain - Creating filter chain: Ant [pattern='/**/*.css', GET], []
2022-05-12 16:02:04.878 [INFO ] org.springframework.security.web.DefaultSecurityFilterChain - Creating filter chain: Ant [pattern='/**/*.js', GET], []
2022-05-12 16:02:04.913 [INFO ] org.springframework.security.web.DefaultSecurityFilterChain - Creating filter chain: any request, [org.springframework.security.web.context.request.async.WebAsyncManagerIntegrationFilter@682e422c, org.springframework.security.web.context.SecurityContextPersistenceFilter@6075b369, org.springframework.security.web.header.HeaderWriterFilter@6b1321b7, org.springframework.web.filter.CorsFilter@5bb8e6fc, org.springframework.security.web.authentication.logout.LogoutFilter@448462f0, com.jawe.conf.jwt.JwtAuthenticationTokenFilter@1860f3be, org.springframework.security.web.savedrequest.RequestCacheAwareFilter@6b70d1fb, org.springframework.security.web.servletapi.SecurityContextHolderAwareRequestFilter@79df80a4, org.springframework.security.web.authentication.AnonymousAuthenticationFilter@2726a511, org.springframework.security.web.session.SessionManagementFilter@6ac45c0c, org.springframework.security.web.access.ExceptionTranslationFilter@7ac48e10, org.springframework.security.web.access.intercept.FilterSecurityInterceptor@73e4387]
2022-05-12 16:02:04.939 [INFO ] springfox.documentation.spring.web.PropertySourcedRequestMappingHandlerMapping - Mapped URL path [/v2/api-docs] onto method [springfox.documentation.swagger2.web.Swagger2Controller#getDocumentation(String, HttpServletRequest)]
2022-05-12 16:02:05.423 [INFO ] org.apache.coyote.http11.Http11NioProtocol - Starting ProtocolHandler ["http-nio-8881"]
2022-05-12 16:02:05.438 [INFO ] org.springframework.boot.web.embedded.tomcat.TomcatWebServer - Tomcat started on port(s): 8881 (http) with context path ''
2022-05-12 16:02:05.439 [INFO ] springfox.documentation.spring.web.plugins.DocumentationPluginsBootstrapper - Context refreshed
2022-05-12 16:02:05.450 [INFO ] springfox.documentation.spring.web.plugins.DocumentationPluginsBootstrapper - Found 1 custom documentation plugin(s)
2022-05-12 16:02:05.491 [INFO ] springfox.documentation.spring.web.scanners.ApiListingReferenceScanner - Scanning for api listing references
2022-05-12 16:02:05.679 [INFO ] com.jawe.DemoApplication - Started DemoApplication in 5.771 seconds (JVM running for 7.448)
2022-05-12 16:02:44.672 [INFO ] org.apache.catalina.core.ContainerBase.[Tomcat].[localhost].[/] - Initializing Spring DispatcherServlet 'dispatcherServlet'
2022-05-12 16:02:45.261 [INFO ] com.zaxxer.hikari.HikariDataSource - HikariPool-1 - Starting...
2022-05-12 16:02:45.714 [INFO ] com.zaxxer.hikari.HikariDataSource - HikariPool-1 - Start completed.
2022-05-12 17:18:58.012 [INFO ] com.jawe.system.service.impl.GoodsCategoryServiceImpl - true
2022-05-12 18:59:09.540 [INFO ] com.jawe.system.service.impl.GoodsCategoryServiceImpl - true
