2021-12-24 08:50:57.282 [INFO ] com.jawe.DemoApplication - Starting DemoApplication using Java 1.8.0_291 on DESKTOP-A0VVV1J with PID 34304 (C:\Users\14618\Desktop\Sync\MyDemo\demo-parent\demo-base-web\target\classes started by 14618 in C:\Users\14618\Desktop\Sync\MyDemo\demo-parent)
2021-12-24 08:50:57.287 [INFO ] com.jawe.DemoApplication - No active profile set, falling back to default profiles: default
2021-12-24 08:50:58.468 [INFO ] org.springframework.data.repository.config.RepositoryConfigurationDelegate - Multiple Spring Data modules found, entering strict repository configuration mode!
2021-12-24 08:50:58.471 [INFO ] org.springframework.data.repository.config.RepositoryConfigurationDelegate - Bootstrapping Spring Data Redis repositories in DEFAULT mode.
2021-12-24 08:50:58.518 [INFO ] org.springframework.data.repository.config.RepositoryConfigurationDelegate - Finished Spring Data repository scanning in 30 ms. Found 0 Redis repository interfaces.
2021-12-24 08:50:58.850 [INFO ] org.springframework.context.support.PostProcessorRegistrationDelegate$BeanPostProcessorChecker - Bean 'org.springframework.statemachine.config.configuration.StateMachineAnnotationPostProcessorConfiguration' of type [org.springframework.statemachine.config.configuration.StateMachineAnnotationPostProcessorConfiguration$$EnhancerBySpringCGLIB$$618c6456] is not eligible for getting processed by all BeanPostProcessors (for example: not eligible for auto-proxying)
2021-12-24 08:50:58.879 [INFO ] org.springframework.context.support.PostProcessorRegistrationDelegate$BeanPostProcessorChecker - Bean 'org.springframework.security.config.annotation.configuration.ObjectPostProcessorConfiguration' of type [org.springframework.security.config.annotation.configuration.ObjectPostProcessorConfiguration$$EnhancerBySpringCGLIB$$9ea6168f] is not eligible for getting processed by all BeanPostProcessors (for example: not eligible for auto-proxying)
2021-12-24 08:50:58.958 [INFO ] org.springframework.context.support.PostProcessorRegistrationDelegate$BeanPostProcessorChecker - Bean 'objectPostProcessor' of type [org.springframework.security.config.annotation.configuration.AutowireBeanFactoryObjectPostProcessor] is not eligible for getting processed by all BeanPostProcessors (for example: not eligible for auto-proxying)
2021-12-24 08:50:58.961 [INFO ] org.springframework.context.support.PostProcessorRegistrationDelegate$BeanPostProcessorChecker - Bean 'org.springframework.security.access.expression.method.DefaultMethodSecurityExpressionHandler@9b21bd3' of type [org.springframework.security.access.expression.method.DefaultMethodSecurityExpressionHandler] is not eligible for getting processed by all BeanPostProcessors (for example: not eligible for auto-proxying)
2021-12-24 08:50:58.963 [INFO ] org.springframework.context.support.PostProcessorRegistrationDelegate$BeanPostProcessorChecker - Bean 'org.springframework.security.config.annotation.method.configuration.GlobalMethodSecurityConfiguration' of type [org.springframework.security.config.annotation.method.configuration.GlobalMethodSecurityConfiguration$$EnhancerBySpringCGLIB$$c37ab941] is not eligible for getting processed by all BeanPostProcessors (for example: not eligible for auto-proxying)
2021-12-24 08:50:58.967 [INFO ] org.springframework.context.support.PostProcessorRegistrationDelegate$BeanPostProcessorChecker - Bean 'methodSecurityMetadataSource' of type [org.springframework.security.access.method.DelegatingMethodSecurityMetadataSource] is not eligible for getting processed by all BeanPostProcessors (for example: not eligible for auto-proxying)
2021-12-24 08:50:59.289 [INFO ] org.springframework.boot.web.embedded.tomcat.TomcatWebServer - Tomcat initialized with port(s): 8881 (http)
2021-12-24 08:50:59.297 [INFO ] org.apache.coyote.http11.Http11NioProtocol - Initializing ProtocolHandler ["http-nio-8881"]
2021-12-24 08:50:59.299 [INFO ] org.apache.catalina.core.StandardService - Starting service [Tomcat]
2021-12-24 08:50:59.299 [INFO ] org.apache.catalina.core.StandardEngine - Starting Servlet engine: [Apache Tomcat/9.0.45]
2021-12-24 08:50:59.398 [INFO ] org.apache.catalina.core.ContainerBase.[Tomcat].[localhost].[/] - Initializing Spring embedded WebApplicationContext
2021-12-24 08:50:59.399 [INFO ] org.springframework.boot.web.servlet.context.ServletWebServerApplicationContext - Root WebApplicationContext: initialization completed in 2062 ms
2021-12-24 08:51:01.794 [INFO ] org.springframework.security.web.DefaultSecurityFilterChain - Creating filter chain: Ant [pattern='/favicon.ico', GET], []
2021-12-24 08:51:01.794 [INFO ] org.springframework.security.web.DefaultSecurityFilterChain - Creating filter chain: Ant [pattern='/**/*.png', GET], []
2021-12-24 08:51:01.795 [INFO ] org.springframework.security.web.DefaultSecurityFilterChain - Creating filter chain: Ant [pattern='/**/*.ttf', GET], []
2021-12-24 08:51:01.795 [INFO ] org.springframework.security.web.DefaultSecurityFilterChain - Creating filter chain: Ant [pattern='/*.html', GET], []
2021-12-24 08:51:01.795 [INFO ] org.springframework.security.web.DefaultSecurityFilterChain - Creating filter chain: Ant [pattern='/**/*.css', GET], []
2021-12-24 08:51:01.795 [INFO ] org.springframework.security.web.DefaultSecurityFilterChain - Creating filter chain: Ant [pattern='/**/*.js', GET], []
2021-12-24 08:51:01.836 [INFO ] org.springframework.security.web.DefaultSecurityFilterChain - Creating filter chain: any request, [org.springframework.security.web.context.request.async.WebAsyncManagerIntegrationFilter@19b5214b, org.springframework.security.web.context.SecurityContextPersistenceFilter@bbb6f0, org.springframework.security.web.header.HeaderWriterFilter@6f91fbda, org.springframework.web.filter.CorsFilter@5fb3111a, org.springframework.security.web.authentication.logout.LogoutFilter@6d294ddc, com.jawe.conf.jwt.JwtAuthenticationTokenFilter@7f7b6639, org.springframework.security.web.savedrequest.RequestCacheAwareFilter@2bd8f7db, org.springframework.security.web.servletapi.SecurityContextHolderAwareRequestFilter@6629643d, org.springframework.security.web.authentication.AnonymousAuthenticationFilter@4aaecabd, org.springframework.security.web.session.SessionManagementFilter@4ffced4e, org.springframework.security.web.access.ExceptionTranslationFilter@4b7ed03e, org.springframework.security.web.access.intercept.FilterSecurityInterceptor@6c835217]
2021-12-24 08:51:01.860 [INFO ] springfox.documentation.spring.web.PropertySourcedRequestMappingHandlerMapping - Mapped URL path [/v2/api-docs] onto method [springfox.documentation.swagger2.web.Swagger2Controller#getDocumentation(String, HttpServletRequest)]
2021-12-24 08:51:02.415 [INFO ] org.apache.coyote.http11.Http11NioProtocol - Starting ProtocolHandler ["http-nio-8881"]
2021-12-24 08:51:02.431 [INFO ] org.springframework.boot.web.embedded.tomcat.TomcatWebServer - Tomcat started on port(s): 8881 (http) with context path ''
2021-12-24 08:51:02.432 [INFO ] springfox.documentation.spring.web.plugins.DocumentationPluginsBootstrapper - Context refreshed
2021-12-24 08:51:02.452 [INFO ] springfox.documentation.spring.web.plugins.DocumentationPluginsBootstrapper - Found 1 custom documentation plugin(s)
2021-12-24 08:51:02.493 [INFO ] springfox.documentation.spring.web.scanners.ApiListingReferenceScanner - Scanning for api listing references
2021-12-24 08:51:02.686 [INFO ] com.jawe.DemoApplication - Started DemoApplication in 6.033 seconds (JVM running for 7.231)
2021-12-24 08:51:33.249 [INFO ] org.apache.catalina.core.ContainerBase.[Tomcat].[localhost].[/] - Initializing Spring DispatcherServlet 'dispatcherServlet'
2021-12-24 08:51:33.841 [INFO ] com.zaxxer.hikari.HikariDataSource - HikariPool-1 - Starting...
2021-12-24 08:51:34.350 [INFO ] com.zaxxer.hikari.HikariDataSource - HikariPool-1 - Start completed.
