2021-12-12 07:49:26.905 [DEBUG] com.jawe.system.mapper.GoodsMapper.selectPage_mpCount - ==>  Preparing: SELECT COUNT(1) FROM goods WHERE (goods_name LIKE ?)
2021-12-12 07:49:26.908 [DEBUG] com.jawe.system.mapper.GoodsMapper.selectPage_mpCount - ==> Parameters: %%(String)
2021-12-12 07:49:26.910 [DEBUG] com.jawe.system.mapper.GoodsMapper.selectPage_mpCount - <==      Total: 1
2021-12-12 07:49:26.910 [DEBUG] com.jawe.system.mapper.GoodsMapper.selectPage - ==>  Preparing: SELECT id,goods_name,category_id,description,price,stock,sales,cover_url,is_on,is_recommend,create_time,update_time FROM goods WHERE (goods_name LIKE ?) LIMIT ?
2021-12-12 07:49:26.919 [DEBUG] com.jawe.system.mapper.GoodsMapper.selectPage - ==> Parameters: %%(String), 8(Long)
2021-12-12 07:49:26.922 [DEBUG] com.jawe.system.mapper.GoodsMapper.selectPage - <==      Total: 8
2021-12-12 07:49:31.803 [DEBUG] com.jawe.system.mapper.MyUserDetailsServiceMapper.findByPhoneNumber - ==>  Preparing: SELECT username,password,enable from user u where u.username = ?;
2021-12-12 07:49:31.804 [DEBUG] com.jawe.system.mapper.MyUserDetailsServiceMapper.findByPhoneNumber - ==> Parameters: user(String)
2021-12-12 07:49:31.806 [DEBUG] com.jawe.system.mapper.MyUserDetailsServiceMapper.findByPhoneNumber - <==      Total: 1
2021-12-12 07:49:31.806 [DEBUG] com.jawe.system.mapper.MyUserDetailsServiceMapper.findRole - ==>  Preparing: SELECT role_code FROM role r LEFT JOIN user_role ur ON r.id = ur.role_id LEFT JOIN user u ON u.id = ur.user_id WHERE u.username = ?
2021-12-12 07:49:31.807 [DEBUG] com.jawe.system.mapper.MyUserDetailsServiceMapper.findRole - ==> Parameters: user(String)
2021-12-12 07:49:31.808 [DEBUG] com.jawe.system.mapper.MyUserDetailsServiceMapper.findRole - <==      Total: 1
2021-12-12 07:49:31.810 [DEBUG] com.jawe.system.mapper.MyUserDetailsServiceMapper.findAuthorityByRoleCodes - ==>  Preparing: SELECT DISTINCT url FROM api m LEFT JOIN role_api rm ON m.id = rm.api_id LEFT JOIN role r ON r.id = rm.role_id WHERE r.role_code IN ( ? )
2021-12-12 07:49:31.811 [DEBUG] com.jawe.system.mapper.MyUserDetailsServiceMapper.findAuthorityByRoleCodes - ==> Parameters: common(String)
2021-12-12 07:49:31.812 [DEBUG] com.jawe.system.mapper.MyUserDetailsServiceMapper.findAuthorityByRoleCodes - <==      Total: 1
2021-12-12 07:49:31.881 [DEBUG] com.jawe.system.mapper.MyUserDetailsServiceMapper.findByPhoneNumber - ==>  Preparing: SELECT username,password,enable from user u where u.username = ?;
2021-12-12 07:49:31.882 [DEBUG] com.jawe.system.mapper.MyUserDetailsServiceMapper.findByPhoneNumber - ==> Parameters: user(String)
2021-12-12 07:49:31.883 [DEBUG] com.jawe.system.mapper.MyUserDetailsServiceMapper.findByPhoneNumber - <==      Total: 1
2021-12-12 07:49:31.884 [DEBUG] com.jawe.system.mapper.MyUserDetailsServiceMapper.findRole - ==>  Preparing: SELECT role_code FROM role r LEFT JOIN user_role ur ON r.id = ur.role_id LEFT JOIN user u ON u.id = ur.user_id WHERE u.username = ?
2021-12-12 07:49:31.885 [DEBUG] com.jawe.system.mapper.MyUserDetailsServiceMapper.findRole - ==> Parameters: user(String)
2021-12-12 07:49:31.886 [DEBUG] com.jawe.system.mapper.MyUserDetailsServiceMapper.findRole - <==      Total: 1
2021-12-12 07:49:31.888 [DEBUG] com.jawe.system.mapper.MyUserDetailsServiceMapper.findAuthorityByRoleCodes - ==>  Preparing: SELECT DISTINCT url FROM api m LEFT JOIN role_api rm ON m.id = rm.api_id LEFT JOIN role r ON r.id = rm.role_id WHERE r.role_code IN ( ? )
2021-12-12 07:49:31.888 [DEBUG] com.jawe.system.mapper.MyUserDetailsServiceMapper.findAuthorityByRoleCodes - ==> Parameters: common(String)
2021-12-12 07:49:31.889 [DEBUG] com.jawe.system.mapper.MyUserDetailsServiceMapper.findAuthorityByRoleCodes - <==      Total: 1
2021-12-12 07:49:31.907 [DEBUG] com.jawe.system.mapper.MyUserDetailsServiceMapper.findByPhoneNumber - ==>  Preparing: SELECT username,password,enable from user u where u.username = ?;
2021-12-12 07:49:31.907 [DEBUG] com.jawe.system.mapper.MyUserDetailsServiceMapper.findByPhoneNumber - ==> Parameters: user(String)
2021-12-12 07:49:31.908 [DEBUG] com.jawe.system.mapper.MyUserDetailsServiceMapper.findByPhoneNumber - <==      Total: 1
2021-12-12 07:49:31.909 [DEBUG] com.jawe.system.mapper.MyUserDetailsServiceMapper.findRole - ==>  Preparing: SELECT role_code FROM role r LEFT JOIN user_role ur ON r.id = ur.role_id LEFT JOIN user u ON u.id = ur.user_id WHERE u.username = ?
2021-12-12 07:49:31.909 [DEBUG] com.jawe.system.mapper.MyUserDetailsServiceMapper.findRole - ==> Parameters: user(String)
2021-12-12 07:49:31.910 [DEBUG] com.jawe.system.mapper.MyUserDetailsServiceMapper.findRole - <==      Total: 1
2021-12-12 07:49:31.911 [DEBUG] com.jawe.system.mapper.MyUserDetailsServiceMapper.findAuthorityByRoleCodes - ==>  Preparing: SELECT DISTINCT url FROM api m LEFT JOIN role_api rm ON m.id = rm.api_id LEFT JOIN role r ON r.id = rm.role_id WHERE r.role_code IN ( ? )
2021-12-12 07:49:31.912 [DEBUG] com.jawe.system.mapper.MyUserDetailsServiceMapper.findAuthorityByRoleCodes - ==> Parameters: common(String)
2021-12-12 07:49:31.913 [DEBUG] com.jawe.system.mapper.MyUserDetailsServiceMapper.findAuthorityByRoleCodes - <==      Total: 1
2021-12-12 07:49:31.923 [DEBUG] com.jawe.system.mapper.UserMapper.currentUser - ==>  Preparing: select * from user where username = ?
2021-12-12 07:49:31.923 [DEBUG] com.jawe.system.mapper.UserMapper.currentUser - ==> Parameters: user(String)
2021-12-12 07:49:31.924 [DEBUG] com.jawe.system.mapper.UserMapper.currentUser - <==      Total: 1
2021-12-12 07:49:33.426 [DEBUG] com.jawe.system.mapper.MyUserDetailsServiceMapper.findByPhoneNumber - ==>  Preparing: SELECT username,password,enable from user u where u.username = ?;
2021-12-12 07:49:33.427 [DEBUG] com.jawe.system.mapper.MyUserDetailsServiceMapper.findByPhoneNumber - ==> Parameters: user(String)
2021-12-12 07:49:33.428 [DEBUG] com.jawe.system.mapper.MyUserDetailsServiceMapper.findByPhoneNumber - <==      Total: 1
2021-12-12 07:49:33.428 [DEBUG] com.jawe.system.mapper.MyUserDetailsServiceMapper.findRole - ==>  Preparing: SELECT role_code FROM role r LEFT JOIN user_role ur ON r.id = ur.role_id LEFT JOIN user u ON u.id = ur.user_id WHERE u.username = ?
2021-12-12 07:49:33.428 [DEBUG] com.jawe.system.mapper.MyUserDetailsServiceMapper.findRole - ==> Parameters: user(String)
2021-12-12 07:49:33.429 [DEBUG] com.jawe.system.mapper.MyUserDetailsServiceMapper.findRole - <==      Total: 1
2021-12-12 07:49:33.430 [DEBUG] com.jawe.system.mapper.MyUserDetailsServiceMapper.findAuthorityByRoleCodes - ==>  Preparing: SELECT DISTINCT url FROM api m LEFT JOIN role_api rm ON m.id = rm.api_id LEFT JOIN role r ON r.id = rm.role_id WHERE r.role_code IN ( ? )
2021-12-12 07:49:33.430 [DEBUG] com.jawe.system.mapper.MyUserDetailsServiceMapper.findAuthorityByRoleCodes - ==> Parameters: common(String)
2021-12-12 07:49:33.432 [DEBUG] com.jawe.system.mapper.MyUserDetailsServiceMapper.findAuthorityByRoleCodes - <==      Total: 1
2021-12-12 07:49:59.811 [DEBUG] com.jawe.system.mapper.MyUserDetailsServiceMapper.findByPhoneNumber - ==>  Preparing: SELECT username,password,enable from user u where u.username = ?;
2021-12-12 07:49:59.812 [DEBUG] com.jawe.system.mapper.MyUserDetailsServiceMapper.findByPhoneNumber - ==> Parameters: user(String)
2021-12-12 07:49:59.814 [DEBUG] com.jawe.system.mapper.MyUserDetailsServiceMapper.findByPhoneNumber - <==      Total: 1
2021-12-12 07:49:59.815 [DEBUG] com.jawe.system.mapper.MyUserDetailsServiceMapper.findRole - ==>  Preparing: SELECT role_code FROM role r LEFT JOIN user_role ur ON r.id = ur.role_id LEFT JOIN user u ON u.id = ur.user_id WHERE u.username = ?
2021-12-12 07:49:59.815 [DEBUG] com.jawe.system.mapper.MyUserDetailsServiceMapper.findRole - ==> Parameters: user(String)
2021-12-12 07:49:59.817 [DEBUG] com.jawe.system.mapper.MyUserDetailsServiceMapper.findRole - <==      Total: 1
2021-12-12 07:49:59.818 [DEBUG] com.jawe.system.mapper.MyUserDetailsServiceMapper.findAuthorityByRoleCodes - ==>  Preparing: SELECT DISTINCT url FROM api m LEFT JOIN role_api rm ON m.id = rm.api_id LEFT JOIN role r ON r.id = rm.role_id WHERE r.role_code IN ( ? )
2021-12-12 07:49:59.818 [DEBUG] com.jawe.system.mapper.MyUserDetailsServiceMapper.findAuthorityByRoleCodes - ==> Parameters: common(String)
2021-12-12 07:49:59.820 [DEBUG] com.jawe.system.mapper.MyUserDetailsServiceMapper.findAuthorityByRoleCodes - <==      Total: 1
2021-12-12 07:49:59.830 [DEBUG] com.jawe.system.mapper.AddressMapper.selectList - ==>  Preparing: SELECT id,user_id,mobile,address,detail,name,tag,is_default FROM address WHERE (user_id = ?) ORDER BY is_default DESC
2021-12-12 07:49:59.831 [DEBUG] com.jawe.system.mapper.AddressMapper.selectList - ==> Parameters: 2(Integer)
2021-12-12 07:49:59.843 [DEBUG] com.jawe.system.mapper.AddressMapper.selectList - <==      Total: 4
