2022-04-30 08:21:46.203 [DEBUG] com.jawe.system.mapper.UserMapper.currentUser - ==>  Preparing: select * from user where username = ?
2022-04-30 08:21:46.205 [DEBUG] com.jawe.system.mapper.UserMapper.currentUser - ==> Parameters: user(String)
2022-04-30 08:21:46.220 [DEBUG] com.jawe.system.mapper.UserMapper.currentUser - <==      Total: 1
2022-04-30 08:21:46.222 [DEBUG] com.jawe.system.mapper.CartMapper.selectList - ==>  Preparing: SELECT id,goods_id,num,price,user_id,is_active,category_id,create_time FROM cart WHERE (user_id = ?) ORDER BY category_id ASC
2022-04-30 08:21:46.222 [DEBUG] com.jawe.system.mapper.CartMapper.selectList - ==> Parameters: 2(Integer)
2022-04-30 08:21:46.264 [DEBUG] com.jawe.system.mapper.CartMapper.selectList - <==      Total: 7
2022-04-30 08:21:46.264 [DEBUG] com.jawe.system.mapper.GoodsMapper.selectById - ==>  Preparing: SELECT id,goods_name,category_id,description,price,stock,sales,cover_url,is_on,is_recommend,create_time,update_time FROM goods WHERE id=?
2022-04-30 08:21:46.265 [DEBUG] com.jawe.system.mapper.GoodsMapper.selectById - ==> Parameters: 20(Integer)
2022-04-30 08:21:46.267 [DEBUG] com.jawe.system.mapper.GoodsMapper.selectById - <==      Total: 1
2022-04-30 08:21:46.267 [DEBUG] com.jawe.system.mapper.GoodsCategoryMapper.getName - ==>  Preparing: select name from goods_category where id=?
2022-04-30 08:21:46.268 [DEBUG] com.jawe.system.mapper.GoodsCategoryMapper.getName - ==> Parameters: 6(Integer)
2022-04-30 08:21:46.269 [DEBUG] com.jawe.system.mapper.GoodsCategoryMapper.getName - <==      Total: 1
2022-04-30 08:21:46.270 [DEBUG] com.jawe.system.mapper.GoodsMapper.selectById - ==>  Preparing: SELECT id,goods_name,category_id,description,price,stock,sales,cover_url,is_on,is_recommend,create_time,update_time FROM goods WHERE id=?
2022-04-30 08:21:46.270 [DEBUG] com.jawe.system.mapper.GoodsMapper.selectById - ==> Parameters: 13(Integer)
2022-04-30 08:21:46.272 [DEBUG] com.jawe.system.mapper.GoodsMapper.selectById - <==      Total: 1
2022-04-30 08:21:46.272 [DEBUG] com.jawe.system.mapper.GoodsCategoryMapper.getName - ==>  Preparing: select name from goods_category where id=?
2022-04-30 08:21:46.273 [DEBUG] com.jawe.system.mapper.GoodsCategoryMapper.getName - ==> Parameters: 6(Integer)
2022-04-30 08:21:46.276 [DEBUG] com.jawe.system.mapper.GoodsCategoryMapper.getName - <==      Total: 1
2022-04-30 08:21:46.279 [DEBUG] com.jawe.system.mapper.GoodsMapper.selectById - ==>  Preparing: SELECT id,goods_name,category_id,description,price,stock,sales,cover_url,is_on,is_recommend,create_time,update_time FROM goods WHERE id=?
2022-04-30 08:21:46.279 [DEBUG] com.jawe.system.mapper.GoodsMapper.selectById - ==> Parameters: 1(Integer)
2022-04-30 08:21:46.281 [DEBUG] com.jawe.system.mapper.GoodsMapper.selectById - <==      Total: 1
2022-04-30 08:21:46.282 [DEBUG] com.jawe.system.mapper.GoodsCategoryMapper.getName - ==>  Preparing: select name from goods_category where id=?
2022-04-30 08:21:46.283 [DEBUG] com.jawe.system.mapper.GoodsCategoryMapper.getName - ==> Parameters: 7(Integer)
2022-04-30 08:21:46.284 [DEBUG] com.jawe.system.mapper.GoodsCategoryMapper.getName - <==      Total: 1
2022-04-30 08:21:46.285 [DEBUG] com.jawe.system.mapper.GoodsCategoryMapper.selectById - ==>  Preparing: SELECT id,pid,name,sort,enable,create_time,update_time FROM goods_category WHERE id=?
2022-04-30 08:21:46.285 [DEBUG] com.jawe.system.mapper.GoodsCategoryMapper.selectById - ==> Parameters: 6(Integer)
2022-04-30 08:21:46.287 [DEBUG] com.jawe.system.mapper.GoodsCategoryMapper.selectById - <==      Total: 1
2022-04-30 08:21:46.287 [DEBUG] com.jawe.system.mapper.GoodsMapper.selectById - ==>  Preparing: SELECT id,goods_name,category_id,description,price,stock,sales,cover_url,is_on,is_recommend,create_time,update_time FROM goods WHERE id=?
2022-04-30 08:21:46.288 [DEBUG] com.jawe.system.mapper.GoodsMapper.selectById - ==> Parameters: 2(Integer)
2022-04-30 08:21:46.290 [DEBUG] com.jawe.system.mapper.GoodsMapper.selectById - <==      Total: 1
2022-04-30 08:21:46.290 [DEBUG] com.jawe.system.mapper.GoodsCategoryMapper.getName - ==>  Preparing: select name from goods_category where id=?
2022-04-30 08:21:46.291 [DEBUG] com.jawe.system.mapper.GoodsCategoryMapper.getName - ==> Parameters: 8(Integer)
2022-04-30 08:21:46.292 [DEBUG] com.jawe.system.mapper.GoodsCategoryMapper.getName - <==      Total: 1
2022-04-30 08:21:46.293 [DEBUG] com.jawe.system.mapper.GoodsCategoryMapper.selectById - ==>  Preparing: SELECT id,pid,name,sort,enable,create_time,update_time FROM goods_category WHERE id=?
2022-04-30 08:21:46.294 [DEBUG] com.jawe.system.mapper.GoodsCategoryMapper.selectById - ==> Parameters: 7(Integer)
2022-04-30 08:21:46.295 [DEBUG] com.jawe.system.mapper.GoodsCategoryMapper.selectById - <==      Total: 1
2022-04-30 08:21:46.295 [DEBUG] com.jawe.system.mapper.GoodsMapper.selectById - ==>  Preparing: SELECT id,goods_name,category_id,description,price,stock,sales,cover_url,is_on,is_recommend,create_time,update_time FROM goods WHERE id=?
2022-04-30 08:21:46.296 [DEBUG] com.jawe.system.mapper.GoodsMapper.selectById - ==> Parameters: 23(Integer)
2022-04-30 08:21:46.298 [DEBUG] com.jawe.system.mapper.GoodsMapper.selectById - <==      Total: 1
2022-04-30 08:21:46.299 [DEBUG] com.jawe.system.mapper.GoodsCategoryMapper.getName - ==>  Preparing: select name from goods_category where id=?
2022-04-30 08:21:46.299 [DEBUG] com.jawe.system.mapper.GoodsCategoryMapper.getName - ==> Parameters: 21(Integer)
2022-04-30 08:21:46.300 [DEBUG] com.jawe.system.mapper.GoodsCategoryMapper.getName - <==      Total: 1
2022-04-30 08:21:46.301 [DEBUG] com.jawe.system.mapper.GoodsCategoryMapper.selectById - ==>  Preparing: SELECT id,pid,name,sort,enable,create_time,update_time FROM goods_category WHERE id=?
2022-04-30 08:21:46.301 [DEBUG] com.jawe.system.mapper.GoodsCategoryMapper.selectById - ==> Parameters: 8(Integer)
2022-04-30 08:21:46.302 [DEBUG] com.jawe.system.mapper.GoodsCategoryMapper.selectById - <==      Total: 1
2022-04-30 08:21:46.303 [DEBUG] com.jawe.system.mapper.GoodsMapper.selectById - ==>  Preparing: SELECT id,goods_name,category_id,description,price,stock,sales,cover_url,is_on,is_recommend,create_time,update_time FROM goods WHERE id=?
2022-04-30 08:21:46.304 [DEBUG] com.jawe.system.mapper.GoodsMapper.selectById - ==> Parameters: 22(Integer)
2022-04-30 08:21:46.305 [DEBUG] com.jawe.system.mapper.GoodsMapper.selectById - <==      Total: 1
2022-04-30 08:21:46.306 [DEBUG] com.jawe.system.mapper.GoodsCategoryMapper.getName - ==>  Preparing: select name from goods_category where id=?
2022-04-30 08:21:46.306 [DEBUG] com.jawe.system.mapper.GoodsCategoryMapper.getName - ==> Parameters: 21(Integer)
2022-04-30 08:21:46.307 [DEBUG] com.jawe.system.mapper.GoodsCategoryMapper.getName - <==      Total: 1
2022-04-30 08:21:46.308 [DEBUG] com.jawe.system.mapper.GoodsMapper.selectById - ==>  Preparing: SELECT id,goods_name,category_id,description,price,stock,sales,cover_url,is_on,is_recommend,create_time,update_time FROM goods WHERE id=?
2022-04-30 08:21:46.309 [DEBUG] com.jawe.system.mapper.GoodsMapper.selectById - ==> Parameters: 26(Integer)
2022-04-30 08:21:46.311 [DEBUG] com.jawe.system.mapper.GoodsMapper.selectById - <==      Total: 1
2022-04-30 08:21:46.311 [DEBUG] com.jawe.system.mapper.GoodsCategoryMapper.getName - ==>  Preparing: select name from goods_category where id=?
2022-04-30 08:21:46.312 [DEBUG] com.jawe.system.mapper.GoodsCategoryMapper.getName - ==> Parameters: 24(Integer)
2022-04-30 08:21:46.313 [DEBUG] com.jawe.system.mapper.GoodsCategoryMapper.getName - <==      Total: 1
2022-04-30 08:21:46.313 [DEBUG] com.jawe.system.mapper.GoodsCategoryMapper.selectById - ==>  Preparing: SELECT id,pid,name,sort,enable,create_time,update_time FROM goods_category WHERE id=?
2022-04-30 08:21:46.313 [DEBUG] com.jawe.system.mapper.GoodsCategoryMapper.selectById - ==> Parameters: 21(Integer)
2022-04-30 08:21:46.314 [DEBUG] com.jawe.system.mapper.GoodsCategoryMapper.selectById - <==      Total: 1
2022-04-30 08:21:46.315 [DEBUG] com.jawe.system.mapper.GoodsCategoryMapper.selectById - ==>  Preparing: SELECT id,pid,name,sort,enable,create_time,update_time FROM goods_category WHERE id=?
2022-04-30 08:21:46.315 [DEBUG] com.jawe.system.mapper.GoodsCategoryMapper.selectById - ==> Parameters: 24(Integer)
2022-04-30 08:21:46.316 [DEBUG] com.jawe.system.mapper.GoodsCategoryMapper.selectById - <==      Total: 1
2022-04-30 13:01:14.179 [DEBUG] com.jawe.system.mapper.UserMapper.currentUser - ==>  Preparing: select * from user where username = ?
2022-04-30 13:01:14.185 [DEBUG] com.jawe.system.mapper.UserMapper.currentUser - ==> Parameters: user(String)
2022-04-30 13:01:14.199 [DEBUG] com.jawe.system.mapper.UserMapper.currentUser - <==      Total: 1
2022-04-30 13:01:14.203 [DEBUG] com.jawe.system.mapper.CartMapper.selectList - ==>  Preparing: SELECT id,goods_id,num,price,user_id,is_active,category_id,create_time FROM cart WHERE (user_id = ?) ORDER BY category_id ASC
2022-04-30 13:01:14.204 [DEBUG] com.jawe.system.mapper.CartMapper.selectList - ==> Parameters: 2(Integer)
2022-04-30 13:01:14.212 [DEBUG] com.jawe.system.mapper.CartMapper.selectList - <==      Total: 7
2022-04-30 13:01:14.212 [DEBUG] com.jawe.system.mapper.GoodsMapper.selectById - ==>  Preparing: SELECT id,goods_name,category_id,description,price,stock,sales,cover_url,is_on,is_recommend,create_time,update_time FROM goods WHERE id=?
2022-04-30 13:01:14.213 [DEBUG] com.jawe.system.mapper.GoodsMapper.selectById - ==> Parameters: 20(Integer)
2022-04-30 13:01:14.214 [DEBUG] com.jawe.system.mapper.GoodsMapper.selectById - <==      Total: 1
2022-04-30 13:01:14.215 [DEBUG] com.jawe.system.mapper.GoodsCategoryMapper.getName - ==>  Preparing: select name from goods_category where id=?
2022-04-30 13:01:14.215 [DEBUG] com.jawe.system.mapper.GoodsCategoryMapper.getName - ==> Parameters: 6(Integer)
2022-04-30 13:01:14.216 [DEBUG] com.jawe.system.mapper.GoodsCategoryMapper.getName - <==      Total: 1
2022-04-30 13:01:14.216 [DEBUG] com.jawe.system.mapper.GoodsMapper.selectById - ==>  Preparing: SELECT id,goods_name,category_id,description,price,stock,sales,cover_url,is_on,is_recommend,create_time,update_time FROM goods WHERE id=?
2022-04-30 13:01:14.216 [DEBUG] com.jawe.system.mapper.GoodsMapper.selectById - ==> Parameters: 13(Integer)
2022-04-30 13:01:14.217 [DEBUG] com.jawe.system.mapper.GoodsMapper.selectById - <==      Total: 1
2022-04-30 13:01:14.218 [DEBUG] com.jawe.system.mapper.GoodsCategoryMapper.getName - ==>  Preparing: select name from goods_category where id=?
2022-04-30 13:01:14.219 [DEBUG] com.jawe.system.mapper.GoodsCategoryMapper.getName - ==> Parameters: 6(Integer)
2022-04-30 13:01:14.220 [DEBUG] com.jawe.system.mapper.GoodsCategoryMapper.getName - <==      Total: 1
2022-04-30 13:01:14.220 [DEBUG] com.jawe.system.mapper.GoodsMapper.selectById - ==>  Preparing: SELECT id,goods_name,category_id,description,price,stock,sales,cover_url,is_on,is_recommend,create_time,update_time FROM goods WHERE id=?
2022-04-30 13:01:14.220 [DEBUG] com.jawe.system.mapper.GoodsMapper.selectById - ==> Parameters: 1(Integer)
2022-04-30 13:01:14.221 [DEBUG] com.jawe.system.mapper.GoodsMapper.selectById - <==      Total: 1
2022-04-30 13:01:14.222 [DEBUG] com.jawe.system.mapper.GoodsCategoryMapper.getName - ==>  Preparing: select name from goods_category where id=?
2022-04-30 13:01:14.222 [DEBUG] com.jawe.system.mapper.GoodsCategoryMapper.getName - ==> Parameters: 7(Integer)
2022-04-30 13:01:14.223 [DEBUG] com.jawe.system.mapper.GoodsCategoryMapper.getName - <==      Total: 1
2022-04-30 13:01:14.224 [DEBUG] com.jawe.system.mapper.GoodsCategoryMapper.selectById - ==>  Preparing: SELECT id,pid,name,sort,enable,create_time,update_time FROM goods_category WHERE id=?
2022-04-30 13:01:14.225 [DEBUG] com.jawe.system.mapper.GoodsCategoryMapper.selectById - ==> Parameters: 6(Integer)
2022-04-30 13:01:14.226 [DEBUG] com.jawe.system.mapper.GoodsCategoryMapper.selectById - <==      Total: 1
2022-04-30 13:01:14.226 [DEBUG] com.jawe.system.mapper.GoodsMapper.selectById - ==>  Preparing: SELECT id,goods_name,category_id,description,price,stock,sales,cover_url,is_on,is_recommend,create_time,update_time FROM goods WHERE id=?
2022-04-30 13:01:14.227 [DEBUG] com.jawe.system.mapper.GoodsMapper.selectById - ==> Parameters: 2(Integer)
2022-04-30 13:01:14.228 [DEBUG] com.jawe.system.mapper.GoodsMapper.selectById - <==      Total: 1
2022-04-30 13:01:14.228 [DEBUG] com.jawe.system.mapper.GoodsCategoryMapper.getName - ==>  Preparing: select name from goods_category where id=?
2022-04-30 13:01:14.229 [DEBUG] com.jawe.system.mapper.GoodsCategoryMapper.getName - ==> Parameters: 8(Integer)
2022-04-30 13:01:14.230 [DEBUG] com.jawe.system.mapper.GoodsCategoryMapper.getName - <==      Total: 1
2022-04-30 13:01:14.230 [DEBUG] com.jawe.system.mapper.GoodsCategoryMapper.selectById - ==>  Preparing: SELECT id,pid,name,sort,enable,create_time,update_time FROM goods_category WHERE id=?
2022-04-30 13:01:14.230 [DEBUG] com.jawe.system.mapper.GoodsCategoryMapper.selectById - ==> Parameters: 7(Integer)
2022-04-30 13:01:14.231 [DEBUG] com.jawe.system.mapper.GoodsCategoryMapper.selectById - <==      Total: 1
2022-04-30 13:01:14.231 [DEBUG] com.jawe.system.mapper.GoodsMapper.selectById - ==>  Preparing: SELECT id,goods_name,category_id,description,price,stock,sales,cover_url,is_on,is_recommend,create_time,update_time FROM goods WHERE id=?
2022-04-30 13:01:14.231 [DEBUG] com.jawe.system.mapper.GoodsMapper.selectById - ==> Parameters: 23(Integer)
2022-04-30 13:01:14.232 [DEBUG] com.jawe.system.mapper.GoodsMapper.selectById - <==      Total: 1
2022-04-30 13:01:14.233 [DEBUG] com.jawe.system.mapper.GoodsCategoryMapper.getName - ==>  Preparing: select name from goods_category where id=?
2022-04-30 13:01:14.233 [DEBUG] com.jawe.system.mapper.GoodsCategoryMapper.getName - ==> Parameters: 21(Integer)
2022-04-30 13:01:14.233 [DEBUG] com.jawe.system.mapper.GoodsCategoryMapper.getName - <==      Total: 1
2022-04-30 13:01:14.234 [DEBUG] com.jawe.system.mapper.GoodsCategoryMapper.selectById - ==>  Preparing: SELECT id,pid,name,sort,enable,create_time,update_time FROM goods_category WHERE id=?
2022-04-30 13:01:14.235 [DEBUG] com.jawe.system.mapper.GoodsCategoryMapper.selectById - ==> Parameters: 8(Integer)
2022-04-30 13:01:14.236 [DEBUG] com.jawe.system.mapper.GoodsCategoryMapper.selectById - <==      Total: 1
2022-04-30 13:01:14.236 [DEBUG] com.jawe.system.mapper.GoodsMapper.selectById - ==>  Preparing: SELECT id,goods_name,category_id,description,price,stock,sales,cover_url,is_on,is_recommend,create_time,update_time FROM goods WHERE id=?
2022-04-30 13:01:14.236 [DEBUG] com.jawe.system.mapper.GoodsMapper.selectById - ==> Parameters: 22(Integer)
2022-04-30 13:01:14.237 [DEBUG] com.jawe.system.mapper.GoodsMapper.selectById - <==      Total: 1
2022-04-30 13:01:14.238 [DEBUG] com.jawe.system.mapper.GoodsCategoryMapper.getName - ==>  Preparing: select name from goods_category where id=?
2022-04-30 13:01:14.238 [DEBUG] com.jawe.system.mapper.GoodsCategoryMapper.getName - ==> Parameters: 21(Integer)
2022-04-30 13:01:14.239 [DEBUG] com.jawe.system.mapper.GoodsCategoryMapper.getName - <==      Total: 1
2022-04-30 13:01:14.239 [DEBUG] com.jawe.system.mapper.GoodsMapper.selectById - ==>  Preparing: SELECT id,goods_name,category_id,description,price,stock,sales,cover_url,is_on,is_recommend,create_time,update_time FROM goods WHERE id=?
2022-04-30 13:01:14.239 [DEBUG] com.jawe.system.mapper.GoodsMapper.selectById - ==> Parameters: 26(Integer)
2022-04-30 13:01:14.240 [DEBUG] com.jawe.system.mapper.GoodsMapper.selectById - <==      Total: 1
2022-04-30 13:01:14.241 [DEBUG] com.jawe.system.mapper.GoodsCategoryMapper.getName - ==>  Preparing: select name from goods_category where id=?
2022-04-30 13:01:14.241 [DEBUG] com.jawe.system.mapper.GoodsCategoryMapper.getName - ==> Parameters: 24(Integer)
2022-04-30 13:01:14.242 [DEBUG] com.jawe.system.mapper.GoodsCategoryMapper.getName - <==      Total: 1
2022-04-30 13:01:14.242 [DEBUG] com.jawe.system.mapper.GoodsCategoryMapper.selectById - ==>  Preparing: SELECT id,pid,name,sort,enable,create_time,update_time FROM goods_category WHERE id=?
2022-04-30 13:01:14.242 [DEBUG] com.jawe.system.mapper.GoodsCategoryMapper.selectById - ==> Parameters: 21(Integer)
2022-04-30 13:01:14.243 [DEBUG] com.jawe.system.mapper.GoodsCategoryMapper.selectById - <==      Total: 1
2022-04-30 13:01:14.243 [DEBUG] com.jawe.system.mapper.GoodsCategoryMapper.selectById - ==>  Preparing: SELECT id,pid,name,sort,enable,create_time,update_time FROM goods_category WHERE id=?
2022-04-30 13:01:14.243 [DEBUG] com.jawe.system.mapper.GoodsCategoryMapper.selectById - ==> Parameters: 24(Integer)
2022-04-30 13:01:14.244 [DEBUG] com.jawe.system.mapper.GoodsCategoryMapper.selectById - <==      Total: 1
2022-04-30 15:22:15.386 [DEBUG] com.jawe.system.mapper.UserMapper.currentUser - ==>  Preparing: select * from user where username = ?
2022-04-30 15:22:15.389 [DEBUG] com.jawe.system.mapper.UserMapper.currentUser - ==> Parameters: user(String)
2022-04-30 15:22:15.391 [DEBUG] com.jawe.system.mapper.UserMapper.currentUser - <==      Total: 1
2022-04-30 15:22:15.394 [DEBUG] com.jawe.system.mapper.CartMapper.selectList - ==>  Preparing: SELECT id,goods_id,num,price,user_id,is_active,category_id,create_time FROM cart WHERE (user_id = ?) ORDER BY category_id ASC
2022-04-30 15:22:15.394 [DEBUG] com.jawe.system.mapper.CartMapper.selectList - ==> Parameters: 2(Integer)
2022-04-30 15:22:15.397 [DEBUG] com.jawe.system.mapper.CartMapper.selectList - <==      Total: 7
2022-04-30 15:22:15.398 [DEBUG] com.jawe.system.mapper.GoodsMapper.selectById - ==>  Preparing: SELECT id,goods_name,category_id,description,price,stock,sales,cover_url,is_on,is_recommend,create_time,update_time FROM goods WHERE id=?
2022-04-30 15:22:15.398 [DEBUG] com.jawe.system.mapper.GoodsMapper.selectById - ==> Parameters: 20(Integer)
2022-04-30 15:22:15.400 [DEBUG] com.jawe.system.mapper.GoodsMapper.selectById - <==      Total: 1
2022-04-30 15:22:15.400 [DEBUG] com.jawe.system.mapper.GoodsCategoryMapper.getName - ==>  Preparing: select name from goods_category where id=?
2022-04-30 15:22:15.400 [DEBUG] com.jawe.system.mapper.GoodsCategoryMapper.getName - ==> Parameters: 6(Integer)
2022-04-30 15:22:15.401 [DEBUG] com.jawe.system.mapper.GoodsCategoryMapper.getName - <==      Total: 1
2022-04-30 15:22:15.401 [DEBUG] com.jawe.system.mapper.GoodsMapper.selectById - ==>  Preparing: SELECT id,goods_name,category_id,description,price,stock,sales,cover_url,is_on,is_recommend,create_time,update_time FROM goods WHERE id=?
2022-04-30 15:22:15.402 [DEBUG] com.jawe.system.mapper.GoodsMapper.selectById - ==> Parameters: 13(Integer)
2022-04-30 15:22:15.402 [DEBUG] com.jawe.system.mapper.GoodsMapper.selectById - <==      Total: 1
2022-04-30 15:22:15.403 [DEBUG] com.jawe.system.mapper.GoodsCategoryMapper.getName - ==>  Preparing: select name from goods_category where id=?
2022-04-30 15:22:15.403 [DEBUG] com.jawe.system.mapper.GoodsCategoryMapper.getName - ==> Parameters: 6(Integer)
2022-04-30 15:22:15.404 [DEBUG] com.jawe.system.mapper.GoodsCategoryMapper.getName - <==      Total: 1
2022-04-30 15:22:15.404 [DEBUG] com.jawe.system.mapper.GoodsMapper.selectById - ==>  Preparing: SELECT id,goods_name,category_id,description,price,stock,sales,cover_url,is_on,is_recommend,create_time,update_time FROM goods WHERE id=?
2022-04-30 15:22:15.404 [DEBUG] com.jawe.system.mapper.GoodsMapper.selectById - ==> Parameters: 1(Integer)
2022-04-30 15:22:15.405 [DEBUG] com.jawe.system.mapper.GoodsMapper.selectById - <==      Total: 1
2022-04-30 15:22:15.405 [DEBUG] com.jawe.system.mapper.GoodsCategoryMapper.getName - ==>  Preparing: select name from goods_category where id=?
2022-04-30 15:22:15.405 [DEBUG] com.jawe.system.mapper.GoodsCategoryMapper.getName - ==> Parameters: 7(Integer)
2022-04-30 15:22:15.406 [DEBUG] com.jawe.system.mapper.GoodsCategoryMapper.getName - <==      Total: 1
2022-04-30 15:22:15.406 [DEBUG] com.jawe.system.mapper.GoodsCategoryMapper.selectById - ==>  Preparing: SELECT id,pid,name,sort,enable,create_time,update_time FROM goods_category WHERE id=?
2022-04-30 15:22:15.406 [DEBUG] com.jawe.system.mapper.GoodsCategoryMapper.selectById - ==> Parameters: 6(Integer)
2022-04-30 15:22:15.407 [DEBUG] com.jawe.system.mapper.GoodsCategoryMapper.selectById - <==      Total: 1
2022-04-30 15:22:15.407 [DEBUG] com.jawe.system.mapper.GoodsMapper.selectById - ==>  Preparing: SELECT id,goods_name,category_id,description,price,stock,sales,cover_url,is_on,is_recommend,create_time,update_time FROM goods WHERE id=?
2022-04-30 15:22:15.408 [DEBUG] com.jawe.system.mapper.GoodsMapper.selectById - ==> Parameters: 2(Integer)
2022-04-30 15:22:15.409 [DEBUG] com.jawe.system.mapper.GoodsMapper.selectById - <==      Total: 1
2022-04-30 15:22:15.410 [DEBUG] com.jawe.system.mapper.GoodsCategoryMapper.getName - ==>  Preparing: select name from goods_category where id=?
2022-04-30 15:22:15.410 [DEBUG] com.jawe.system.mapper.GoodsCategoryMapper.getName - ==> Parameters: 8(Integer)
2022-04-30 15:22:15.411 [DEBUG] com.jawe.system.mapper.GoodsCategoryMapper.getName - <==      Total: 1
2022-04-30 15:22:15.411 [DEBUG] com.jawe.system.mapper.GoodsCategoryMapper.selectById - ==>  Preparing: SELECT id,pid,name,sort,enable,create_time,update_time FROM goods_category WHERE id=?
2022-04-30 15:22:15.411 [DEBUG] com.jawe.system.mapper.GoodsCategoryMapper.selectById - ==> Parameters: 7(Integer)
2022-04-30 15:22:15.412 [DEBUG] com.jawe.system.mapper.GoodsCategoryMapper.selectById - <==      Total: 1
2022-04-30 15:22:15.413 [DEBUG] com.jawe.system.mapper.GoodsMapper.selectById - ==>  Preparing: SELECT id,goods_name,category_id,description,price,stock,sales,cover_url,is_on,is_recommend,create_time,update_time FROM goods WHERE id=?
2022-04-30 15:22:15.413 [DEBUG] com.jawe.system.mapper.GoodsMapper.selectById - ==> Parameters: 23(Integer)
2022-04-30 15:22:15.415 [DEBUG] com.jawe.system.mapper.GoodsMapper.selectById - <==      Total: 1
2022-04-30 15:22:15.415 [DEBUG] com.jawe.system.mapper.GoodsCategoryMapper.getName - ==>  Preparing: select name from goods_category where id=?
2022-04-30 15:22:15.415 [DEBUG] com.jawe.system.mapper.GoodsCategoryMapper.getName - ==> Parameters: 21(Integer)
2022-04-30 15:22:15.416 [DEBUG] com.jawe.system.mapper.GoodsCategoryMapper.getName - <==      Total: 1
2022-04-30 15:22:15.416 [DEBUG] com.jawe.system.mapper.GoodsCategoryMapper.selectById - ==>  Preparing: SELECT id,pid,name,sort,enable,create_time,update_time FROM goods_category WHERE id=?
2022-04-30 15:22:15.416 [DEBUG] com.jawe.system.mapper.GoodsCategoryMapper.selectById - ==> Parameters: 8(Integer)
2022-04-30 15:22:15.417 [DEBUG] com.jawe.system.mapper.GoodsCategoryMapper.selectById - <==      Total: 1
2022-04-30 15:22:15.417 [DEBUG] com.jawe.system.mapper.GoodsMapper.selectById - ==>  Preparing: SELECT id,goods_name,category_id,description,price,stock,sales,cover_url,is_on,is_recommend,create_time,update_time FROM goods WHERE id=?
2022-04-30 15:22:15.417 [DEBUG] com.jawe.system.mapper.GoodsMapper.selectById - ==> Parameters: 22(Integer)
2022-04-30 15:22:15.418 [DEBUG] com.jawe.system.mapper.GoodsMapper.selectById - <==      Total: 1
2022-04-30 15:22:15.418 [DEBUG] com.jawe.system.mapper.GoodsCategoryMapper.getName - ==>  Preparing: select name from goods_category where id=?
2022-04-30 15:22:15.419 [DEBUG] com.jawe.system.mapper.GoodsCategoryMapper.getName - ==> Parameters: 21(Integer)
2022-04-30 15:22:15.419 [DEBUG] com.jawe.system.mapper.GoodsCategoryMapper.getName - <==      Total: 1
2022-04-30 15:22:15.419 [DEBUG] com.jawe.system.mapper.GoodsMapper.selectById - ==>  Preparing: SELECT id,goods_name,category_id,description,price,stock,sales,cover_url,is_on,is_recommend,create_time,update_time FROM goods WHERE id=?
2022-04-30 15:22:15.420 [DEBUG] com.jawe.system.mapper.GoodsMapper.selectById - ==> Parameters: 26(Integer)
2022-04-30 15:22:15.420 [DEBUG] com.jawe.system.mapper.GoodsMapper.selectById - <==      Total: 1
2022-04-30 15:22:15.420 [DEBUG] com.jawe.system.mapper.GoodsCategoryMapper.getName - ==>  Preparing: select name from goods_category where id=?
2022-04-30 15:22:15.421 [DEBUG] com.jawe.system.mapper.GoodsCategoryMapper.getName - ==> Parameters: 24(Integer)
2022-04-30 15:22:15.421 [DEBUG] com.jawe.system.mapper.GoodsCategoryMapper.getName - <==      Total: 1
2022-04-30 15:22:15.421 [DEBUG] com.jawe.system.mapper.GoodsCategoryMapper.selectById - ==>  Preparing: SELECT id,pid,name,sort,enable,create_time,update_time FROM goods_category WHERE id=?
2022-04-30 15:22:15.421 [DEBUG] com.jawe.system.mapper.GoodsCategoryMapper.selectById - ==> Parameters: 21(Integer)
2022-04-30 15:22:15.422 [DEBUG] com.jawe.system.mapper.GoodsCategoryMapper.selectById - <==      Total: 1
2022-04-30 15:22:15.422 [DEBUG] com.jawe.system.mapper.GoodsCategoryMapper.selectById - ==>  Preparing: SELECT id,pid,name,sort,enable,create_time,update_time FROM goods_category WHERE id=?
2022-04-30 15:22:15.422 [DEBUG] com.jawe.system.mapper.GoodsCategoryMapper.selectById - ==> Parameters: 24(Integer)
2022-04-30 15:22:15.423 [DEBUG] com.jawe.system.mapper.GoodsCategoryMapper.selectById - <==      Total: 1
2022-04-30 16:26:53.008 [DEBUG] com.jawe.system.mapper.UserMapper.currentUser - ==>  Preparing: select * from user where username = ?
2022-04-30 16:26:53.010 [DEBUG] com.jawe.system.mapper.UserMapper.currentUser - ==> Parameters: user(String)
2022-04-30 16:26:53.011 [DEBUG] com.jawe.system.mapper.UserMapper.currentUser - <==      Total: 1
2022-04-30 16:26:53.012 [DEBUG] com.jawe.system.mapper.CartMapper.selectList - ==>  Preparing: SELECT id,goods_id,num,price,user_id,is_active,category_id,create_time FROM cart WHERE (user_id = ?) ORDER BY category_id ASC
2022-04-30 16:26:53.013 [DEBUG] com.jawe.system.mapper.CartMapper.selectList - ==> Parameters: 2(Integer)
2022-04-30 16:26:53.014 [DEBUG] com.jawe.system.mapper.CartMapper.selectList - <==      Total: 7
2022-04-30 16:26:53.015 [DEBUG] com.jawe.system.mapper.GoodsMapper.selectById - ==>  Preparing: SELECT id,goods_name,category_id,description,price,stock,sales,cover_url,is_on,is_recommend,create_time,update_time FROM goods WHERE id=?
2022-04-30 16:26:53.015 [DEBUG] com.jawe.system.mapper.GoodsMapper.selectById - ==> Parameters: 20(Integer)
2022-04-30 16:26:53.016 [DEBUG] com.jawe.system.mapper.GoodsMapper.selectById - <==      Total: 1
2022-04-30 16:26:53.017 [DEBUG] com.jawe.system.mapper.GoodsCategoryMapper.getName - ==>  Preparing: select name from goods_category where id=?
2022-04-30 16:26:53.017 [DEBUG] com.jawe.system.mapper.GoodsCategoryMapper.getName - ==> Parameters: 6(Integer)
2022-04-30 16:26:53.018 [DEBUG] com.jawe.system.mapper.GoodsCategoryMapper.getName - <==      Total: 1
2022-04-30 16:26:53.018 [DEBUG] com.jawe.system.mapper.GoodsMapper.selectById - ==>  Preparing: SELECT id,goods_name,category_id,description,price,stock,sales,cover_url,is_on,is_recommend,create_time,update_time FROM goods WHERE id=?
2022-04-30 16:26:53.018 [DEBUG] com.jawe.system.mapper.GoodsMapper.selectById - ==> Parameters: 13(Integer)
2022-04-30 16:26:53.019 [DEBUG] com.jawe.system.mapper.GoodsMapper.selectById - <==      Total: 1
2022-04-30 16:26:53.020 [DEBUG] com.jawe.system.mapper.GoodsCategoryMapper.getName - ==>  Preparing: select name from goods_category where id=?
2022-04-30 16:26:53.021 [DEBUG] com.jawe.system.mapper.GoodsCategoryMapper.getName - ==> Parameters: 6(Integer)
2022-04-30 16:26:53.021 [DEBUG] com.jawe.system.mapper.GoodsCategoryMapper.getName - <==      Total: 1
2022-04-30 16:26:53.021 [DEBUG] com.jawe.system.mapper.GoodsMapper.selectById - ==>  Preparing: SELECT id,goods_name,category_id,description,price,stock,sales,cover_url,is_on,is_recommend,create_time,update_time FROM goods WHERE id=?
2022-04-30 16:26:53.022 [DEBUG] com.jawe.system.mapper.GoodsMapper.selectById - ==> Parameters: 1(Integer)
2022-04-30 16:26:53.022 [DEBUG] com.jawe.system.mapper.GoodsMapper.selectById - <==      Total: 1
2022-04-30 16:26:53.023 [DEBUG] com.jawe.system.mapper.GoodsCategoryMapper.getName - ==>  Preparing: select name from goods_category where id=?
2022-04-30 16:26:53.023 [DEBUG] com.jawe.system.mapper.GoodsCategoryMapper.getName - ==> Parameters: 7(Integer)
2022-04-30 16:26:53.023 [DEBUG] com.jawe.system.mapper.GoodsCategoryMapper.getName - <==      Total: 1
2022-04-30 16:26:53.024 [DEBUG] com.jawe.system.mapper.GoodsCategoryMapper.selectById - ==>  Preparing: SELECT id,pid,name,sort,enable,create_time,update_time FROM goods_category WHERE id=?
2022-04-30 16:26:53.024 [DEBUG] com.jawe.system.mapper.GoodsCategoryMapper.selectById - ==> Parameters: 6(Integer)
2022-04-30 16:26:53.025 [DEBUG] com.jawe.system.mapper.GoodsCategoryMapper.selectById - <==      Total: 1
2022-04-30 16:26:53.026 [DEBUG] com.jawe.system.mapper.GoodsMapper.selectById - ==>  Preparing: SELECT id,goods_name,category_id,description,price,stock,sales,cover_url,is_on,is_recommend,create_time,update_time FROM goods WHERE id=?
2022-04-30 16:26:53.026 [DEBUG] com.jawe.system.mapper.GoodsMapper.selectById - ==> Parameters: 2(Integer)
2022-04-30 16:26:53.027 [DEBUG] com.jawe.system.mapper.GoodsMapper.selectById - <==      Total: 1
2022-04-30 16:26:53.028 [DEBUG] com.jawe.system.mapper.GoodsCategoryMapper.getName - ==>  Preparing: select name from goods_category where id=?
2022-04-30 16:26:53.028 [DEBUG] com.jawe.system.mapper.GoodsCategoryMapper.getName - ==> Parameters: 8(Integer)
2022-04-30 16:26:53.028 [DEBUG] com.jawe.system.mapper.GoodsCategoryMapper.getName - <==      Total: 1
2022-04-30 16:26:53.029 [DEBUG] com.jawe.system.mapper.GoodsCategoryMapper.selectById - ==>  Preparing: SELECT id,pid,name,sort,enable,create_time,update_time FROM goods_category WHERE id=?
2022-04-30 16:26:53.029 [DEBUG] com.jawe.system.mapper.GoodsCategoryMapper.selectById - ==> Parameters: 7(Integer)
2022-04-30 16:26:53.030 [DEBUG] com.jawe.system.mapper.GoodsCategoryMapper.selectById - <==      Total: 1
2022-04-30 16:26:53.030 [DEBUG] com.jawe.system.mapper.GoodsMapper.selectById - ==>  Preparing: SELECT id,goods_name,category_id,description,price,stock,sales,cover_url,is_on,is_recommend,create_time,update_time FROM goods WHERE id=?
2022-04-30 16:26:53.030 [DEBUG] com.jawe.system.mapper.GoodsMapper.selectById - ==> Parameters: 23(Integer)
2022-04-30 16:26:53.031 [DEBUG] com.jawe.system.mapper.GoodsMapper.selectById - <==      Total: 1
2022-04-30 16:26:53.031 [DEBUG] com.jawe.system.mapper.GoodsCategoryMapper.getName - ==>  Preparing: select name from goods_category where id=?
2022-04-30 16:26:53.032 [DEBUG] com.jawe.system.mapper.GoodsCategoryMapper.getName - ==> Parameters: 21(Integer)
2022-04-30 16:26:53.033 [DEBUG] com.jawe.system.mapper.GoodsCategoryMapper.getName - <==      Total: 1
2022-04-30 16:26:53.033 [DEBUG] com.jawe.system.mapper.GoodsCategoryMapper.selectById - ==>  Preparing: SELECT id,pid,name,sort,enable,create_time,update_time FROM goods_category WHERE id=?
2022-04-30 16:26:53.033 [DEBUG] com.jawe.system.mapper.GoodsCategoryMapper.selectById - ==> Parameters: 8(Integer)
2022-04-30 16:26:53.034 [DEBUG] com.jawe.system.mapper.GoodsCategoryMapper.selectById - <==      Total: 1
2022-04-30 16:26:53.034 [DEBUG] com.jawe.system.mapper.GoodsMapper.selectById - ==>  Preparing: SELECT id,goods_name,category_id,description,price,stock,sales,cover_url,is_on,is_recommend,create_time,update_time FROM goods WHERE id=?
2022-04-30 16:26:53.035 [DEBUG] com.jawe.system.mapper.GoodsMapper.selectById - ==> Parameters: 22(Integer)
2022-04-30 16:26:53.035 [DEBUG] com.jawe.system.mapper.GoodsMapper.selectById - <==      Total: 1
2022-04-30 16:26:53.035 [DEBUG] com.jawe.system.mapper.GoodsCategoryMapper.getName - ==>  Preparing: select name from goods_category where id=?
2022-04-30 16:26:53.036 [DEBUG] com.jawe.system.mapper.GoodsCategoryMapper.getName - ==> Parameters: 21(Integer)
2022-04-30 16:26:53.036 [DEBUG] com.jawe.system.mapper.GoodsCategoryMapper.getName - <==      Total: 1
2022-04-30 16:26:53.037 [DEBUG] com.jawe.system.mapper.GoodsMapper.selectById - ==>  Preparing: SELECT id,goods_name,category_id,description,price,stock,sales,cover_url,is_on,is_recommend,create_time,update_time FROM goods WHERE id=?
2022-04-30 16:26:53.037 [DEBUG] com.jawe.system.mapper.GoodsMapper.selectById - ==> Parameters: 26(Integer)
2022-04-30 16:26:53.037 [DEBUG] com.jawe.system.mapper.GoodsMapper.selectById - <==      Total: 1
2022-04-30 16:26:53.038 [DEBUG] com.jawe.system.mapper.GoodsCategoryMapper.getName - ==>  Preparing: select name from goods_category where id=?
2022-04-30 16:26:53.038 [DEBUG] com.jawe.system.mapper.GoodsCategoryMapper.getName - ==> Parameters: 24(Integer)
2022-04-30 16:26:53.038 [DEBUG] com.jawe.system.mapper.GoodsCategoryMapper.getName - <==      Total: 1
2022-04-30 16:26:53.039 [DEBUG] com.jawe.system.mapper.GoodsCategoryMapper.selectById - ==>  Preparing: SELECT id,pid,name,sort,enable,create_time,update_time FROM goods_category WHERE id=?
2022-04-30 16:26:53.039 [DEBUG] com.jawe.system.mapper.GoodsCategoryMapper.selectById - ==> Parameters: 21(Integer)
2022-04-30 16:26:53.039 [DEBUG] com.jawe.system.mapper.GoodsCategoryMapper.selectById - <==      Total: 1
2022-04-30 16:26:53.040 [DEBUG] com.jawe.system.mapper.GoodsCategoryMapper.selectById - ==>  Preparing: SELECT id,pid,name,sort,enable,create_time,update_time FROM goods_category WHERE id=?
2022-04-30 16:26:53.040 [DEBUG] com.jawe.system.mapper.GoodsCategoryMapper.selectById - ==> Parameters: 24(Integer)
2022-04-30 16:26:53.040 [DEBUG] com.jawe.system.mapper.GoodsCategoryMapper.selectById - <==      Total: 1
2022-04-30 16:26:55.667 [DEBUG] com.jawe.system.mapper.AddressMapper.selectList - ==>  Preparing: SELECT id,user_id,mobile,address,detail,name,tag,is_default FROM address WHERE (user_id = ?) ORDER BY is_default DESC
2022-04-30 16:26:55.668 [DEBUG] com.jawe.system.mapper.AddressMapper.selectList - ==> Parameters: 2(Integer)
2022-04-30 16:26:55.705 [DEBUG] com.jawe.system.mapper.AddressMapper.selectList - <==      Total: 4
2022-04-30 16:26:59.886 [DEBUG] com.jawe.system.mapper.AddressMapper.selectList - ==>  Preparing: SELECT id,user_id,mobile,address,detail,name,tag,is_default FROM address WHERE (user_id = ?) ORDER BY is_default DESC
2022-04-30 16:26:59.887 [DEBUG] com.jawe.system.mapper.AddressMapper.selectList - ==> Parameters: 2(Integer)
2022-04-30 16:26:59.887 [DEBUG] com.jawe.system.mapper.AddressMapper.selectList - <==      Total: 4
2022-04-30 16:28:17.766 [DEBUG] com.jawe.system.mapper.GoodsMapper.selectPage_mpCount - ==>  Preparing: SELECT COUNT(1) FROM goods WHERE (goods_name LIKE ?)
2022-04-30 16:28:17.767 [DEBUG] com.jawe.system.mapper.GoodsMapper.selectPage_mpCount - ==> Parameters: %%(String)
2022-04-30 16:28:17.773 [DEBUG] com.jawe.system.mapper.GoodsMapper.selectPage_mpCount - <==      Total: 1
2022-04-30 16:28:17.774 [DEBUG] com.jawe.system.mapper.GoodsMapper.selectPage - ==>  Preparing: SELECT id,goods_name,category_id,description,price,stock,sales,cover_url,is_on,is_recommend,create_time,update_time FROM goods WHERE (goods_name LIKE ?) LIMIT ?
2022-04-30 16:28:17.775 [DEBUG] com.jawe.system.mapper.GoodsMapper.selectPage - ==> Parameters: %%(String), 8(Long)
2022-04-30 16:28:17.777 [DEBUG] com.jawe.system.mapper.GoodsMapper.selectPage - <==      Total: 8
2022-04-30 16:28:18.953 [DEBUG] com.jawe.system.mapper.UserMapper.currentUser - ==>  Preparing: select * from user where username = ?
2022-04-30 16:28:18.954 [DEBUG] com.jawe.system.mapper.UserMapper.currentUser - ==> Parameters: user(String)
2022-04-30 16:28:18.955 [DEBUG] com.jawe.system.mapper.UserMapper.currentUser - <==      Total: 1
2022-04-30 16:28:18.957 [DEBUG] com.jawe.system.mapper.CartMapper.selectList - ==>  Preparing: SELECT id,goods_id,num,price,user_id,is_active,category_id,create_time FROM cart WHERE (user_id = ?) ORDER BY category_id ASC
2022-04-30 16:28:18.957 [DEBUG] com.jawe.system.mapper.CartMapper.selectList - ==> Parameters: 2(Integer)
2022-04-30 16:28:18.958 [DEBUG] com.jawe.system.mapper.CartMapper.selectList - <==      Total: 7
2022-04-30 16:28:18.959 [DEBUG] com.jawe.system.mapper.GoodsMapper.selectById - ==>  Preparing: SELECT id,goods_name,category_id,description,price,stock,sales,cover_url,is_on,is_recommend,create_time,update_time FROM goods WHERE id=?
2022-04-30 16:28:18.959 [DEBUG] com.jawe.system.mapper.GoodsMapper.selectById - ==> Parameters: 20(Integer)
2022-04-30 16:28:18.960 [DEBUG] com.jawe.system.mapper.GoodsMapper.selectById - <==      Total: 1
2022-04-30 16:28:18.960 [DEBUG] com.jawe.system.mapper.GoodsCategoryMapper.getName - ==>  Preparing: select name from goods_category where id=?
2022-04-30 16:28:18.961 [DEBUG] com.jawe.system.mapper.GoodsCategoryMapper.getName - ==> Parameters: 6(Integer)
2022-04-30 16:28:18.961 [DEBUG] com.jawe.system.mapper.GoodsCategoryMapper.getName - <==      Total: 1
2022-04-30 16:28:18.961 [DEBUG] com.jawe.system.mapper.GoodsMapper.selectById - ==>  Preparing: SELECT id,goods_name,category_id,description,price,stock,sales,cover_url,is_on,is_recommend,create_time,update_time FROM goods WHERE id=?
2022-04-30 16:28:18.961 [DEBUG] com.jawe.system.mapper.GoodsMapper.selectById - ==> Parameters: 13(Integer)
2022-04-30 16:28:18.962 [DEBUG] com.jawe.system.mapper.GoodsMapper.selectById - <==      Total: 1
2022-04-30 16:28:18.962 [DEBUG] com.jawe.system.mapper.GoodsCategoryMapper.getName - ==>  Preparing: select name from goods_category where id=?
2022-04-30 16:28:18.963 [DEBUG] com.jawe.system.mapper.GoodsCategoryMapper.getName - ==> Parameters: 6(Integer)
2022-04-30 16:28:18.963 [DEBUG] com.jawe.system.mapper.GoodsCategoryMapper.getName - <==      Total: 1
2022-04-30 16:28:18.963 [DEBUG] com.jawe.system.mapper.GoodsMapper.selectById - ==>  Preparing: SELECT id,goods_name,category_id,description,price,stock,sales,cover_url,is_on,is_recommend,create_time,update_time FROM goods WHERE id=?
2022-04-30 16:28:18.963 [DEBUG] com.jawe.system.mapper.GoodsMapper.selectById - ==> Parameters: 1(Integer)
2022-04-30 16:28:18.965 [DEBUG] com.jawe.system.mapper.GoodsMapper.selectById - <==      Total: 1
2022-04-30 16:28:18.965 [DEBUG] com.jawe.system.mapper.GoodsCategoryMapper.getName - ==>  Preparing: select name from goods_category where id=?
2022-04-30 16:28:18.966 [DEBUG] com.jawe.system.mapper.GoodsCategoryMapper.getName - ==> Parameters: 7(Integer)
2022-04-30 16:28:18.966 [DEBUG] com.jawe.system.mapper.GoodsCategoryMapper.getName - <==      Total: 1
2022-04-30 16:28:18.967 [DEBUG] com.jawe.system.mapper.GoodsCategoryMapper.selectById - ==>  Preparing: SELECT id,pid,name,sort,enable,create_time,update_time FROM goods_category WHERE id=?
2022-04-30 16:28:18.967 [DEBUG] com.jawe.system.mapper.GoodsCategoryMapper.selectById - ==> Parameters: 6(Integer)
2022-04-30 16:28:18.968 [DEBUG] com.jawe.system.mapper.GoodsCategoryMapper.selectById - <==      Total: 1
2022-04-30 16:28:18.968 [DEBUG] com.jawe.system.mapper.GoodsMapper.selectById - ==>  Preparing: SELECT id,goods_name,category_id,description,price,stock,sales,cover_url,is_on,is_recommend,create_time,update_time FROM goods WHERE id=?
2022-04-30 16:28:18.969 [DEBUG] com.jawe.system.mapper.GoodsMapper.selectById - ==> Parameters: 2(Integer)
2022-04-30 16:28:18.969 [DEBUG] com.jawe.system.mapper.GoodsMapper.selectById - <==      Total: 1
2022-04-30 16:28:18.970 [DEBUG] com.jawe.system.mapper.GoodsCategoryMapper.getName - ==>  Preparing: select name from goods_category where id=?
2022-04-30 16:28:18.970 [DEBUG] com.jawe.system.mapper.GoodsCategoryMapper.getName - ==> Parameters: 8(Integer)
2022-04-30 16:28:18.971 [DEBUG] com.jawe.system.mapper.GoodsCategoryMapper.getName - <==      Total: 1
2022-04-30 16:28:18.971 [DEBUG] com.jawe.system.mapper.GoodsCategoryMapper.selectById - ==>  Preparing: SELECT id,pid,name,sort,enable,create_time,update_time FROM goods_category WHERE id=?
2022-04-30 16:28:18.972 [DEBUG] com.jawe.system.mapper.GoodsCategoryMapper.selectById - ==> Parameters: 7(Integer)
2022-04-30 16:28:18.972 [DEBUG] com.jawe.system.mapper.GoodsCategoryMapper.selectById - <==      Total: 1
2022-04-30 16:28:18.973 [DEBUG] com.jawe.system.mapper.GoodsMapper.selectById - ==>  Preparing: SELECT id,goods_name,category_id,description,price,stock,sales,cover_url,is_on,is_recommend,create_time,update_time FROM goods WHERE id=?
2022-04-30 16:28:18.973 [DEBUG] com.jawe.system.mapper.GoodsMapper.selectById - ==> Parameters: 23(Integer)
2022-04-30 16:28:18.974 [DEBUG] com.jawe.system.mapper.GoodsMapper.selectById - <==      Total: 1
2022-04-30 16:28:18.974 [DEBUG] com.jawe.system.mapper.GoodsCategoryMapper.getName - ==>  Preparing: select name from goods_category where id=?
2022-04-30 16:28:18.974 [DEBUG] com.jawe.system.mapper.GoodsCategoryMapper.getName - ==> Parameters: 21(Integer)
2022-04-30 16:28:18.975 [DEBUG] com.jawe.system.mapper.GoodsCategoryMapper.getName - <==      Total: 1
2022-04-30 16:28:18.975 [DEBUG] com.jawe.system.mapper.GoodsCategoryMapper.selectById - ==>  Preparing: SELECT id,pid,name,sort,enable,create_time,update_time FROM goods_category WHERE id=?
2022-04-30 16:28:18.975 [DEBUG] com.jawe.system.mapper.GoodsCategoryMapper.selectById - ==> Parameters: 8(Integer)
2022-04-30 16:28:18.976 [DEBUG] com.jawe.system.mapper.GoodsCategoryMapper.selectById - <==      Total: 1
2022-04-30 16:28:18.976 [DEBUG] com.jawe.system.mapper.GoodsMapper.selectById - ==>  Preparing: SELECT id,goods_name,category_id,description,price,stock,sales,cover_url,is_on,is_recommend,create_time,update_time FROM goods WHERE id=?
2022-04-30 16:28:18.976 [DEBUG] com.jawe.system.mapper.GoodsMapper.selectById - ==> Parameters: 22(Integer)
2022-04-30 16:28:18.977 [DEBUG] com.jawe.system.mapper.GoodsMapper.selectById - <==      Total: 1
2022-04-30 16:28:18.977 [DEBUG] com.jawe.system.mapper.GoodsCategoryMapper.getName - ==>  Preparing: select name from goods_category where id=?
2022-04-30 16:28:18.977 [DEBUG] com.jawe.system.mapper.GoodsCategoryMapper.getName - ==> Parameters: 21(Integer)
2022-04-30 16:28:18.978 [DEBUG] com.jawe.system.mapper.GoodsCategoryMapper.getName - <==      Total: 1
2022-04-30 16:28:18.978 [DEBUG] com.jawe.system.mapper.GoodsMapper.selectById - ==>  Preparing: SELECT id,goods_name,category_id,description,price,stock,sales,cover_url,is_on,is_recommend,create_time,update_time FROM goods WHERE id=?
2022-04-30 16:28:18.978 [DEBUG] com.jawe.system.mapper.GoodsMapper.selectById - ==> Parameters: 26(Integer)
2022-04-30 16:28:18.979 [DEBUG] com.jawe.system.mapper.GoodsMapper.selectById - <==      Total: 1
2022-04-30 16:28:18.980 [DEBUG] com.jawe.system.mapper.GoodsCategoryMapper.getName - ==>  Preparing: select name from goods_category where id=?
2022-04-30 16:28:18.980 [DEBUG] com.jawe.system.mapper.GoodsCategoryMapper.getName - ==> Parameters: 24(Integer)
2022-04-30 16:28:18.980 [DEBUG] com.jawe.system.mapper.GoodsCategoryMapper.getName - <==      Total: 1
2022-04-30 16:28:18.981 [DEBUG] com.jawe.system.mapper.GoodsCategoryMapper.selectById - ==>  Preparing: SELECT id,pid,name,sort,enable,create_time,update_time FROM goods_category WHERE id=?
2022-04-30 16:28:18.981 [DEBUG] com.jawe.system.mapper.GoodsCategoryMapper.selectById - ==> Parameters: 21(Integer)
2022-04-30 16:28:18.982 [DEBUG] com.jawe.system.mapper.GoodsCategoryMapper.selectById - <==      Total: 1
2022-04-30 16:28:18.982 [DEBUG] com.jawe.system.mapper.GoodsCategoryMapper.selectById - ==>  Preparing: SELECT id,pid,name,sort,enable,create_time,update_time FROM goods_category WHERE id=?
2022-04-30 16:28:18.983 [DEBUG] com.jawe.system.mapper.GoodsCategoryMapper.selectById - ==> Parameters: 24(Integer)
2022-04-30 16:28:18.983 [DEBUG] com.jawe.system.mapper.GoodsCategoryMapper.selectById - <==      Total: 1
2022-04-30 16:30:48.646 [DEBUG] com.jawe.system.mapper.GoodsMapper.selectPage_mpCount - ==>  Preparing: SELECT COUNT(1) FROM goods WHERE (goods_name LIKE ?)
2022-04-30 16:30:48.647 [DEBUG] com.jawe.system.mapper.GoodsMapper.selectPage_mpCount - ==> Parameters: %%(String)
2022-04-30 16:30:48.648 [DEBUG] com.jawe.system.mapper.GoodsMapper.selectPage_mpCount - <==      Total: 1
2022-04-30 16:30:48.648 [DEBUG] com.jawe.system.mapper.GoodsMapper.selectPage - ==>  Preparing: SELECT id,goods_name,category_id,description,price,stock,sales,cover_url,is_on,is_recommend,create_time,update_time FROM goods WHERE (goods_name LIKE ?) LIMIT ?
2022-04-30 16:30:48.649 [DEBUG] com.jawe.system.mapper.GoodsMapper.selectPage - ==> Parameters: %%(String), 8(Long)
2022-04-30 16:30:48.650 [DEBUG] com.jawe.system.mapper.GoodsMapper.selectPage - <==      Total: 8
2022-04-30 16:30:50.325 [DEBUG] com.jawe.system.mapper.UserMapper.currentUser - ==>  Preparing: select * from user where username = ?
2022-04-30 16:30:50.326 [DEBUG] com.jawe.system.mapper.UserMapper.currentUser - ==> Parameters: user(String)
2022-04-30 16:30:50.327 [DEBUG] com.jawe.system.mapper.UserMapper.currentUser - <==      Total: 1
2022-04-30 16:30:50.328 [DEBUG] com.jawe.system.mapper.CartMapper.selectList - ==>  Preparing: SELECT id,goods_id,num,price,user_id,is_active,category_id,create_time FROM cart WHERE (user_id = ?) ORDER BY category_id ASC
2022-04-30 16:30:50.328 [DEBUG] com.jawe.system.mapper.CartMapper.selectList - ==> Parameters: 2(Integer)
2022-04-30 16:30:50.329 [DEBUG] com.jawe.system.mapper.CartMapper.selectList - <==      Total: 7
2022-04-30 16:30:50.329 [DEBUG] com.jawe.system.mapper.GoodsMapper.selectById - ==>  Preparing: SELECT id,goods_name,category_id,description,price,stock,sales,cover_url,is_on,is_recommend,create_time,update_time FROM goods WHERE id=?
2022-04-30 16:30:50.330 [DEBUG] com.jawe.system.mapper.GoodsMapper.selectById - ==> Parameters: 20(Integer)
2022-04-30 16:30:50.331 [DEBUG] com.jawe.system.mapper.GoodsMapper.selectById - <==      Total: 1
2022-04-30 16:30:50.332 [DEBUG] com.jawe.system.mapper.GoodsCategoryMapper.getName - ==>  Preparing: select name from goods_category where id=?
2022-04-30 16:30:50.332 [DEBUG] com.jawe.system.mapper.GoodsCategoryMapper.getName - ==> Parameters: 6(Integer)
2022-04-30 16:30:50.333 [DEBUG] com.jawe.system.mapper.GoodsCategoryMapper.getName - <==      Total: 1
2022-04-30 16:30:50.333 [DEBUG] com.jawe.system.mapper.GoodsMapper.selectById - ==>  Preparing: SELECT id,goods_name,category_id,description,price,stock,sales,cover_url,is_on,is_recommend,create_time,update_time FROM goods WHERE id=?
2022-04-30 16:30:50.334 [DEBUG] com.jawe.system.mapper.GoodsMapper.selectById - ==> Parameters: 13(Integer)
2022-04-30 16:30:50.334 [DEBUG] com.jawe.system.mapper.GoodsMapper.selectById - <==      Total: 1
2022-04-30 16:30:50.335 [DEBUG] com.jawe.system.mapper.GoodsCategoryMapper.getName - ==>  Preparing: select name from goods_category where id=?
2022-04-30 16:30:50.335 [DEBUG] com.jawe.system.mapper.GoodsCategoryMapper.getName - ==> Parameters: 6(Integer)
2022-04-30 16:30:50.335 [DEBUG] com.jawe.system.mapper.GoodsCategoryMapper.getName - <==      Total: 1
2022-04-30 16:30:50.335 [DEBUG] com.jawe.system.mapper.GoodsMapper.selectById - ==>  Preparing: SELECT id,goods_name,category_id,description,price,stock,sales,cover_url,is_on,is_recommend,create_time,update_time FROM goods WHERE id=?
2022-04-30 16:30:50.336 [DEBUG] com.jawe.system.mapper.GoodsMapper.selectById - ==> Parameters: 1(Integer)
2022-04-30 16:30:50.336 [DEBUG] com.jawe.system.mapper.GoodsMapper.selectById - <==      Total: 1
2022-04-30 16:30:50.337 [DEBUG] com.jawe.system.mapper.GoodsCategoryMapper.getName - ==>  Preparing: select name from goods_category where id=?
2022-04-30 16:30:50.337 [DEBUG] com.jawe.system.mapper.GoodsCategoryMapper.getName - ==> Parameters: 7(Integer)
2022-04-30 16:30:50.337 [DEBUG] com.jawe.system.mapper.GoodsCategoryMapper.getName - <==      Total: 1
2022-04-30 16:30:50.337 [DEBUG] com.jawe.system.mapper.GoodsCategoryMapper.selectById - ==>  Preparing: SELECT id,pid,name,sort,enable,create_time,update_time FROM goods_category WHERE id=?
2022-04-30 16:30:50.338 [DEBUG] com.jawe.system.mapper.GoodsCategoryMapper.selectById - ==> Parameters: 6(Integer)
2022-04-30 16:30:50.339 [DEBUG] com.jawe.system.mapper.GoodsCategoryMapper.selectById - <==      Total: 1
2022-04-30 16:30:50.339 [DEBUG] com.jawe.system.mapper.GoodsMapper.selectById - ==>  Preparing: SELECT id,goods_name,category_id,description,price,stock,sales,cover_url,is_on,is_recommend,create_time,update_time FROM goods WHERE id=?
2022-04-30 16:30:50.339 [DEBUG] com.jawe.system.mapper.GoodsMapper.selectById - ==> Parameters: 2(Integer)
2022-04-30 16:30:50.340 [DEBUG] com.jawe.system.mapper.GoodsMapper.selectById - <==      Total: 1
2022-04-30 16:30:50.340 [DEBUG] com.jawe.system.mapper.GoodsCategoryMapper.getName - ==>  Preparing: select name from goods_category where id=?
2022-04-30 16:30:50.341 [DEBUG] com.jawe.system.mapper.GoodsCategoryMapper.getName - ==> Parameters: 8(Integer)
2022-04-30 16:30:50.341 [DEBUG] com.jawe.system.mapper.GoodsCategoryMapper.getName - <==      Total: 1
2022-04-30 16:30:50.341 [DEBUG] com.jawe.system.mapper.GoodsCategoryMapper.selectById - ==>  Preparing: SELECT id,pid,name,sort,enable,create_time,update_time FROM goods_category WHERE id=?
2022-04-30 16:30:50.342 [DEBUG] com.jawe.system.mapper.GoodsCategoryMapper.selectById - ==> Parameters: 7(Integer)
2022-04-30 16:30:50.343 [DEBUG] com.jawe.system.mapper.GoodsCategoryMapper.selectById - <==      Total: 1
2022-04-30 16:30:50.343 [DEBUG] com.jawe.system.mapper.GoodsMapper.selectById - ==>  Preparing: SELECT id,goods_name,category_id,description,price,stock,sales,cover_url,is_on,is_recommend,create_time,update_time FROM goods WHERE id=?
2022-04-30 16:30:50.343 [DEBUG] com.jawe.system.mapper.GoodsMapper.selectById - ==> Parameters: 23(Integer)
2022-04-30 16:30:50.344 [DEBUG] com.jawe.system.mapper.GoodsMapper.selectById - <==      Total: 1
2022-04-30 16:30:50.345 [DEBUG] com.jawe.system.mapper.GoodsCategoryMapper.getName - ==>  Preparing: select name from goods_category where id=?
2022-04-30 16:30:50.345 [DEBUG] com.jawe.system.mapper.GoodsCategoryMapper.getName - ==> Parameters: 21(Integer)
2022-04-30 16:30:50.346 [DEBUG] com.jawe.system.mapper.GoodsCategoryMapper.getName - <==      Total: 1
2022-04-30 16:30:50.346 [DEBUG] com.jawe.system.mapper.GoodsCategoryMapper.selectById - ==>  Preparing: SELECT id,pid,name,sort,enable,create_time,update_time FROM goods_category WHERE id=?
2022-04-30 16:30:50.347 [DEBUG] com.jawe.system.mapper.GoodsCategoryMapper.selectById - ==> Parameters: 8(Integer)
2022-04-30 16:30:50.347 [DEBUG] com.jawe.system.mapper.GoodsCategoryMapper.selectById - <==      Total: 1
2022-04-30 16:30:50.347 [DEBUG] com.jawe.system.mapper.GoodsMapper.selectById - ==>  Preparing: SELECT id,goods_name,category_id,description,price,stock,sales,cover_url,is_on,is_recommend,create_time,update_time FROM goods WHERE id=?
2022-04-30 16:30:50.348 [DEBUG] com.jawe.system.mapper.GoodsMapper.selectById - ==> Parameters: 22(Integer)
2022-04-30 16:30:50.348 [DEBUG] com.jawe.system.mapper.GoodsMapper.selectById - <==      Total: 1
2022-04-30 16:30:50.349 [DEBUG] com.jawe.system.mapper.GoodsCategoryMapper.getName - ==>  Preparing: select name from goods_category where id=?
2022-04-30 16:30:50.349 [DEBUG] com.jawe.system.mapper.GoodsCategoryMapper.getName - ==> Parameters: 21(Integer)
2022-04-30 16:30:50.349 [DEBUG] com.jawe.system.mapper.GoodsCategoryMapper.getName - <==      Total: 1
2022-04-30 16:30:50.349 [DEBUG] com.jawe.system.mapper.GoodsMapper.selectById - ==>  Preparing: SELECT id,goods_name,category_id,description,price,stock,sales,cover_url,is_on,is_recommend,create_time,update_time FROM goods WHERE id=?
2022-04-30 16:30:50.349 [DEBUG] com.jawe.system.mapper.GoodsMapper.selectById - ==> Parameters: 26(Integer)
2022-04-30 16:30:50.350 [DEBUG] com.jawe.system.mapper.GoodsMapper.selectById - <==      Total: 1
2022-04-30 16:30:50.350 [DEBUG] com.jawe.system.mapper.GoodsCategoryMapper.getName - ==>  Preparing: select name from goods_category where id=?
2022-04-30 16:30:50.350 [DEBUG] com.jawe.system.mapper.GoodsCategoryMapper.getName - ==> Parameters: 24(Integer)
2022-04-30 16:30:50.351 [DEBUG] com.jawe.system.mapper.GoodsCategoryMapper.getName - <==      Total: 1
2022-04-30 16:30:50.351 [DEBUG] com.jawe.system.mapper.GoodsCategoryMapper.selectById - ==>  Preparing: SELECT id,pid,name,sort,enable,create_time,update_time FROM goods_category WHERE id=?
2022-04-30 16:30:50.351 [DEBUG] com.jawe.system.mapper.GoodsCategoryMapper.selectById - ==> Parameters: 21(Integer)
2022-04-30 16:30:50.352 [DEBUG] com.jawe.system.mapper.GoodsCategoryMapper.selectById - <==      Total: 1
2022-04-30 16:30:50.352 [DEBUG] com.jawe.system.mapper.GoodsCategoryMapper.selectById - ==>  Preparing: SELECT id,pid,name,sort,enable,create_time,update_time FROM goods_category WHERE id=?
2022-04-30 16:30:50.352 [DEBUG] com.jawe.system.mapper.GoodsCategoryMapper.selectById - ==> Parameters: 24(Integer)
2022-04-30 16:30:50.353 [DEBUG] com.jawe.system.mapper.GoodsCategoryMapper.selectById - <==      Total: 1
2022-04-30 16:33:17.497 [DEBUG] com.jawe.system.mapper.GoodsMapper.selectPage_mpCount - ==>  Preparing: SELECT COUNT(1) FROM goods WHERE (goods_name LIKE ?)
2022-04-30 16:33:17.498 [DEBUG] com.jawe.system.mapper.GoodsMapper.selectPage_mpCount - ==> Parameters: %%(String)
2022-04-30 16:33:17.499 [DEBUG] com.jawe.system.mapper.GoodsMapper.selectPage_mpCount - <==      Total: 1
2022-04-30 16:33:17.501 [DEBUG] com.jawe.system.mapper.GoodsMapper.selectPage - ==>  Preparing: SELECT id,goods_name,category_id,description,price,stock,sales,cover_url,is_on,is_recommend,create_time,update_time FROM goods WHERE (goods_name LIKE ?) LIMIT ?
2022-04-30 16:33:17.501 [DEBUG] com.jawe.system.mapper.GoodsMapper.selectPage - ==> Parameters: %%(String), 8(Long)
2022-04-30 16:33:17.502 [DEBUG] com.jawe.system.mapper.GoodsMapper.selectPage - <==      Total: 8
2022-04-30 16:33:18.726 [DEBUG] com.jawe.system.mapper.UserMapper.currentUser - ==>  Preparing: select * from user where username = ?
2022-04-30 16:33:18.727 [DEBUG] com.jawe.system.mapper.UserMapper.currentUser - ==> Parameters: user(String)
2022-04-30 16:33:18.728 [DEBUG] com.jawe.system.mapper.UserMapper.currentUser - <==      Total: 1
2022-04-30 16:33:18.729 [DEBUG] com.jawe.system.mapper.CartMapper.selectList - ==>  Preparing: SELECT id,goods_id,num,price,user_id,is_active,category_id,create_time FROM cart WHERE (user_id = ?) ORDER BY category_id ASC
2022-04-30 16:33:18.729 [DEBUG] com.jawe.system.mapper.CartMapper.selectList - ==> Parameters: 2(Integer)
2022-04-30 16:33:18.730 [DEBUG] com.jawe.system.mapper.CartMapper.selectList - <==      Total: 7
2022-04-30 16:33:18.731 [DEBUG] com.jawe.system.mapper.GoodsMapper.selectById - ==>  Preparing: SELECT id,goods_name,category_id,description,price,stock,sales,cover_url,is_on,is_recommend,create_time,update_time FROM goods WHERE id=?
2022-04-30 16:33:18.731 [DEBUG] com.jawe.system.mapper.GoodsMapper.selectById - ==> Parameters: 20(Integer)
2022-04-30 16:33:18.732 [DEBUG] com.jawe.system.mapper.GoodsMapper.selectById - <==      Total: 1
2022-04-30 16:33:18.733 [DEBUG] com.jawe.system.mapper.GoodsCategoryMapper.getName - ==>  Preparing: select name from goods_category where id=?
2022-04-30 16:33:18.733 [DEBUG] com.jawe.system.mapper.GoodsCategoryMapper.getName - ==> Parameters: 6(Integer)
2022-04-30 16:33:18.734 [DEBUG] com.jawe.system.mapper.GoodsCategoryMapper.getName - <==      Total: 1
2022-04-30 16:33:18.735 [DEBUG] com.jawe.system.mapper.GoodsMapper.selectById - ==>  Preparing: SELECT id,goods_name,category_id,description,price,stock,sales,cover_url,is_on,is_recommend,create_time,update_time FROM goods WHERE id=?
2022-04-30 16:33:18.735 [DEBUG] com.jawe.system.mapper.GoodsMapper.selectById - ==> Parameters: 13(Integer)
2022-04-30 16:33:18.736 [DEBUG] com.jawe.system.mapper.GoodsMapper.selectById - <==      Total: 1
2022-04-30 16:33:18.737 [DEBUG] com.jawe.system.mapper.GoodsCategoryMapper.getName - ==>  Preparing: select name from goods_category where id=?
2022-04-30 16:33:18.737 [DEBUG] com.jawe.system.mapper.GoodsCategoryMapper.getName - ==> Parameters: 6(Integer)
2022-04-30 16:33:18.737 [DEBUG] com.jawe.system.mapper.GoodsCategoryMapper.getName - <==      Total: 1
2022-04-30 16:33:18.738 [DEBUG] com.jawe.system.mapper.GoodsMapper.selectById - ==>  Preparing: SELECT id,goods_name,category_id,description,price,stock,sales,cover_url,is_on,is_recommend,create_time,update_time FROM goods WHERE id=?
2022-04-30 16:33:18.738 [DEBUG] com.jawe.system.mapper.GoodsMapper.selectById - ==> Parameters: 1(Integer)
2022-04-30 16:33:18.739 [DEBUG] com.jawe.system.mapper.GoodsMapper.selectById - <==      Total: 1
2022-04-30 16:33:18.740 [DEBUG] com.jawe.system.mapper.GoodsCategoryMapper.getName - ==>  Preparing: select name from goods_category where id=?
2022-04-30 16:33:18.740 [DEBUG] com.jawe.system.mapper.GoodsCategoryMapper.getName - ==> Parameters: 7(Integer)
2022-04-30 16:33:18.740 [DEBUG] com.jawe.system.mapper.GoodsCategoryMapper.getName - <==      Total: 1
2022-04-30 16:33:18.741 [DEBUG] com.jawe.system.mapper.GoodsCategoryMapper.selectById - ==>  Preparing: SELECT id,pid,name,sort,enable,create_time,update_time FROM goods_category WHERE id=?
2022-04-30 16:33:18.741 [DEBUG] com.jawe.system.mapper.GoodsCategoryMapper.selectById - ==> Parameters: 6(Integer)
2022-04-30 16:33:18.742 [DEBUG] com.jawe.system.mapper.GoodsCategoryMapper.selectById - <==      Total: 1
2022-04-30 16:33:18.742 [DEBUG] com.jawe.system.mapper.GoodsMapper.selectById - ==>  Preparing: SELECT id,goods_name,category_id,description,price,stock,sales,cover_url,is_on,is_recommend,create_time,update_time FROM goods WHERE id=?
2022-04-30 16:33:18.742 [DEBUG] com.jawe.system.mapper.GoodsMapper.selectById - ==> Parameters: 2(Integer)
2022-04-30 16:33:18.743 [DEBUG] com.jawe.system.mapper.GoodsMapper.selectById - <==      Total: 1
2022-04-30 16:33:18.744 [DEBUG] com.jawe.system.mapper.GoodsCategoryMapper.getName - ==>  Preparing: select name from goods_category where id=?
2022-04-30 16:33:18.744 [DEBUG] com.jawe.system.mapper.GoodsCategoryMapper.getName - ==> Parameters: 8(Integer)
2022-04-30 16:33:18.745 [DEBUG] com.jawe.system.mapper.GoodsCategoryMapper.getName - <==      Total: 1
2022-04-30 16:33:18.745 [DEBUG] com.jawe.system.mapper.GoodsCategoryMapper.selectById - ==>  Preparing: SELECT id,pid,name,sort,enable,create_time,update_time FROM goods_category WHERE id=?
2022-04-30 16:33:18.745 [DEBUG] com.jawe.system.mapper.GoodsCategoryMapper.selectById - ==> Parameters: 7(Integer)
2022-04-30 16:33:18.746 [DEBUG] com.jawe.system.mapper.GoodsCategoryMapper.selectById - <==      Total: 1
2022-04-30 16:33:18.746 [DEBUG] com.jawe.system.mapper.GoodsMapper.selectById - ==>  Preparing: SELECT id,goods_name,category_id,description,price,stock,sales,cover_url,is_on,is_recommend,create_time,update_time FROM goods WHERE id=?
2022-04-30 16:33:18.747 [DEBUG] com.jawe.system.mapper.GoodsMapper.selectById - ==> Parameters: 23(Integer)
2022-04-30 16:33:18.747 [DEBUG] com.jawe.system.mapper.GoodsMapper.selectById - <==      Total: 1
2022-04-30 16:33:18.748 [DEBUG] com.jawe.system.mapper.GoodsCategoryMapper.getName - ==>  Preparing: select name from goods_category where id=?
2022-04-30 16:33:18.748 [DEBUG] com.jawe.system.mapper.GoodsCategoryMapper.getName - ==> Parameters: 21(Integer)
2022-04-30 16:33:18.749 [DEBUG] com.jawe.system.mapper.GoodsCategoryMapper.getName - <==      Total: 1
2022-04-30 16:33:18.749 [DEBUG] com.jawe.system.mapper.GoodsCategoryMapper.selectById - ==>  Preparing: SELECT id,pid,name,sort,enable,create_time,update_time FROM goods_category WHERE id=?
2022-04-30 16:33:18.749 [DEBUG] com.jawe.system.mapper.GoodsCategoryMapper.selectById - ==> Parameters: 8(Integer)
2022-04-30 16:33:18.750 [DEBUG] com.jawe.system.mapper.GoodsCategoryMapper.selectById - <==      Total: 1
2022-04-30 16:33:18.750 [DEBUG] com.jawe.system.mapper.GoodsMapper.selectById - ==>  Preparing: SELECT id,goods_name,category_id,description,price,stock,sales,cover_url,is_on,is_recommend,create_time,update_time FROM goods WHERE id=?
2022-04-30 16:33:18.750 [DEBUG] com.jawe.system.mapper.GoodsMapper.selectById - ==> Parameters: 22(Integer)
2022-04-30 16:33:18.751 [DEBUG] com.jawe.system.mapper.GoodsMapper.selectById - <==      Total: 1
2022-04-30 16:33:18.751 [DEBUG] com.jawe.system.mapper.GoodsCategoryMapper.getName - ==>  Preparing: select name from goods_category where id=?
2022-04-30 16:33:18.752 [DEBUG] com.jawe.system.mapper.GoodsCategoryMapper.getName - ==> Parameters: 21(Integer)
2022-04-30 16:33:18.752 [DEBUG] com.jawe.system.mapper.GoodsCategoryMapper.getName - <==      Total: 1
2022-04-30 16:33:18.752 [DEBUG] com.jawe.system.mapper.GoodsMapper.selectById - ==>  Preparing: SELECT id,goods_name,category_id,description,price,stock,sales,cover_url,is_on,is_recommend,create_time,update_time FROM goods WHERE id=?
2022-04-30 16:33:18.753 [DEBUG] com.jawe.system.mapper.GoodsMapper.selectById - ==> Parameters: 26(Integer)
2022-04-30 16:33:18.753 [DEBUG] com.jawe.system.mapper.GoodsMapper.selectById - <==      Total: 1
2022-04-30 16:33:18.754 [DEBUG] com.jawe.system.mapper.GoodsCategoryMapper.getName - ==>  Preparing: select name from goods_category where id=?
2022-04-30 16:33:18.754 [DEBUG] com.jawe.system.mapper.GoodsCategoryMapper.getName - ==> Parameters: 24(Integer)
2022-04-30 16:33:18.755 [DEBUG] com.jawe.system.mapper.GoodsCategoryMapper.getName - <==      Total: 1
2022-04-30 16:33:18.755 [DEBUG] com.jawe.system.mapper.GoodsCategoryMapper.selectById - ==>  Preparing: SELECT id,pid,name,sort,enable,create_time,update_time FROM goods_category WHERE id=?
2022-04-30 16:33:18.755 [DEBUG] com.jawe.system.mapper.GoodsCategoryMapper.selectById - ==> Parameters: 21(Integer)
2022-04-30 16:33:18.756 [DEBUG] com.jawe.system.mapper.GoodsCategoryMapper.selectById - <==      Total: 1
2022-04-30 16:33:18.757 [DEBUG] com.jawe.system.mapper.GoodsCategoryMapper.selectById - ==>  Preparing: SELECT id,pid,name,sort,enable,create_time,update_time FROM goods_category WHERE id=?
2022-04-30 16:33:18.757 [DEBUG] com.jawe.system.mapper.GoodsCategoryMapper.selectById - ==> Parameters: 24(Integer)
2022-04-30 16:33:18.757 [DEBUG] com.jawe.system.mapper.GoodsCategoryMapper.selectById - <==      Total: 1
2022-04-30 17:53:23.249 [DEBUG] com.jawe.system.mapper.GoodsMapper.selectPage_mpCount - ==>  Preparing: SELECT COUNT(1) FROM goods WHERE (goods_name LIKE ?)
2022-04-30 17:53:23.267 [DEBUG] com.jawe.system.mapper.GoodsMapper.selectPage_mpCount - ==> Parameters: %%(String)
2022-04-30 17:53:23.274 [DEBUG] com.jawe.system.mapper.GoodsMapper.selectPage_mpCount - <==      Total: 1
2022-04-30 17:53:23.276 [DEBUG] com.jawe.system.mapper.GoodsMapper.selectPage - ==>  Preparing: SELECT id,goods_name,category_id,description,price,stock,sales,cover_url,is_on,is_recommend,create_time,update_time FROM goods WHERE (goods_name LIKE ?) LIMIT ?
2022-04-30 17:53:23.277 [DEBUG] com.jawe.system.mapper.GoodsMapper.selectPage - ==> Parameters: %%(String), 8(Long)
2022-04-30 17:53:23.279 [DEBUG] com.jawe.system.mapper.GoodsMapper.selectPage - <==      Total: 8
2022-04-30 17:53:29.223 [DEBUG] com.jawe.system.mapper.UserMapper.currentUser - ==>  Preparing: select * from user where username = ?
2022-04-30 17:53:29.223 [DEBUG] com.jawe.system.mapper.UserMapper.currentUser - ==> Parameters: user(String)
2022-04-30 17:53:29.225 [DEBUG] com.jawe.system.mapper.UserMapper.currentUser - <==      Total: 1
2022-04-30 17:53:29.227 [DEBUG] com.jawe.system.mapper.CartMapper.selectList - ==>  Preparing: SELECT id,goods_id,num,price,user_id,is_active,category_id,create_time FROM cart WHERE (user_id = ?) ORDER BY category_id ASC
2022-04-30 17:53:29.228 [DEBUG] com.jawe.system.mapper.CartMapper.selectList - ==> Parameters: 2(Integer)
2022-04-30 17:53:29.230 [DEBUG] com.jawe.system.mapper.CartMapper.selectList - <==      Total: 7
2022-04-30 17:53:29.231 [DEBUG] com.jawe.system.mapper.GoodsMapper.selectById - ==>  Preparing: SELECT id,goods_name,category_id,description,price,stock,sales,cover_url,is_on,is_recommend,create_time,update_time FROM goods WHERE id=?
2022-04-30 17:53:29.232 [DEBUG] com.jawe.system.mapper.GoodsMapper.selectById - ==> Parameters: 20(Integer)
2022-04-30 17:53:29.233 [DEBUG] com.jawe.system.mapper.GoodsMapper.selectById - <==      Total: 1
2022-04-30 17:53:29.234 [DEBUG] com.jawe.system.mapper.GoodsCategoryMapper.getName - ==>  Preparing: select name from goods_category where id=?
2022-04-30 17:53:29.234 [DEBUG] com.jawe.system.mapper.GoodsCategoryMapper.getName - ==> Parameters: 6(Integer)
2022-04-30 17:53:29.236 [DEBUG] com.jawe.system.mapper.GoodsCategoryMapper.getName - <==      Total: 1
2022-04-30 17:53:29.236 [DEBUG] com.jawe.system.mapper.GoodsMapper.selectById - ==>  Preparing: SELECT id,goods_name,category_id,description,price,stock,sales,cover_url,is_on,is_recommend,create_time,update_time FROM goods WHERE id=?
2022-04-30 17:53:29.236 [DEBUG] com.jawe.system.mapper.GoodsMapper.selectById - ==> Parameters: 13(Integer)
2022-04-30 17:53:29.237 [DEBUG] com.jawe.system.mapper.GoodsMapper.selectById - <==      Total: 1
2022-04-30 17:53:29.238 [DEBUG] com.jawe.system.mapper.GoodsCategoryMapper.getName - ==>  Preparing: select name from goods_category where id=?
2022-04-30 17:53:29.238 [DEBUG] com.jawe.system.mapper.GoodsCategoryMapper.getName - ==> Parameters: 6(Integer)
2022-04-30 17:53:29.238 [DEBUG] com.jawe.system.mapper.GoodsCategoryMapper.getName - <==      Total: 1
2022-04-30 17:53:29.239 [DEBUG] com.jawe.system.mapper.GoodsMapper.selectById - ==>  Preparing: SELECT id,goods_name,category_id,description,price,stock,sales,cover_url,is_on,is_recommend,create_time,update_time FROM goods WHERE id=?
2022-04-30 17:53:29.239 [DEBUG] com.jawe.system.mapper.GoodsMapper.selectById - ==> Parameters: 1(Integer)
2022-04-30 17:53:29.240 [DEBUG] com.jawe.system.mapper.GoodsMapper.selectById - <==      Total: 1
2022-04-30 17:53:29.240 [DEBUG] com.jawe.system.mapper.GoodsCategoryMapper.getName - ==>  Preparing: select name from goods_category where id=?
2022-04-30 17:53:29.241 [DEBUG] com.jawe.system.mapper.GoodsCategoryMapper.getName - ==> Parameters: 7(Integer)
2022-04-30 17:53:29.241 [DEBUG] com.jawe.system.mapper.GoodsCategoryMapper.getName - <==      Total: 1
2022-04-30 17:53:29.242 [DEBUG] com.jawe.system.mapper.GoodsCategoryMapper.selectById - ==>  Preparing: SELECT id,pid,name,sort,enable,create_time,update_time FROM goods_category WHERE id=?
2022-04-30 17:53:29.242 [DEBUG] com.jawe.system.mapper.GoodsCategoryMapper.selectById - ==> Parameters: 6(Integer)
2022-04-30 17:53:29.243 [DEBUG] com.jawe.system.mapper.GoodsCategoryMapper.selectById - <==      Total: 1
2022-04-30 17:53:29.243 [DEBUG] com.jawe.system.mapper.GoodsMapper.selectById - ==>  Preparing: SELECT id,goods_name,category_id,description,price,stock,sales,cover_url,is_on,is_recommend,create_time,update_time FROM goods WHERE id=?
2022-04-30 17:53:29.243 [DEBUG] com.jawe.system.mapper.GoodsMapper.selectById - ==> Parameters: 2(Integer)
2022-04-30 17:53:29.244 [DEBUG] com.jawe.system.mapper.GoodsMapper.selectById - <==      Total: 1
2022-04-30 17:53:29.244 [DEBUG] com.jawe.system.mapper.GoodsCategoryMapper.getName - ==>  Preparing: select name from goods_category where id=?
2022-04-30 17:53:29.245 [DEBUG] com.jawe.system.mapper.GoodsCategoryMapper.getName - ==> Parameters: 8(Integer)
2022-04-30 17:53:29.245 [DEBUG] com.jawe.system.mapper.GoodsCategoryMapper.getName - <==      Total: 1
2022-04-30 17:53:29.246 [DEBUG] com.jawe.system.mapper.GoodsCategoryMapper.selectById - ==>  Preparing: SELECT id,pid,name,sort,enable,create_time,update_time FROM goods_category WHERE id=?
2022-04-30 17:53:29.246 [DEBUG] com.jawe.system.mapper.GoodsCategoryMapper.selectById - ==> Parameters: 7(Integer)
2022-04-30 17:53:29.246 [DEBUG] com.jawe.system.mapper.GoodsCategoryMapper.selectById - <==      Total: 1
2022-04-30 17:53:29.247 [DEBUG] com.jawe.system.mapper.GoodsMapper.selectById - ==>  Preparing: SELECT id,goods_name,category_id,description,price,stock,sales,cover_url,is_on,is_recommend,create_time,update_time FROM goods WHERE id=?
2022-04-30 17:53:29.247 [DEBUG] com.jawe.system.mapper.GoodsMapper.selectById - ==> Parameters: 23(Integer)
2022-04-30 17:53:29.247 [DEBUG] com.jawe.system.mapper.GoodsMapper.selectById - <==      Total: 1
2022-04-30 17:53:29.248 [DEBUG] com.jawe.system.mapper.GoodsCategoryMapper.getName - ==>  Preparing: select name from goods_category where id=?
2022-04-30 17:53:29.248 [DEBUG] com.jawe.system.mapper.GoodsCategoryMapper.getName - ==> Parameters: 21(Integer)
2022-04-30 17:53:29.248 [DEBUG] com.jawe.system.mapper.GoodsCategoryMapper.getName - <==      Total: 1
2022-04-30 17:53:29.249 [DEBUG] com.jawe.system.mapper.GoodsCategoryMapper.selectById - ==>  Preparing: SELECT id,pid,name,sort,enable,create_time,update_time FROM goods_category WHERE id=?
2022-04-30 17:53:29.249 [DEBUG] com.jawe.system.mapper.GoodsCategoryMapper.selectById - ==> Parameters: 8(Integer)
2022-04-30 17:53:29.250 [DEBUG] com.jawe.system.mapper.GoodsCategoryMapper.selectById - <==      Total: 1
2022-04-30 17:53:29.250 [DEBUG] com.jawe.system.mapper.GoodsMapper.selectById - ==>  Preparing: SELECT id,goods_name,category_id,description,price,stock,sales,cover_url,is_on,is_recommend,create_time,update_time FROM goods WHERE id=?
2022-04-30 17:53:29.251 [DEBUG] com.jawe.system.mapper.GoodsMapper.selectById - ==> Parameters: 22(Integer)
2022-04-30 17:53:29.251 [DEBUG] com.jawe.system.mapper.GoodsMapper.selectById - <==      Total: 1
2022-04-30 17:53:29.252 [DEBUG] com.jawe.system.mapper.GoodsCategoryMapper.getName - ==>  Preparing: select name from goods_category where id=?
2022-04-30 17:53:29.252 [DEBUG] com.jawe.system.mapper.GoodsCategoryMapper.getName - ==> Parameters: 21(Integer)
2022-04-30 17:53:29.252 [DEBUG] com.jawe.system.mapper.GoodsCategoryMapper.getName - <==      Total: 1
2022-04-30 17:53:29.253 [DEBUG] com.jawe.system.mapper.GoodsMapper.selectById - ==>  Preparing: SELECT id,goods_name,category_id,description,price,stock,sales,cover_url,is_on,is_recommend,create_time,update_time FROM goods WHERE id=?
2022-04-30 17:53:29.253 [DEBUG] com.jawe.system.mapper.GoodsMapper.selectById - ==> Parameters: 26(Integer)
2022-04-30 17:53:29.254 [DEBUG] com.jawe.system.mapper.GoodsMapper.selectById - <==      Total: 1
2022-04-30 17:53:29.254 [DEBUG] com.jawe.system.mapper.GoodsCategoryMapper.getName - ==>  Preparing: select name from goods_category where id=?
2022-04-30 17:53:29.254 [DEBUG] com.jawe.system.mapper.GoodsCategoryMapper.getName - ==> Parameters: 24(Integer)
2022-04-30 17:53:29.254 [DEBUG] com.jawe.system.mapper.GoodsCategoryMapper.getName - <==      Total: 1
2022-04-30 17:53:29.255 [DEBUG] com.jawe.system.mapper.GoodsCategoryMapper.selectById - ==>  Preparing: SELECT id,pid,name,sort,enable,create_time,update_time FROM goods_category WHERE id=?
2022-04-30 17:53:29.255 [DEBUG] com.jawe.system.mapper.GoodsCategoryMapper.selectById - ==> Parameters: 21(Integer)
2022-04-30 17:53:29.256 [DEBUG] com.jawe.system.mapper.GoodsCategoryMapper.selectById - <==      Total: 1
2022-04-30 17:53:29.256 [DEBUG] com.jawe.system.mapper.GoodsCategoryMapper.selectById - ==>  Preparing: SELECT id,pid,name,sort,enable,create_time,update_time FROM goods_category WHERE id=?
2022-04-30 17:53:29.256 [DEBUG] com.jawe.system.mapper.GoodsCategoryMapper.selectById - ==> Parameters: 24(Integer)
2022-04-30 17:53:29.257 [DEBUG] com.jawe.system.mapper.GoodsCategoryMapper.selectById - <==      Total: 1
2022-04-30 17:53:38.072 [DEBUG] com.jawe.system.mapper.UserMapper.currentUser - ==>  Preparing: select * from user where username = ?
2022-04-30 17:53:38.072 [DEBUG] com.jawe.system.mapper.UserMapper.currentUser - ==> Parameters: user(String)
2022-04-30 17:53:38.073 [DEBUG] com.jawe.system.mapper.UserMapper.currentUser - <==      Total: 1
2022-04-30 17:53:38.074 [DEBUG] com.jawe.system.mapper.CartMapper.selectList - ==>  Preparing: SELECT id,goods_id,num,price,user_id,is_active,category_id,create_time FROM cart WHERE (user_id = ?) ORDER BY category_id ASC
2022-04-30 17:53:38.075 [DEBUG] com.jawe.system.mapper.CartMapper.selectList - ==> Parameters: 2(Integer)
2022-04-30 17:53:38.076 [DEBUG] com.jawe.system.mapper.CartMapper.selectList - <==      Total: 7
2022-04-30 17:53:38.076 [DEBUG] com.jawe.system.mapper.GoodsMapper.selectById - ==>  Preparing: SELECT id,goods_name,category_id,description,price,stock,sales,cover_url,is_on,is_recommend,create_time,update_time FROM goods WHERE id=?
2022-04-30 17:53:38.077 [DEBUG] com.jawe.system.mapper.GoodsMapper.selectById - ==> Parameters: 20(Integer)
2022-04-30 17:53:38.078 [DEBUG] com.jawe.system.mapper.GoodsMapper.selectById - <==      Total: 1
2022-04-30 17:53:38.078 [DEBUG] com.jawe.system.mapper.GoodsCategoryMapper.getName - ==>  Preparing: select name from goods_category where id=?
2022-04-30 17:53:38.078 [DEBUG] com.jawe.system.mapper.GoodsCategoryMapper.getName - ==> Parameters: 6(Integer)
2022-04-30 17:53:38.078 [DEBUG] com.jawe.system.mapper.GoodsCategoryMapper.getName - <==      Total: 1
2022-04-30 17:53:38.079 [DEBUG] com.jawe.system.mapper.GoodsMapper.selectById - ==>  Preparing: SELECT id,goods_name,category_id,description,price,stock,sales,cover_url,is_on,is_recommend,create_time,update_time FROM goods WHERE id=?
2022-04-30 17:53:38.079 [DEBUG] com.jawe.system.mapper.GoodsMapper.selectById - ==> Parameters: 13(Integer)
2022-04-30 17:53:38.080 [DEBUG] com.jawe.system.mapper.GoodsMapper.selectById - <==      Total: 1
2022-04-30 17:53:38.080 [DEBUG] com.jawe.system.mapper.GoodsCategoryMapper.getName - ==>  Preparing: select name from goods_category where id=?
2022-04-30 17:53:38.080 [DEBUG] com.jawe.system.mapper.GoodsCategoryMapper.getName - ==> Parameters: 6(Integer)
2022-04-30 17:53:38.080 [DEBUG] com.jawe.system.mapper.GoodsCategoryMapper.getName - <==      Total: 1
2022-04-30 17:53:38.081 [DEBUG] com.jawe.system.mapper.GoodsMapper.selectById - ==>  Preparing: SELECT id,goods_name,category_id,description,price,stock,sales,cover_url,is_on,is_recommend,create_time,update_time FROM goods WHERE id=?
2022-04-30 17:53:38.081 [DEBUG] com.jawe.system.mapper.GoodsMapper.selectById - ==> Parameters: 1(Integer)
2022-04-30 17:53:38.081 [DEBUG] com.jawe.system.mapper.GoodsMapper.selectById - <==      Total: 1
2022-04-30 17:53:38.082 [DEBUG] com.jawe.system.mapper.GoodsCategoryMapper.getName - ==>  Preparing: select name from goods_category where id=?
2022-04-30 17:53:38.082 [DEBUG] com.jawe.system.mapper.GoodsCategoryMapper.getName - ==> Parameters: 7(Integer)
2022-04-30 17:53:38.082 [DEBUG] com.jawe.system.mapper.GoodsCategoryMapper.getName - <==      Total: 1
2022-04-30 17:53:38.083 [DEBUG] com.jawe.system.mapper.GoodsCategoryMapper.selectById - ==>  Preparing: SELECT id,pid,name,sort,enable,create_time,update_time FROM goods_category WHERE id=?
2022-04-30 17:53:38.083 [DEBUG] com.jawe.system.mapper.GoodsCategoryMapper.selectById - ==> Parameters: 6(Integer)
2022-04-30 17:53:38.084 [DEBUG] com.jawe.system.mapper.GoodsCategoryMapper.selectById - <==      Total: 1
2022-04-30 17:53:38.085 [DEBUG] com.jawe.system.mapper.GoodsMapper.selectById - ==>  Preparing: SELECT id,goods_name,category_id,description,price,stock,sales,cover_url,is_on,is_recommend,create_time,update_time FROM goods WHERE id=?
2022-04-30 17:53:38.085 [DEBUG] com.jawe.system.mapper.GoodsMapper.selectById - ==> Parameters: 2(Integer)
2022-04-30 17:53:38.086 [DEBUG] com.jawe.system.mapper.GoodsMapper.selectById - <==      Total: 1
2022-04-30 17:53:38.087 [DEBUG] com.jawe.system.mapper.GoodsCategoryMapper.getName - ==>  Preparing: select name from goods_category where id=?
2022-04-30 17:53:38.087 [DEBUG] com.jawe.system.mapper.GoodsCategoryMapper.getName - ==> Parameters: 8(Integer)
2022-04-30 17:53:38.088 [DEBUG] com.jawe.system.mapper.GoodsCategoryMapper.getName - <==      Total: 1
2022-04-30 17:53:38.088 [DEBUG] com.jawe.system.mapper.GoodsCategoryMapper.selectById - ==>  Preparing: SELECT id,pid,name,sort,enable,create_time,update_time FROM goods_category WHERE id=?
2022-04-30 17:53:38.088 [DEBUG] com.jawe.system.mapper.GoodsCategoryMapper.selectById - ==> Parameters: 7(Integer)
2022-04-30 17:53:38.089 [DEBUG] com.jawe.system.mapper.GoodsCategoryMapper.selectById - <==      Total: 1
2022-04-30 17:53:38.089 [DEBUG] com.jawe.system.mapper.GoodsMapper.selectById - ==>  Preparing: SELECT id,goods_name,category_id,description,price,stock,sales,cover_url,is_on,is_recommend,create_time,update_time FROM goods WHERE id=?
2022-04-30 17:53:38.089 [DEBUG] com.jawe.system.mapper.GoodsMapper.selectById - ==> Parameters: 23(Integer)
2022-04-30 17:53:38.090 [DEBUG] com.jawe.system.mapper.GoodsMapper.selectById - <==      Total: 1
2022-04-30 17:53:38.090 [DEBUG] com.jawe.system.mapper.GoodsCategoryMapper.getName - ==>  Preparing: select name from goods_category where id=?
2022-04-30 17:53:38.090 [DEBUG] com.jawe.system.mapper.GoodsCategoryMapper.getName - ==> Parameters: 21(Integer)
2022-04-30 17:53:38.091 [DEBUG] com.jawe.system.mapper.GoodsCategoryMapper.getName - <==      Total: 1
2022-04-30 17:53:38.091 [DEBUG] com.jawe.system.mapper.GoodsCategoryMapper.selectById - ==>  Preparing: SELECT id,pid,name,sort,enable,create_time,update_time FROM goods_category WHERE id=?
2022-04-30 17:53:38.091 [DEBUG] com.jawe.system.mapper.GoodsCategoryMapper.selectById - ==> Parameters: 8(Integer)
2022-04-30 17:53:38.092 [DEBUG] com.jawe.system.mapper.GoodsCategoryMapper.selectById - <==      Total: 1
2022-04-30 17:53:38.092 [DEBUG] com.jawe.system.mapper.GoodsMapper.selectById - ==>  Preparing: SELECT id,goods_name,category_id,description,price,stock,sales,cover_url,is_on,is_recommend,create_time,update_time FROM goods WHERE id=?
2022-04-30 17:53:38.093 [DEBUG] com.jawe.system.mapper.GoodsMapper.selectById - ==> Parameters: 22(Integer)
2022-04-30 17:53:38.093 [DEBUG] com.jawe.system.mapper.GoodsMapper.selectById - <==      Total: 1
2022-04-30 17:53:38.093 [DEBUG] com.jawe.system.mapper.GoodsCategoryMapper.getName - ==>  Preparing: select name from goods_category where id=?
2022-04-30 17:53:38.094 [DEBUG] com.jawe.system.mapper.GoodsCategoryMapper.getName - ==> Parameters: 21(Integer)
2022-04-30 17:53:38.094 [DEBUG] com.jawe.system.mapper.GoodsCategoryMapper.getName - <==      Total: 1
2022-04-30 17:53:38.094 [DEBUG] com.jawe.system.mapper.GoodsMapper.selectById - ==>  Preparing: SELECT id,goods_name,category_id,description,price,stock,sales,cover_url,is_on,is_recommend,create_time,update_time FROM goods WHERE id=?
2022-04-30 17:53:38.095 [DEBUG] com.jawe.system.mapper.GoodsMapper.selectById - ==> Parameters: 26(Integer)
2022-04-30 17:53:38.095 [DEBUG] com.jawe.system.mapper.GoodsMapper.selectById - <==      Total: 1
2022-04-30 17:53:38.095 [DEBUG] com.jawe.system.mapper.GoodsCategoryMapper.getName - ==>  Preparing: select name from goods_category where id=?
2022-04-30 17:53:38.096 [DEBUG] com.jawe.system.mapper.GoodsCategoryMapper.getName - ==> Parameters: 24(Integer)
2022-04-30 17:53:38.096 [DEBUG] com.jawe.system.mapper.GoodsCategoryMapper.getName - <==      Total: 1
2022-04-30 17:53:38.096 [DEBUG] com.jawe.system.mapper.GoodsCategoryMapper.selectById - ==>  Preparing: SELECT id,pid,name,sort,enable,create_time,update_time FROM goods_category WHERE id=?
2022-04-30 17:53:38.096 [DEBUG] com.jawe.system.mapper.GoodsCategoryMapper.selectById - ==> Parameters: 21(Integer)
2022-04-30 17:53:38.097 [DEBUG] com.jawe.system.mapper.GoodsCategoryMapper.selectById - <==      Total: 1
2022-04-30 17:53:38.097 [DEBUG] com.jawe.system.mapper.GoodsCategoryMapper.selectById - ==>  Preparing: SELECT id,pid,name,sort,enable,create_time,update_time FROM goods_category WHERE id=?
2022-04-30 17:53:38.097 [DEBUG] com.jawe.system.mapper.GoodsCategoryMapper.selectById - ==> Parameters: 24(Integer)
2022-04-30 17:53:38.098 [DEBUG] com.jawe.system.mapper.GoodsCategoryMapper.selectById - <==      Total: 1
