2021-11-15 13:00:07.189 [INFO ] com.jawe.DemoApplication - Starting DemoApplication using Java 1.8.0_291 on DESKTOP-A0VVV1J with PID 19936 (C:\Users\14618\Desktop\Sync\MyDemo\demo-parent\demo-base-web\target\classes started by 14618 in C:\Users\14618\Desktop\Sync\MyDemo\demo-parent)
2021-11-15 13:00:07.193 [INFO ] com.jawe.DemoApplication - No active profile set, falling back to default profiles: default
2021-11-15 13:00:07.990 [INFO ] org.springframework.data.repository.config.RepositoryConfigurationDelegate - Multiple Spring Data modules found, entering strict repository configuration mode!
2021-11-15 13:00:07.992 [INFO ] org.springframework.data.repository.config.RepositoryConfigurationDelegate - Bootstrapping Spring Data Redis repositories in DEFAULT mode.
2021-11-15 13:00:08.030 [INFO ] org.springframework.data.repository.config.RepositoryConfigurationDelegate - Finished Spring Data repository scanning in 26 ms. Found 0 Redis repository interfaces.
2021-11-15 13:00:08.326 [INFO ] org.springframework.context.support.PostProcessorRegistrationDelegate$BeanPostProcessorChecker - Bean 'org.springframework.security.config.annotation.configuration.ObjectPostProcessorConfiguration' of type [org.springframework.security.config.annotation.configuration.ObjectPostProcessorConfiguration$$EnhancerBySpringCGLIB$$43fd964b] is not eligible for getting processed by all BeanPostProcessors (for example: not eligible for auto-proxying)
2021-11-15 13:00:08.371 [INFO ] org.springframework.context.support.PostProcessorRegistrationDelegate$BeanPostProcessorChecker - Bean 'objectPostProcessor' of type [org.springframework.security.config.annotation.configuration.AutowireBeanFactoryObjectPostProcessor] is not eligible for getting processed by all BeanPostProcessors (for example: not eligible for auto-proxying)
2021-11-15 13:00:08.373 [INFO ] org.springframework.context.support.PostProcessorRegistrationDelegate$BeanPostProcessorChecker - Bean 'org.springframework.security.access.expression.method.DefaultMethodSecurityExpressionHandler@3a08078c' of type [org.springframework.security.access.expression.method.DefaultMethodSecurityExpressionHandler] is not eligible for getting processed by all BeanPostProcessors (for example: not eligible for auto-proxying)
2021-11-15 13:00:08.374 [INFO ] org.springframework.context.support.PostProcessorRegistrationDelegate$BeanPostProcessorChecker - Bean 'org.springframework.security.config.annotation.method.configuration.GlobalMethodSecurityConfiguration' of type [org.springframework.security.config.annotation.method.configuration.GlobalMethodSecurityConfiguration$$EnhancerBySpringCGLIB$$68d238fd] is not eligible for getting processed by all BeanPostProcessors (for example: not eligible for auto-proxying)
2021-11-15 13:00:08.378 [INFO ] org.springframework.context.support.PostProcessorRegistrationDelegate$BeanPostProcessorChecker - Bean 'methodSecurityMetadataSource' of type [org.springframework.security.access.method.DelegatingMethodSecurityMetadataSource] is not eligible for getting processed by all BeanPostProcessors (for example: not eligible for auto-proxying)
2021-11-15 13:00:09.234 [INFO ] org.springframework.boot.web.embedded.tomcat.TomcatWebServer - Tomcat initialized with port(s): 8881 (http)
2021-11-15 13:00:09.244 [INFO ] org.apache.coyote.http11.Http11NioProtocol - Initializing ProtocolHandler ["http-nio-8881"]
2021-11-15 13:00:09.245 [INFO ] org.apache.catalina.core.StandardService - Starting service [Tomcat]
2021-11-15 13:00:09.245 [INFO ] org.apache.catalina.core.StandardEngine - Starting Servlet engine: [Apache Tomcat/9.0.45]
2021-11-15 13:00:09.366 [INFO ] org.apache.catalina.core.ContainerBase.[Tomcat].[localhost].[/] - Initializing Spring embedded WebApplicationContext
2021-11-15 13:00:09.366 [INFO ] org.springframework.boot.web.servlet.context.ServletWebServerApplicationContext - Root WebApplicationContext: initialization completed in 2120 ms
2021-11-15 13:00:11.078 [INFO ] org.springframework.security.web.DefaultSecurityFilterChain - Creating filter chain: Ant [pattern='/favicon.ico', GET], []
2021-11-15 13:00:11.078 [INFO ] org.springframework.security.web.DefaultSecurityFilterChain - Creating filter chain: Ant [pattern='/**/*.png', GET], []
2021-11-15 13:00:11.078 [INFO ] org.springframework.security.web.DefaultSecurityFilterChain - Creating filter chain: Ant [pattern='/**/*.ttf', GET], []
2021-11-15 13:00:11.078 [INFO ] org.springframework.security.web.DefaultSecurityFilterChain - Creating filter chain: Ant [pattern='/*.html', GET], []
2021-11-15 13:00:11.079 [INFO ] org.springframework.security.web.DefaultSecurityFilterChain - Creating filter chain: Ant [pattern='/**/*.css', GET], []
2021-11-15 13:00:11.079 [INFO ] org.springframework.security.web.DefaultSecurityFilterChain - Creating filter chain: Ant [pattern='/**/*.js', GET], []
2021-11-15 13:00:11.109 [INFO ] org.springframework.security.web.DefaultSecurityFilterChain - Creating filter chain: any request, [org.springframework.security.web.context.request.async.WebAsyncManagerIntegrationFilter@38029686, org.springframework.security.web.context.SecurityContextPersistenceFilter@7fd4e815, org.springframework.security.web.header.HeaderWriterFilter@c4d2c44, org.springframework.web.filter.CorsFilter@7d9c45ee, org.springframework.security.web.authentication.logout.LogoutFilter@662be9f7, com.jawe.conf.jwt.JwtAuthenticationTokenFilter@6198e9b5, org.springframework.security.web.savedrequest.RequestCacheAwareFilter@20cdb152, org.springframework.security.web.servletapi.SecurityContextHolderAwareRequestFilter@457a5b2d, org.springframework.security.web.authentication.AnonymousAuthenticationFilter@31da0434, org.springframework.security.web.session.SessionManagementFilter@2eda2062, org.springframework.security.web.access.ExceptionTranslationFilter@1625789b, org.springframework.security.web.access.intercept.FilterSecurityInterceptor@60dc1a4e]
2021-11-15 13:00:11.124 [INFO ] springfox.documentation.spring.web.PropertySourcedRequestMappingHandlerMapping - Mapped URL path [/v2/api-docs] onto method [springfox.documentation.swagger2.web.Swagger2Controller#getDocumentation(String, HttpServletRequest)]
2021-11-15 13:00:11.553 [INFO ] org.apache.coyote.http11.Http11NioProtocol - Starting ProtocolHandler ["http-nio-8881"]
2021-11-15 13:00:11.566 [INFO ] org.springframework.boot.web.embedded.tomcat.TomcatWebServer - Tomcat started on port(s): 8881 (http) with context path ''
2021-11-15 13:00:11.567 [INFO ] springfox.documentation.spring.web.plugins.DocumentationPluginsBootstrapper - Context refreshed
2021-11-15 13:00:11.578 [INFO ] springfox.documentation.spring.web.plugins.DocumentationPluginsBootstrapper - Found 1 custom documentation plugin(s)
2021-11-15 13:00:11.617 [INFO ] springfox.documentation.spring.web.scanners.ApiListingReferenceScanner - Scanning for api listing references
2021-11-15 13:00:11.707 [INFO ] springfox.documentation.spring.web.readers.operation.CachingOperationNameGenerator - Generating unique operation named: deleteImgFileUsingPOST_1
2021-11-15 13:00:11.708 [INFO ] springfox.documentation.spring.web.readers.operation.CachingOperationNameGenerator - Generating unique operation named: policyUsingGET_1
2021-11-15 13:00:11.709 [INFO ] springfox.documentation.spring.web.readers.operation.CachingOperationNameGenerator - Generating unique operation named: uploadImgFileUsingPOST_1
2021-11-15 13:00:11.731 [INFO ] springfox.documentation.spring.web.readers.operation.CachingOperationNameGenerator - Generating unique operation named: isOnGoodsUsingPUT_1
2021-11-15 13:00:11.741 [INFO ] springfox.documentation.spring.web.readers.operation.CachingOperationNameGenerator - Generating unique operation named: loginUsingPOST_1
2021-11-15 13:00:11.742 [INFO ] springfox.documentation.spring.web.readers.operation.CachingOperationNameGenerator - Generating unique operation named: refreshUsingGET_1
2021-11-15 13:00:11.746 [INFO ] springfox.documentation.spring.web.readers.operation.CachingOperationNameGenerator - Generating unique operation named: getStockUsingGET_1
2021-11-15 13:00:11.756 [INFO ] springfox.documentation.spring.web.readers.operation.CachingOperationNameGenerator - Generating unique operation named: addUserUsingPOST_1
2021-11-15 13:00:11.759 [INFO ] springfox.documentation.spring.web.readers.operation.CachingOperationNameGenerator - Generating unique operation named: findUserListUsingPOST_1
2021-11-15 13:00:11.761 [INFO ] springfox.documentation.spring.web.readers.operation.CachingOperationNameGenerator - Generating unique operation named: updateUserUsingPUT_1
2021-11-15 13:00:11.763 [INFO ] springfox.documentation.spring.web.readers.operation.CachingOperationNameGenerator - Generating unique operation named: addUserUsingPOST_2
2021-11-15 13:00:11.764 [INFO ] springfox.documentation.spring.web.readers.operation.CachingOperationNameGenerator - Generating unique operation named: changeUserEnableUsingPUT_1
2021-11-15 13:00:11.767 [INFO ] springfox.documentation.spring.web.readers.operation.CachingOperationNameGenerator - Generating unique operation named: findUserListUsingPOST_2
2021-11-15 13:00:11.768 [INFO ] springfox.documentation.spring.web.readers.operation.CachingOperationNameGenerator - Generating unique operation named: getUserInfoUsingGET_1
2021-11-15 13:00:11.769 [INFO ] springfox.documentation.spring.web.readers.operation.CachingOperationNameGenerator - Generating unique operation named: updateUserUsingPUT_2
2021-11-15 13:00:11.786 [INFO ] com.jawe.DemoApplication - Started DemoApplication in 5.209 seconds (JVM running for 6.068)
2021-11-15 13:00:12.127 [INFO ] org.apache.catalina.core.ContainerBase.[Tomcat].[localhost].[/] - Initializing Spring DispatcherServlet 'dispatcherServlet'
2021-11-15 13:00:12.386 [INFO ] com.zaxxer.hikari.HikariDataSource - HikariPool-1 - Starting...
2021-11-15 13:00:12.688 [INFO ] com.zaxxer.hikari.HikariDataSource - HikariPool-1 - Start completed.
2021-11-15 14:06:57.976 [INFO ] com.jawe.system.service.impl.GoodsCategoryServiceImpl - false
2021-11-15 14:14:24.673 [INFO ] com.jawe.system.service.impl.GoodsCategoryServiceImpl - true
2021-11-15 14:14:26.841 [INFO ] com.jawe.system.service.impl.GoodsCategoryServiceImpl - true
2021-11-15 14:35:39.037 [INFO ] com.jawe.DemoApplication - Starting DemoApplication using Java 1.8.0_291 on DESKTOP-A0VVV1J with PID 9964 (C:\Users\14618\Desktop\Sync\MyDemo\demo-parent\demo-base-web\target\classes started by 14618 in C:\Users\14618\Desktop\Sync\MyDemo\demo-parent)
2021-11-15 14:35:39.040 [INFO ] com.jawe.DemoApplication - No active profile set, falling back to default profiles: default
2021-11-15 14:35:39.829 [INFO ] org.springframework.data.repository.config.RepositoryConfigurationDelegate - Multiple Spring Data modules found, entering strict repository configuration mode!
2021-11-15 14:35:39.830 [INFO ] org.springframework.data.repository.config.RepositoryConfigurationDelegate - Bootstrapping Spring Data Redis repositories in DEFAULT mode.
2021-11-15 14:35:39.865 [INFO ] org.springframework.data.repository.config.RepositoryConfigurationDelegate - Finished Spring Data repository scanning in 24 ms. Found 0 Redis repository interfaces.
2021-11-15 14:35:40.125 [INFO ] org.springframework.context.support.PostProcessorRegistrationDelegate$BeanPostProcessorChecker - Bean 'org.springframework.security.config.annotation.configuration.ObjectPostProcessorConfiguration' of type [org.springframework.security.config.annotation.configuration.ObjectPostProcessorConfiguration$$EnhancerBySpringCGLIB$$bf1de539] is not eligible for getting processed by all BeanPostProcessors (for example: not eligible for auto-proxying)
2021-11-15 14:35:40.177 [INFO ] org.springframework.context.support.PostProcessorRegistrationDelegate$BeanPostProcessorChecker - Bean 'objectPostProcessor' of type [org.springframework.security.config.annotation.configuration.AutowireBeanFactoryObjectPostProcessor] is not eligible for getting processed by all BeanPostProcessors (for example: not eligible for auto-proxying)
2021-11-15 14:35:40.179 [INFO ] org.springframework.context.support.PostProcessorRegistrationDelegate$BeanPostProcessorChecker - Bean 'org.springframework.security.access.expression.method.DefaultMethodSecurityExpressionHandler@72825400' of type [org.springframework.security.access.expression.method.DefaultMethodSecurityExpressionHandler] is not eligible for getting processed by all BeanPostProcessors (for example: not eligible for auto-proxying)
2021-11-15 14:35:40.181 [INFO ] org.springframework.context.support.PostProcessorRegistrationDelegate$BeanPostProcessorChecker - Bean 'org.springframework.security.config.annotation.method.configuration.GlobalMethodSecurityConfiguration' of type [org.springframework.security.config.annotation.method.configuration.GlobalMethodSecurityConfiguration$$EnhancerBySpringCGLIB$$e3f287eb] is not eligible for getting processed by all BeanPostProcessors (for example: not eligible for auto-proxying)
2021-11-15 14:35:40.185 [INFO ] org.springframework.context.support.PostProcessorRegistrationDelegate$BeanPostProcessorChecker - Bean 'methodSecurityMetadataSource' of type [org.springframework.security.access.method.DelegatingMethodSecurityMetadataSource] is not eligible for getting processed by all BeanPostProcessors (for example: not eligible for auto-proxying)
2021-11-15 14:35:40.412 [INFO ] org.springframework.boot.web.embedded.tomcat.TomcatWebServer - Tomcat initialized with port(s): 8881 (http)
2021-11-15 14:35:40.420 [INFO ] org.apache.coyote.http11.Http11NioProtocol - Initializing ProtocolHandler ["http-nio-8881"]
2021-11-15 14:35:40.421 [INFO ] org.apache.catalina.core.StandardService - Starting service [Tomcat]
2021-11-15 14:35:40.421 [INFO ] org.apache.catalina.core.StandardEngine - Starting Servlet engine: [Apache Tomcat/9.0.45]
2021-11-15 14:35:40.499 [INFO ] org.apache.catalina.core.ContainerBase.[Tomcat].[localhost].[/] - Initializing Spring embedded WebApplicationContext
2021-11-15 14:35:40.499 [INFO ] org.springframework.boot.web.servlet.context.ServletWebServerApplicationContext - Root WebApplicationContext: initialization completed in 1413 ms
2021-11-15 14:35:41.832 [INFO ] org.springframework.security.web.DefaultSecurityFilterChain - Creating filter chain: Ant [pattern='/favicon.ico', GET], []
2021-11-15 14:35:41.832 [INFO ] org.springframework.security.web.DefaultSecurityFilterChain - Creating filter chain: Ant [pattern='/**/*.png', GET], []
2021-11-15 14:35:41.832 [INFO ] org.springframework.security.web.DefaultSecurityFilterChain - Creating filter chain: Ant [pattern='/**/*.ttf', GET], []
2021-11-15 14:35:41.832 [INFO ] org.springframework.security.web.DefaultSecurityFilterChain - Creating filter chain: Ant [pattern='/*.html', GET], []
2021-11-15 14:35:41.832 [INFO ] org.springframework.security.web.DefaultSecurityFilterChain - Creating filter chain: Ant [pattern='/**/*.css', GET], []
2021-11-15 14:35:41.833 [INFO ] org.springframework.security.web.DefaultSecurityFilterChain - Creating filter chain: Ant [pattern='/**/*.js', GET], []
2021-11-15 14:35:41.862 [INFO ] org.springframework.security.web.DefaultSecurityFilterChain - Creating filter chain: any request, [org.springframework.security.web.context.request.async.WebAsyncManagerIntegrationFilter@5bc63e20, org.springframework.security.web.context.SecurityContextPersistenceFilter@372461a9, org.springframework.security.web.header.HeaderWriterFilter@650aa077, org.springframework.web.filter.CorsFilter@61037caf, org.springframework.security.web.authentication.logout.LogoutFilter@67688110, com.jawe.conf.jwt.JwtAuthenticationTokenFilter@75156240, org.springframework.security.web.savedrequest.RequestCacheAwareFilter@48cb2d73, org.springframework.security.web.servletapi.SecurityContextHolderAwareRequestFilter@4962b41e, org.springframework.security.web.authentication.AnonymousAuthenticationFilter@2fc49538, org.springframework.security.web.session.SessionManagementFilter@457a5b2d, org.springframework.security.web.access.ExceptionTranslationFilter@6e1ae763, org.springframework.security.web.access.intercept.FilterSecurityInterceptor@fb5aeed]
2021-11-15 14:35:41.877 [INFO ] springfox.documentation.spring.web.PropertySourcedRequestMappingHandlerMapping - Mapped URL path [/v2/api-docs] onto method [springfox.documentation.swagger2.web.Swagger2Controller#getDocumentation(String, HttpServletRequest)]
2021-11-15 14:35:42.277 [INFO ] org.apache.coyote.http11.Http11NioProtocol - Starting ProtocolHandler ["http-nio-8881"]
2021-11-15 14:35:42.296 [INFO ] org.apache.coyote.http11.Http11NioProtocol - Pausing ProtocolHandler ["http-nio-8881"]
2021-11-15 14:35:42.296 [INFO ] org.apache.catalina.core.StandardService - Stopping service [Tomcat]
2021-11-15 14:35:42.299 [INFO ] org.apache.coyote.http11.Http11NioProtocol - Stopping ProtocolHandler ["http-nio-8881"]
2021-11-15 14:35:42.299 [INFO ] org.apache.coyote.http11.Http11NioProtocol - Destroying ProtocolHandler ["http-nio-8881"]
2021-11-15 14:35:42.304 [INFO ] org.springframework.boot.autoconfigure.logging.ConditionEvaluationReportLoggingListener - 

Error starting ApplicationContext. To display the conditions report re-run your application with 'debug' enabled.
2021-11-15 14:37:31.254 [INFO ] com.jawe.DemoApplication - Starting DemoApplication using Java 1.8.0_291 on DESKTOP-A0VVV1J with PID 22600 (C:\Users\14618\Desktop\Sync\MyDemo\demo-parent\demo-base-web\target\classes started by 14618 in C:\Users\14618\Desktop\Sync\MyDemo\demo-parent)
2021-11-15 14:37:31.257 [INFO ] com.jawe.DemoApplication - No active profile set, falling back to default profiles: default
2021-11-15 14:37:32.082 [INFO ] org.springframework.data.repository.config.RepositoryConfigurationDelegate - Multiple Spring Data modules found, entering strict repository configuration mode!
2021-11-15 14:37:32.084 [INFO ] org.springframework.data.repository.config.RepositoryConfigurationDelegate - Bootstrapping Spring Data Redis repositories in DEFAULT mode.
2021-11-15 14:37:32.123 [INFO ] org.springframework.data.repository.config.RepositoryConfigurationDelegate - Finished Spring Data repository scanning in 26 ms. Found 0 Redis repository interfaces.
2021-11-15 14:37:32.409 [INFO ] org.springframework.context.support.PostProcessorRegistrationDelegate$BeanPostProcessorChecker - Bean 'org.springframework.security.config.annotation.configuration.ObjectPostProcessorConfiguration' of type [org.springframework.security.config.annotation.configuration.ObjectPostProcessorConfiguration$$EnhancerBySpringCGLIB$$b162e620] is not eligible for getting processed by all BeanPostProcessors (for example: not eligible for auto-proxying)
2021-11-15 14:37:32.456 [INFO ] org.springframework.context.support.PostProcessorRegistrationDelegate$BeanPostProcessorChecker - Bean 'objectPostProcessor' of type [org.springframework.security.config.annotation.configuration.AutowireBeanFactoryObjectPostProcessor] is not eligible for getting processed by all BeanPostProcessors (for example: not eligible for auto-proxying)
2021-11-15 14:37:32.458 [INFO ] org.springframework.context.support.PostProcessorRegistrationDelegate$BeanPostProcessorChecker - Bean 'org.springframework.security.access.expression.method.DefaultMethodSecurityExpressionHandler@1174a305' of type [org.springframework.security.access.expression.method.DefaultMethodSecurityExpressionHandler] is not eligible for getting processed by all BeanPostProcessors (for example: not eligible for auto-proxying)
2021-11-15 14:37:32.459 [INFO ] org.springframework.context.support.PostProcessorRegistrationDelegate$BeanPostProcessorChecker - Bean 'org.springframework.security.config.annotation.method.configuration.GlobalMethodSecurityConfiguration' of type [org.springframework.security.config.annotation.method.configuration.GlobalMethodSecurityConfiguration$$EnhancerBySpringCGLIB$$d63788d2] is not eligible for getting processed by all BeanPostProcessors (for example: not eligible for auto-proxying)
2021-11-15 14:37:32.462 [INFO ] org.springframework.context.support.PostProcessorRegistrationDelegate$BeanPostProcessorChecker - Bean 'methodSecurityMetadataSource' of type [org.springframework.security.access.method.DelegatingMethodSecurityMetadataSource] is not eligible for getting processed by all BeanPostProcessors (for example: not eligible for auto-proxying)
2021-11-15 14:37:32.674 [INFO ] org.springframework.boot.web.embedded.tomcat.TomcatWebServer - Tomcat initialized with port(s): 8881 (http)
2021-11-15 14:37:32.682 [INFO ] org.apache.coyote.http11.Http11NioProtocol - Initializing ProtocolHandler ["http-nio-8881"]
2021-11-15 14:37:32.683 [INFO ] org.apache.catalina.core.StandardService - Starting service [Tomcat]
2021-11-15 14:37:32.683 [INFO ] org.apache.catalina.core.StandardEngine - Starting Servlet engine: [Apache Tomcat/9.0.45]
2021-11-15 14:37:32.763 [INFO ] org.apache.catalina.core.ContainerBase.[Tomcat].[localhost].[/] - Initializing Spring embedded WebApplicationContext
2021-11-15 14:37:32.763 [INFO ] org.springframework.boot.web.servlet.context.ServletWebServerApplicationContext - Root WebApplicationContext: initialization completed in 1452 ms
2021-11-15 14:37:34.099 [INFO ] org.springframework.security.web.DefaultSecurityFilterChain - Creating filter chain: Ant [pattern='/favicon.ico', GET], []
2021-11-15 14:37:34.099 [INFO ] org.springframework.security.web.DefaultSecurityFilterChain - Creating filter chain: Ant [pattern='/**/*.png', GET], []
2021-11-15 14:37:34.099 [INFO ] org.springframework.security.web.DefaultSecurityFilterChain - Creating filter chain: Ant [pattern='/**/*.ttf', GET], []
2021-11-15 14:37:34.099 [INFO ] org.springframework.security.web.DefaultSecurityFilterChain - Creating filter chain: Ant [pattern='/*.html', GET], []
2021-11-15 14:37:34.100 [INFO ] org.springframework.security.web.DefaultSecurityFilterChain - Creating filter chain: Ant [pattern='/**/*.css', GET], []
2021-11-15 14:37:34.100 [INFO ] org.springframework.security.web.DefaultSecurityFilterChain - Creating filter chain: Ant [pattern='/**/*.js', GET], []
2021-11-15 14:37:34.131 [INFO ] org.springframework.security.web.DefaultSecurityFilterChain - Creating filter chain: any request, [org.springframework.security.web.context.request.async.WebAsyncManagerIntegrationFilter@2fc49538, org.springframework.security.web.context.SecurityContextPersistenceFilter@48cb2d73, org.springframework.security.web.header.HeaderWriterFilter@457a5b2d, org.springframework.web.filter.CorsFilter@670342a2, org.springframework.security.web.authentication.logout.LogoutFilter@475f5672, com.jawe.conf.jwt.JwtAuthenticationTokenFilter@6d099323, org.springframework.security.web.savedrequest.RequestCacheAwareFilter@3086f480, org.springframework.security.web.servletapi.SecurityContextHolderAwareRequestFilter@6282b9f5, org.springframework.security.web.authentication.AnonymousAuthenticationFilter@d5e575c, org.springframework.security.web.session.SessionManagementFilter@372461a9, org.springframework.security.web.access.ExceptionTranslationFilter@650aa077, org.springframework.security.web.access.intercept.FilterSecurityInterceptor@37af24cb]
2021-11-15 14:37:34.146 [INFO ] springfox.documentation.spring.web.PropertySourcedRequestMappingHandlerMapping - Mapped URL path [/v2/api-docs] onto method [springfox.documentation.swagger2.web.Swagger2Controller#getDocumentation(String, HttpServletRequest)]
2021-11-15 14:37:34.555 [INFO ] org.apache.coyote.http11.Http11NioProtocol - Starting ProtocolHandler ["http-nio-8881"]
2021-11-15 14:37:34.569 [INFO ] org.springframework.boot.web.embedded.tomcat.TomcatWebServer - Tomcat started on port(s): 8881 (http) with context path ''
2021-11-15 14:37:34.570 [INFO ] springfox.documentation.spring.web.plugins.DocumentationPluginsBootstrapper - Context refreshed
2021-11-15 14:37:34.585 [INFO ] springfox.documentation.spring.web.plugins.DocumentationPluginsBootstrapper - Found 1 custom documentation plugin(s)
2021-11-15 14:37:34.634 [INFO ] springfox.documentation.spring.web.scanners.ApiListingReferenceScanner - Scanning for api listing references
2021-11-15 14:37:34.721 [INFO ] springfox.documentation.spring.web.readers.operation.CachingOperationNameGenerator - Generating unique operation named: deleteImgFileUsingPOST_1
2021-11-15 14:37:34.722 [INFO ] springfox.documentation.spring.web.readers.operation.CachingOperationNameGenerator - Generating unique operation named: policyUsingGET_1
2021-11-15 14:37:34.724 [INFO ] springfox.documentation.spring.web.readers.operation.CachingOperationNameGenerator - Generating unique operation named: uploadImgFileUsingPOST_1
2021-11-15 14:37:34.746 [INFO ] springfox.documentation.spring.web.readers.operation.CachingOperationNameGenerator - Generating unique operation named: isOnGoodsUsingPUT_1
2021-11-15 14:37:34.755 [INFO ] springfox.documentation.spring.web.readers.operation.CachingOperationNameGenerator - Generating unique operation named: loginUsingPOST_1
2021-11-15 14:37:34.757 [INFO ] springfox.documentation.spring.web.readers.operation.CachingOperationNameGenerator - Generating unique operation named: refreshUsingGET_1
2021-11-15 14:37:34.761 [INFO ] springfox.documentation.spring.web.readers.operation.CachingOperationNameGenerator - Generating unique operation named: getStockUsingGET_1
2021-11-15 14:37:34.770 [INFO ] springfox.documentation.spring.web.readers.operation.CachingOperationNameGenerator - Generating unique operation named: addUserUsingPOST_1
2021-11-15 14:37:34.775 [INFO ] springfox.documentation.spring.web.readers.operation.CachingOperationNameGenerator - Generating unique operation named: findUserListUsingPOST_1
2021-11-15 14:37:34.776 [INFO ] springfox.documentation.spring.web.readers.operation.CachingOperationNameGenerator - Generating unique operation named: updateUserUsingPUT_1
2021-11-15 14:37:34.778 [INFO ] springfox.documentation.spring.web.readers.operation.CachingOperationNameGenerator - Generating unique operation named: addUserUsingPOST_2
2021-11-15 14:37:34.779 [INFO ] springfox.documentation.spring.web.readers.operation.CachingOperationNameGenerator - Generating unique operation named: changeUserEnableUsingPUT_1
2021-11-15 14:37:34.781 [INFO ] springfox.documentation.spring.web.readers.operation.CachingOperationNameGenerator - Generating unique operation named: findUserListUsingPOST_2
2021-11-15 14:37:34.782 [INFO ] springfox.documentation.spring.web.readers.operation.CachingOperationNameGenerator - Generating unique operation named: getUserInfoUsingGET_1
2021-11-15 14:37:34.783 [INFO ] springfox.documentation.spring.web.readers.operation.CachingOperationNameGenerator - Generating unique operation named: updateUserUsingPUT_2
2021-11-15 14:37:34.799 [INFO ] com.jawe.DemoApplication - Started DemoApplication in 4.104 seconds (JVM running for 5.077)
2021-11-15 14:37:48.535 [INFO ] org.apache.catalina.core.ContainerBase.[Tomcat].[localhost].[/] - Initializing Spring DispatcherServlet 'dispatcherServlet'
2021-11-15 14:39:06.410 [INFO ] com.jawe.DemoApplication - Starting DemoApplication using Java 1.8.0_291 on DESKTOP-A0VVV1J with PID 22972 (C:\Users\14618\Desktop\Sync\MyDemo\demo-parent\demo-base-web\target\classes started by 14618 in C:\Users\14618\Desktop\Sync\MyDemo\demo-parent)
2021-11-15 14:39:06.414 [INFO ] com.jawe.DemoApplication - No active profile set, falling back to default profiles: default
2021-11-15 14:39:07.178 [INFO ] org.springframework.data.repository.config.RepositoryConfigurationDelegate - Multiple Spring Data modules found, entering strict repository configuration mode!
2021-11-15 14:39:07.180 [INFO ] org.springframework.data.repository.config.RepositoryConfigurationDelegate - Bootstrapping Spring Data Redis repositories in DEFAULT mode.
2021-11-15 14:39:07.220 [INFO ] org.springframework.data.repository.config.RepositoryConfigurationDelegate - Finished Spring Data repository scanning in 28 ms. Found 0 Redis repository interfaces.
2021-11-15 14:39:07.468 [INFO ] org.springframework.context.support.PostProcessorRegistrationDelegate$BeanPostProcessorChecker - Bean 'org.springframework.security.config.annotation.configuration.ObjectPostProcessorConfiguration' of type [org.springframework.security.config.annotation.configuration.ObjectPostProcessorConfiguration$$EnhancerBySpringCGLIB$$b162e620] is not eligible for getting processed by all BeanPostProcessors (for example: not eligible for auto-proxying)
2021-11-15 14:39:07.511 [INFO ] org.springframework.context.support.PostProcessorRegistrationDelegate$BeanPostProcessorChecker - Bean 'objectPostProcessor' of type [org.springframework.security.config.annotation.configuration.AutowireBeanFactoryObjectPostProcessor] is not eligible for getting processed by all BeanPostProcessors (for example: not eligible for auto-proxying)
2021-11-15 14:39:07.513 [INFO ] org.springframework.context.support.PostProcessorRegistrationDelegate$BeanPostProcessorChecker - Bean 'org.springframework.security.access.expression.method.DefaultMethodSecurityExpressionHandler@1174a305' of type [org.springframework.security.access.expression.method.DefaultMethodSecurityExpressionHandler] is not eligible for getting processed by all BeanPostProcessors (for example: not eligible for auto-proxying)
2021-11-15 14:39:07.514 [INFO ] org.springframework.context.support.PostProcessorRegistrationDelegate$BeanPostProcessorChecker - Bean 'org.springframework.security.config.annotation.method.configuration.GlobalMethodSecurityConfiguration' of type [org.springframework.security.config.annotation.method.configuration.GlobalMethodSecurityConfiguration$$EnhancerBySpringCGLIB$$d63788d2] is not eligible for getting processed by all BeanPostProcessors (for example: not eligible for auto-proxying)
2021-11-15 14:39:07.517 [INFO ] org.springframework.context.support.PostProcessorRegistrationDelegate$BeanPostProcessorChecker - Bean 'methodSecurityMetadataSource' of type [org.springframework.security.access.method.DelegatingMethodSecurityMetadataSource] is not eligible for getting processed by all BeanPostProcessors (for example: not eligible for auto-proxying)
2021-11-15 14:39:07.710 [INFO ] org.springframework.boot.web.embedded.tomcat.TomcatWebServer - Tomcat initialized with port(s): 8881 (http)
2021-11-15 14:39:07.718 [INFO ] org.apache.coyote.http11.Http11NioProtocol - Initializing ProtocolHandler ["http-nio-8881"]
2021-11-15 14:39:07.718 [INFO ] org.apache.catalina.core.StandardService - Starting service [Tomcat]
2021-11-15 14:39:07.718 [INFO ] org.apache.catalina.core.StandardEngine - Starting Servlet engine: [Apache Tomcat/9.0.45]
2021-11-15 14:39:07.792 [INFO ] org.apache.catalina.core.ContainerBase.[Tomcat].[localhost].[/] - Initializing Spring embedded WebApplicationContext
2021-11-15 14:39:07.792 [INFO ] org.springframework.boot.web.servlet.context.ServletWebServerApplicationContext - Root WebApplicationContext: initialization completed in 1335 ms
2021-11-15 14:39:09.061 [INFO ] org.springframework.security.web.DefaultSecurityFilterChain - Creating filter chain: Ant [pattern='/favicon.ico', GET], []
2021-11-15 14:39:09.061 [INFO ] org.springframework.security.web.DefaultSecurityFilterChain - Creating filter chain: Ant [pattern='/**/*.png', GET], []
2021-11-15 14:39:09.062 [INFO ] org.springframework.security.web.DefaultSecurityFilterChain - Creating filter chain: Ant [pattern='/**/*.ttf', GET], []
2021-11-15 14:39:09.062 [INFO ] org.springframework.security.web.DefaultSecurityFilterChain - Creating filter chain: Ant [pattern='/*.html', GET], []
2021-11-15 14:39:09.062 [INFO ] org.springframework.security.web.DefaultSecurityFilterChain - Creating filter chain: Ant [pattern='/**/*.css', GET], []
2021-11-15 14:39:09.062 [INFO ] org.springframework.security.web.DefaultSecurityFilterChain - Creating filter chain: Ant [pattern='/**/*.js', GET], []
2021-11-15 14:39:09.094 [INFO ] org.springframework.security.web.DefaultSecurityFilterChain - Creating filter chain: any request, [org.springframework.security.web.context.request.async.WebAsyncManagerIntegrationFilter@2fc49538, org.springframework.security.web.context.SecurityContextPersistenceFilter@48cb2d73, org.springframework.security.web.header.HeaderWriterFilter@457a5b2d, org.springframework.web.filter.CorsFilter@670342a2, org.springframework.security.web.authentication.logout.LogoutFilter@475f5672, com.jawe.conf.jwt.JwtAuthenticationTokenFilter@6d099323, org.springframework.security.web.savedrequest.RequestCacheAwareFilter@3086f480, org.springframework.security.web.servletapi.SecurityContextHolderAwareRequestFilter@6282b9f5, org.springframework.security.web.authentication.AnonymousAuthenticationFilter@d5e575c, org.springframework.security.web.session.SessionManagementFilter@372461a9, org.springframework.security.web.access.ExceptionTranslationFilter@650aa077, org.springframework.security.web.access.intercept.FilterSecurityInterceptor@37af24cb]
2021-11-15 14:39:09.109 [INFO ] springfox.documentation.spring.web.PropertySourcedRequestMappingHandlerMapping - Mapped URL path [/v2/api-docs] onto method [springfox.documentation.swagger2.web.Swagger2Controller#getDocumentation(String, HttpServletRequest)]
2021-11-15 14:39:09.503 [INFO ] org.apache.coyote.http11.Http11NioProtocol - Starting ProtocolHandler ["http-nio-8881"]
2021-11-15 14:39:09.516 [INFO ] org.springframework.boot.web.embedded.tomcat.TomcatWebServer - Tomcat started on port(s): 8881 (http) with context path ''
2021-11-15 14:39:09.517 [INFO ] springfox.documentation.spring.web.plugins.DocumentationPluginsBootstrapper - Context refreshed
2021-11-15 14:39:09.526 [INFO ] springfox.documentation.spring.web.plugins.DocumentationPluginsBootstrapper - Found 1 custom documentation plugin(s)
2021-11-15 14:39:09.557 [INFO ] springfox.documentation.spring.web.scanners.ApiListingReferenceScanner - Scanning for api listing references
2021-11-15 14:39:09.639 [INFO ] springfox.documentation.spring.web.readers.operation.CachingOperationNameGenerator - Generating unique operation named: deleteImgFileUsingPOST_1
2021-11-15 14:39:09.640 [INFO ] springfox.documentation.spring.web.readers.operation.CachingOperationNameGenerator - Generating unique operation named: policyUsingGET_1
2021-11-15 14:39:09.641 [INFO ] springfox.documentation.spring.web.readers.operation.CachingOperationNameGenerator - Generating unique operation named: uploadImgFileUsingPOST_1
2021-11-15 14:39:09.661 [INFO ] springfox.documentation.spring.web.readers.operation.CachingOperationNameGenerator - Generating unique operation named: isOnGoodsUsingPUT_1
2021-11-15 14:39:09.673 [INFO ] springfox.documentation.spring.web.readers.operation.CachingOperationNameGenerator - Generating unique operation named: loginUsingPOST_1
2021-11-15 14:39:09.674 [INFO ] springfox.documentation.spring.web.readers.operation.CachingOperationNameGenerator - Generating unique operation named: refreshUsingGET_1
2021-11-15 14:39:09.677 [INFO ] springfox.documentation.spring.web.readers.operation.CachingOperationNameGenerator - Generating unique operation named: getStockUsingGET_1
2021-11-15 14:39:09.687 [INFO ] springfox.documentation.spring.web.readers.operation.CachingOperationNameGenerator - Generating unique operation named: addUserUsingPOST_1
2021-11-15 14:39:09.691 [INFO ] springfox.documentation.spring.web.readers.operation.CachingOperationNameGenerator - Generating unique operation named: findUserListUsingPOST_1
2021-11-15 14:39:09.692 [INFO ] springfox.documentation.spring.web.readers.operation.CachingOperationNameGenerator - Generating unique operation named: updateUserUsingPUT_1
2021-11-15 14:39:09.693 [INFO ] springfox.documentation.spring.web.readers.operation.CachingOperationNameGenerator - Generating unique operation named: addUserUsingPOST_2
2021-11-15 14:39:09.694 [INFO ] springfox.documentation.spring.web.readers.operation.CachingOperationNameGenerator - Generating unique operation named: changeUserEnableUsingPUT_1
2021-11-15 14:39:09.696 [INFO ] springfox.documentation.spring.web.readers.operation.CachingOperationNameGenerator - Generating unique operation named: findUserListUsingPOST_2
2021-11-15 14:39:09.697 [INFO ] springfox.documentation.spring.web.readers.operation.CachingOperationNameGenerator - Generating unique operation named: getUserInfoUsingGET_1
2021-11-15 14:39:09.698 [INFO ] springfox.documentation.spring.web.readers.operation.CachingOperationNameGenerator - Generating unique operation named: updateUserUsingPUT_2
2021-11-15 14:39:09.714 [INFO ] com.jawe.DemoApplication - Started DemoApplication in 3.814 seconds (JVM running for 4.564)
2021-11-15 14:39:13.617 [INFO ] org.apache.catalina.core.ContainerBase.[Tomcat].[localhost].[/] - Initializing Spring DispatcherServlet 'dispatcherServlet'
2021-11-15 14:39:23.583 [INFO ] com.zaxxer.hikari.HikariDataSource - HikariPool-1 - Starting...
2021-11-15 14:39:23.979 [INFO ] com.zaxxer.hikari.HikariDataSource - HikariPool-1 - Start completed.
2021-11-15 14:40:18.347 [INFO ] com.jawe.DemoApplication - Starting DemoApplication using Java 1.8.0_291 on DESKTOP-A0VVV1J with PID 5904 (C:\Users\14618\Desktop\Sync\MyDemo\demo-parent\demo-base-web\target\classes started by 14618 in C:\Users\14618\Desktop\Sync\MyDemo\demo-parent)
2021-11-15 14:40:18.352 [INFO ] com.jawe.DemoApplication - No active profile set, falling back to default profiles: default
2021-11-15 14:40:19.318 [INFO ] org.springframework.data.repository.config.RepositoryConfigurationDelegate - Multiple Spring Data modules found, entering strict repository configuration mode!
2021-11-15 14:40:19.321 [INFO ] org.springframework.data.repository.config.RepositoryConfigurationDelegate - Bootstrapping Spring Data Redis repositories in DEFAULT mode.
2021-11-15 14:40:19.375 [INFO ] org.springframework.data.repository.config.RepositoryConfigurationDelegate - Finished Spring Data repository scanning in 26 ms. Found 0 Redis repository interfaces.
2021-11-15 14:40:19.614 [INFO ] org.springframework.context.support.PostProcessorRegistrationDelegate$BeanPostProcessorChecker - Bean 'org.springframework.security.config.annotation.configuration.ObjectPostProcessorConfiguration' of type [org.springframework.security.config.annotation.configuration.ObjectPostProcessorConfiguration$$EnhancerBySpringCGLIB$$763e207f] is not eligible for getting processed by all BeanPostProcessors (for example: not eligible for auto-proxying)
2021-11-15 14:40:19.657 [INFO ] org.springframework.context.support.PostProcessorRegistrationDelegate$BeanPostProcessorChecker - Bean 'objectPostProcessor' of type [org.springframework.security.config.annotation.configuration.AutowireBeanFactoryObjectPostProcessor] is not eligible for getting processed by all BeanPostProcessors (for example: not eligible for auto-proxying)
2021-11-15 14:40:19.659 [INFO ] org.springframework.context.support.PostProcessorRegistrationDelegate$BeanPostProcessorChecker - Bean 'org.springframework.security.access.expression.method.DefaultMethodSecurityExpressionHandler@4cfa8227' of type [org.springframework.security.access.expression.method.DefaultMethodSecurityExpressionHandler] is not eligible for getting processed by all BeanPostProcessors (for example: not eligible for auto-proxying)
2021-11-15 14:40:19.660 [INFO ] org.springframework.context.support.PostProcessorRegistrationDelegate$BeanPostProcessorChecker - Bean 'org.springframework.security.config.annotation.method.configuration.GlobalMethodSecurityConfiguration' of type [org.springframework.security.config.annotation.method.configuration.GlobalMethodSecurityConfiguration$$EnhancerBySpringCGLIB$$9b12c331] is not eligible for getting processed by all BeanPostProcessors (for example: not eligible for auto-proxying)
2021-11-15 14:40:19.663 [INFO ] org.springframework.context.support.PostProcessorRegistrationDelegate$BeanPostProcessorChecker - Bean 'methodSecurityMetadataSource' of type [org.springframework.security.access.method.DelegatingMethodSecurityMetadataSource] is not eligible for getting processed by all BeanPostProcessors (for example: not eligible for auto-proxying)
2021-11-15 14:40:19.858 [INFO ] org.springframework.boot.web.embedded.tomcat.TomcatWebServer - Tomcat initialized with port(s): 8881 (http)
2021-11-15 14:40:19.866 [INFO ] org.apache.coyote.http11.Http11NioProtocol - Initializing ProtocolHandler ["http-nio-8881"]
2021-11-15 14:40:19.866 [INFO ] org.apache.catalina.core.StandardService - Starting service [Tomcat]
2021-11-15 14:40:19.866 [INFO ] org.apache.catalina.core.StandardEngine - Starting Servlet engine: [Apache Tomcat/9.0.45]
2021-11-15 14:40:19.938 [INFO ] org.apache.catalina.core.ContainerBase.[Tomcat].[localhost].[/] - Initializing Spring embedded WebApplicationContext
2021-11-15 14:40:19.939 [INFO ] org.springframework.boot.web.servlet.context.ServletWebServerApplicationContext - Root WebApplicationContext: initialization completed in 1508 ms
2021-11-15 14:40:21.242 [INFO ] org.springframework.security.web.DefaultSecurityFilterChain - Creating filter chain: Ant [pattern='/favicon.ico', GET], []
2021-11-15 14:40:21.243 [INFO ] org.springframework.security.web.DefaultSecurityFilterChain - Creating filter chain: Ant [pattern='/**/*.png', GET], []
2021-11-15 14:40:21.243 [INFO ] org.springframework.security.web.DefaultSecurityFilterChain - Creating filter chain: Ant [pattern='/**/*.ttf', GET], []
2021-11-15 14:40:21.243 [INFO ] org.springframework.security.web.DefaultSecurityFilterChain - Creating filter chain: Ant [pattern='/*.html', GET], []
2021-11-15 14:40:21.243 [INFO ] org.springframework.security.web.DefaultSecurityFilterChain - Creating filter chain: Ant [pattern='/**/*.css', GET], []
2021-11-15 14:40:21.243 [INFO ] org.springframework.security.web.DefaultSecurityFilterChain - Creating filter chain: Ant [pattern='/**/*.js', GET], []
2021-11-15 14:40:21.273 [INFO ] org.springframework.security.web.DefaultSecurityFilterChain - Creating filter chain: any request, [org.springframework.security.web.context.request.async.WebAsyncManagerIntegrationFilter@67e0fd6d, org.springframework.security.web.context.SecurityContextPersistenceFilter@58278366, org.springframework.security.web.header.HeaderWriterFilter@6282b9f5, org.springframework.web.filter.CorsFilter@21390938, org.springframework.security.web.authentication.logout.LogoutFilter@21a46ff1, com.jawe.conf.jwt.JwtAuthenticationTokenFilter@34c70b5e, org.springframework.security.web.savedrequest.RequestCacheAwareFilter@707865bd, org.springframework.security.web.servletapi.SecurityContextHolderAwareRequestFilter@66e827a8, org.springframework.security.web.authentication.AnonymousAuthenticationFilter@1129829c, org.springframework.security.web.session.SessionManagementFilter@7c11d32, org.springframework.security.web.access.ExceptionTranslationFilter@4962b41e, org.springframework.security.web.access.intercept.FilterSecurityInterceptor@486e9d1d]
2021-11-15 14:40:21.288 [INFO ] springfox.documentation.spring.web.PropertySourcedRequestMappingHandlerMapping - Mapped URL path [/v2/api-docs] onto method [springfox.documentation.swagger2.web.Swagger2Controller#getDocumentation(String, HttpServletRequest)]
2021-11-15 14:40:21.679 [INFO ] org.apache.coyote.http11.Http11NioProtocol - Starting ProtocolHandler ["http-nio-8881"]
2021-11-15 14:40:21.695 [INFO ] org.springframework.boot.web.embedded.tomcat.TomcatWebServer - Tomcat started on port(s): 8881 (http) with context path ''
2021-11-15 14:40:21.696 [INFO ] springfox.documentation.spring.web.plugins.DocumentationPluginsBootstrapper - Context refreshed
2021-11-15 14:40:21.705 [INFO ] springfox.documentation.spring.web.plugins.DocumentationPluginsBootstrapper - Found 1 custom documentation plugin(s)
2021-11-15 14:40:21.738 [INFO ] springfox.documentation.spring.web.scanners.ApiListingReferenceScanner - Scanning for api listing references
2021-11-15 14:40:21.821 [INFO ] springfox.documentation.spring.web.readers.operation.CachingOperationNameGenerator - Generating unique operation named: deleteImgFileUsingPOST_1
2021-11-15 14:40:21.822 [INFO ] springfox.documentation.spring.web.readers.operation.CachingOperationNameGenerator - Generating unique operation named: policyUsingGET_1
2021-11-15 14:40:21.823 [INFO ] springfox.documentation.spring.web.readers.operation.CachingOperationNameGenerator - Generating unique operation named: uploadImgFileUsingPOST_1
2021-11-15 14:40:21.845 [INFO ] springfox.documentation.spring.web.readers.operation.CachingOperationNameGenerator - Generating unique operation named: isOnGoodsUsingPUT_1
2021-11-15 14:40:21.857 [INFO ] springfox.documentation.spring.web.readers.operation.CachingOperationNameGenerator - Generating unique operation named: loginUsingPOST_1
2021-11-15 14:40:21.858 [INFO ] springfox.documentation.spring.web.readers.operation.CachingOperationNameGenerator - Generating unique operation named: refreshUsingGET_1
2021-11-15 14:40:21.861 [INFO ] springfox.documentation.spring.web.readers.operation.CachingOperationNameGenerator - Generating unique operation named: getStockUsingGET_1
2021-11-15 14:40:21.871 [INFO ] springfox.documentation.spring.web.readers.operation.CachingOperationNameGenerator - Generating unique operation named: addUserUsingPOST_1
2021-11-15 14:40:21.875 [INFO ] springfox.documentation.spring.web.readers.operation.CachingOperationNameGenerator - Generating unique operation named: findUserListUsingPOST_1
2021-11-15 14:40:21.877 [INFO ] springfox.documentation.spring.web.readers.operation.CachingOperationNameGenerator - Generating unique operation named: updateUserUsingPUT_1
2021-11-15 14:40:21.878 [INFO ] springfox.documentation.spring.web.readers.operation.CachingOperationNameGenerator - Generating unique operation named: addUserUsingPOST_2
2021-11-15 14:40:21.879 [INFO ] springfox.documentation.spring.web.readers.operation.CachingOperationNameGenerator - Generating unique operation named: changeUserEnableUsingPUT_1
2021-11-15 14:40:21.881 [INFO ] springfox.documentation.spring.web.readers.operation.CachingOperationNameGenerator - Generating unique operation named: findUserListUsingPOST_2
2021-11-15 14:40:21.881 [INFO ] springfox.documentation.spring.web.readers.operation.CachingOperationNameGenerator - Generating unique operation named: getUserInfoUsingGET_1
2021-11-15 14:40:21.882 [INFO ] springfox.documentation.spring.web.readers.operation.CachingOperationNameGenerator - Generating unique operation named: updateUserUsingPUT_2
2021-11-15 14:40:21.901 [INFO ] com.jawe.DemoApplication - Started DemoApplication in 4.3 seconds (JVM running for 5.075)
2021-11-15 14:40:29.832 [INFO ] org.apache.catalina.core.ContainerBase.[Tomcat].[localhost].[/] - Initializing Spring DispatcherServlet 'dispatcherServlet'
2021-11-15 14:40:38.568 [INFO ] com.zaxxer.hikari.HikariDataSource - HikariPool-1 - Starting...
2021-11-15 14:40:38.960 [INFO ] com.zaxxer.hikari.HikariDataSource - HikariPool-1 - Start completed.
2021-11-15 14:41:00.829 [INFO ] com.jawe.DemoApplication - Starting DemoApplication using Java 1.8.0_291 on DESKTOP-A0VVV1J with PID 4908 (C:\Users\14618\Desktop\Sync\MyDemo\demo-parent\demo-base-web\target\classes started by 14618 in C:\Users\14618\Desktop\Sync\MyDemo\demo-parent)
2021-11-15 14:41:00.832 [INFO ] com.jawe.DemoApplication - No active profile set, falling back to default profiles: default
2021-11-15 14:41:01.589 [INFO ] org.springframework.data.repository.config.RepositoryConfigurationDelegate - Multiple Spring Data modules found, entering strict repository configuration mode!
2021-11-15 14:41:01.591 [INFO ] org.springframework.data.repository.config.RepositoryConfigurationDelegate - Bootstrapping Spring Data Redis repositories in DEFAULT mode.
2021-11-15 14:41:01.624 [INFO ] org.springframework.data.repository.config.RepositoryConfigurationDelegate - Finished Spring Data repository scanning in 23 ms. Found 0 Redis repository interfaces.
2021-11-15 14:41:01.876 [INFO ] org.springframework.context.support.PostProcessorRegistrationDelegate$BeanPostProcessorChecker - Bean 'org.springframework.security.config.annotation.configuration.ObjectPostProcessorConfiguration' of type [org.springframework.security.config.annotation.configuration.ObjectPostProcessorConfiguration$$EnhancerBySpringCGLIB$$d122a9d8] is not eligible for getting processed by all BeanPostProcessors (for example: not eligible for auto-proxying)
2021-11-15 14:41:01.925 [INFO ] org.springframework.context.support.PostProcessorRegistrationDelegate$BeanPostProcessorChecker - Bean 'objectPostProcessor' of type [org.springframework.security.config.annotation.configuration.AutowireBeanFactoryObjectPostProcessor] is not eligible for getting processed by all BeanPostProcessors (for example: not eligible for auto-proxying)
2021-11-15 14:41:01.927 [INFO ] org.springframework.context.support.PostProcessorRegistrationDelegate$BeanPostProcessorChecker - Bean 'org.springframework.security.access.expression.method.DefaultMethodSecurityExpressionHandler@18460128' of type [org.springframework.security.access.expression.method.DefaultMethodSecurityExpressionHandler] is not eligible for getting processed by all BeanPostProcessors (for example: not eligible for auto-proxying)
2021-11-15 14:41:01.928 [INFO ] org.springframework.context.support.PostProcessorRegistrationDelegate$BeanPostProcessorChecker - Bean 'org.springframework.security.config.annotation.method.configuration.GlobalMethodSecurityConfiguration' of type [org.springframework.security.config.annotation.method.configuration.GlobalMethodSecurityConfiguration$$EnhancerBySpringCGLIB$$f5f74c8a] is not eligible for getting processed by all BeanPostProcessors (for example: not eligible for auto-proxying)
2021-11-15 14:41:01.932 [INFO ] org.springframework.context.support.PostProcessorRegistrationDelegate$BeanPostProcessorChecker - Bean 'methodSecurityMetadataSource' of type [org.springframework.security.access.method.DelegatingMethodSecurityMetadataSource] is not eligible for getting processed by all BeanPostProcessors (for example: not eligible for auto-proxying)
2021-11-15 14:41:02.138 [INFO ] org.springframework.boot.web.embedded.tomcat.TomcatWebServer - Tomcat initialized with port(s): 8881 (http)
2021-11-15 14:41:02.145 [INFO ] org.apache.coyote.http11.Http11NioProtocol - Initializing ProtocolHandler ["http-nio-8881"]
2021-11-15 14:41:02.145 [INFO ] org.apache.catalina.core.StandardService - Starting service [Tomcat]
2021-11-15 14:41:02.145 [INFO ] org.apache.catalina.core.StandardEngine - Starting Servlet engine: [Apache Tomcat/9.0.45]
2021-11-15 14:41:02.227 [INFO ] org.apache.catalina.core.ContainerBase.[Tomcat].[localhost].[/] - Initializing Spring embedded WebApplicationContext
2021-11-15 14:41:02.227 [INFO ] org.springframework.boot.web.servlet.context.ServletWebServerApplicationContext - Root WebApplicationContext: initialization completed in 1354 ms
2021-11-15 14:41:03.970 [INFO ] org.springframework.security.web.DefaultSecurityFilterChain - Creating filter chain: Ant [pattern='/favicon.ico', GET], []
2021-11-15 14:41:03.970 [INFO ] org.springframework.security.web.DefaultSecurityFilterChain - Creating filter chain: Ant [pattern='/**/*.png', GET], []
2021-11-15 14:41:03.971 [INFO ] org.springframework.security.web.DefaultSecurityFilterChain - Creating filter chain: Ant [pattern='/**/*.ttf', GET], []
2021-11-15 14:41:03.971 [INFO ] org.springframework.security.web.DefaultSecurityFilterChain - Creating filter chain: Ant [pattern='/*.html', GET], []
2021-11-15 14:41:03.971 [INFO ] org.springframework.security.web.DefaultSecurityFilterChain - Creating filter chain: Ant [pattern='/**/*.css', GET], []
2021-11-15 14:41:03.971 [INFO ] org.springframework.security.web.DefaultSecurityFilterChain - Creating filter chain: Ant [pattern='/**/*.js', GET], []
2021-11-15 14:41:04.001 [INFO ] org.springframework.security.web.DefaultSecurityFilterChain - Creating filter chain: any request, [org.springframework.security.web.context.request.async.WebAsyncManagerIntegrationFilter@646427f7, org.springframework.security.web.context.SecurityContextPersistenceFilter@13866329, org.springframework.security.web.header.HeaderWriterFilter@24876a7e, org.springframework.web.filter.CorsFilter@31efacad, org.springframework.security.web.authentication.logout.LogoutFilter@781aff8b, com.jawe.conf.jwt.JwtAuthenticationTokenFilter@67774e29, org.springframework.security.web.savedrequest.RequestCacheAwareFilter@1a9ec80e, org.springframework.security.web.servletapi.SecurityContextHolderAwareRequestFilter@62d40e31, org.springframework.security.web.authentication.AnonymousAuthenticationFilter@380ce5a3, org.springframework.security.web.session.SessionManagementFilter@5a1dddba, org.springframework.security.web.access.ExceptionTranslationFilter@76973a6, org.springframework.security.web.access.intercept.FilterSecurityInterceptor@2f95653f]
2021-11-15 14:41:04.016 [INFO ] springfox.documentation.spring.web.PropertySourcedRequestMappingHandlerMapping - Mapped URL path [/v2/api-docs] onto method [springfox.documentation.swagger2.web.Swagger2Controller#getDocumentation(String, HttpServletRequest)]
2021-11-15 14:41:04.436 [INFO ] org.apache.coyote.http11.Http11NioProtocol - Starting ProtocolHandler ["http-nio-8881"]
2021-11-15 14:41:04.451 [INFO ] org.springframework.boot.web.embedded.tomcat.TomcatWebServer - Tomcat started on port(s): 8881 (http) with context path ''
2021-11-15 14:41:04.452 [INFO ] springfox.documentation.spring.web.plugins.DocumentationPluginsBootstrapper - Context refreshed
2021-11-15 14:41:04.462 [INFO ] springfox.documentation.spring.web.plugins.DocumentationPluginsBootstrapper - Found 1 custom documentation plugin(s)
2021-11-15 14:41:04.503 [INFO ] springfox.documentation.spring.web.scanners.ApiListingReferenceScanner - Scanning for api listing references
2021-11-15 14:41:04.597 [INFO ] springfox.documentation.spring.web.readers.operation.CachingOperationNameGenerator - Generating unique operation named: deleteImgFileUsingPOST_1
2021-11-15 14:41:04.599 [INFO ] springfox.documentation.spring.web.readers.operation.CachingOperationNameGenerator - Generating unique operation named: policyUsingGET_1
2021-11-15 14:41:04.600 [INFO ] springfox.documentation.spring.web.readers.operation.CachingOperationNameGenerator - Generating unique operation named: uploadImgFileUsingPOST_1
2021-11-15 14:41:04.623 [INFO ] springfox.documentation.spring.web.readers.operation.CachingOperationNameGenerator - Generating unique operation named: isOnGoodsUsingPUT_1
2021-11-15 14:41:04.635 [INFO ] springfox.documentation.spring.web.readers.operation.CachingOperationNameGenerator - Generating unique operation named: loginUsingPOST_1
2021-11-15 14:41:04.636 [INFO ] springfox.documentation.spring.web.readers.operation.CachingOperationNameGenerator - Generating unique operation named: refreshUsingGET_1
2021-11-15 14:41:04.639 [INFO ] springfox.documentation.spring.web.readers.operation.CachingOperationNameGenerator - Generating unique operation named: getStockUsingGET_1
2021-11-15 14:41:04.650 [INFO ] springfox.documentation.spring.web.readers.operation.CachingOperationNameGenerator - Generating unique operation named: addUserUsingPOST_1
2021-11-15 14:41:04.654 [INFO ] springfox.documentation.spring.web.readers.operation.CachingOperationNameGenerator - Generating unique operation named: findUserListUsingPOST_1
2021-11-15 14:41:04.656 [INFO ] springfox.documentation.spring.web.readers.operation.CachingOperationNameGenerator - Generating unique operation named: updateUserUsingPUT_1
2021-11-15 14:41:04.657 [INFO ] springfox.documentation.spring.web.readers.operation.CachingOperationNameGenerator - Generating unique operation named: addUserUsingPOST_2
2021-11-15 14:41:04.658 [INFO ] springfox.documentation.spring.web.readers.operation.CachingOperationNameGenerator - Generating unique operation named: changeUserEnableUsingPUT_1
2021-11-15 14:41:04.660 [INFO ] springfox.documentation.spring.web.readers.operation.CachingOperationNameGenerator - Generating unique operation named: findUserListUsingPOST_2
2021-11-15 14:41:04.661 [INFO ] springfox.documentation.spring.web.readers.operation.CachingOperationNameGenerator - Generating unique operation named: getUserInfoUsingGET_1
2021-11-15 14:41:04.662 [INFO ] springfox.documentation.spring.web.readers.operation.CachingOperationNameGenerator - Generating unique operation named: updateUserUsingPUT_2
2021-11-15 14:41:04.679 [INFO ] com.jawe.DemoApplication - Started DemoApplication in 4.362 seconds (JVM running for 5.146)
2021-11-15 14:41:07.091 [INFO ] org.apache.catalina.core.ContainerBase.[Tomcat].[localhost].[/] - Initializing Spring DispatcherServlet 'dispatcherServlet'
2021-11-15 14:41:07.146 [INFO ] com.zaxxer.hikari.HikariDataSource - HikariPool-1 - Starting...
2021-11-15 14:41:07.562 [INFO ] com.zaxxer.hikari.HikariDataSource - HikariPool-1 - Start completed.
2021-11-15 14:41:21.663 [INFO ] com.jawe.DemoApplication - Starting DemoApplication using Java 1.8.0_291 on DESKTOP-A0VVV1J with PID 23816 (C:\Users\14618\Desktop\Sync\MyDemo\demo-parent\demo-base-web\target\classes started by 14618 in C:\Users\14618\Desktop\Sync\MyDemo\demo-parent)
2021-11-15 14:41:21.667 [INFO ] com.jawe.DemoApplication - No active profile set, falling back to default profiles: default
2021-11-15 14:41:22.402 [INFO ] org.springframework.data.repository.config.RepositoryConfigurationDelegate - Multiple Spring Data modules found, entering strict repository configuration mode!
2021-11-15 14:41:22.404 [INFO ] org.springframework.data.repository.config.RepositoryConfigurationDelegate - Bootstrapping Spring Data Redis repositories in DEFAULT mode.
2021-11-15 14:41:22.439 [INFO ] org.springframework.data.repository.config.RepositoryConfigurationDelegate - Finished Spring Data repository scanning in 24 ms. Found 0 Redis repository interfaces.
2021-11-15 14:41:22.694 [INFO ] org.springframework.context.support.PostProcessorRegistrationDelegate$BeanPostProcessorChecker - Bean 'org.springframework.security.config.annotation.configuration.ObjectPostProcessorConfiguration' of type [org.springframework.security.config.annotation.configuration.ObjectPostProcessorConfiguration$$EnhancerBySpringCGLIB$$ee3e0d30] is not eligible for getting processed by all BeanPostProcessors (for example: not eligible for auto-proxying)
2021-11-15 14:41:22.744 [INFO ] org.springframework.context.support.PostProcessorRegistrationDelegate$BeanPostProcessorChecker - Bean 'objectPostProcessor' of type [org.springframework.security.config.annotation.configuration.AutowireBeanFactoryObjectPostProcessor] is not eligible for getting processed by all BeanPostProcessors (for example: not eligible for auto-proxying)
2021-11-15 14:41:22.747 [INFO ] org.springframework.context.support.PostProcessorRegistrationDelegate$BeanPostProcessorChecker - Bean 'org.springframework.security.access.expression.method.DefaultMethodSecurityExpressionHandler@1866da85' of type [org.springframework.security.access.expression.method.DefaultMethodSecurityExpressionHandler] is not eligible for getting processed by all BeanPostProcessors (for example: not eligible for auto-proxying)
2021-11-15 14:41:22.748 [INFO ] org.springframework.context.support.PostProcessorRegistrationDelegate$BeanPostProcessorChecker - Bean 'org.springframework.security.config.annotation.method.configuration.GlobalMethodSecurityConfiguration' of type [org.springframework.security.config.annotation.method.configuration.GlobalMethodSecurityConfiguration$$EnhancerBySpringCGLIB$$1312afe2] is not eligible for getting processed by all BeanPostProcessors (for example: not eligible for auto-proxying)
2021-11-15 14:41:22.751 [INFO ] org.springframework.context.support.PostProcessorRegistrationDelegate$BeanPostProcessorChecker - Bean 'methodSecurityMetadataSource' of type [org.springframework.security.access.method.DelegatingMethodSecurityMetadataSource] is not eligible for getting processed by all BeanPostProcessors (for example: not eligible for auto-proxying)
2021-11-15 14:41:22.945 [INFO ] org.springframework.boot.web.embedded.tomcat.TomcatWebServer - Tomcat initialized with port(s): 8881 (http)
2021-11-15 14:41:22.951 [INFO ] org.apache.coyote.http11.Http11NioProtocol - Initializing ProtocolHandler ["http-nio-8881"]
2021-11-15 14:41:22.952 [INFO ] org.apache.catalina.core.StandardService - Starting service [Tomcat]
2021-11-15 14:41:22.952 [INFO ] org.apache.catalina.core.StandardEngine - Starting Servlet engine: [Apache Tomcat/9.0.45]
2021-11-15 14:41:23.024 [INFO ] org.apache.catalina.core.ContainerBase.[Tomcat].[localhost].[/] - Initializing Spring embedded WebApplicationContext
2021-11-15 14:41:23.024 [INFO ] org.springframework.boot.web.servlet.context.ServletWebServerApplicationContext - Root WebApplicationContext: initialization completed in 1317 ms
2021-11-15 14:41:24.293 [INFO ] org.springframework.security.web.DefaultSecurityFilterChain - Creating filter chain: Ant [pattern='/favicon.ico', GET], []
2021-11-15 14:41:24.294 [INFO ] org.springframework.security.web.DefaultSecurityFilterChain - Creating filter chain: Ant [pattern='/**/*.png', GET], []
2021-11-15 14:41:24.294 [INFO ] org.springframework.security.web.DefaultSecurityFilterChain - Creating filter chain: Ant [pattern='/**/*.ttf', GET], []
2021-11-15 14:41:24.294 [INFO ] org.springframework.security.web.DefaultSecurityFilterChain - Creating filter chain: Ant [pattern='/*.html', GET], []
2021-11-15 14:41:24.294 [INFO ] org.springframework.security.web.DefaultSecurityFilterChain - Creating filter chain: Ant [pattern='/**/*.css', GET], []
2021-11-15 14:41:24.294 [INFO ] org.springframework.security.web.DefaultSecurityFilterChain - Creating filter chain: Ant [pattern='/**/*.js', GET], []
2021-11-15 14:41:24.326 [INFO ] org.springframework.security.web.DefaultSecurityFilterChain - Creating filter chain: any request, [org.springframework.security.web.context.request.async.WebAsyncManagerIntegrationFilter@670342a2, org.springframework.security.web.context.SecurityContextPersistenceFilter@243bf087, org.springframework.security.web.header.HeaderWriterFilter@79d7035, org.springframework.web.filter.CorsFilter@d5e575c, org.springframework.security.web.authentication.logout.LogoutFilter@616a06e3, com.jawe.conf.jwt.JwtAuthenticationTokenFilter@bc6288b, org.springframework.security.web.savedrequest.RequestCacheAwareFilter@126f8f24, org.springframework.security.web.servletapi.SecurityContextHolderAwareRequestFilter@5b5f9003, org.springframework.security.web.authentication.AnonymousAuthenticationFilter@7742a45c, org.springframework.security.web.session.SessionManagementFilter@5fffb692, org.springframework.security.web.access.ExceptionTranslationFilter@7ce29a2d, org.springframework.security.web.access.intercept.FilterSecurityInterceptor@7926352f]
2021-11-15 14:41:24.343 [INFO ] springfox.documentation.spring.web.PropertySourcedRequestMappingHandlerMapping - Mapped URL path [/v2/api-docs] onto method [springfox.documentation.swagger2.web.Swagger2Controller#getDocumentation(String, HttpServletRequest)]
2021-11-15 14:41:24.744 [INFO ] org.apache.coyote.http11.Http11NioProtocol - Starting ProtocolHandler ["http-nio-8881"]
2021-11-15 14:41:24.756 [INFO ] org.springframework.boot.web.embedded.tomcat.TomcatWebServer - Tomcat started on port(s): 8881 (http) with context path ''
2021-11-15 14:41:24.757 [INFO ] springfox.documentation.spring.web.plugins.DocumentationPluginsBootstrapper - Context refreshed
2021-11-15 14:41:24.766 [INFO ] springfox.documentation.spring.web.plugins.DocumentationPluginsBootstrapper - Found 1 custom documentation plugin(s)
2021-11-15 14:41:24.798 [INFO ] springfox.documentation.spring.web.scanners.ApiListingReferenceScanner - Scanning for api listing references
2021-11-15 14:41:24.880 [INFO ] springfox.documentation.spring.web.readers.operation.CachingOperationNameGenerator - Generating unique operation named: deleteImgFileUsingPOST_1
2021-11-15 14:41:24.881 [INFO ] springfox.documentation.spring.web.readers.operation.CachingOperationNameGenerator - Generating unique operation named: policyUsingGET_1
2021-11-15 14:41:24.883 [INFO ] springfox.documentation.spring.web.readers.operation.CachingOperationNameGenerator - Generating unique operation named: uploadImgFileUsingPOST_1
2021-11-15 14:41:24.903 [INFO ] springfox.documentation.spring.web.readers.operation.CachingOperationNameGenerator - Generating unique operation named: isOnGoodsUsingPUT_1
2021-11-15 14:41:24.913 [INFO ] springfox.documentation.spring.web.readers.operation.CachingOperationNameGenerator - Generating unique operation named: loginUsingPOST_1
2021-11-15 14:41:24.915 [INFO ] springfox.documentation.spring.web.readers.operation.CachingOperationNameGenerator - Generating unique operation named: refreshUsingGET_1
2021-11-15 14:41:24.918 [INFO ] springfox.documentation.spring.web.readers.operation.CachingOperationNameGenerator - Generating unique operation named: getStockUsingGET_1
2021-11-15 14:41:24.928 [INFO ] springfox.documentation.spring.web.readers.operation.CachingOperationNameGenerator - Generating unique operation named: addUserUsingPOST_1
2021-11-15 14:41:24.932 [INFO ] springfox.documentation.spring.web.readers.operation.CachingOperationNameGenerator - Generating unique operation named: findUserListUsingPOST_1
2021-11-15 14:41:24.934 [INFO ] springfox.documentation.spring.web.readers.operation.CachingOperationNameGenerator - Generating unique operation named: updateUserUsingPUT_1
2021-11-15 14:41:24.935 [INFO ] springfox.documentation.spring.web.readers.operation.CachingOperationNameGenerator - Generating unique operation named: addUserUsingPOST_2
2021-11-15 14:41:24.936 [INFO ] springfox.documentation.spring.web.readers.operation.CachingOperationNameGenerator - Generating unique operation named: changeUserEnableUsingPUT_1
2021-11-15 14:41:24.938 [INFO ] springfox.documentation.spring.web.readers.operation.CachingOperationNameGenerator - Generating unique operation named: findUserListUsingPOST_2
2021-11-15 14:41:24.938 [INFO ] springfox.documentation.spring.web.readers.operation.CachingOperationNameGenerator - Generating unique operation named: getUserInfoUsingGET_1
2021-11-15 14:41:24.939 [INFO ] springfox.documentation.spring.web.readers.operation.CachingOperationNameGenerator - Generating unique operation named: updateUserUsingPUT_2
2021-11-15 14:41:24.955 [INFO ] com.jawe.DemoApplication - Started DemoApplication in 3.784 seconds (JVM running for 4.505)
2021-11-15 14:41:31.048 [INFO ] org.apache.catalina.core.ContainerBase.[Tomcat].[localhost].[/] - Initializing Spring DispatcherServlet 'dispatcherServlet'
2021-11-15 14:41:31.102 [INFO ] com.zaxxer.hikari.HikariDataSource - HikariPool-1 - Starting...
2021-11-15 14:41:31.490 [INFO ] com.zaxxer.hikari.HikariDataSource - HikariPool-1 - Start completed.
2021-11-15 14:52:25.972 [INFO ] com.jawe.DemoApplication - Starting DemoApplication using Java 1.8.0_291 on DESKTOP-A0VVV1J with PID 16668 (C:\Users\14618\Desktop\Sync\MyDemo\demo-parent\demo-base-web\target\classes started by 14618 in C:\Users\14618\Desktop\Sync\MyDemo\demo-parent)
2021-11-15 14:52:25.976 [INFO ] com.jawe.DemoApplication - No active profile set, falling back to default profiles: default
2021-11-15 14:52:26.737 [INFO ] org.springframework.data.repository.config.RepositoryConfigurationDelegate - Multiple Spring Data modules found, entering strict repository configuration mode!
2021-11-15 14:52:26.739 [INFO ] org.springframework.data.repository.config.RepositoryConfigurationDelegate - Bootstrapping Spring Data Redis repositories in DEFAULT mode.
2021-11-15 14:52:26.776 [INFO ] org.springframework.data.repository.config.RepositoryConfigurationDelegate - Finished Spring Data repository scanning in 25 ms. Found 0 Redis repository interfaces.
2021-11-15 14:52:27.049 [INFO ] org.springframework.context.support.PostProcessorRegistrationDelegate$BeanPostProcessorChecker - Bean 'org.springframework.security.config.annotation.configuration.ObjectPostProcessorConfiguration' of type [org.springframework.security.config.annotation.configuration.ObjectPostProcessorConfiguration$$EnhancerBySpringCGLIB$$d6373844] is not eligible for getting processed by all BeanPostProcessors (for example: not eligible for auto-proxying)
2021-11-15 14:52:27.099 [INFO ] org.springframework.context.support.PostProcessorRegistrationDelegate$BeanPostProcessorChecker - Bean 'objectPostProcessor' of type [org.springframework.security.config.annotation.configuration.AutowireBeanFactoryObjectPostProcessor] is not eligible for getting processed by all BeanPostProcessors (for example: not eligible for auto-proxying)
2021-11-15 14:52:27.101 [INFO ] org.springframework.context.support.PostProcessorRegistrationDelegate$BeanPostProcessorChecker - Bean 'org.springframework.security.access.expression.method.DefaultMethodSecurityExpressionHandler@74d3b638' of type [org.springframework.security.access.expression.method.DefaultMethodSecurityExpressionHandler] is not eligible for getting processed by all BeanPostProcessors (for example: not eligible for auto-proxying)
2021-11-15 14:52:27.103 [INFO ] org.springframework.context.support.PostProcessorRegistrationDelegate$BeanPostProcessorChecker - Bean 'org.springframework.security.config.annotation.method.configuration.GlobalMethodSecurityConfiguration' of type [org.springframework.security.config.annotation.method.configuration.GlobalMethodSecurityConfiguration$$EnhancerBySpringCGLIB$$fb0bdaf6] is not eligible for getting processed by all BeanPostProcessors (for example: not eligible for auto-proxying)
2021-11-15 14:52:27.107 [INFO ] org.springframework.context.support.PostProcessorRegistrationDelegate$BeanPostProcessorChecker - Bean 'methodSecurityMetadataSource' of type [org.springframework.security.access.method.DelegatingMethodSecurityMetadataSource] is not eligible for getting processed by all BeanPostProcessors (for example: not eligible for auto-proxying)
2021-11-15 14:52:27.328 [INFO ] org.springframework.boot.web.embedded.tomcat.TomcatWebServer - Tomcat initialized with port(s): 8881 (http)
2021-11-15 14:52:27.334 [INFO ] org.apache.coyote.http11.Http11NioProtocol - Initializing ProtocolHandler ["http-nio-8881"]
2021-11-15 14:52:27.335 [INFO ] org.apache.catalina.core.StandardService - Starting service [Tomcat]
2021-11-15 14:52:27.335 [INFO ] org.apache.catalina.core.StandardEngine - Starting Servlet engine: [Apache Tomcat/9.0.45]
2021-11-15 14:52:27.417 [INFO ] org.apache.catalina.core.ContainerBase.[Tomcat].[localhost].[/] - Initializing Spring embedded WebApplicationContext
2021-11-15 14:52:27.417 [INFO ] org.springframework.boot.web.servlet.context.ServletWebServerApplicationContext - Root WebApplicationContext: initialization completed in 1397 ms
2021-11-15 14:52:28.749 [INFO ] org.springframework.security.web.DefaultSecurityFilterChain - Creating filter chain: Ant [pattern='/favicon.ico', GET], []
2021-11-15 14:52:28.750 [INFO ] org.springframework.security.web.DefaultSecurityFilterChain - Creating filter chain: Ant [pattern='/**/*.png', GET], []
2021-11-15 14:52:28.750 [INFO ] org.springframework.security.web.DefaultSecurityFilterChain - Creating filter chain: Ant [pattern='/**/*.ttf', GET], []
2021-11-15 14:52:28.750 [INFO ] org.springframework.security.web.DefaultSecurityFilterChain - Creating filter chain: Ant [pattern='/*.html', GET], []
2021-11-15 14:52:28.751 [INFO ] org.springframework.security.web.DefaultSecurityFilterChain - Creating filter chain: Ant [pattern='/**/*.css', GET], []
2021-11-15 14:52:28.751 [INFO ] org.springframework.security.web.DefaultSecurityFilterChain - Creating filter chain: Ant [pattern='/**/*.js', GET], []
2021-11-15 14:52:28.799 [INFO ] org.springframework.security.web.DefaultSecurityFilterChain - Creating filter chain: any request, [org.springframework.security.web.context.request.async.WebAsyncManagerIntegrationFilter@7ca492d9, org.springframework.security.web.context.SecurityContextPersistenceFilter@35e98af, org.springframework.security.web.header.HeaderWriterFilter@48cb2d73, org.springframework.web.filter.CorsFilter@14fc9bd, org.springframework.security.web.authentication.logout.LogoutFilter@5bb911c1, com.jawe.conf.jwt.JwtAuthenticationTokenFilter@b46e103, org.springframework.security.web.savedrequest.RequestCacheAwareFilter@7fbf26fc, org.springframework.security.web.servletapi.SecurityContextHolderAwareRequestFilter@58278366, org.springframework.security.web.authentication.AnonymousAuthenticationFilter@7ed49a7f, org.springframework.security.web.session.SessionManagementFilter@3086f480, org.springframework.security.web.access.ExceptionTranslationFilter@372461a9, org.springframework.security.web.access.intercept.FilterSecurityInterceptor@2fc49538]
2021-11-15 14:52:28.822 [INFO ] springfox.documentation.spring.web.PropertySourcedRequestMappingHandlerMapping - Mapped URL path [/v2/api-docs] onto method [springfox.documentation.swagger2.web.Swagger2Controller#getDocumentation(String, HttpServletRequest)]
2021-11-15 14:52:29.240 [INFO ] org.apache.coyote.http11.Http11NioProtocol - Starting ProtocolHandler ["http-nio-8881"]
2021-11-15 14:52:29.253 [INFO ] org.springframework.boot.web.embedded.tomcat.TomcatWebServer - Tomcat started on port(s): 8881 (http) with context path ''
2021-11-15 14:52:29.254 [INFO ] springfox.documentation.spring.web.plugins.DocumentationPluginsBootstrapper - Context refreshed
2021-11-15 14:52:29.264 [INFO ] springfox.documentation.spring.web.plugins.DocumentationPluginsBootstrapper - Found 1 custom documentation plugin(s)
2021-11-15 14:52:29.297 [INFO ] springfox.documentation.spring.web.scanners.ApiListingReferenceScanner - Scanning for api listing references
2021-11-15 14:52:29.380 [INFO ] springfox.documentation.spring.web.readers.operation.CachingOperationNameGenerator - Generating unique operation named: deleteImgFileUsingPOST_1
2021-11-15 14:52:29.381 [INFO ] springfox.documentation.spring.web.readers.operation.CachingOperationNameGenerator - Generating unique operation named: policyUsingGET_1
2021-11-15 14:52:29.382 [INFO ] springfox.documentation.spring.web.readers.operation.CachingOperationNameGenerator - Generating unique operation named: uploadImgFileUsingPOST_1
2021-11-15 14:52:29.402 [INFO ] springfox.documentation.spring.web.readers.operation.CachingOperationNameGenerator - Generating unique operation named: isOnGoodsUsingPUT_1
2021-11-15 14:52:29.413 [INFO ] springfox.documentation.spring.web.readers.operation.CachingOperationNameGenerator - Generating unique operation named: loginUsingPOST_1
2021-11-15 14:52:29.414 [INFO ] springfox.documentation.spring.web.readers.operation.CachingOperationNameGenerator - Generating unique operation named: refreshUsingGET_1
2021-11-15 14:52:29.417 [INFO ] springfox.documentation.spring.web.readers.operation.CachingOperationNameGenerator - Generating unique operation named: getStockUsingGET_1
2021-11-15 14:52:29.426 [INFO ] springfox.documentation.spring.web.readers.operation.CachingOperationNameGenerator - Generating unique operation named: addUserUsingPOST_1
2021-11-15 14:52:29.429 [INFO ] springfox.documentation.spring.web.readers.operation.CachingOperationNameGenerator - Generating unique operation named: findUserListUsingPOST_1
2021-11-15 14:52:29.431 [INFO ] springfox.documentation.spring.web.readers.operation.CachingOperationNameGenerator - Generating unique operation named: updateUserUsingPUT_1
2021-11-15 14:52:29.432 [INFO ] springfox.documentation.spring.web.readers.operation.CachingOperationNameGenerator - Generating unique operation named: addUserUsingPOST_2
2021-11-15 14:52:29.432 [INFO ] springfox.documentation.spring.web.readers.operation.CachingOperationNameGenerator - Generating unique operation named: changeUserEnableUsingPUT_1
2021-11-15 14:52:29.434 [INFO ] springfox.documentation.spring.web.readers.operation.CachingOperationNameGenerator - Generating unique operation named: findUserListUsingPOST_2
2021-11-15 14:52:29.435 [INFO ] springfox.documentation.spring.web.readers.operation.CachingOperationNameGenerator - Generating unique operation named: getUserInfoUsingGET_1
2021-11-15 14:52:29.435 [INFO ] springfox.documentation.spring.web.readers.operation.CachingOperationNameGenerator - Generating unique operation named: updateUserUsingPUT_2
2021-11-15 14:52:29.453 [INFO ] com.jawe.DemoApplication - Started DemoApplication in 3.987 seconds (JVM running for 4.698)
2021-11-15 14:52:33.556 [INFO ] org.apache.catalina.core.ContainerBase.[Tomcat].[localhost].[/] - Initializing Spring DispatcherServlet 'dispatcherServlet'
2021-11-15 14:52:33.822 [INFO ] com.zaxxer.hikari.HikariDataSource - HikariPool-1 - Starting...
2021-11-15 14:52:34.014 [INFO ] com.zaxxer.hikari.HikariDataSource - HikariPool-1 - Start completed.
2021-11-15 14:52:50.314 [INFO ] com.jawe.DemoApplication - Starting DemoApplication using Java 1.8.0_291 on DESKTOP-A0VVV1J with PID 24648 (C:\Users\14618\Desktop\Sync\MyDemo\demo-parent\demo-base-web\target\classes started by 14618 in C:\Users\14618\Desktop\Sync\MyDemo\demo-parent)
2021-11-15 14:52:50.318 [INFO ] com.jawe.DemoApplication - No active profile set, falling back to default profiles: default
2021-11-15 14:52:51.079 [INFO ] org.springframework.data.repository.config.RepositoryConfigurationDelegate - Multiple Spring Data modules found, entering strict repository configuration mode!
2021-11-15 14:52:51.082 [INFO ] org.springframework.data.repository.config.RepositoryConfigurationDelegate - Bootstrapping Spring Data Redis repositories in DEFAULT mode.
2021-11-15 14:52:51.118 [INFO ] org.springframework.data.repository.config.RepositoryConfigurationDelegate - Finished Spring Data repository scanning in 25 ms. Found 0 Redis repository interfaces.
2021-11-15 14:52:51.360 [INFO ] org.springframework.context.support.PostProcessorRegistrationDelegate$BeanPostProcessorChecker - Bean 'org.springframework.security.config.annotation.configuration.ObjectPostProcessorConfiguration' of type [org.springframework.security.config.annotation.configuration.ObjectPostProcessorConfiguration$$EnhancerBySpringCGLIB$$84f7e76d] is not eligible for getting processed by all BeanPostProcessors (for example: not eligible for auto-proxying)
2021-11-15 14:52:51.403 [INFO ] org.springframework.context.support.PostProcessorRegistrationDelegate$BeanPostProcessorChecker - Bean 'objectPostProcessor' of type [org.springframework.security.config.annotation.configuration.AutowireBeanFactoryObjectPostProcessor] is not eligible for getting processed by all BeanPostProcessors (for example: not eligible for auto-proxying)
2021-11-15 14:52:51.405 [INFO ] org.springframework.context.support.PostProcessorRegistrationDelegate$BeanPostProcessorChecker - Bean 'org.springframework.security.access.expression.method.DefaultMethodSecurityExpressionHandler@44924587' of type [org.springframework.security.access.expression.method.DefaultMethodSecurityExpressionHandler] is not eligible for getting processed by all BeanPostProcessors (for example: not eligible for auto-proxying)
2021-11-15 14:52:51.406 [INFO ] org.springframework.context.support.PostProcessorRegistrationDelegate$BeanPostProcessorChecker - Bean 'org.springframework.security.config.annotation.method.configuration.GlobalMethodSecurityConfiguration' of type [org.springframework.security.config.annotation.method.configuration.GlobalMethodSecurityConfiguration$$EnhancerBySpringCGLIB$$a9cc8a1f] is not eligible for getting processed by all BeanPostProcessors (for example: not eligible for auto-proxying)
2021-11-15 14:52:51.409 [INFO ] org.springframework.context.support.PostProcessorRegistrationDelegate$BeanPostProcessorChecker - Bean 'methodSecurityMetadataSource' of type [org.springframework.security.access.method.DelegatingMethodSecurityMetadataSource] is not eligible for getting processed by all BeanPostProcessors (for example: not eligible for auto-proxying)
2021-11-15 14:52:51.617 [INFO ] org.springframework.boot.web.embedded.tomcat.TomcatWebServer - Tomcat initialized with port(s): 8881 (http)
2021-11-15 14:52:51.624 [INFO ] org.apache.coyote.http11.Http11NioProtocol - Initializing ProtocolHandler ["http-nio-8881"]
2021-11-15 14:52:51.624 [INFO ] org.apache.catalina.core.StandardService - Starting service [Tomcat]
2021-11-15 14:52:51.625 [INFO ] org.apache.catalina.core.StandardEngine - Starting Servlet engine: [Apache Tomcat/9.0.45]
2021-11-15 14:52:51.698 [INFO ] org.apache.catalina.core.ContainerBase.[Tomcat].[localhost].[/] - Initializing Spring embedded WebApplicationContext
2021-11-15 14:52:51.698 [INFO ] org.springframework.boot.web.servlet.context.ServletWebServerApplicationContext - Root WebApplicationContext: initialization completed in 1336 ms
2021-11-15 14:52:53.031 [INFO ] org.springframework.security.web.DefaultSecurityFilterChain - Creating filter chain: Ant [pattern='/favicon.ico', GET], []
2021-11-15 14:52:53.032 [INFO ] org.springframework.security.web.DefaultSecurityFilterChain - Creating filter chain: Ant [pattern='/**/*.png', GET], []
2021-11-15 14:52:53.032 [INFO ] org.springframework.security.web.DefaultSecurityFilterChain - Creating filter chain: Ant [pattern='/**/*.ttf', GET], []
2021-11-15 14:52:53.032 [INFO ] org.springframework.security.web.DefaultSecurityFilterChain - Creating filter chain: Ant [pattern='/*.html', GET], []
2021-11-15 14:52:53.032 [INFO ] org.springframework.security.web.DefaultSecurityFilterChain - Creating filter chain: Ant [pattern='/**/*.css', GET], []
2021-11-15 14:52:53.032 [INFO ] org.springframework.security.web.DefaultSecurityFilterChain - Creating filter chain: Ant [pattern='/**/*.js', GET], []
2021-11-15 14:52:53.062 [INFO ] org.springframework.security.web.DefaultSecurityFilterChain - Creating filter chain: any request, [org.springframework.security.web.context.request.async.WebAsyncManagerIntegrationFilter@486e9d1d, org.springframework.security.web.context.SecurityContextPersistenceFilter@6282b9f5, org.springframework.security.web.header.HeaderWriterFilter@11c78080, org.springframework.web.filter.CorsFilter@6aa5974e, org.springframework.security.web.authentication.logout.LogoutFilter@25974207, com.jawe.conf.jwt.JwtAuthenticationTokenFilter@663f237a, org.springframework.security.web.savedrequest.RequestCacheAwareFilter@7c11d32, org.springframework.security.web.servletapi.SecurityContextHolderAwareRequestFilter@6d293993, org.springframework.security.web.authentication.AnonymousAuthenticationFilter@5e5ddfbc, org.springframework.security.web.session.SessionManagementFilter@4962b41e, org.springframework.security.web.access.ExceptionTranslationFilter@781aff8b, org.springframework.security.web.access.intercept.FilterSecurityInterceptor@1cd6b1bd]
2021-11-15 14:52:53.076 [INFO ] springfox.documentation.spring.web.PropertySourcedRequestMappingHandlerMapping - Mapped URL path [/v2/api-docs] onto method [springfox.documentation.swagger2.web.Swagger2Controller#getDocumentation(String, HttpServletRequest)]
2021-11-15 14:52:53.474 [INFO ] org.apache.coyote.http11.Http11NioProtocol - Starting ProtocolHandler ["http-nio-8881"]
2021-11-15 14:52:53.491 [INFO ] org.springframework.boot.web.embedded.tomcat.TomcatWebServer - Tomcat started on port(s): 8881 (http) with context path ''
2021-11-15 14:52:53.491 [INFO ] springfox.documentation.spring.web.plugins.DocumentationPluginsBootstrapper - Context refreshed
2021-11-15 14:52:53.504 [INFO ] springfox.documentation.spring.web.plugins.DocumentationPluginsBootstrapper - Found 1 custom documentation plugin(s)
2021-11-15 14:52:53.542 [INFO ] springfox.documentation.spring.web.scanners.ApiListingReferenceScanner - Scanning for api listing references
2021-11-15 14:52:53.624 [INFO ] springfox.documentation.spring.web.readers.operation.CachingOperationNameGenerator - Generating unique operation named: deleteImgFileUsingPOST_1
2021-11-15 14:52:53.626 [INFO ] springfox.documentation.spring.web.readers.operation.CachingOperationNameGenerator - Generating unique operation named: policyUsingGET_1
2021-11-15 14:52:53.627 [INFO ] springfox.documentation.spring.web.readers.operation.CachingOperationNameGenerator - Generating unique operation named: uploadImgFileUsingPOST_1
2021-11-15 14:52:53.650 [INFO ] springfox.documentation.spring.web.readers.operation.CachingOperationNameGenerator - Generating unique operation named: isOnGoodsUsingPUT_1
2021-11-15 14:52:53.661 [INFO ] springfox.documentation.spring.web.readers.operation.CachingOperationNameGenerator - Generating unique operation named: loginUsingPOST_1
2021-11-15 14:52:53.663 [INFO ] springfox.documentation.spring.web.readers.operation.CachingOperationNameGenerator - Generating unique operation named: refreshUsingGET_1
2021-11-15 14:52:53.667 [INFO ] springfox.documentation.spring.web.readers.operation.CachingOperationNameGenerator - Generating unique operation named: getStockUsingGET_1
2021-11-15 14:52:53.677 [INFO ] springfox.documentation.spring.web.readers.operation.CachingOperationNameGenerator - Generating unique operation named: addUserUsingPOST_1
2021-11-15 14:52:53.681 [INFO ] springfox.documentation.spring.web.readers.operation.CachingOperationNameGenerator - Generating unique operation named: findUserListUsingPOST_1
2021-11-15 14:52:53.682 [INFO ] springfox.documentation.spring.web.readers.operation.CachingOperationNameGenerator - Generating unique operation named: updateUserUsingPUT_1
2021-11-15 14:52:53.684 [INFO ] springfox.documentation.spring.web.readers.operation.CachingOperationNameGenerator - Generating unique operation named: addUserUsingPOST_2
2021-11-15 14:52:53.684 [INFO ] springfox.documentation.spring.web.readers.operation.CachingOperationNameGenerator - Generating unique operation named: changeUserEnableUsingPUT_1
2021-11-15 14:52:53.687 [INFO ] springfox.documentation.spring.web.readers.operation.CachingOperationNameGenerator - Generating unique operation named: findUserListUsingPOST_2
2021-11-15 14:52:53.687 [INFO ] springfox.documentation.spring.web.readers.operation.CachingOperationNameGenerator - Generating unique operation named: getUserInfoUsingGET_1
2021-11-15 14:52:53.689 [INFO ] springfox.documentation.spring.web.readers.operation.CachingOperationNameGenerator - Generating unique operation named: updateUserUsingPUT_2
2021-11-15 14:52:53.708 [INFO ] com.jawe.DemoApplication - Started DemoApplication in 3.944 seconds (JVM running for 4.721)
2021-11-15 14:52:56.199 [INFO ] org.apache.catalina.core.ContainerBase.[Tomcat].[localhost].[/] - Initializing Spring DispatcherServlet 'dispatcherServlet'
2021-11-15 14:52:56.463 [INFO ] com.zaxxer.hikari.HikariDataSource - HikariPool-1 - Starting...
2021-11-15 14:52:56.664 [INFO ] com.zaxxer.hikari.HikariDataSource - HikariPool-1 - Start completed.
2021-11-15 15:19:27.674 [INFO ] com.jawe.system.service.impl.GoodsCategoryServiceImpl - true
2021-11-15 15:20:00.686 [INFO ] com.jawe.system.service.impl.GoodsCategoryServiceImpl - true
2021-11-15 15:20:40.177 [INFO ] com.jawe.system.service.impl.GoodsCategoryServiceImpl - true
2021-11-15 15:21:08.777 [INFO ] com.jawe.system.service.impl.GoodsCategoryServiceImpl - true
2021-11-15 15:21:13.114 [INFO ] com.jawe.system.service.impl.GoodsCategoryServiceImpl - true
2021-11-15 15:35:34.237 [INFO ] com.jawe.system.service.impl.GoodsCategoryServiceImpl - true
2021-11-15 15:35:43.397 [INFO ] com.jawe.system.service.impl.GoodsCategoryServiceImpl - true
2021-11-15 15:45:26.094 [INFO ] com.jawe.system.service.impl.GoodsCategoryServiceImpl - true
2021-11-15 16:48:57.761 [INFO ] com.jawe.system.service.impl.GoodsCategoryServiceImpl - true
2021-11-15 16:49:10.457 [INFO ] com.jawe.system.service.impl.GoodsCategoryServiceImpl - true
2021-11-15 19:39:48.832 [INFO ] com.jawe.system.service.impl.GoodsCategoryServiceImpl - true
2021-11-15 19:40:35.097 [INFO ] com.jawe.system.service.impl.GoodsCategoryServiceImpl - false
2021-11-15 19:40:51.147 [INFO ] com.jawe.system.service.impl.GoodsCategoryServiceImpl - false
2021-11-15 19:40:58.351 [INFO ] com.jawe.system.service.impl.GoodsCategoryServiceImpl - true
2021-11-15 19:41:44.260 [INFO ] com.jawe.system.service.impl.GoodsCategoryServiceImpl - true
2021-11-15 19:42:19.418 [INFO ] com.jawe.system.service.impl.GoodsCategoryServiceImpl - true
2021-11-15 19:42:46.024 [INFO ] com.jawe.system.service.impl.GoodsCategoryServiceImpl - true
2021-11-15 19:46:58.313 [INFO ] com.jawe.system.service.impl.GoodsCategoryServiceImpl - true
2021-11-15 19:47:12.771 [INFO ] com.jawe.system.service.impl.GoodsCategoryServiceImpl - true
2021-11-15 20:01:47.439 [INFO ] com.jawe.system.service.impl.GoodsCategoryServiceImpl - false
2021-11-15 20:02:04.895 [INFO ] com.jawe.system.service.impl.GoodsCategoryServiceImpl - false
2021-11-15 20:02:34.054 [INFO ] com.jawe.system.service.impl.GoodsCategoryServiceImpl - false
2021-11-15 20:04:26.726 [INFO ] com.jawe.system.service.impl.GoodsCategoryServiceImpl - true
2021-11-15 20:04:48.736 [INFO ] com.jawe.system.service.impl.GoodsCategoryServiceImpl - true
2021-11-15 20:07:26.533 [INFO ] com.jawe.system.service.impl.GoodsCategoryServiceImpl - true
2021-11-15 20:09:00.596 [INFO ] com.jawe.system.service.impl.GoodsCategoryServiceImpl - true
