2022-05-19 00:38:25.590 [INFO ] com.jawe.system.service.impl.GoodsCategoryServiceImpl - false
2022-05-19 01:56:43.874 [INFO ] com.jawe.system.service.impl.GoodsCategoryServiceImpl - true
2022-05-19 02:18:01.500 [INFO ] com.jawe.system.service.impl.GoodsCategoryServiceImpl - true
2022-05-19 02:23:00.550 [INFO ] com.jawe.DemoApplication - Starting DemoApplication using Java 1.8.0_291 on DESKTOP-A0VVV1J with PID 33896 (C:\Users\14618\Desktop\Sync\MyDemo\demo-parent\demo-base-web\target\classes started by 14618 in C:\Users\14618\Desktop\Sync\MyDemo\demo-parent)
2022-05-19 02:23:00.555 [INFO ] com.jawe.DemoApplication - No active profile set, falling back to default profiles: default
2022-05-19 02:23:01.871 [INFO ] org.springframework.data.repository.config.RepositoryConfigurationDelegate - Multiple Spring Data modules found, entering strict repository configuration mode!
2022-05-19 02:23:01.877 [INFO ] org.springframework.data.repository.config.RepositoryConfigurationDelegate - Bootstrapping Spring Data Redis repositories in DEFAULT mode.
2022-05-19 02:23:01.930 [INFO ] org.springframework.data.repository.config.RepositoryConfigurationDelegate - Finished Spring Data repository scanning in 33 ms. Found 0 Redis repository interfaces.
2022-05-19 02:23:02.201 [INFO ] org.springframework.context.support.PostProcessorRegistrationDelegate$BeanPostProcessorChecker - Bean 'org.springframework.statemachine.config.configuration.StateMachineAnnotationPostProcessorConfiguration' of type [org.springframework.statemachine.config.configuration.StateMachineAnnotationPostProcessorConfiguration$$EnhancerBySpringCGLIB$$8910e935] is not eligible for getting processed by all BeanPostProcessors (for example: not eligible for auto-proxying)
2022-05-19 02:23:02.227 [INFO ] org.springframework.context.support.PostProcessorRegistrationDelegate$BeanPostProcessorChecker - Bean 'org.springframework.security.config.annotation.configuration.ObjectPostProcessorConfiguration' of type [org.springframework.security.config.annotation.configuration.ObjectPostProcessorConfiguration$$EnhancerBySpringCGLIB$$c62a9b6e] is not eligible for getting processed by all BeanPostProcessors (for example: not eligible for auto-proxying)
2022-05-19 02:23:02.266 [INFO ] org.springframework.context.support.PostProcessorRegistrationDelegate$BeanPostProcessorChecker - Bean 'objectPostProcessor' of type [org.springframework.security.config.annotation.configuration.AutowireBeanFactoryObjectPostProcessor] is not eligible for getting processed by all BeanPostProcessors (for example: not eligible for auto-proxying)
2022-05-19 02:23:02.269 [INFO ] org.springframework.context.support.PostProcessorRegistrationDelegate$BeanPostProcessorChecker - Bean 'org.springframework.security.access.expression.method.DefaultMethodSecurityExpressionHandler@38792286' of type [org.springframework.security.access.expression.method.DefaultMethodSecurityExpressionHandler] is not eligible for getting processed by all BeanPostProcessors (for example: not eligible for auto-proxying)
2022-05-19 02:23:02.271 [INFO ] org.springframework.context.support.PostProcessorRegistrationDelegate$BeanPostProcessorChecker - Bean 'org.springframework.security.config.annotation.method.configuration.GlobalMethodSecurityConfiguration' of type [org.springframework.security.config.annotation.method.configuration.GlobalMethodSecurityConfiguration$$EnhancerBySpringCGLIB$$eaff3e20] is not eligible for getting processed by all BeanPostProcessors (for example: not eligible for auto-proxying)
2022-05-19 02:23:02.275 [INFO ] org.springframework.context.support.PostProcessorRegistrationDelegate$BeanPostProcessorChecker - Bean 'methodSecurityMetadataSource' of type [org.springframework.security.access.method.DelegatingMethodSecurityMetadataSource] is not eligible for getting processed by all BeanPostProcessors (for example: not eligible for auto-proxying)
2022-05-19 02:23:02.503 [INFO ] org.springframework.boot.web.embedded.tomcat.TomcatWebServer - Tomcat initialized with port(s): 8881 (http)
2022-05-19 02:23:02.511 [INFO ] org.apache.coyote.http11.Http11NioProtocol - Initializing ProtocolHandler ["http-nio-8881"]
2022-05-19 02:23:02.512 [INFO ] org.apache.catalina.core.StandardService - Starting service [Tomcat]
2022-05-19 02:23:02.512 [INFO ] org.apache.catalina.core.StandardEngine - Starting Servlet engine: [Apache Tomcat/9.0.45]
2022-05-19 02:23:02.589 [INFO ] org.apache.catalina.core.ContainerBase.[Tomcat].[localhost].[/] - Initializing Spring embedded WebApplicationContext
2022-05-19 02:23:02.590 [INFO ] org.springframework.boot.web.servlet.context.ServletWebServerApplicationContext - Root WebApplicationContext: initialization completed in 1915 ms
2022-05-19 02:23:06.235 [INFO ] org.springframework.security.web.DefaultSecurityFilterChain - Creating filter chain: Ant [pattern='/favicon.ico', GET], []
2022-05-19 02:23:06.236 [INFO ] org.springframework.security.web.DefaultSecurityFilterChain - Creating filter chain: Ant [pattern='/**/*.png', GET], []
2022-05-19 02:23:06.236 [INFO ] org.springframework.security.web.DefaultSecurityFilterChain - Creating filter chain: Ant [pattern='/**/*.ttf', GET], []
2022-05-19 02:23:06.236 [INFO ] org.springframework.security.web.DefaultSecurityFilterChain - Creating filter chain: Ant [pattern='/*.html', GET], []
2022-05-19 02:23:06.237 [INFO ] org.springframework.security.web.DefaultSecurityFilterChain - Creating filter chain: Ant [pattern='/**/*.css', GET], []
2022-05-19 02:23:06.237 [INFO ] org.springframework.security.web.DefaultSecurityFilterChain - Creating filter chain: Ant [pattern='/**/*.js', GET], []
2022-05-19 02:23:06.264 [INFO ] org.springframework.security.web.DefaultSecurityFilterChain - Creating filter chain: any request, [org.springframework.security.web.context.request.async.WebAsyncManagerIntegrationFilter@19bfbe28, org.springframework.security.web.context.SecurityContextPersistenceFilter@4ebd6fd6, org.springframework.security.web.header.HeaderWriterFilter@4f26425b, org.springframework.web.filter.CorsFilter@2c579202, org.springframework.security.web.authentication.logout.LogoutFilter@38f617f4, com.jawe.conf.jwt.JwtAuthenticationTokenFilter@30c3ae63, org.springframework.security.web.savedrequest.RequestCacheAwareFilter@7404ddca, org.springframework.security.web.servletapi.SecurityContextHolderAwareRequestFilter@629b780f, org.springframework.security.web.authentication.AnonymousAuthenticationFilter@49ced9c7, org.springframework.security.web.session.SessionManagementFilter@40dd552c, org.springframework.security.web.access.ExceptionTranslationFilter@184afb78, org.springframework.security.web.access.intercept.FilterSecurityInterceptor@50dc49e1]
2022-05-19 02:23:06.289 [INFO ] springfox.documentation.spring.web.PropertySourcedRequestMappingHandlerMapping - Mapped URL path [/v2/api-docs] onto method [springfox.documentation.swagger2.web.Swagger2Controller#getDocumentation(String, HttpServletRequest)]
2022-05-19 02:23:06.912 [INFO ] org.apache.coyote.http11.Http11NioProtocol - Starting ProtocolHandler ["http-nio-8881"]
2022-05-19 02:23:06.923 [INFO ] org.springframework.boot.web.embedded.tomcat.TomcatWebServer - Tomcat started on port(s): 8881 (http) with context path ''
2022-05-19 02:23:06.924 [INFO ] springfox.documentation.spring.web.plugins.DocumentationPluginsBootstrapper - Context refreshed
2022-05-19 02:23:06.938 [INFO ] springfox.documentation.spring.web.plugins.DocumentationPluginsBootstrapper - Found 1 custom documentation plugin(s)
2022-05-19 02:23:06.983 [INFO ] springfox.documentation.spring.web.scanners.ApiListingReferenceScanner - Scanning for api listing references
2022-05-19 02:23:07.257 [INFO ] com.jawe.DemoApplication - Started DemoApplication in 7.211 seconds (JVM running for 8.938)
2022-05-19 02:24:50.491 [INFO ] org.apache.catalina.core.ContainerBase.[Tomcat].[localhost].[/] - Initializing Spring DispatcherServlet 'dispatcherServlet'
2022-05-19 02:24:50.994 [INFO ] com.zaxxer.hikari.HikariDataSource - HikariPool-1 - Starting...
2022-05-19 02:24:51.363 [INFO ] com.zaxxer.hikari.HikariDataSource - HikariPool-1 - Start completed.
2022-05-19 02:35:13.519 [INFO ] com.jawe.state.OrderStateMachineConfig$$EnhancerBySpringCGLIB$$c95e7fa6 - 用户订单创建，待支付
2022-05-19 02:35:13.522 [INFO ] org.springframework.statemachine.support.LifecycleObjectSupport - started org.springframework.statemachine.support.DefaultStateMachineExecutor@6a25d285
2022-05-19 02:35:13.523 [INFO ] org.springframework.statemachine.support.LifecycleObjectSupport - started RETURN_FINISH WAIT_RETURNING FINISH COMMENTED WAIT_DELIVER WAIT_COMMENT WAIT_RECEIVE WAIT_PAYMENT CANCEL_FINISH  / WAIT_PAYMENT / uuid=8bbebdd7-2ffe-44ad-8189-9042227bcbf0 / id=null
2022-05-19 02:35:13.524 [INFO ] org.springframework.statemachine.support.LifecycleObjectSupport - stopped org.springframework.statemachine.support.DefaultStateMachineExecutor@6a25d285
2022-05-19 02:35:13.524 [INFO ] org.springframework.statemachine.support.LifecycleObjectSupport - stopped RETURN_FINISH WAIT_RETURNING FINISH COMMENTED WAIT_DELIVER WAIT_COMMENT WAIT_RECEIVE WAIT_PAYMENT CANCEL_FINISH  /  / uuid=8bbebdd7-2ffe-44ad-8189-9042227bcbf0 / id=null
2022-05-19 02:35:13.525 [INFO ] org.springframework.statemachine.support.LifecycleObjectSupport - started ObjectState [getIds()=[WAIT_DELIVER], getClass()=class org.springframework.statemachine.state.ObjectState, hashCode()=318065030, toString()=AbstractState [id=WAIT_DELIVER, pseudoState=null, deferred=[], entryActions=[], exitActions=[], stateActions=[], regions=[], submachine=null]]
2022-05-19 02:35:13.525 [INFO ] org.springframework.statemachine.support.LifecycleObjectSupport - started org.springframework.statemachine.support.DefaultStateMachineExecutor@6a25d285
2022-05-19 02:35:13.526 [INFO ] org.springframework.statemachine.support.LifecycleObjectSupport - started RETURN_FINISH WAIT_RETURNING FINISH COMMENTED WAIT_DELIVER WAIT_COMMENT WAIT_RECEIVE WAIT_PAYMENT CANCEL_FINISH  / WAIT_DELIVER / uuid=8bbebdd7-2ffe-44ad-8189-9042227bcbf0 / id=null
2022-05-19 02:35:13.531 [INFO ] com.jawe.state.OrderStateMachineConfig$$EnhancerBySpringCGLIB$$c95e7fa6 - 商家已发货，待接收
2022-05-19 02:35:13.532 [INFO ] org.springframework.statemachine.support.LifecycleObjectSupport - stopped org.springframework.statemachine.support.DefaultStateMachineExecutor@6a25d285
2022-05-19 02:35:13.532 [INFO ] org.springframework.statemachine.support.LifecycleObjectSupport - stopped RETURN_FINISH WAIT_RETURNING FINISH COMMENTED WAIT_DELIVER WAIT_COMMENT WAIT_RECEIVE WAIT_PAYMENT CANCEL_FINISH  /  / uuid=8bbebdd7-2ffe-44ad-8189-9042227bcbf0 / id=null
2022-05-19 02:43:29.240 [INFO ] com.jawe.DemoApplication - Starting DemoApplication using Java 1.8.0_291 on DESKTOP-A0VVV1J with PID 58300 (C:\Users\14618\Desktop\Sync\MyDemo\demo-parent\demo-base-web\target\classes started by 14618 in C:\Users\14618\Desktop\Sync\MyDemo\demo-parent)
2022-05-19 02:43:29.246 [INFO ] com.jawe.DemoApplication - No active profile set, falling back to default profiles: default
2022-05-19 02:43:30.298 [INFO ] org.springframework.data.repository.config.RepositoryConfigurationDelegate - Multiple Spring Data modules found, entering strict repository configuration mode!
2022-05-19 02:43:30.300 [INFO ] org.springframework.data.repository.config.RepositoryConfigurationDelegate - Bootstrapping Spring Data Redis repositories in DEFAULT mode.
2022-05-19 02:43:30.348 [INFO ] org.springframework.data.repository.config.RepositoryConfigurationDelegate - Finished Spring Data repository scanning in 29 ms. Found 0 Redis repository interfaces.
2022-05-19 02:43:30.666 [INFO ] org.springframework.context.support.PostProcessorRegistrationDelegate$BeanPostProcessorChecker - Bean 'org.springframework.statemachine.config.configuration.StateMachineAnnotationPostProcessorConfiguration' of type [org.springframework.statemachine.config.configuration.StateMachineAnnotationPostProcessorConfiguration$$EnhancerBySpringCGLIB$$ce00cfd6] is not eligible for getting processed by all BeanPostProcessors (for example: not eligible for auto-proxying)
2022-05-19 02:43:30.703 [INFO ] org.springframework.context.support.PostProcessorRegistrationDelegate$BeanPostProcessorChecker - Bean 'org.springframework.security.config.annotation.configuration.ObjectPostProcessorConfiguration' of type [org.springframework.security.config.annotation.configuration.ObjectPostProcessorConfiguration$$EnhancerBySpringCGLIB$$b1a820f] is not eligible for getting processed by all BeanPostProcessors (for example: not eligible for auto-proxying)
2022-05-19 02:43:30.745 [INFO ] org.springframework.context.support.PostProcessorRegistrationDelegate$BeanPostProcessorChecker - Bean 'objectPostProcessor' of type [org.springframework.security.config.annotation.configuration.AutowireBeanFactoryObjectPostProcessor] is not eligible for getting processed by all BeanPostProcessors (for example: not eligible for auto-proxying)
2022-05-19 02:43:30.747 [INFO ] org.springframework.context.support.PostProcessorRegistrationDelegate$BeanPostProcessorChecker - Bean 'org.springframework.security.access.expression.method.DefaultMethodSecurityExpressionHandler@78c1372d' of type [org.springframework.security.access.expression.method.DefaultMethodSecurityExpressionHandler] is not eligible for getting processed by all BeanPostProcessors (for example: not eligible for auto-proxying)
2022-05-19 02:43:30.749 [INFO ] org.springframework.context.support.PostProcessorRegistrationDelegate$BeanPostProcessorChecker - Bean 'org.springframework.security.config.annotation.method.configuration.GlobalMethodSecurityConfiguration' of type [org.springframework.security.config.annotation.method.configuration.GlobalMethodSecurityConfiguration$$EnhancerBySpringCGLIB$$2fef24c1] is not eligible for getting processed by all BeanPostProcessors (for example: not eligible for auto-proxying)
2022-05-19 02:43:30.752 [INFO ] org.springframework.context.support.PostProcessorRegistrationDelegate$BeanPostProcessorChecker - Bean 'methodSecurityMetadataSource' of type [org.springframework.security.access.method.DelegatingMethodSecurityMetadataSource] is not eligible for getting processed by all BeanPostProcessors (for example: not eligible for auto-proxying)
2022-05-19 02:43:30.953 [INFO ] org.springframework.boot.web.embedded.tomcat.TomcatWebServer - Tomcat initialized with port(s): 8881 (http)
2022-05-19 02:43:30.960 [INFO ] org.apache.coyote.http11.Http11NioProtocol - Initializing ProtocolHandler ["http-nio-8881"]
2022-05-19 02:43:30.961 [INFO ] org.apache.catalina.core.StandardService - Starting service [Tomcat]
2022-05-19 02:43:30.961 [INFO ] org.apache.catalina.core.StandardEngine - Starting Servlet engine: [Apache Tomcat/9.0.45]
2022-05-19 02:43:31.038 [INFO ] org.apache.catalina.core.ContainerBase.[Tomcat].[localhost].[/] - Initializing Spring embedded WebApplicationContext
2022-05-19 02:43:31.038 [INFO ] org.springframework.boot.web.servlet.context.ServletWebServerApplicationContext - Root WebApplicationContext: initialization completed in 1729 ms
2022-05-19 02:43:33.932 [INFO ] org.springframework.security.web.DefaultSecurityFilterChain - Creating filter chain: Ant [pattern='/favicon.ico', GET], []
2022-05-19 02:43:33.932 [INFO ] org.springframework.security.web.DefaultSecurityFilterChain - Creating filter chain: Ant [pattern='/**/*.png', GET], []
2022-05-19 02:43:33.933 [INFO ] org.springframework.security.web.DefaultSecurityFilterChain - Creating filter chain: Ant [pattern='/**/*.ttf', GET], []
2022-05-19 02:43:33.933 [INFO ] org.springframework.security.web.DefaultSecurityFilterChain - Creating filter chain: Ant [pattern='/*.html', GET], []
2022-05-19 02:43:33.933 [INFO ] org.springframework.security.web.DefaultSecurityFilterChain - Creating filter chain: Ant [pattern='/**/*.css', GET], []
2022-05-19 02:43:33.933 [INFO ] org.springframework.security.web.DefaultSecurityFilterChain - Creating filter chain: Ant [pattern='/**/*.js', GET], []
2022-05-19 02:43:33.960 [INFO ] org.springframework.security.web.DefaultSecurityFilterChain - Creating filter chain: any request, [org.springframework.security.web.context.request.async.WebAsyncManagerIntegrationFilter@b75b890, org.springframework.security.web.context.SecurityContextPersistenceFilter@15994b0b, org.springframework.security.web.header.HeaderWriterFilter@6704df84, org.springframework.web.filter.CorsFilter@70c491b8, org.springframework.security.web.authentication.logout.LogoutFilter@29dcdd1c, com.jawe.conf.jwt.JwtAuthenticationTokenFilter@45658133, org.springframework.security.web.savedrequest.RequestCacheAwareFilter@1a717d79, org.springframework.security.web.servletapi.SecurityContextHolderAwareRequestFilter@10e56da9, org.springframework.security.web.authentication.AnonymousAuthenticationFilter@439d545c, org.springframework.security.web.session.SessionManagementFilter@53bb71e5, org.springframework.security.web.access.ExceptionTranslationFilter@7fc7152e, org.springframework.security.web.access.intercept.FilterSecurityInterceptor@4416e18d]
2022-05-19 02:43:33.981 [INFO ] springfox.documentation.spring.web.PropertySourcedRequestMappingHandlerMapping - Mapped URL path [/v2/api-docs] onto method [springfox.documentation.swagger2.web.Swagger2Controller#getDocumentation(String, HttpServletRequest)]
2022-05-19 02:43:34.307 [INFO ] org.apache.coyote.http11.Http11NioProtocol - Starting ProtocolHandler ["http-nio-8881"]
2022-05-19 02:43:34.316 [INFO ] org.springframework.boot.web.embedded.tomcat.TomcatWebServer - Tomcat started on port(s): 8881 (http) with context path ''
2022-05-19 02:43:34.317 [INFO ] springfox.documentation.spring.web.plugins.DocumentationPluginsBootstrapper - Context refreshed
2022-05-19 02:43:34.327 [INFO ] springfox.documentation.spring.web.plugins.DocumentationPluginsBootstrapper - Found 1 custom documentation plugin(s)
2022-05-19 02:43:34.366 [INFO ] springfox.documentation.spring.web.scanners.ApiListingReferenceScanner - Scanning for api listing references
2022-05-19 02:43:34.674 [INFO ] com.jawe.DemoApplication - Started DemoApplication in 5.925 seconds (JVM running for 6.941)
2022-05-19 02:44:01.535 [INFO ] com.jawe.DemoApplication - Starting DemoApplication using Java 1.8.0_291 on DESKTOP-A0VVV1J with PID 60328 (C:\Users\14618\Desktop\Sync\MyDemo\demo-parent\demo-base-web\target\classes started by 14618 in C:\Users\14618\Desktop\Sync\MyDemo\demo-parent)
2022-05-19 02:44:01.542 [INFO ] com.jawe.DemoApplication - No active profile set, falling back to default profiles: default
2022-05-19 02:44:02.359 [INFO ] org.springframework.data.repository.config.RepositoryConfigurationDelegate - Multiple Spring Data modules found, entering strict repository configuration mode!
2022-05-19 02:44:02.361 [INFO ] org.springframework.data.repository.config.RepositoryConfigurationDelegate - Bootstrapping Spring Data Redis repositories in DEFAULT mode.
2022-05-19 02:44:02.401 [INFO ] org.springframework.data.repository.config.RepositoryConfigurationDelegate - Finished Spring Data repository scanning in 28 ms. Found 0 Redis repository interfaces.
2022-05-19 02:44:02.635 [INFO ] org.springframework.context.support.PostProcessorRegistrationDelegate$BeanPostProcessorChecker - Bean 'org.springframework.statemachine.config.configuration.StateMachineAnnotationPostProcessorConfiguration' of type [org.springframework.statemachine.config.configuration.StateMachineAnnotationPostProcessorConfiguration$$EnhancerBySpringCGLIB$$6fcd7a33] is not eligible for getting processed by all BeanPostProcessors (for example: not eligible for auto-proxying)
2022-05-19 02:44:02.655 [INFO ] org.springframework.context.support.PostProcessorRegistrationDelegate$BeanPostProcessorChecker - Bean 'org.springframework.security.config.annotation.configuration.ObjectPostProcessorConfiguration' of type [org.springframework.security.config.annotation.configuration.ObjectPostProcessorConfiguration$$EnhancerBySpringCGLIB$$ace72c6c] is not eligible for getting processed by all BeanPostProcessors (for example: not eligible for auto-proxying)
2022-05-19 02:44:02.685 [INFO ] org.springframework.context.support.PostProcessorRegistrationDelegate$BeanPostProcessorChecker - Bean 'objectPostProcessor' of type [org.springframework.security.config.annotation.configuration.AutowireBeanFactoryObjectPostProcessor] is not eligible for getting processed by all BeanPostProcessors (for example: not eligible for auto-proxying)
2022-05-19 02:44:02.687 [INFO ] org.springframework.context.support.PostProcessorRegistrationDelegate$BeanPostProcessorChecker - Bean 'org.springframework.security.access.expression.method.DefaultMethodSecurityExpressionHandler@5a237731' of type [org.springframework.security.access.expression.method.DefaultMethodSecurityExpressionHandler] is not eligible for getting processed by all BeanPostProcessors (for example: not eligible for auto-proxying)
2022-05-19 02:44:02.689 [INFO ] org.springframework.context.support.PostProcessorRegistrationDelegate$BeanPostProcessorChecker - Bean 'org.springframework.security.config.annotation.method.configuration.GlobalMethodSecurityConfiguration' of type [org.springframework.security.config.annotation.method.configuration.GlobalMethodSecurityConfiguration$$EnhancerBySpringCGLIB$$d1bbcf1e] is not eligible for getting processed by all BeanPostProcessors (for example: not eligible for auto-proxying)
2022-05-19 02:44:02.691 [INFO ] org.springframework.context.support.PostProcessorRegistrationDelegate$BeanPostProcessorChecker - Bean 'methodSecurityMetadataSource' of type [org.springframework.security.access.method.DelegatingMethodSecurityMetadataSource] is not eligible for getting processed by all BeanPostProcessors (for example: not eligible for auto-proxying)
2022-05-19 02:44:02.894 [INFO ] org.springframework.boot.web.embedded.tomcat.TomcatWebServer - Tomcat initialized with port(s): 8881 (http)
2022-05-19 02:44:02.903 [INFO ] org.apache.coyote.http11.Http11NioProtocol - Initializing ProtocolHandler ["http-nio-8881"]
2022-05-19 02:44:02.904 [INFO ] org.apache.catalina.core.StandardService - Starting service [Tomcat]
2022-05-19 02:44:02.904 [INFO ] org.apache.catalina.core.StandardEngine - Starting Servlet engine: [Apache Tomcat/9.0.45]
2022-05-19 02:44:02.984 [INFO ] org.apache.catalina.core.ContainerBase.[Tomcat].[localhost].[/] - Initializing Spring embedded WebApplicationContext
2022-05-19 02:44:02.984 [INFO ] org.springframework.boot.web.servlet.context.ServletWebServerApplicationContext - Root WebApplicationContext: initialization completed in 1392 ms
2022-05-19 02:44:05.820 [INFO ] org.springframework.security.web.DefaultSecurityFilterChain - Creating filter chain: Ant [pattern='/favicon.ico', GET], []
2022-05-19 02:44:05.820 [INFO ] org.springframework.security.web.DefaultSecurityFilterChain - Creating filter chain: Ant [pattern='/**/*.png', GET], []
2022-05-19 02:44:05.820 [INFO ] org.springframework.security.web.DefaultSecurityFilterChain - Creating filter chain: Ant [pattern='/**/*.ttf', GET], []
2022-05-19 02:44:05.820 [INFO ] org.springframework.security.web.DefaultSecurityFilterChain - Creating filter chain: Ant [pattern='/*.html', GET], []
2022-05-19 02:44:05.821 [INFO ] org.springframework.security.web.DefaultSecurityFilterChain - Creating filter chain: Ant [pattern='/**/*.css', GET], []
2022-05-19 02:44:05.821 [INFO ] org.springframework.security.web.DefaultSecurityFilterChain - Creating filter chain: Ant [pattern='/**/*.js', GET], []
2022-05-19 02:44:05.847 [INFO ] org.springframework.security.web.DefaultSecurityFilterChain - Creating filter chain: any request, [org.springframework.security.web.context.request.async.WebAsyncManagerIntegrationFilter@766b6d02, org.springframework.security.web.context.SecurityContextPersistenceFilter@9be7319, org.springframework.security.web.header.HeaderWriterFilter@615e83ac, org.springframework.web.filter.CorsFilter@6b09ce57, org.springframework.security.web.authentication.logout.LogoutFilter@6704df84, com.jawe.conf.jwt.JwtAuthenticationTokenFilter@642857e0, org.springframework.security.web.savedrequest.RequestCacheAwareFilter@42730828, org.springframework.security.web.servletapi.SecurityContextHolderAwareRequestFilter@51eb0e84, org.springframework.security.web.authentication.AnonymousAuthenticationFilter@5c4f4330, org.springframework.security.web.session.SessionManagementFilter@4e50ae56, org.springframework.security.web.access.ExceptionTranslationFilter@5e5a8718, org.springframework.security.web.access.intercept.FilterSecurityInterceptor@11c7a0b4]
2022-05-19 02:44:05.872 [INFO ] springfox.documentation.spring.web.PropertySourcedRequestMappingHandlerMapping - Mapped URL path [/v2/api-docs] onto method [springfox.documentation.swagger2.web.Swagger2Controller#getDocumentation(String, HttpServletRequest)]
2022-05-19 02:44:06.211 [INFO ] org.apache.coyote.http11.Http11NioProtocol - Starting ProtocolHandler ["http-nio-8881"]
2022-05-19 02:44:06.219 [INFO ] org.springframework.boot.web.embedded.tomcat.TomcatWebServer - Tomcat started on port(s): 8881 (http) with context path ''
2022-05-19 02:44:06.220 [INFO ] springfox.documentation.spring.web.plugins.DocumentationPluginsBootstrapper - Context refreshed
2022-05-19 02:44:06.229 [INFO ] springfox.documentation.spring.web.plugins.DocumentationPluginsBootstrapper - Found 1 custom documentation plugin(s)
2022-05-19 02:44:06.265 [INFO ] springfox.documentation.spring.web.scanners.ApiListingReferenceScanner - Scanning for api listing references
2022-05-19 02:44:06.466 [INFO ] com.jawe.DemoApplication - Started DemoApplication in 5.424 seconds (JVM running for 6.526)
2022-05-19 02:44:12.941 [INFO ] org.apache.catalina.core.ContainerBase.[Tomcat].[localhost].[/] - Initializing Spring DispatcherServlet 'dispatcherServlet'
2022-05-19 02:44:13.418 [INFO ] com.zaxxer.hikari.HikariDataSource - HikariPool-1 - Starting...
2022-05-19 02:44:13.754 [INFO ] com.zaxxer.hikari.HikariDataSource - HikariPool-1 - Start completed.
2022-05-19 02:58:00.878 [INFO ] com.jawe.DemoApplication - Starting DemoApplication using Java 1.8.0_291 on DESKTOP-A0VVV1J with PID 36152 (C:\Users\14618\Desktop\Sync\MyDemo\demo-parent\demo-base-web\target\classes started by 14618 in C:\Users\14618\Desktop\Sync\MyDemo\demo-parent)
2022-05-19 02:58:00.886 [INFO ] com.jawe.DemoApplication - No active profile set, falling back to default profiles: default
2022-05-19 02:58:01.791 [INFO ] org.springframework.data.repository.config.RepositoryConfigurationDelegate - Multiple Spring Data modules found, entering strict repository configuration mode!
2022-05-19 02:58:01.793 [INFO ] org.springframework.data.repository.config.RepositoryConfigurationDelegate - Bootstrapping Spring Data Redis repositories in DEFAULT mode.
2022-05-19 02:58:01.833 [INFO ] org.springframework.data.repository.config.RepositoryConfigurationDelegate - Finished Spring Data repository scanning in 28 ms. Found 0 Redis repository interfaces.
2022-05-19 02:58:02.072 [INFO ] org.springframework.context.support.PostProcessorRegistrationDelegate$BeanPostProcessorChecker - Bean 'org.springframework.statemachine.config.configuration.StateMachineAnnotationPostProcessorConfiguration' of type [org.springframework.statemachine.config.configuration.StateMachineAnnotationPostProcessorConfiguration$$EnhancerBySpringCGLIB$$1e84f6d] is not eligible for getting processed by all BeanPostProcessors (for example: not eligible for auto-proxying)
2022-05-19 02:58:02.095 [INFO ] org.springframework.context.support.PostProcessorRegistrationDelegate$BeanPostProcessorChecker - Bean 'org.springframework.security.config.annotation.configuration.ObjectPostProcessorConfiguration' of type [org.springframework.security.config.annotation.configuration.ObjectPostProcessorConfiguration$$EnhancerBySpringCGLIB$$3f0201a6] is not eligible for getting processed by all BeanPostProcessors (for example: not eligible for auto-proxying)
2022-05-19 02:58:02.124 [INFO ] org.springframework.context.support.PostProcessorRegistrationDelegate$BeanPostProcessorChecker - Bean 'objectPostProcessor' of type [org.springframework.security.config.annotation.configuration.AutowireBeanFactoryObjectPostProcessor] is not eligible for getting processed by all BeanPostProcessors (for example: not eligible for auto-proxying)
2022-05-19 02:58:02.126 [INFO ] org.springframework.context.support.PostProcessorRegistrationDelegate$BeanPostProcessorChecker - Bean 'org.springframework.security.access.expression.method.DefaultMethodSecurityExpressionHandler@6f1a80fb' of type [org.springframework.security.access.expression.method.DefaultMethodSecurityExpressionHandler] is not eligible for getting processed by all BeanPostProcessors (for example: not eligible for auto-proxying)
2022-05-19 02:58:02.127 [INFO ] org.springframework.context.support.PostProcessorRegistrationDelegate$BeanPostProcessorChecker - Bean 'org.springframework.security.config.annotation.method.configuration.GlobalMethodSecurityConfiguration' of type [org.springframework.security.config.annotation.method.configuration.GlobalMethodSecurityConfiguration$$EnhancerBySpringCGLIB$$63d6a458] is not eligible for getting processed by all BeanPostProcessors (for example: not eligible for auto-proxying)
2022-05-19 02:58:02.130 [INFO ] org.springframework.context.support.PostProcessorRegistrationDelegate$BeanPostProcessorChecker - Bean 'methodSecurityMetadataSource' of type [org.springframework.security.access.method.DelegatingMethodSecurityMetadataSource] is not eligible for getting processed by all BeanPostProcessors (for example: not eligible for auto-proxying)
2022-05-19 02:58:02.343 [INFO ] org.springframework.boot.web.embedded.tomcat.TomcatWebServer - Tomcat initialized with port(s): 8881 (http)
2022-05-19 02:58:02.350 [INFO ] org.apache.coyote.http11.Http11NioProtocol - Initializing ProtocolHandler ["http-nio-8881"]
2022-05-19 02:58:02.351 [INFO ] org.apache.catalina.core.StandardService - Starting service [Tomcat]
2022-05-19 02:58:02.351 [INFO ] org.apache.catalina.core.StandardEngine - Starting Servlet engine: [Apache Tomcat/9.0.45]
2022-05-19 02:58:02.426 [INFO ] org.apache.catalina.core.ContainerBase.[Tomcat].[localhost].[/] - Initializing Spring embedded WebApplicationContext
2022-05-19 02:58:02.426 [INFO ] org.springframework.boot.web.servlet.context.ServletWebServerApplicationContext - Root WebApplicationContext: initialization completed in 1456 ms
2022-05-19 02:58:05.214 [INFO ] org.springframework.security.web.DefaultSecurityFilterChain - Creating filter chain: Ant [pattern='/favicon.ico', GET], []
2022-05-19 02:58:05.214 [INFO ] org.springframework.security.web.DefaultSecurityFilterChain - Creating filter chain: Ant [pattern='/**/*.png', GET], []
2022-05-19 02:58:05.214 [INFO ] org.springframework.security.web.DefaultSecurityFilterChain - Creating filter chain: Ant [pattern='/**/*.ttf', GET], []
2022-05-19 02:58:05.214 [INFO ] org.springframework.security.web.DefaultSecurityFilterChain - Creating filter chain: Ant [pattern='/*.html', GET], []
2022-05-19 02:58:05.215 [INFO ] org.springframework.security.web.DefaultSecurityFilterChain - Creating filter chain: Ant [pattern='/**/*.css', GET], []
2022-05-19 02:58:05.215 [INFO ] org.springframework.security.web.DefaultSecurityFilterChain - Creating filter chain: Ant [pattern='/**/*.js', GET], []
2022-05-19 02:58:05.248 [INFO ] org.springframework.security.web.DefaultSecurityFilterChain - Creating filter chain: any request, [org.springframework.security.web.context.request.async.WebAsyncManagerIntegrationFilter@653a5967, org.springframework.security.web.context.SecurityContextPersistenceFilter@4e50ae56, org.springframework.security.web.header.HeaderWriterFilter@5e5a8718, org.springframework.web.filter.CorsFilter@5a85b4e6, org.springframework.security.web.authentication.logout.LogoutFilter@7fc7152e, com.jawe.conf.jwt.JwtAuthenticationTokenFilter@7e351d7, org.springframework.security.web.savedrequest.RequestCacheAwareFilter@9be7319, org.springframework.security.web.servletapi.SecurityContextHolderAwareRequestFilter@5fb7ab9c, org.springframework.security.web.authentication.AnonymousAuthenticationFilter@766b6d02, org.springframework.security.web.session.SessionManagementFilter@615e83ac, org.springframework.security.web.access.ExceptionTranslationFilter@33f4c769, org.springframework.security.web.access.intercept.FilterSecurityInterceptor@2c579202]
2022-05-19 02:58:05.273 [INFO ] springfox.documentation.spring.web.PropertySourcedRequestMappingHandlerMapping - Mapped URL path [/v2/api-docs] onto method [springfox.documentation.swagger2.web.Swagger2Controller#getDocumentation(String, HttpServletRequest)]
2022-05-19 02:58:05.649 [INFO ] org.apache.coyote.http11.Http11NioProtocol - Starting ProtocolHandler ["http-nio-8881"]
2022-05-19 02:58:05.660 [INFO ] org.springframework.boot.web.embedded.tomcat.TomcatWebServer - Tomcat started on port(s): 8881 (http) with context path ''
2022-05-19 02:58:05.661 [INFO ] springfox.documentation.spring.web.plugins.DocumentationPluginsBootstrapper - Context refreshed
2022-05-19 02:58:05.672 [INFO ] springfox.documentation.spring.web.plugins.DocumentationPluginsBootstrapper - Found 1 custom documentation plugin(s)
2022-05-19 02:58:05.711 [INFO ] springfox.documentation.spring.web.scanners.ApiListingReferenceScanner - Scanning for api listing references
2022-05-19 02:58:05.912 [INFO ] com.jawe.DemoApplication - Started DemoApplication in 5.567 seconds (JVM running for 6.631)
2022-05-19 02:58:09.061 [INFO ] org.apache.catalina.core.ContainerBase.[Tomcat].[localhost].[/] - Initializing Spring DispatcherServlet 'dispatcherServlet'
2022-05-19 02:58:09.728 [INFO ] com.zaxxer.hikari.HikariDataSource - HikariPool-1 - Starting...
2022-05-19 02:58:09.959 [INFO ] com.zaxxer.hikari.HikariDataSource - HikariPool-1 - Start completed.
2022-05-19 02:58:20.262 [INFO ] com.jawe.system.service.impl.GoodsCategoryServiceImpl - true
2022-05-19 02:59:22.016 [INFO ] com.jawe.DemoApplication - Starting DemoApplication using Java 1.8.0_291 on DESKTOP-A0VVV1J with PID 15552 (C:\Users\14618\Desktop\Sync\MyDemo\demo-parent\demo-base-web\target\classes started by 14618 in C:\Users\14618\Desktop\Sync\MyDemo\demo-parent)
2022-05-19 02:59:22.022 [INFO ] com.jawe.DemoApplication - No active profile set, falling back to default profiles: default
2022-05-19 02:59:22.968 [INFO ] org.springframework.data.repository.config.RepositoryConfigurationDelegate - Multiple Spring Data modules found, entering strict repository configuration mode!
2022-05-19 02:59:22.970 [INFO ] org.springframework.data.repository.config.RepositoryConfigurationDelegate - Bootstrapping Spring Data Redis repositories in DEFAULT mode.
2022-05-19 02:59:23.010 [INFO ] org.springframework.data.repository.config.RepositoryConfigurationDelegate - Finished Spring Data repository scanning in 27 ms. Found 0 Redis repository interfaces.
2022-05-19 02:59:23.288 [INFO ] org.springframework.context.support.PostProcessorRegistrationDelegate$BeanPostProcessorChecker - Bean 'org.springframework.statemachine.config.configuration.StateMachineAnnotationPostProcessorConfiguration' of type [org.springframework.statemachine.config.configuration.StateMachineAnnotationPostProcessorConfiguration$$EnhancerBySpringCGLIB$$6fcd7a33] is not eligible for getting processed by all BeanPostProcessors (for example: not eligible for auto-proxying)
2022-05-19 02:59:23.311 [INFO ] org.springframework.context.support.PostProcessorRegistrationDelegate$BeanPostProcessorChecker - Bean 'org.springframework.security.config.annotation.configuration.ObjectPostProcessorConfiguration' of type [org.springframework.security.config.annotation.configuration.ObjectPostProcessorConfiguration$$EnhancerBySpringCGLIB$$ace72c6c] is not eligible for getting processed by all BeanPostProcessors (for example: not eligible for auto-proxying)
2022-05-19 02:59:23.337 [INFO ] org.springframework.context.support.PostProcessorRegistrationDelegate$BeanPostProcessorChecker - Bean 'objectPostProcessor' of type [org.springframework.security.config.annotation.configuration.AutowireBeanFactoryObjectPostProcessor] is not eligible for getting processed by all BeanPostProcessors (for example: not eligible for auto-proxying)
2022-05-19 02:59:23.339 [INFO ] org.springframework.context.support.PostProcessorRegistrationDelegate$BeanPostProcessorChecker - Bean 'org.springframework.security.access.expression.method.DefaultMethodSecurityExpressionHandler@5a237731' of type [org.springframework.security.access.expression.method.DefaultMethodSecurityExpressionHandler] is not eligible for getting processed by all BeanPostProcessors (for example: not eligible for auto-proxying)
2022-05-19 02:59:23.341 [INFO ] org.springframework.context.support.PostProcessorRegistrationDelegate$BeanPostProcessorChecker - Bean 'org.springframework.security.config.annotation.method.configuration.GlobalMethodSecurityConfiguration' of type [org.springframework.security.config.annotation.method.configuration.GlobalMethodSecurityConfiguration$$EnhancerBySpringCGLIB$$d1bbcf1e] is not eligible for getting processed by all BeanPostProcessors (for example: not eligible for auto-proxying)
2022-05-19 02:59:23.343 [INFO ] org.springframework.context.support.PostProcessorRegistrationDelegate$BeanPostProcessorChecker - Bean 'methodSecurityMetadataSource' of type [org.springframework.security.access.method.DelegatingMethodSecurityMetadataSource] is not eligible for getting processed by all BeanPostProcessors (for example: not eligible for auto-proxying)
2022-05-19 02:59:23.535 [INFO ] org.springframework.boot.web.embedded.tomcat.TomcatWebServer - Tomcat initialized with port(s): 8881 (http)
2022-05-19 02:59:23.542 [INFO ] org.apache.coyote.http11.Http11NioProtocol - Initializing ProtocolHandler ["http-nio-8881"]
2022-05-19 02:59:23.543 [INFO ] org.apache.catalina.core.StandardService - Starting service [Tomcat]
2022-05-19 02:59:23.543 [INFO ] org.apache.catalina.core.StandardEngine - Starting Servlet engine: [Apache Tomcat/9.0.45]
2022-05-19 02:59:23.623 [INFO ] org.apache.catalina.core.ContainerBase.[Tomcat].[localhost].[/] - Initializing Spring embedded WebApplicationContext
2022-05-19 02:59:23.624 [INFO ] org.springframework.boot.web.servlet.context.ServletWebServerApplicationContext - Root WebApplicationContext: initialization completed in 1518 ms
2022-05-19 02:59:26.567 [INFO ] org.springframework.security.web.DefaultSecurityFilterChain - Creating filter chain: Ant [pattern='/favicon.ico', GET], []
2022-05-19 02:59:26.567 [INFO ] org.springframework.security.web.DefaultSecurityFilterChain - Creating filter chain: Ant [pattern='/**/*.png', GET], []
2022-05-19 02:59:26.567 [INFO ] org.springframework.security.web.DefaultSecurityFilterChain - Creating filter chain: Ant [pattern='/**/*.ttf', GET], []
2022-05-19 02:59:26.567 [INFO ] org.springframework.security.web.DefaultSecurityFilterChain - Creating filter chain: Ant [pattern='/*.html', GET], []
2022-05-19 02:59:26.567 [INFO ] org.springframework.security.web.DefaultSecurityFilterChain - Creating filter chain: Ant [pattern='/**/*.css', GET], []
2022-05-19 02:59:26.568 [INFO ] org.springframework.security.web.DefaultSecurityFilterChain - Creating filter chain: Ant [pattern='/**/*.js', GET], []
2022-05-19 02:59:26.596 [INFO ] org.springframework.security.web.DefaultSecurityFilterChain - Creating filter chain: any request, [org.springframework.security.web.context.request.async.WebAsyncManagerIntegrationFilter@766b6d02, org.springframework.security.web.context.SecurityContextPersistenceFilter@9be7319, org.springframework.security.web.header.HeaderWriterFilter@615e83ac, org.springframework.web.filter.CorsFilter@6b09ce57, org.springframework.security.web.authentication.logout.LogoutFilter@6704df84, com.jawe.conf.jwt.JwtAuthenticationTokenFilter@642857e0, org.springframework.security.web.savedrequest.RequestCacheAwareFilter@42730828, org.springframework.security.web.servletapi.SecurityContextHolderAwareRequestFilter@51eb0e84, org.springframework.security.web.authentication.AnonymousAuthenticationFilter@5c4f4330, org.springframework.security.web.session.SessionManagementFilter@4e50ae56, org.springframework.security.web.access.ExceptionTranslationFilter@5e5a8718, org.springframework.security.web.access.intercept.FilterSecurityInterceptor@11c7a0b4]
2022-05-19 02:59:26.618 [INFO ] springfox.documentation.spring.web.PropertySourcedRequestMappingHandlerMapping - Mapped URL path [/v2/api-docs] onto method [springfox.documentation.swagger2.web.Swagger2Controller#getDocumentation(String, HttpServletRequest)]
2022-05-19 02:59:26.973 [INFO ] org.apache.coyote.http11.Http11NioProtocol - Starting ProtocolHandler ["http-nio-8881"]
2022-05-19 02:59:26.982 [INFO ] org.springframework.boot.web.embedded.tomcat.TomcatWebServer - Tomcat started on port(s): 8881 (http) with context path ''
2022-05-19 02:59:26.984 [INFO ] springfox.documentation.spring.web.plugins.DocumentationPluginsBootstrapper - Context refreshed
2022-05-19 02:59:26.994 [INFO ] springfox.documentation.spring.web.plugins.DocumentationPluginsBootstrapper - Found 1 custom documentation plugin(s)
2022-05-19 02:59:27.033 [INFO ] springfox.documentation.spring.web.scanners.ApiListingReferenceScanner - Scanning for api listing references
2022-05-19 02:59:27.277 [INFO ] com.jawe.DemoApplication - Started DemoApplication in 5.721 seconds (JVM running for 6.756)
2022-05-19 02:59:40.897 [INFO ] org.apache.catalina.core.ContainerBase.[Tomcat].[localhost].[/] - Initializing Spring DispatcherServlet 'dispatcherServlet'
2022-05-19 02:59:41.059 [INFO ] com.zaxxer.hikari.HikariDataSource - HikariPool-1 - Starting...
2022-05-19 02:59:41.737 [INFO ] com.zaxxer.hikari.HikariDataSource - HikariPool-1 - Start completed.
2022-05-19 03:00:18.019 [INFO ] com.jawe.DemoApplication - Starting DemoApplication using Java 1.8.0_291 on DESKTOP-A0VVV1J with PID 28972 (C:\Users\14618\Desktop\Sync\MyDemo\demo-parent\demo-base-web\target\classes started by 14618 in C:\Users\14618\Desktop\Sync\MyDemo\demo-parent)
2022-05-19 03:00:18.025 [INFO ] com.jawe.DemoApplication - No active profile set, falling back to default profiles: default
2022-05-19 03:00:18.902 [INFO ] org.springframework.data.repository.config.RepositoryConfigurationDelegate - Multiple Spring Data modules found, entering strict repository configuration mode!
2022-05-19 03:00:18.904 [INFO ] org.springframework.data.repository.config.RepositoryConfigurationDelegate - Bootstrapping Spring Data Redis repositories in DEFAULT mode.
2022-05-19 03:00:18.951 [INFO ] org.springframework.data.repository.config.RepositoryConfigurationDelegate - Finished Spring Data repository scanning in 30 ms. Found 0 Redis repository interfaces.
2022-05-19 03:00:19.205 [INFO ] org.springframework.context.support.PostProcessorRegistrationDelegate$BeanPostProcessorChecker - Bean 'org.springframework.statemachine.config.configuration.StateMachineAnnotationPostProcessorConfiguration' of type [org.springframework.statemachine.config.configuration.StateMachineAnnotationPostProcessorConfiguration$$EnhancerBySpringCGLIB$$6fcd7a33] is not eligible for getting processed by all BeanPostProcessors (for example: not eligible for auto-proxying)
2022-05-19 03:00:19.225 [INFO ] org.springframework.context.support.PostProcessorRegistrationDelegate$BeanPostProcessorChecker - Bean 'org.springframework.security.config.annotation.configuration.ObjectPostProcessorConfiguration' of type [org.springframework.security.config.annotation.configuration.ObjectPostProcessorConfiguration$$EnhancerBySpringCGLIB$$ace72c6c] is not eligible for getting processed by all BeanPostProcessors (for example: not eligible for auto-proxying)
2022-05-19 03:00:19.253 [INFO ] org.springframework.context.support.PostProcessorRegistrationDelegate$BeanPostProcessorChecker - Bean 'objectPostProcessor' of type [org.springframework.security.config.annotation.configuration.AutowireBeanFactoryObjectPostProcessor] is not eligible for getting processed by all BeanPostProcessors (for example: not eligible for auto-proxying)
2022-05-19 03:00:19.255 [INFO ] org.springframework.context.support.PostProcessorRegistrationDelegate$BeanPostProcessorChecker - Bean 'org.springframework.security.access.expression.method.DefaultMethodSecurityExpressionHandler@3062f9f4' of type [org.springframework.security.access.expression.method.DefaultMethodSecurityExpressionHandler] is not eligible for getting processed by all BeanPostProcessors (for example: not eligible for auto-proxying)
2022-05-19 03:00:19.256 [INFO ] org.springframework.context.support.PostProcessorRegistrationDelegate$BeanPostProcessorChecker - Bean 'org.springframework.security.config.annotation.method.configuration.GlobalMethodSecurityConfiguration' of type [org.springframework.security.config.annotation.method.configuration.GlobalMethodSecurityConfiguration$$EnhancerBySpringCGLIB$$d1bbcf1e] is not eligible for getting processed by all BeanPostProcessors (for example: not eligible for auto-proxying)
2022-05-19 03:00:19.258 [INFO ] org.springframework.context.support.PostProcessorRegistrationDelegate$BeanPostProcessorChecker - Bean 'methodSecurityMetadataSource' of type [org.springframework.security.access.method.DelegatingMethodSecurityMetadataSource] is not eligible for getting processed by all BeanPostProcessors (for example: not eligible for auto-proxying)
2022-05-19 03:00:19.456 [INFO ] org.springframework.boot.web.embedded.tomcat.TomcatWebServer - Tomcat initialized with port(s): 8881 (http)
2022-05-19 03:00:19.464 [INFO ] org.apache.coyote.http11.Http11NioProtocol - Initializing ProtocolHandler ["http-nio-8881"]
2022-05-19 03:00:19.465 [INFO ] org.apache.catalina.core.StandardService - Starting service [Tomcat]
2022-05-19 03:00:19.465 [INFO ] org.apache.catalina.core.StandardEngine - Starting Servlet engine: [Apache Tomcat/9.0.45]
2022-05-19 03:00:19.554 [INFO ] org.apache.catalina.core.ContainerBase.[Tomcat].[localhost].[/] - Initializing Spring embedded WebApplicationContext
2022-05-19 03:00:19.555 [INFO ] org.springframework.boot.web.servlet.context.ServletWebServerApplicationContext - Root WebApplicationContext: initialization completed in 1475 ms
2022-05-19 03:00:22.357 [INFO ] org.springframework.security.web.DefaultSecurityFilterChain - Creating filter chain: Ant [pattern='/favicon.ico', GET], []
2022-05-19 03:00:22.358 [INFO ] org.springframework.security.web.DefaultSecurityFilterChain - Creating filter chain: Ant [pattern='/**/*.png', GET], []
2022-05-19 03:00:22.358 [INFO ] org.springframework.security.web.DefaultSecurityFilterChain - Creating filter chain: Ant [pattern='/**/*.ttf', GET], []
2022-05-19 03:00:22.358 [INFO ] org.springframework.security.web.DefaultSecurityFilterChain - Creating filter chain: Ant [pattern='/*.html', GET], []
2022-05-19 03:00:22.358 [INFO ] org.springframework.security.web.DefaultSecurityFilterChain - Creating filter chain: Ant [pattern='/**/*.css', GET], []
2022-05-19 03:00:22.358 [INFO ] org.springframework.security.web.DefaultSecurityFilterChain - Creating filter chain: Ant [pattern='/**/*.js', GET], []
2022-05-19 03:00:22.384 [INFO ] org.springframework.security.web.DefaultSecurityFilterChain - Creating filter chain: any request, [org.springframework.security.web.context.request.async.WebAsyncManagerIntegrationFilter@2b9e69fb, org.springframework.security.web.context.SecurityContextPersistenceFilter@33f4c769, org.springframework.security.web.header.HeaderWriterFilter@22da200e, org.springframework.web.filter.CorsFilter@19bfbe28, org.springframework.security.web.authentication.logout.LogoutFilter@6775c0d1, com.jawe.conf.jwt.JwtAuthenticationTokenFilter@2db1b657, org.springframework.security.web.savedrequest.RequestCacheAwareFilter@5e5a8718, org.springframework.security.web.servletapi.SecurityContextHolderAwareRequestFilter@18c7f6b5, org.springframework.security.web.authentication.AnonymousAuthenticationFilter@2c579202, org.springframework.security.web.session.SessionManagementFilter@f03ee8f, org.springframework.security.web.access.ExceptionTranslationFilter@76e6c070, org.springframework.security.web.access.intercept.FilterSecurityInterceptor@44aa91e2]
2022-05-19 03:00:22.407 [INFO ] springfox.documentation.spring.web.PropertySourcedRequestMappingHandlerMapping - Mapped URL path [/v2/api-docs] onto method [springfox.documentation.swagger2.web.Swagger2Controller#getDocumentation(String, HttpServletRequest)]
2022-05-19 03:00:22.728 [INFO ] org.apache.coyote.http11.Http11NioProtocol - Starting ProtocolHandler ["http-nio-8881"]
2022-05-19 03:00:22.737 [INFO ] org.springframework.boot.web.embedded.tomcat.TomcatWebServer - Tomcat started on port(s): 8881 (http) with context path ''
2022-05-19 03:00:22.738 [INFO ] springfox.documentation.spring.web.plugins.DocumentationPluginsBootstrapper - Context refreshed
2022-05-19 03:00:22.747 [INFO ] springfox.documentation.spring.web.plugins.DocumentationPluginsBootstrapper - Found 1 custom documentation plugin(s)
2022-05-19 03:00:22.784 [INFO ] springfox.documentation.spring.web.scanners.ApiListingReferenceScanner - Scanning for api listing references
2022-05-19 03:00:23.016 [INFO ] com.jawe.DemoApplication - Started DemoApplication in 5.455 seconds (JVM running for 6.432)
2022-05-19 03:00:28.555 [INFO ] org.apache.catalina.core.ContainerBase.[Tomcat].[localhost].[/] - Initializing Spring DispatcherServlet 'dispatcherServlet'
2022-05-19 03:00:29.087 [INFO ] com.zaxxer.hikari.HikariDataSource - HikariPool-1 - Starting...
2022-05-19 03:00:29.417 [INFO ] com.zaxxer.hikari.HikariDataSource - HikariPool-1 - Start completed.
2022-05-19 03:00:39.237 [INFO ] com.jawe.system.service.impl.GoodsCategoryServiceImpl - true
2022-05-19 03:00:47.882 [INFO ] com.jawe.system.service.impl.GoodsCategoryServiceImpl - false
2022-05-19 03:01:44.025 [INFO ] com.jawe.DemoApplication - Starting DemoApplication using Java 1.8.0_291 on DESKTOP-A0VVV1J with PID 37524 (C:\Users\14618\Desktop\Sync\MyDemo\demo-parent\demo-base-web\target\classes started by 14618 in C:\Users\14618\Desktop\Sync\MyDemo\demo-parent)
2022-05-19 03:01:44.031 [INFO ] com.jawe.DemoApplication - No active profile set, falling back to default profiles: default
2022-05-19 03:01:44.842 [INFO ] org.springframework.data.repository.config.RepositoryConfigurationDelegate - Multiple Spring Data modules found, entering strict repository configuration mode!
2022-05-19 03:01:44.844 [INFO ] org.springframework.data.repository.config.RepositoryConfigurationDelegate - Bootstrapping Spring Data Redis repositories in DEFAULT mode.
2022-05-19 03:01:44.891 [INFO ] org.springframework.data.repository.config.RepositoryConfigurationDelegate - Finished Spring Data repository scanning in 32 ms. Found 0 Redis repository interfaces.
2022-05-19 03:01:45.124 [INFO ] org.springframework.context.support.PostProcessorRegistrationDelegate$BeanPostProcessorChecker - Bean 'org.springframework.statemachine.config.configuration.StateMachineAnnotationPostProcessorConfiguration' of type [org.springframework.statemachine.config.configuration.StateMachineAnnotationPostProcessorConfiguration$$EnhancerBySpringCGLIB$$8d5f36] is not eligible for getting processed by all BeanPostProcessors (for example: not eligible for auto-proxying)
2022-05-19 03:01:45.143 [INFO ] org.springframework.context.support.PostProcessorRegistrationDelegate$BeanPostProcessorChecker - Bean 'org.springframework.security.config.annotation.configuration.ObjectPostProcessorConfiguration' of type [org.springframework.security.config.annotation.configuration.ObjectPostProcessorConfiguration$$EnhancerBySpringCGLIB$$3da7116f] is not eligible for getting processed by all BeanPostProcessors (for example: not eligible for auto-proxying)
2022-05-19 03:01:45.171 [INFO ] org.springframework.context.support.PostProcessorRegistrationDelegate$BeanPostProcessorChecker - Bean 'objectPostProcessor' of type [org.springframework.security.config.annotation.configuration.AutowireBeanFactoryObjectPostProcessor] is not eligible for getting processed by all BeanPostProcessors (for example: not eligible for auto-proxying)
2022-05-19 03:01:45.173 [INFO ] org.springframework.context.support.PostProcessorRegistrationDelegate$BeanPostProcessorChecker - Bean 'org.springframework.security.access.expression.method.DefaultMethodSecurityExpressionHandler@28cb3a25' of type [org.springframework.security.access.expression.method.DefaultMethodSecurityExpressionHandler] is not eligible for getting processed by all BeanPostProcessors (for example: not eligible for auto-proxying)
2022-05-19 03:01:45.175 [INFO ] org.springframework.context.support.PostProcessorRegistrationDelegate$BeanPostProcessorChecker - Bean 'org.springframework.security.config.annotation.method.configuration.GlobalMethodSecurityConfiguration' of type [org.springframework.security.config.annotation.method.configuration.GlobalMethodSecurityConfiguration$$EnhancerBySpringCGLIB$$627bb421] is not eligible for getting processed by all BeanPostProcessors (for example: not eligible for auto-proxying)
2022-05-19 03:01:45.177 [INFO ] org.springframework.context.support.PostProcessorRegistrationDelegate$BeanPostProcessorChecker - Bean 'methodSecurityMetadataSource' of type [org.springframework.security.access.method.DelegatingMethodSecurityMetadataSource] is not eligible for getting processed by all BeanPostProcessors (for example: not eligible for auto-proxying)
2022-05-19 03:01:45.369 [INFO ] org.springframework.boot.web.embedded.tomcat.TomcatWebServer - Tomcat initialized with port(s): 8881 (http)
2022-05-19 03:01:45.376 [INFO ] org.apache.coyote.http11.Http11NioProtocol - Initializing ProtocolHandler ["http-nio-8881"]
2022-05-19 03:01:45.377 [INFO ] org.apache.catalina.core.StandardService - Starting service [Tomcat]
2022-05-19 03:01:45.377 [INFO ] org.apache.catalina.core.StandardEngine - Starting Servlet engine: [Apache Tomcat/9.0.45]
2022-05-19 03:01:45.448 [INFO ] org.apache.catalina.core.ContainerBase.[Tomcat].[localhost].[/] - Initializing Spring embedded WebApplicationContext
2022-05-19 03:01:45.449 [INFO ] org.springframework.boot.web.servlet.context.ServletWebServerApplicationContext - Root WebApplicationContext: initialization completed in 1372 ms
2022-05-19 03:01:48.550 [INFO ] org.springframework.security.web.DefaultSecurityFilterChain - Creating filter chain: Ant [pattern='/favicon.ico', GET], []
2022-05-19 03:01:48.550 [INFO ] org.springframework.security.web.DefaultSecurityFilterChain - Creating filter chain: Ant [pattern='/**/*.png', GET], []
2022-05-19 03:01:48.550 [INFO ] org.springframework.security.web.DefaultSecurityFilterChain - Creating filter chain: Ant [pattern='/**/*.ttf', GET], []
2022-05-19 03:01:48.550 [INFO ] org.springframework.security.web.DefaultSecurityFilterChain - Creating filter chain: Ant [pattern='/*.html', GET], []
2022-05-19 03:01:48.551 [INFO ] org.springframework.security.web.DefaultSecurityFilterChain - Creating filter chain: Ant [pattern='/**/*.css', GET], []
2022-05-19 03:01:48.551 [INFO ] org.springframework.security.web.DefaultSecurityFilterChain - Creating filter chain: Ant [pattern='/**/*.js', GET], []
2022-05-19 03:01:48.577 [INFO ] org.springframework.security.web.DefaultSecurityFilterChain - Creating filter chain: any request, [org.springframework.security.web.context.request.async.WebAsyncManagerIntegrationFilter@3babcaed, org.springframework.security.web.context.SecurityContextPersistenceFilter@40dd552c, org.springframework.security.web.header.HeaderWriterFilter@184afb78, org.springframework.web.filter.CorsFilter@2b9e69fb, org.springframework.security.web.authentication.logout.LogoutFilter@6ee37ca7, com.jawe.conf.jwt.JwtAuthenticationTokenFilter@642857e0, org.springframework.security.web.savedrequest.RequestCacheAwareFilter@4ebd6fd6, org.springframework.security.web.servletapi.SecurityContextHolderAwareRequestFilter@42730828, org.springframework.security.web.authentication.AnonymousAuthenticationFilter@19bfbe28, org.springframework.security.web.session.SessionManagementFilter@4f26425b, org.springframework.security.web.access.ExceptionTranslationFilter@1c6e3ff9, org.springframework.security.web.access.intercept.FilterSecurityInterceptor@43e3a390]
2022-05-19 03:01:48.599 [INFO ] springfox.documentation.spring.web.PropertySourcedRequestMappingHandlerMapping - Mapped URL path [/v2/api-docs] onto method [springfox.documentation.swagger2.web.Swagger2Controller#getDocumentation(String, HttpServletRequest)]
2022-05-19 03:01:48.914 [INFO ] org.apache.coyote.http11.Http11NioProtocol - Starting ProtocolHandler ["http-nio-8881"]
2022-05-19 03:01:48.922 [INFO ] org.springframework.boot.web.embedded.tomcat.TomcatWebServer - Tomcat started on port(s): 8881 (http) with context path ''
2022-05-19 03:01:48.923 [INFO ] springfox.documentation.spring.web.plugins.DocumentationPluginsBootstrapper - Context refreshed
2022-05-19 03:01:48.932 [INFO ] springfox.documentation.spring.web.plugins.DocumentationPluginsBootstrapper - Found 1 custom documentation plugin(s)
2022-05-19 03:01:48.968 [INFO ] springfox.documentation.spring.web.scanners.ApiListingReferenceScanner - Scanning for api listing references
2022-05-19 03:01:49.165 [INFO ] com.jawe.DemoApplication - Started DemoApplication in 5.626 seconds (JVM running for 7.173)
2022-05-19 03:01:55.660 [INFO ] org.apache.catalina.core.ContainerBase.[Tomcat].[localhost].[/] - Initializing Spring DispatcherServlet 'dispatcherServlet'
2022-05-19 03:01:56.161 [INFO ] com.zaxxer.hikari.HikariDataSource - HikariPool-1 - Starting...
2022-05-19 03:01:56.470 [INFO ] com.zaxxer.hikari.HikariDataSource - HikariPool-1 - Start completed.
2022-05-19 03:02:05.991 [INFO ] com.jawe.system.service.impl.GoodsCategoryServiceImpl - true
2022-05-19 03:02:37.798 [INFO ] com.jawe.state.OrderStateMachineConfig$$EnhancerBySpringCGLIB$$40daf5a7 - 用户订单创建，待支付
2022-05-19 03:02:37.800 [INFO ] org.springframework.statemachine.support.LifecycleObjectSupport - started org.springframework.statemachine.support.DefaultStateMachineExecutor@6a997a35
2022-05-19 03:02:37.801 [INFO ] org.springframework.statemachine.support.LifecycleObjectSupport - started WAIT_DELIVER WAIT_RECEIVE CANCEL_FINISH FINISH COMMENTED WAIT_RETURNING WAIT_PAYMENT WAIT_COMMENT RETURN_FINISH  / WAIT_PAYMENT / uuid=977bdefc-8e31-45d9-a87d-7e52aa61abb2 / id=null
2022-05-19 03:02:37.802 [INFO ] org.springframework.statemachine.support.LifecycleObjectSupport - stopped org.springframework.statemachine.support.DefaultStateMachineExecutor@6a997a35
2022-05-19 03:02:37.802 [INFO ] org.springframework.statemachine.support.LifecycleObjectSupport - stopped WAIT_DELIVER WAIT_RECEIVE CANCEL_FINISH FINISH COMMENTED WAIT_RETURNING WAIT_PAYMENT WAIT_COMMENT RETURN_FINISH  /  / uuid=977bdefc-8e31-45d9-a87d-7e52aa61abb2 / id=null
2022-05-19 03:02:37.803 [INFO ] org.springframework.statemachine.support.LifecycleObjectSupport - started ObjectState [getIds()=[WAIT_PAYMENT], getClass()=class org.springframework.statemachine.state.ObjectState, hashCode()=218465781, toString()=AbstractState [id=WAIT_PAYMENT, pseudoState=org.springframework.statemachine.state.DefaultPseudoState@3f3beba, deferred=[], entryActions=[], exitActions=[], stateActions=[], regions=[], submachine=null]]
2022-05-19 03:02:37.803 [INFO ] org.springframework.statemachine.support.LifecycleObjectSupport - started org.springframework.statemachine.support.DefaultStateMachineExecutor@6a997a35
2022-05-19 03:02:37.803 [INFO ] org.springframework.statemachine.support.LifecycleObjectSupport - started WAIT_DELIVER WAIT_RECEIVE CANCEL_FINISH FINISH COMMENTED WAIT_RETURNING WAIT_PAYMENT WAIT_COMMENT RETURN_FINISH  / WAIT_PAYMENT / uuid=977bdefc-8e31-45d9-a87d-7e52aa61abb2 / id=null
2022-05-19 03:02:37.808 [INFO ] com.jawe.state.OrderStateMachineConfig$$EnhancerBySpringCGLIB$$40daf5a7 - 用户已支付，待发货
2022-05-19 03:02:37.809 [INFO ] org.springframework.statemachine.support.LifecycleObjectSupport - stopped org.springframework.statemachine.support.DefaultStateMachineExecutor@6a997a35
2022-05-19 03:02:37.810 [INFO ] org.springframework.statemachine.support.LifecycleObjectSupport - stopped WAIT_DELIVER WAIT_RECEIVE CANCEL_FINISH FINISH COMMENTED WAIT_RETURNING WAIT_PAYMENT WAIT_COMMENT RETURN_FINISH  /  / uuid=977bdefc-8e31-45d9-a87d-7e52aa61abb2 / id=null
2022-05-19 16:05:38.479 [INFO ] com.jawe.DemoApplication - Starting DemoApplication using Java 1.8.0_291 on DESKTOP-A0VVV1J with PID 21556 (C:\Users\14618\Desktop\Sync\MyDemo\demo-parent\demo-base-web\target\classes started by 14618 in C:\Users\14618\Desktop\Sync\MyDemo\demo-parent)
2022-05-19 16:05:38.491 [INFO ] com.jawe.DemoApplication - No active profile set, falling back to default profiles: default
2022-05-19 16:05:39.670 [INFO ] org.springframework.data.repository.config.RepositoryConfigurationDelegate - Multiple Spring Data modules found, entering strict repository configuration mode!
2022-05-19 16:05:39.673 [INFO ] org.springframework.data.repository.config.RepositoryConfigurationDelegate - Bootstrapping Spring Data Redis repositories in DEFAULT mode.
2022-05-19 16:05:39.724 [INFO ] org.springframework.data.repository.config.RepositoryConfigurationDelegate - Finished Spring Data repository scanning in 33 ms. Found 0 Redis repository interfaces.
2022-05-19 16:05:39.986 [INFO ] org.springframework.context.support.PostProcessorRegistrationDelegate$BeanPostProcessorChecker - Bean 'org.springframework.statemachine.config.configuration.StateMachineAnnotationPostProcessorConfiguration' of type [org.springframework.statemachine.config.configuration.StateMachineAnnotationPostProcessorConfiguration$$EnhancerBySpringCGLIB$$1e84f6d] is not eligible for getting processed by all BeanPostProcessors (for example: not eligible for auto-proxying)
2022-05-19 16:05:40.010 [INFO ] org.springframework.context.support.PostProcessorRegistrationDelegate$BeanPostProcessorChecker - Bean 'org.springframework.security.config.annotation.configuration.ObjectPostProcessorConfiguration' of type [org.springframework.security.config.annotation.configuration.ObjectPostProcessorConfiguration$$EnhancerBySpringCGLIB$$3f0201a6] is not eligible for getting processed by all BeanPostProcessors (for example: not eligible for auto-proxying)
2022-05-19 16:05:40.047 [INFO ] org.springframework.context.support.PostProcessorRegistrationDelegate$BeanPostProcessorChecker - Bean 'objectPostProcessor' of type [org.springframework.security.config.annotation.configuration.AutowireBeanFactoryObjectPostProcessor] is not eligible for getting processed by all BeanPostProcessors (for example: not eligible for auto-proxying)
2022-05-19 16:05:40.049 [INFO ] org.springframework.context.support.PostProcessorRegistrationDelegate$BeanPostProcessorChecker - Bean 'org.springframework.security.access.expression.method.DefaultMethodSecurityExpressionHandler@38792286' of type [org.springframework.security.access.expression.method.DefaultMethodSecurityExpressionHandler] is not eligible for getting processed by all BeanPostProcessors (for example: not eligible for auto-proxying)
2022-05-19 16:05:40.052 [INFO ] org.springframework.context.support.PostProcessorRegistrationDelegate$BeanPostProcessorChecker - Bean 'org.springframework.security.config.annotation.method.configuration.GlobalMethodSecurityConfiguration' of type [org.springframework.security.config.annotation.method.configuration.GlobalMethodSecurityConfiguration$$EnhancerBySpringCGLIB$$63d6a458] is not eligible for getting processed by all BeanPostProcessors (for example: not eligible for auto-proxying)
2022-05-19 16:05:40.055 [INFO ] org.springframework.context.support.PostProcessorRegistrationDelegate$BeanPostProcessorChecker - Bean 'methodSecurityMetadataSource' of type [org.springframework.security.access.method.DelegatingMethodSecurityMetadataSource] is not eligible for getting processed by all BeanPostProcessors (for example: not eligible for auto-proxying)
2022-05-19 16:05:40.559 [INFO ] org.springframework.boot.web.embedded.tomcat.TomcatWebServer - Tomcat initialized with port(s): 8881 (http)
2022-05-19 16:05:40.567 [INFO ] org.apache.coyote.http11.Http11NioProtocol - Initializing ProtocolHandler ["http-nio-8881"]
2022-05-19 16:05:40.568 [INFO ] org.apache.catalina.core.StandardService - Starting service [Tomcat]
2022-05-19 16:05:40.568 [INFO ] org.apache.catalina.core.StandardEngine - Starting Servlet engine: [Apache Tomcat/9.0.45]
2022-05-19 16:05:40.692 [INFO ] org.apache.catalina.core.ContainerBase.[Tomcat].[localhost].[/] - Initializing Spring embedded WebApplicationContext
2022-05-19 16:05:40.694 [INFO ] org.springframework.boot.web.servlet.context.ServletWebServerApplicationContext - Root WebApplicationContext: initialization completed in 2140 ms
2022-05-19 16:05:43.960 [INFO ] org.springframework.security.web.DefaultSecurityFilterChain - Creating filter chain: Ant [pattern='/favicon.ico', GET], []
2022-05-19 16:05:43.960 [INFO ] org.springframework.security.web.DefaultSecurityFilterChain - Creating filter chain: Ant [pattern='/**/*.png', GET], []
2022-05-19 16:05:43.960 [INFO ] org.springframework.security.web.DefaultSecurityFilterChain - Creating filter chain: Ant [pattern='/**/*.ttf', GET], []
2022-05-19 16:05:43.961 [INFO ] org.springframework.security.web.DefaultSecurityFilterChain - Creating filter chain: Ant [pattern='/*.html', GET], []
2022-05-19 16:05:43.961 [INFO ] org.springframework.security.web.DefaultSecurityFilterChain - Creating filter chain: Ant [pattern='/**/*.css', GET], []
2022-05-19 16:05:43.961 [INFO ] org.springframework.security.web.DefaultSecurityFilterChain - Creating filter chain: Ant [pattern='/**/*.js', GET], []
2022-05-19 16:05:43.990 [INFO ] org.springframework.security.web.DefaultSecurityFilterChain - Creating filter chain: any request, [org.springframework.security.web.context.request.async.WebAsyncManagerIntegrationFilter@50dc49e1, org.springframework.security.web.context.SecurityContextPersistenceFilter@4f26425b, org.springframework.security.web.header.HeaderWriterFilter@1c6e3ff9, org.springframework.web.filter.CorsFilter@650a1aff, org.springframework.security.web.authentication.logout.LogoutFilter@4ce267cc, com.jawe.conf.jwt.JwtAuthenticationTokenFilter@58658f63, org.springframework.security.web.savedrequest.RequestCacheAwareFilter@40dd552c, org.springframework.security.web.servletapi.SecurityContextHolderAwareRequestFilter@9be7319, org.springframework.security.web.authentication.AnonymousAuthenticationFilter@3babcaed, org.springframework.security.web.session.SessionManagementFilter@184afb78, org.springframework.security.web.access.ExceptionTranslationFilter@11bfffb3, org.springframework.security.web.access.intercept.FilterSecurityInterceptor@8f39224]
2022-05-19 16:05:44.013 [INFO ] springfox.documentation.spring.web.PropertySourcedRequestMappingHandlerMapping - Mapped URL path [/v2/api-docs] onto method [springfox.documentation.swagger2.web.Swagger2Controller#getDocumentation(String, HttpServletRequest)]
2022-05-19 16:05:44.376 [INFO ] org.apache.coyote.http11.Http11NioProtocol - Starting ProtocolHandler ["http-nio-8881"]
2022-05-19 16:05:44.385 [INFO ] org.springframework.boot.web.embedded.tomcat.TomcatWebServer - Tomcat started on port(s): 8881 (http) with context path ''
2022-05-19 16:05:44.386 [INFO ] springfox.documentation.spring.web.plugins.DocumentationPluginsBootstrapper - Context refreshed
2022-05-19 16:05:44.396 [INFO ] springfox.documentation.spring.web.plugins.DocumentationPluginsBootstrapper - Found 1 custom documentation plugin(s)
2022-05-19 16:05:44.437 [INFO ] springfox.documentation.spring.web.scanners.ApiListingReferenceScanner - Scanning for api listing references
2022-05-19 16:05:44.653 [INFO ] com.jawe.DemoApplication - Started DemoApplication in 6.847 seconds (JVM running for 7.898)
2022-05-19 16:09:51.196 [INFO ] org.apache.catalina.core.ContainerBase.[Tomcat].[localhost].[/] - Initializing Spring DispatcherServlet 'dispatcherServlet'
2022-05-19 16:09:51.933 [INFO ] com.zaxxer.hikari.HikariDataSource - HikariPool-1 - Starting...
2022-05-19 16:09:52.194 [INFO ] com.zaxxer.hikari.HikariDataSource - HikariPool-1 - Start completed.
2022-05-19 16:12:29.013 [INFO ] com.jawe.system.service.impl.GoodsCategoryServiceImpl - true
2022-05-19 17:23:07.577 [INFO ] com.jawe.system.service.impl.GoodsCategoryServiceImpl - false
2022-05-19 17:30:59.572 [INFO ] com.jawe.system.service.impl.GoodsCategoryServiceImpl - true
2022-05-19 20:13:57.654 [INFO ] com.jawe.system.service.impl.GoodsCategoryServiceImpl - false
