2022-05-14 03:11:56.045 [INFO ] com.jawe.system.service.impl.GoodsCategoryServiceImpl - false
2022-05-14 03:12:09.668 [INFO ] com.jawe.state.OrderStateMachineConfig$$EnhancerBySpringCGLIB$$56a64461 - 用户订单创建，待支付
2022-05-14 03:12:09.673 [INFO ] org.springframework.statemachine.support.LifecycleObjectSupport - started org.springframework.statemachine.support.DefaultStateMachineExecutor@41c46c1c
2022-05-14 03:12:09.673 [INFO ] org.springframework.statemachine.support.LifecycleObjectSupport - started WAIT_COMMENT WAIT_RETURNING CANCEL_FINISH FINISH RETURN_FINISH WAIT_RECEIVE WAIT_DELIVER COMMENTED WAIT_PAYMENT  / WAIT_PAYMENT / uuid=650adb24-cefb-48cc-ad11-b33cd3c4c7b3 / id=null
2022-05-14 03:12:09.675 [INFO ] org.springframework.statemachine.support.LifecycleObjectSupport - stopped org.springframework.statemachine.support.DefaultStateMachineExecutor@41c46c1c
2022-05-14 03:12:09.676 [INFO ] org.springframework.statemachine.support.LifecycleObjectSupport - stopped WAIT_COMMENT WAIT_RETURNING CANCEL_FINISH FINISH RETURN_FINISH WAIT_RECEIVE WAIT_DELIVER COMMENTED WAIT_PAYMENT  /  / uuid=650adb24-cefb-48cc-ad11-b33cd3c4c7b3 / id=null
2022-05-14 03:12:09.677 [INFO ] org.springframework.statemachine.support.LifecycleObjectSupport - started ObjectState [getIds()=[WAIT_DELIVER], getClass()=class org.springframework.statemachine.state.ObjectState, hashCode()=758620695, toString()=AbstractState [id=WAIT_DELIVER, pseudoState=null, deferred=[], entryActions=[], exitActions=[], stateActions=[], regions=[], submachine=null]]
2022-05-14 03:12:09.677 [INFO ] org.springframework.statemachine.support.LifecycleObjectSupport - started org.springframework.statemachine.support.DefaultStateMachineExecutor@41c46c1c
2022-05-14 03:12:09.677 [INFO ] org.springframework.statemachine.support.LifecycleObjectSupport - started WAIT_COMMENT WAIT_RETURNING CANCEL_FINISH FINISH RETURN_FINISH WAIT_RECEIVE WAIT_DELIVER COMMENTED WAIT_PAYMENT  / WAIT_DELIVER / uuid=650adb24-cefb-48cc-ad11-b33cd3c4c7b3 / id=null
2022-05-14 03:12:09.685 [INFO ] com.jawe.state.OrderStateMachineConfig$$EnhancerBySpringCGLIB$$56a64461 - 商家已发货，待接收
2022-05-14 03:12:09.687 [INFO ] org.springframework.statemachine.support.LifecycleObjectSupport - stopped org.springframework.statemachine.support.DefaultStateMachineExecutor@41c46c1c
2022-05-14 03:12:09.687 [INFO ] org.springframework.statemachine.support.LifecycleObjectSupport - stopped WAIT_COMMENT WAIT_RETURNING CANCEL_FINISH FINISH RETURN_FINISH WAIT_RECEIVE WAIT_DELIVER COMMENTED WAIT_PAYMENT  /  / uuid=650adb24-cefb-48cc-ad11-b33cd3c4c7b3 / id=null
2022-05-14 03:12:18.702 [INFO ] com.jawe.state.OrderStateMachineConfig$$EnhancerBySpringCGLIB$$56a64461 - 用户订单创建，待支付
2022-05-14 03:12:18.702 [INFO ] org.springframework.statemachine.support.LifecycleObjectSupport - started org.springframework.statemachine.support.DefaultStateMachineExecutor@41c46c1c
2022-05-14 03:12:18.702 [INFO ] org.springframework.statemachine.support.LifecycleObjectSupport - started WAIT_COMMENT WAIT_RETURNING CANCEL_FINISH FINISH RETURN_FINISH WAIT_RECEIVE WAIT_DELIVER COMMENTED WAIT_PAYMENT  / WAIT_PAYMENT / uuid=650adb24-cefb-48cc-ad11-b33cd3c4c7b3 / id=null
2022-05-14 03:12:18.703 [INFO ] org.springframework.statemachine.support.LifecycleObjectSupport - stopped org.springframework.statemachine.support.DefaultStateMachineExecutor@41c46c1c
2022-05-14 03:12:18.703 [INFO ] org.springframework.statemachine.support.LifecycleObjectSupport - stopped WAIT_COMMENT WAIT_RETURNING CANCEL_FINISH FINISH RETURN_FINISH WAIT_RECEIVE WAIT_DELIVER COMMENTED WAIT_PAYMENT  /  / uuid=650adb24-cefb-48cc-ad11-b33cd3c4c7b3 / id=null
2022-05-14 03:12:18.703 [INFO ] org.springframework.statemachine.support.LifecycleObjectSupport - started ObjectState [getIds()=[WAIT_RECEIVE], getClass()=class org.springframework.statemachine.state.ObjectState, hashCode()=950059049, toString()=AbstractState [id=WAIT_RECEIVE, pseudoState=null, deferred=[], entryActions=[], exitActions=[], stateActions=[], regions=[], submachine=null]]
2022-05-14 03:12:18.704 [INFO ] org.springframework.statemachine.support.LifecycleObjectSupport - started org.springframework.statemachine.support.DefaultStateMachineExecutor@41c46c1c
2022-05-14 03:12:18.704 [INFO ] org.springframework.statemachine.support.LifecycleObjectSupport - started WAIT_COMMENT WAIT_RETURNING CANCEL_FINISH FINISH RETURN_FINISH WAIT_RECEIVE WAIT_DELIVER COMMENTED WAIT_PAYMENT  / WAIT_RECEIVE / uuid=650adb24-cefb-48cc-ad11-b33cd3c4c7b3 / id=null
2022-05-14 03:12:18.706 [INFO ] org.springframework.statemachine.support.LifecycleObjectSupport - stopped org.springframework.statemachine.support.DefaultStateMachineExecutor@41c46c1c
2022-05-14 03:12:18.706 [INFO ] org.springframework.statemachine.support.LifecycleObjectSupport - stopped WAIT_COMMENT WAIT_RETURNING CANCEL_FINISH FINISH RETURN_FINISH WAIT_RECEIVE WAIT_DELIVER COMMENTED WAIT_PAYMENT  /  / uuid=650adb24-cefb-48cc-ad11-b33cd3c4c7b3 / id=null
2022-05-14 03:17:14.155 [INFO ] com.jawe.state.OrderStateMachineConfig$$EnhancerBySpringCGLIB$$56a64461 - 用户订单创建，待支付
2022-05-14 03:17:14.156 [INFO ] org.springframework.statemachine.support.LifecycleObjectSupport - started org.springframework.statemachine.support.DefaultStateMachineExecutor@41c46c1c
2022-05-14 03:17:14.156 [INFO ] org.springframework.statemachine.support.LifecycleObjectSupport - started WAIT_COMMENT WAIT_RETURNING CANCEL_FINISH FINISH RETURN_FINISH WAIT_RECEIVE WAIT_DELIVER COMMENTED WAIT_PAYMENT  / WAIT_PAYMENT / uuid=650adb24-cefb-48cc-ad11-b33cd3c4c7b3 / id=null
2022-05-14 03:17:14.156 [INFO ] org.springframework.statemachine.support.LifecycleObjectSupport - stopped org.springframework.statemachine.support.DefaultStateMachineExecutor@41c46c1c
2022-05-14 03:17:14.157 [INFO ] org.springframework.statemachine.support.LifecycleObjectSupport - stopped WAIT_COMMENT WAIT_RETURNING CANCEL_FINISH FINISH RETURN_FINISH WAIT_RECEIVE WAIT_DELIVER COMMENTED WAIT_PAYMENT  /  / uuid=650adb24-cefb-48cc-ad11-b33cd3c4c7b3 / id=null
2022-05-14 03:17:14.157 [INFO ] org.springframework.statemachine.support.LifecycleObjectSupport - started ObjectState [getIds()=[WAIT_COMMENT], getClass()=class org.springframework.statemachine.state.ObjectState, hashCode()=1788803035, toString()=AbstractState [id=WAIT_COMMENT, pseudoState=null, deferred=[], entryActions=[], exitActions=[], stateActions=[], regions=[], submachine=null]]
2022-05-14 03:17:14.157 [INFO ] org.springframework.statemachine.support.LifecycleObjectSupport - started org.springframework.statemachine.support.DefaultStateMachineExecutor@41c46c1c
2022-05-14 03:17:14.158 [INFO ] org.springframework.statemachine.support.LifecycleObjectSupport - started WAIT_COMMENT WAIT_RETURNING CANCEL_FINISH FINISH RETURN_FINISH WAIT_RECEIVE WAIT_DELIVER COMMENTED WAIT_PAYMENT  / WAIT_COMMENT / uuid=650adb24-cefb-48cc-ad11-b33cd3c4c7b3 / id=null
2022-05-14 03:17:14.159 [INFO ] org.springframework.statemachine.support.LifecycleObjectSupport - stopped org.springframework.statemachine.support.DefaultStateMachineExecutor@41c46c1c
2022-05-14 03:17:14.159 [INFO ] org.springframework.statemachine.support.LifecycleObjectSupport - stopped WAIT_COMMENT WAIT_RETURNING CANCEL_FINISH FINISH RETURN_FINISH WAIT_RECEIVE WAIT_DELIVER COMMENTED WAIT_PAYMENT  /  / uuid=650adb24-cefb-48cc-ad11-b33cd3c4c7b3 / id=null
2022-05-14 03:18:40.255 [INFO ] com.jawe.DemoApplication - Starting DemoApplication using Java 1.8.0_291 on DESKTOP-A0VVV1J with PID 41292 (C:\Users\14618\Desktop\Sync\MyDemo\demo-parent\demo-base-web\target\classes started by 14618 in C:\Users\14618\Desktop\Sync\MyDemo\demo-parent)
2022-05-14 03:18:40.262 [INFO ] com.jawe.DemoApplication - No active profile set, falling back to default profiles: default
2022-05-14 03:18:41.332 [INFO ] org.springframework.data.repository.config.RepositoryConfigurationDelegate - Multiple Spring Data modules found, entering strict repository configuration mode!
2022-05-14 03:18:41.333 [INFO ] org.springframework.data.repository.config.RepositoryConfigurationDelegate - Bootstrapping Spring Data Redis repositories in DEFAULT mode.
2022-05-14 03:18:41.373 [INFO ] org.springframework.data.repository.config.RepositoryConfigurationDelegate - Finished Spring Data repository scanning in 28 ms. Found 0 Redis repository interfaces.
2022-05-14 03:18:41.603 [INFO ] org.springframework.context.support.PostProcessorRegistrationDelegate$BeanPostProcessorChecker - Bean 'org.springframework.statemachine.config.configuration.StateMachineAnnotationPostProcessorConfiguration' of type [org.springframework.statemachine.config.configuration.StateMachineAnnotationPostProcessorConfiguration$$EnhancerBySpringCGLIB$$b951b8d9] is not eligible for getting processed by all BeanPostProcessors (for example: not eligible for auto-proxying)
2022-05-14 03:18:41.623 [INFO ] org.springframework.context.support.PostProcessorRegistrationDelegate$BeanPostProcessorChecker - Bean 'org.springframework.security.config.annotation.configuration.ObjectPostProcessorConfiguration' of type [org.springframework.security.config.annotation.configuration.ObjectPostProcessorConfiguration$$EnhancerBySpringCGLIB$$f66b6b12] is not eligible for getting processed by all BeanPostProcessors (for example: not eligible for auto-proxying)
2022-05-14 03:18:41.666 [INFO ] org.springframework.context.support.PostProcessorRegistrationDelegate$BeanPostProcessorChecker - Bean 'objectPostProcessor' of type [org.springframework.security.config.annotation.configuration.AutowireBeanFactoryObjectPostProcessor] is not eligible for getting processed by all BeanPostProcessors (for example: not eligible for auto-proxying)
2022-05-14 03:18:41.668 [INFO ] org.springframework.context.support.PostProcessorRegistrationDelegate$BeanPostProcessorChecker - Bean 'org.springframework.security.access.expression.method.DefaultMethodSecurityExpressionHandler@21079a12' of type [org.springframework.security.access.expression.method.DefaultMethodSecurityExpressionHandler] is not eligible for getting processed by all BeanPostProcessors (for example: not eligible for auto-proxying)
2022-05-14 03:18:41.669 [INFO ] org.springframework.context.support.PostProcessorRegistrationDelegate$BeanPostProcessorChecker - Bean 'org.springframework.security.config.annotation.method.configuration.GlobalMethodSecurityConfiguration' of type [org.springframework.security.config.annotation.method.configuration.GlobalMethodSecurityConfiguration$$EnhancerBySpringCGLIB$$1b400dc4] is not eligible for getting processed by all BeanPostProcessors (for example: not eligible for auto-proxying)
2022-05-14 03:18:41.672 [INFO ] org.springframework.context.support.PostProcessorRegistrationDelegate$BeanPostProcessorChecker - Bean 'methodSecurityMetadataSource' of type [org.springframework.security.access.method.DelegatingMethodSecurityMetadataSource] is not eligible for getting processed by all BeanPostProcessors (for example: not eligible for auto-proxying)
2022-05-14 03:18:41.888 [INFO ] org.springframework.boot.web.embedded.tomcat.TomcatWebServer - Tomcat initialized with port(s): 8881 (http)
2022-05-14 03:18:41.895 [INFO ] org.apache.coyote.http11.Http11NioProtocol - Initializing ProtocolHandler ["http-nio-8881"]
2022-05-14 03:18:41.895 [INFO ] org.apache.catalina.core.StandardService - Starting service [Tomcat]
2022-05-14 03:18:41.895 [INFO ] org.apache.catalina.core.StandardEngine - Starting Servlet engine: [Apache Tomcat/9.0.45]
2022-05-14 03:18:41.970 [INFO ] org.apache.catalina.core.ContainerBase.[Tomcat].[localhost].[/] - Initializing Spring embedded WebApplicationContext
2022-05-14 03:18:41.970 [INFO ] org.springframework.boot.web.servlet.context.ServletWebServerApplicationContext - Root WebApplicationContext: initialization completed in 1587 ms
2022-05-14 03:18:45.080 [INFO ] org.springframework.security.web.DefaultSecurityFilterChain - Creating filter chain: Ant [pattern='/favicon.ico', GET], []
2022-05-14 03:18:45.080 [INFO ] org.springframework.security.web.DefaultSecurityFilterChain - Creating filter chain: Ant [pattern='/**/*.png', GET], []
2022-05-14 03:18:45.080 [INFO ] org.springframework.security.web.DefaultSecurityFilterChain - Creating filter chain: Ant [pattern='/**/*.ttf', GET], []
2022-05-14 03:18:45.081 [INFO ] org.springframework.security.web.DefaultSecurityFilterChain - Creating filter chain: Ant [pattern='/*.html', GET], []
2022-05-14 03:18:45.081 [INFO ] org.springframework.security.web.DefaultSecurityFilterChain - Creating filter chain: Ant [pattern='/**/*.css', GET], []
2022-05-14 03:18:45.081 [INFO ] org.springframework.security.web.DefaultSecurityFilterChain - Creating filter chain: Ant [pattern='/**/*.js', GET], []
2022-05-14 03:18:45.120 [INFO ] org.springframework.security.web.DefaultSecurityFilterChain - Creating filter chain: any request, [org.springframework.security.web.context.request.async.WebAsyncManagerIntegrationFilter@682e422c, org.springframework.security.web.context.SecurityContextPersistenceFilter@6075b369, org.springframework.security.web.header.HeaderWriterFilter@6b1321b7, org.springframework.web.filter.CorsFilter@5bb8e6fc, org.springframework.security.web.authentication.logout.LogoutFilter@448462f0, com.jawe.conf.jwt.JwtAuthenticationTokenFilter@16ac5d35, org.springframework.security.web.savedrequest.RequestCacheAwareFilter@6b70d1fb, org.springframework.security.web.servletapi.SecurityContextHolderAwareRequestFilter@79df80a4, org.springframework.security.web.authentication.AnonymousAuthenticationFilter@2726a511, org.springframework.security.web.session.SessionManagementFilter@6ac45c0c, org.springframework.security.web.access.ExceptionTranslationFilter@7ac48e10, org.springframework.security.web.access.intercept.FilterSecurityInterceptor@73e4387]
2022-05-14 03:18:45.140 [INFO ] springfox.documentation.spring.web.PropertySourcedRequestMappingHandlerMapping - Mapped URL path [/v2/api-docs] onto method [springfox.documentation.swagger2.web.Swagger2Controller#getDocumentation(String, HttpServletRequest)]
2022-05-14 03:18:45.617 [INFO ] org.apache.coyote.http11.Http11NioProtocol - Starting ProtocolHandler ["http-nio-8881"]
2022-05-14 03:18:45.632 [INFO ] org.springframework.boot.web.embedded.tomcat.TomcatWebServer - Tomcat started on port(s): 8881 (http) with context path ''
2022-05-14 03:18:45.633 [INFO ] springfox.documentation.spring.web.plugins.DocumentationPluginsBootstrapper - Context refreshed
2022-05-14 03:18:45.644 [INFO ] springfox.documentation.spring.web.plugins.DocumentationPluginsBootstrapper - Found 1 custom documentation plugin(s)
2022-05-14 03:18:45.683 [INFO ] springfox.documentation.spring.web.scanners.ApiListingReferenceScanner - Scanning for api listing references
2022-05-14 03:18:45.881 [INFO ] com.jawe.DemoApplication - Started DemoApplication in 6.082 seconds (JVM running for 7.306)
2022-05-14 03:18:47.619 [INFO ] org.apache.catalina.core.ContainerBase.[Tomcat].[localhost].[/] - Initializing Spring DispatcherServlet 'dispatcherServlet'
2022-05-14 03:18:48.089 [INFO ] com.zaxxer.hikari.HikariDataSource - HikariPool-1 - Starting...
2022-05-14 03:18:48.334 [INFO ] com.zaxxer.hikari.HikariDataSource - HikariPool-1 - Start completed.
2022-05-14 03:19:11.259 [INFO ] com.jawe.DemoApplication - Starting DemoApplication using Java 1.8.0_291 on DESKTOP-A0VVV1J with PID 24156 (C:\Users\14618\Desktop\Sync\MyDemo\demo-parent\demo-base-web\target\classes started by 14618 in C:\Users\14618\Desktop\Sync\MyDemo\demo-parent)
2022-05-14 03:19:11.263 [INFO ] com.jawe.DemoApplication - No active profile set, falling back to default profiles: default
2022-05-14 03:19:12.175 [INFO ] org.springframework.data.repository.config.RepositoryConfigurationDelegate - Multiple Spring Data modules found, entering strict repository configuration mode!
2022-05-14 03:19:12.177 [INFO ] org.springframework.data.repository.config.RepositoryConfigurationDelegate - Bootstrapping Spring Data Redis repositories in DEFAULT mode.
2022-05-14 03:19:12.216 [INFO ] org.springframework.data.repository.config.RepositoryConfigurationDelegate - Finished Spring Data repository scanning in 28 ms. Found 0 Redis repository interfaces.
2022-05-14 03:19:12.456 [INFO ] org.springframework.context.support.PostProcessorRegistrationDelegate$BeanPostProcessorChecker - Bean 'org.springframework.statemachine.config.configuration.StateMachineAnnotationPostProcessorConfiguration' of type [org.springframework.statemachine.config.configuration.StateMachineAnnotationPostProcessorConfiguration$$EnhancerBySpringCGLIB$$d1e010cc] is not eligible for getting processed by all BeanPostProcessors (for example: not eligible for auto-proxying)
2022-05-14 03:19:12.479 [INFO ] org.springframework.context.support.PostProcessorRegistrationDelegate$BeanPostProcessorChecker - Bean 'org.springframework.security.config.annotation.configuration.ObjectPostProcessorConfiguration' of type [org.springframework.security.config.annotation.configuration.ObjectPostProcessorConfiguration$$EnhancerBySpringCGLIB$$ef9c305] is not eligible for getting processed by all BeanPostProcessors (for example: not eligible for auto-proxying)
2022-05-14 03:19:12.527 [INFO ] org.springframework.context.support.PostProcessorRegistrationDelegate$BeanPostProcessorChecker - Bean 'objectPostProcessor' of type [org.springframework.security.config.annotation.configuration.AutowireBeanFactoryObjectPostProcessor] is not eligible for getting processed by all BeanPostProcessors (for example: not eligible for auto-proxying)
2022-05-14 03:19:12.529 [INFO ] org.springframework.context.support.PostProcessorRegistrationDelegate$BeanPostProcessorChecker - Bean 'org.springframework.security.access.expression.method.DefaultMethodSecurityExpressionHandler@26844abb' of type [org.springframework.security.access.expression.method.DefaultMethodSecurityExpressionHandler] is not eligible for getting processed by all BeanPostProcessors (for example: not eligible for auto-proxying)
2022-05-14 03:19:12.531 [INFO ] org.springframework.context.support.PostProcessorRegistrationDelegate$BeanPostProcessorChecker - Bean 'org.springframework.security.config.annotation.method.configuration.GlobalMethodSecurityConfiguration' of type [org.springframework.security.config.annotation.method.configuration.GlobalMethodSecurityConfiguration$$EnhancerBySpringCGLIB$$33ce65b7] is not eligible for getting processed by all BeanPostProcessors (for example: not eligible for auto-proxying)
2022-05-14 03:19:12.534 [INFO ] org.springframework.context.support.PostProcessorRegistrationDelegate$BeanPostProcessorChecker - Bean 'methodSecurityMetadataSource' of type [org.springframework.security.access.method.DelegatingMethodSecurityMetadataSource] is not eligible for getting processed by all BeanPostProcessors (for example: not eligible for auto-proxying)
2022-05-14 03:19:12.766 [INFO ] org.springframework.boot.web.embedded.tomcat.TomcatWebServer - Tomcat initialized with port(s): 8881 (http)
2022-05-14 03:19:12.773 [INFO ] org.apache.coyote.http11.Http11NioProtocol - Initializing ProtocolHandler ["http-nio-8881"]
2022-05-14 03:19:12.774 [INFO ] org.apache.catalina.core.StandardService - Starting service [Tomcat]
2022-05-14 03:19:12.774 [INFO ] org.apache.catalina.core.StandardEngine - Starting Servlet engine: [Apache Tomcat/9.0.45]
2022-05-14 03:19:12.845 [INFO ] org.apache.catalina.core.ContainerBase.[Tomcat].[localhost].[/] - Initializing Spring embedded WebApplicationContext
2022-05-14 03:19:12.845 [INFO ] org.springframework.boot.web.servlet.context.ServletWebServerApplicationContext - Root WebApplicationContext: initialization completed in 1531 ms
2022-05-14 03:19:15.107 [INFO ] org.springframework.security.web.DefaultSecurityFilterChain - Creating filter chain: Ant [pattern='/favicon.ico', GET], []
2022-05-14 03:19:15.108 [INFO ] org.springframework.security.web.DefaultSecurityFilterChain - Creating filter chain: Ant [pattern='/**/*.png', GET], []
2022-05-14 03:19:15.108 [INFO ] org.springframework.security.web.DefaultSecurityFilterChain - Creating filter chain: Ant [pattern='/**/*.ttf', GET], []
2022-05-14 03:19:15.108 [INFO ] org.springframework.security.web.DefaultSecurityFilterChain - Creating filter chain: Ant [pattern='/*.html', GET], []
2022-05-14 03:19:15.108 [INFO ] org.springframework.security.web.DefaultSecurityFilterChain - Creating filter chain: Ant [pattern='/**/*.css', GET], []
2022-05-14 03:19:15.109 [INFO ] org.springframework.security.web.DefaultSecurityFilterChain - Creating filter chain: Ant [pattern='/**/*.js', GET], []
2022-05-14 03:19:15.141 [INFO ] org.springframework.security.web.DefaultSecurityFilterChain - Creating filter chain: any request, [org.springframework.security.web.context.request.async.WebAsyncManagerIntegrationFilter@5b8853, org.springframework.security.web.context.SecurityContextPersistenceFilter@486bd064, org.springframework.security.web.header.HeaderWriterFilter@4a2bf50f, org.springframework.web.filter.CorsFilter@1b8aaeab, org.springframework.security.web.authentication.logout.LogoutFilter@130cfc47, com.jawe.conf.jwt.JwtAuthenticationTokenFilter@53ce2392, org.springframework.security.web.savedrequest.RequestCacheAwareFilter@740b9a50, org.springframework.security.web.servletapi.SecurityContextHolderAwareRequestFilter@6075b369, org.springframework.security.web.authentication.AnonymousAuthenticationFilter@5d1bdd4a, org.springframework.security.web.session.SessionManagementFilter@2506b881, org.springframework.security.web.access.ExceptionTranslationFilter@1a914089, org.springframework.security.web.access.intercept.FilterSecurityInterceptor@4fd74223]
2022-05-14 03:19:15.164 [INFO ] springfox.documentation.spring.web.PropertySourcedRequestMappingHandlerMapping - Mapped URL path [/v2/api-docs] onto method [springfox.documentation.swagger2.web.Swagger2Controller#getDocumentation(String, HttpServletRequest)]
2022-05-14 03:19:15.650 [INFO ] org.apache.coyote.http11.Http11NioProtocol - Starting ProtocolHandler ["http-nio-8881"]
2022-05-14 03:19:15.666 [INFO ] org.springframework.boot.web.embedded.tomcat.TomcatWebServer - Tomcat started on port(s): 8881 (http) with context path ''
2022-05-14 03:19:15.667 [INFO ] springfox.documentation.spring.web.plugins.DocumentationPluginsBootstrapper - Context refreshed
2022-05-14 03:19:15.676 [INFO ] springfox.documentation.spring.web.plugins.DocumentationPluginsBootstrapper - Found 1 custom documentation plugin(s)
2022-05-14 03:19:15.715 [INFO ] springfox.documentation.spring.web.scanners.ApiListingReferenceScanner - Scanning for api listing references
2022-05-14 03:19:15.882 [INFO ] com.jawe.DemoApplication - Started DemoApplication in 5.128 seconds (JVM running for 6.307)
2022-05-14 03:20:25.847 [INFO ] org.apache.catalina.core.ContainerBase.[Tomcat].[localhost].[/] - Initializing Spring DispatcherServlet 'dispatcherServlet'
2022-05-14 03:20:26.338 [INFO ] com.zaxxer.hikari.HikariDataSource - HikariPool-1 - Starting...
2022-05-14 03:20:26.540 [INFO ] com.zaxxer.hikari.HikariDataSource - HikariPool-1 - Start completed.
2022-05-14 03:20:34.139 [INFO ] com.jawe.state.OrderStateMachineConfig$$EnhancerBySpringCGLIB$$122da73d - 用户订单创建，待支付
2022-05-14 03:20:34.143 [INFO ] org.springframework.statemachine.support.LifecycleObjectSupport - started org.springframework.statemachine.support.DefaultStateMachineExecutor@3b51bb02
2022-05-14 03:20:34.144 [INFO ] org.springframework.statemachine.support.LifecycleObjectSupport - started WAIT_RECEIVE COMMENTED WAIT_DELIVER RETURN_FINISH FINISH WAIT_RETURNING CANCEL_FINISH WAIT_COMMENT WAIT_PAYMENT  / WAIT_PAYMENT / uuid=2b4beba6-9a0a-41f6-b44f-2bd6b6ddd996 / id=null
2022-05-14 03:20:34.144 [INFO ] org.springframework.statemachine.support.LifecycleObjectSupport - stopped org.springframework.statemachine.support.DefaultStateMachineExecutor@3b51bb02
2022-05-14 03:20:34.145 [INFO ] org.springframework.statemachine.support.LifecycleObjectSupport - stopped WAIT_RECEIVE COMMENTED WAIT_DELIVER RETURN_FINISH FINISH WAIT_RETURNING CANCEL_FINISH WAIT_COMMENT WAIT_PAYMENT  /  / uuid=2b4beba6-9a0a-41f6-b44f-2bd6b6ddd996 / id=null
2022-05-14 03:20:34.146 [INFO ] org.springframework.statemachine.support.LifecycleObjectSupport - started ObjectState [getIds()=[WAIT_DELIVER], getClass()=class org.springframework.statemachine.state.ObjectState, hashCode()=1989227050, toString()=AbstractState [id=WAIT_DELIVER, pseudoState=null, deferred=[], entryActions=[], exitActions=[], stateActions=[], regions=[], submachine=null]]
2022-05-14 03:20:34.146 [INFO ] org.springframework.statemachine.support.LifecycleObjectSupport - started org.springframework.statemachine.support.DefaultStateMachineExecutor@3b51bb02
2022-05-14 03:20:34.146 [INFO ] org.springframework.statemachine.support.LifecycleObjectSupport - started WAIT_RECEIVE COMMENTED WAIT_DELIVER RETURN_FINISH FINISH WAIT_RETURNING CANCEL_FINISH WAIT_COMMENT WAIT_PAYMENT  / WAIT_DELIVER / uuid=2b4beba6-9a0a-41f6-b44f-2bd6b6ddd996 / id=null
2022-05-14 03:20:34.151 [INFO ] org.springframework.statemachine.support.LifecycleObjectSupport - stopped org.springframework.statemachine.support.DefaultStateMachineExecutor@3b51bb02
2022-05-14 03:20:34.151 [INFO ] org.springframework.statemachine.support.LifecycleObjectSupport - stopped WAIT_RECEIVE COMMENTED WAIT_DELIVER RETURN_FINISH FINISH WAIT_RETURNING CANCEL_FINISH WAIT_COMMENT WAIT_PAYMENT  /  / uuid=2b4beba6-9a0a-41f6-b44f-2bd6b6ddd996 / id=null
2022-05-14 03:20:43.517 [INFO ] com.jawe.state.OrderStateMachineConfig$$EnhancerBySpringCGLIB$$122da73d - 用户订单创建，待支付
2022-05-14 03:20:43.517 [INFO ] org.springframework.statemachine.support.LifecycleObjectSupport - started org.springframework.statemachine.support.DefaultStateMachineExecutor@3b51bb02
2022-05-14 03:20:43.518 [INFO ] org.springframework.statemachine.support.LifecycleObjectSupport - started WAIT_RECEIVE COMMENTED WAIT_DELIVER RETURN_FINISH FINISH WAIT_RETURNING CANCEL_FINISH WAIT_COMMENT WAIT_PAYMENT  / WAIT_PAYMENT / uuid=2b4beba6-9a0a-41f6-b44f-2bd6b6ddd996 / id=null
2022-05-14 03:20:43.518 [INFO ] org.springframework.statemachine.support.LifecycleObjectSupport - stopped org.springframework.statemachine.support.DefaultStateMachineExecutor@3b51bb02
2022-05-14 03:20:43.518 [INFO ] org.springframework.statemachine.support.LifecycleObjectSupport - stopped WAIT_RECEIVE COMMENTED WAIT_DELIVER RETURN_FINISH FINISH WAIT_RETURNING CANCEL_FINISH WAIT_COMMENT WAIT_PAYMENT  /  / uuid=2b4beba6-9a0a-41f6-b44f-2bd6b6ddd996 / id=null
2022-05-14 03:20:43.518 [INFO ] org.springframework.statemachine.support.LifecycleObjectSupport - started org.springframework.statemachine.support.DefaultStateMachineExecutor@3b51bb02
2022-05-14 03:20:43.519 [INFO ] org.springframework.statemachine.support.LifecycleObjectSupport - started WAIT_RECEIVE COMMENTED WAIT_DELIVER RETURN_FINISH FINISH WAIT_RETURNING CANCEL_FINISH WAIT_COMMENT WAIT_PAYMENT  / WAIT_DELIVER / uuid=2b4beba6-9a0a-41f6-b44f-2bd6b6ddd996 / id=null
2022-05-14 03:20:43.520 [INFO ] org.springframework.statemachine.support.LifecycleObjectSupport - stopped org.springframework.statemachine.support.DefaultStateMachineExecutor@3b51bb02
2022-05-14 03:20:43.520 [INFO ] org.springframework.statemachine.support.LifecycleObjectSupport - stopped WAIT_RECEIVE COMMENTED WAIT_DELIVER RETURN_FINISH FINISH WAIT_RETURNING CANCEL_FINISH WAIT_COMMENT WAIT_PAYMENT  /  / uuid=2b4beba6-9a0a-41f6-b44f-2bd6b6ddd996 / id=null
2022-05-14 03:26:21.073 [INFO ] com.jawe.DemoApplication - Starting DemoApplication using Java 1.8.0_291 on DESKTOP-A0VVV1J with PID 24552 (C:\Users\14618\Desktop\Sync\MyDemo\demo-parent\demo-base-web\target\classes started by 14618 in C:\Users\14618\Desktop\Sync\MyDemo\demo-parent)
2022-05-14 03:26:21.077 [INFO ] com.jawe.DemoApplication - No active profile set, falling back to default profiles: default
2022-05-14 03:26:21.971 [INFO ] org.springframework.data.repository.config.RepositoryConfigurationDelegate - Multiple Spring Data modules found, entering strict repository configuration mode!
2022-05-14 03:26:21.974 [INFO ] org.springframework.data.repository.config.RepositoryConfigurationDelegate - Bootstrapping Spring Data Redis repositories in DEFAULT mode.
2022-05-14 03:26:22.016 [INFO ] org.springframework.data.repository.config.RepositoryConfigurationDelegate - Finished Spring Data repository scanning in 29 ms. Found 0 Redis repository interfaces.
2022-05-14 03:26:22.241 [INFO ] org.springframework.context.support.PostProcessorRegistrationDelegate$BeanPostProcessorChecker - Bean 'org.springframework.statemachine.config.configuration.StateMachineAnnotationPostProcessorConfiguration' of type [org.springframework.statemachine.config.configuration.StateMachineAnnotationPostProcessorConfiguration$$EnhancerBySpringCGLIB$$9429f376] is not eligible for getting processed by all BeanPostProcessors (for example: not eligible for auto-proxying)
2022-05-14 03:26:22.262 [INFO ] org.springframework.context.support.PostProcessorRegistrationDelegate$BeanPostProcessorChecker - Bean 'org.springframework.security.config.annotation.configuration.ObjectPostProcessorConfiguration' of type [org.springframework.security.config.annotation.configuration.ObjectPostProcessorConfiguration$$EnhancerBySpringCGLIB$$d143a5af] is not eligible for getting processed by all BeanPostProcessors (for example: not eligible for auto-proxying)
2022-05-14 03:26:22.309 [INFO ] org.springframework.context.support.PostProcessorRegistrationDelegate$BeanPostProcessorChecker - Bean 'objectPostProcessor' of type [org.springframework.security.config.annotation.configuration.AutowireBeanFactoryObjectPostProcessor] is not eligible for getting processed by all BeanPostProcessors (for example: not eligible for auto-proxying)
2022-05-14 03:26:22.312 [INFO ] org.springframework.context.support.PostProcessorRegistrationDelegate$BeanPostProcessorChecker - Bean 'org.springframework.security.access.expression.method.DefaultMethodSecurityExpressionHandler@1a865273' of type [org.springframework.security.access.expression.method.DefaultMethodSecurityExpressionHandler] is not eligible for getting processed by all BeanPostProcessors (for example: not eligible for auto-proxying)
2022-05-14 03:26:22.314 [INFO ] org.springframework.context.support.PostProcessorRegistrationDelegate$BeanPostProcessorChecker - Bean 'org.springframework.security.config.annotation.method.configuration.GlobalMethodSecurityConfiguration' of type [org.springframework.security.config.annotation.method.configuration.GlobalMethodSecurityConfiguration$$EnhancerBySpringCGLIB$$f6184861] is not eligible for getting processed by all BeanPostProcessors (for example: not eligible for auto-proxying)
2022-05-14 03:26:22.317 [INFO ] org.springframework.context.support.PostProcessorRegistrationDelegate$BeanPostProcessorChecker - Bean 'methodSecurityMetadataSource' of type [org.springframework.security.access.method.DelegatingMethodSecurityMetadataSource] is not eligible for getting processed by all BeanPostProcessors (for example: not eligible for auto-proxying)
2022-05-14 03:26:22.535 [INFO ] org.springframework.boot.web.embedded.tomcat.TomcatWebServer - Tomcat initialized with port(s): 8881 (http)
2022-05-14 03:26:22.541 [INFO ] org.apache.coyote.http11.Http11NioProtocol - Initializing ProtocolHandler ["http-nio-8881"]
2022-05-14 03:26:22.542 [INFO ] org.apache.catalina.core.StandardService - Starting service [Tomcat]
2022-05-14 03:26:22.542 [INFO ] org.apache.catalina.core.StandardEngine - Starting Servlet engine: [Apache Tomcat/9.0.45]
2022-05-14 03:26:22.615 [INFO ] org.apache.catalina.core.ContainerBase.[Tomcat].[localhost].[/] - Initializing Spring embedded WebApplicationContext
2022-05-14 03:26:22.616 [INFO ] org.springframework.boot.web.servlet.context.ServletWebServerApplicationContext - Root WebApplicationContext: initialization completed in 1494 ms
2022-05-14 03:26:24.909 [INFO ] org.springframework.security.web.DefaultSecurityFilterChain - Creating filter chain: Ant [pattern='/favicon.ico', GET], []
2022-05-14 03:26:24.909 [INFO ] org.springframework.security.web.DefaultSecurityFilterChain - Creating filter chain: Ant [pattern='/**/*.png', GET], []
2022-05-14 03:26:24.909 [INFO ] org.springframework.security.web.DefaultSecurityFilterChain - Creating filter chain: Ant [pattern='/**/*.ttf', GET], []
2022-05-14 03:26:24.909 [INFO ] org.springframework.security.web.DefaultSecurityFilterChain - Creating filter chain: Ant [pattern='/*.html', GET], []
2022-05-14 03:26:24.909 [INFO ] org.springframework.security.web.DefaultSecurityFilterChain - Creating filter chain: Ant [pattern='/**/*.css', GET], []
2022-05-14 03:26:24.909 [INFO ] org.springframework.security.web.DefaultSecurityFilterChain - Creating filter chain: Ant [pattern='/**/*.js', GET], []
2022-05-14 03:26:24.940 [INFO ] org.springframework.security.web.DefaultSecurityFilterChain - Creating filter chain: any request, [org.springframework.security.web.context.request.async.WebAsyncManagerIntegrationFilter@3457cc8d, org.springframework.security.web.context.SecurityContextPersistenceFilter@5111de7c, org.springframework.security.web.header.HeaderWriterFilter@486bd064, org.springframework.web.filter.CorsFilter@7a66c35a, org.springframework.security.web.authentication.logout.LogoutFilter@5a2ae1ab, com.jawe.conf.jwt.JwtAuthenticationTokenFilter@3c0e00a8, org.springframework.security.web.savedrequest.RequestCacheAwareFilter@52354202, org.springframework.security.web.servletapi.SecurityContextHolderAwareRequestFilter@7da1e005, org.springframework.security.web.authentication.AnonymousAuthenticationFilter@7994a0d1, org.springframework.security.web.session.SessionManagementFilter@740b9a50, org.springframework.security.web.access.ExceptionTranslationFilter@2506b881, org.springframework.security.web.access.intercept.FilterSecurityInterceptor@5b8853]
2022-05-14 03:26:24.963 [INFO ] springfox.documentation.spring.web.PropertySourcedRequestMappingHandlerMapping - Mapped URL path [/v2/api-docs] onto method [springfox.documentation.swagger2.web.Swagger2Controller#getDocumentation(String, HttpServletRequest)]
2022-05-14 03:26:25.772 [INFO ] org.apache.coyote.http11.Http11NioProtocol - Starting ProtocolHandler ["http-nio-8881"]
2022-05-14 03:26:25.785 [INFO ] org.springframework.boot.web.embedded.tomcat.TomcatWebServer - Tomcat started on port(s): 8881 (http) with context path ''
2022-05-14 03:26:25.786 [INFO ] springfox.documentation.spring.web.plugins.DocumentationPluginsBootstrapper - Context refreshed
2022-05-14 03:26:25.795 [INFO ] springfox.documentation.spring.web.plugins.DocumentationPluginsBootstrapper - Found 1 custom documentation plugin(s)
2022-05-14 03:26:25.830 [INFO ] springfox.documentation.spring.web.scanners.ApiListingReferenceScanner - Scanning for api listing references
2022-05-14 03:26:25.977 [INFO ] com.jawe.DemoApplication - Started DemoApplication in 5.309 seconds (JVM running for 6.551)
2022-05-14 03:26:31.611 [INFO ] com.jawe.DemoApplication - Starting DemoApplication using Java 1.8.0_291 on DESKTOP-A0VVV1J with PID 27280 (C:\Users\14618\Desktop\Sync\MyDemo\demo-parent\demo-base-web\target\classes started by 14618 in C:\Users\14618\Desktop\Sync\MyDemo\demo-parent)
2022-05-14 03:26:31.616 [INFO ] com.jawe.DemoApplication - No active profile set, falling back to default profiles: default
2022-05-14 03:26:32.536 [INFO ] org.springframework.data.repository.config.RepositoryConfigurationDelegate - Multiple Spring Data modules found, entering strict repository configuration mode!
2022-05-14 03:26:32.538 [INFO ] org.springframework.data.repository.config.RepositoryConfigurationDelegate - Bootstrapping Spring Data Redis repositories in DEFAULT mode.
2022-05-14 03:26:32.576 [INFO ] org.springframework.data.repository.config.RepositoryConfigurationDelegate - Finished Spring Data repository scanning in 27 ms. Found 0 Redis repository interfaces.
2022-05-14 03:26:32.801 [INFO ] org.springframework.context.support.PostProcessorRegistrationDelegate$BeanPostProcessorChecker - Bean 'org.springframework.statemachine.config.configuration.StateMachineAnnotationPostProcessorConfiguration' of type [org.springframework.statemachine.config.configuration.StateMachineAnnotationPostProcessorConfiguration$$EnhancerBySpringCGLIB$$847acdf9] is not eligible for getting processed by all BeanPostProcessors (for example: not eligible for auto-proxying)
2022-05-14 03:26:32.821 [INFO ] org.springframework.context.support.PostProcessorRegistrationDelegate$BeanPostProcessorChecker - Bean 'org.springframework.security.config.annotation.configuration.ObjectPostProcessorConfiguration' of type [org.springframework.security.config.annotation.configuration.ObjectPostProcessorConfiguration$$EnhancerBySpringCGLIB$$c1948032] is not eligible for getting processed by all BeanPostProcessors (for example: not eligible for auto-proxying)
2022-05-14 03:26:32.866 [INFO ] org.springframework.context.support.PostProcessorRegistrationDelegate$BeanPostProcessorChecker - Bean 'objectPostProcessor' of type [org.springframework.security.config.annotation.configuration.AutowireBeanFactoryObjectPostProcessor] is not eligible for getting processed by all BeanPostProcessors (for example: not eligible for auto-proxying)
2022-05-14 03:26:32.868 [INFO ] org.springframework.context.support.PostProcessorRegistrationDelegate$BeanPostProcessorChecker - Bean 'org.springframework.security.access.expression.method.DefaultMethodSecurityExpressionHandler@288ca5f0' of type [org.springframework.security.access.expression.method.DefaultMethodSecurityExpressionHandler] is not eligible for getting processed by all BeanPostProcessors (for example: not eligible for auto-proxying)
2022-05-14 03:26:32.870 [INFO ] org.springframework.context.support.PostProcessorRegistrationDelegate$BeanPostProcessorChecker - Bean 'org.springframework.security.config.annotation.method.configuration.GlobalMethodSecurityConfiguration' of type [org.springframework.security.config.annotation.method.configuration.GlobalMethodSecurityConfiguration$$EnhancerBySpringCGLIB$$e66922e4] is not eligible for getting processed by all BeanPostProcessors (for example: not eligible for auto-proxying)
2022-05-14 03:26:32.872 [INFO ] org.springframework.context.support.PostProcessorRegistrationDelegate$BeanPostProcessorChecker - Bean 'methodSecurityMetadataSource' of type [org.springframework.security.access.method.DelegatingMethodSecurityMetadataSource] is not eligible for getting processed by all BeanPostProcessors (for example: not eligible for auto-proxying)
2022-05-14 03:26:33.067 [INFO ] org.springframework.boot.web.embedded.tomcat.TomcatWebServer - Tomcat initialized with port(s): 8881 (http)
2022-05-14 03:26:33.075 [INFO ] org.apache.coyote.http11.Http11NioProtocol - Initializing ProtocolHandler ["http-nio-8881"]
2022-05-14 03:26:33.075 [INFO ] org.apache.catalina.core.StandardService - Starting service [Tomcat]
2022-05-14 03:26:33.075 [INFO ] org.apache.catalina.core.StandardEngine - Starting Servlet engine: [Apache Tomcat/9.0.45]
2022-05-14 03:26:33.151 [INFO ] org.apache.catalina.core.ContainerBase.[Tomcat].[localhost].[/] - Initializing Spring embedded WebApplicationContext
2022-05-14 03:26:33.152 [INFO ] org.springframework.boot.web.servlet.context.ServletWebServerApplicationContext - Root WebApplicationContext: initialization completed in 1459 ms
2022-05-14 03:26:35.011 [INFO ] org.springframework.security.web.DefaultSecurityFilterChain - Creating filter chain: Ant [pattern='/favicon.ico', GET], []
2022-05-14 03:26:35.011 [INFO ] org.springframework.security.web.DefaultSecurityFilterChain - Creating filter chain: Ant [pattern='/**/*.png', GET], []
2022-05-14 03:26:35.011 [INFO ] org.springframework.security.web.DefaultSecurityFilterChain - Creating filter chain: Ant [pattern='/**/*.ttf', GET], []
2022-05-14 03:26:35.012 [INFO ] org.springframework.security.web.DefaultSecurityFilterChain - Creating filter chain: Ant [pattern='/*.html', GET], []
2022-05-14 03:26:35.012 [INFO ] org.springframework.security.web.DefaultSecurityFilterChain - Creating filter chain: Ant [pattern='/**/*.css', GET], []
2022-05-14 03:26:35.012 [INFO ] org.springframework.security.web.DefaultSecurityFilterChain - Creating filter chain: Ant [pattern='/**/*.js', GET], []
2022-05-14 03:26:35.042 [INFO ] org.springframework.security.web.DefaultSecurityFilterChain - Creating filter chain: any request, [org.springframework.security.web.context.request.async.WebAsyncManagerIntegrationFilter@1b8aaeab, org.springframework.security.web.context.SecurityContextPersistenceFilter@6459f4ea, org.springframework.security.web.header.HeaderWriterFilter@350323a0, org.springframework.web.filter.CorsFilter@5d1bdd4a, org.springframework.security.web.authentication.logout.LogoutFilter@4eeab3e, com.jawe.conf.jwt.JwtAuthenticationTokenFilter@f0020b1, org.springframework.security.web.savedrequest.RequestCacheAwareFilter@476fde05, org.springframework.security.web.servletapi.SecurityContextHolderAwareRequestFilter@231cdda8, org.springframework.security.web.authentication.AnonymousAuthenticationFilter@6812c8cc, org.springframework.security.web.session.SessionManagementFilter@5d7dd549, org.springframework.security.web.access.ExceptionTranslationFilter@43d76a92, org.springframework.security.web.access.intercept.FilterSecurityInterceptor@4fea840f]
2022-05-14 03:26:35.065 [INFO ] springfox.documentation.spring.web.PropertySourcedRequestMappingHandlerMapping - Mapped URL path [/v2/api-docs] onto method [springfox.documentation.swagger2.web.Swagger2Controller#getDocumentation(String, HttpServletRequest)]
2022-05-14 03:26:35.526 [INFO ] org.apache.coyote.http11.Http11NioProtocol - Starting ProtocolHandler ["http-nio-8881"]
2022-05-14 03:26:35.540 [INFO ] org.springframework.boot.web.embedded.tomcat.TomcatWebServer - Tomcat started on port(s): 8881 (http) with context path ''
2022-05-14 03:26:35.541 [INFO ] springfox.documentation.spring.web.plugins.DocumentationPluginsBootstrapper - Context refreshed
2022-05-14 03:26:35.551 [INFO ] springfox.documentation.spring.web.plugins.DocumentationPluginsBootstrapper - Found 1 custom documentation plugin(s)
2022-05-14 03:26:35.616 [INFO ] springfox.documentation.spring.web.scanners.ApiListingReferenceScanner - Scanning for api listing references
2022-05-14 03:26:35.791 [INFO ] com.jawe.DemoApplication - Started DemoApplication in 4.639 seconds (JVM running for 5.763)
2022-05-14 03:27:07.440 [INFO ] org.apache.catalina.core.ContainerBase.[Tomcat].[localhost].[/] - Initializing Spring DispatcherServlet 'dispatcherServlet'
2022-05-14 03:27:08.442 [INFO ] com.zaxxer.hikari.HikariDataSource - HikariPool-1 - Starting...
2022-05-14 03:27:08.653 [INFO ] com.zaxxer.hikari.HikariDataSource - HikariPool-1 - Start completed.
2022-05-14 03:59:55.705 [INFO ] com.jawe.DemoApplication - Starting DemoApplication using Java 1.8.0_291 on DESKTOP-A0VVV1J with PID 37508 (C:\Users\14618\Desktop\Sync\MyDemo\demo-parent\demo-base-web\target\classes started by 14618 in C:\Users\14618\Desktop\Sync\MyDemo\demo-parent)
2022-05-14 03:59:55.711 [INFO ] com.jawe.DemoApplication - No active profile set, falling back to default profiles: default
2022-05-14 03:59:56.574 [INFO ] org.springframework.data.repository.config.RepositoryConfigurationDelegate - Multiple Spring Data modules found, entering strict repository configuration mode!
2022-05-14 03:59:56.576 [INFO ] org.springframework.data.repository.config.RepositoryConfigurationDelegate - Bootstrapping Spring Data Redis repositories in DEFAULT mode.
2022-05-14 03:59:56.615 [INFO ] org.springframework.data.repository.config.RepositoryConfigurationDelegate - Finished Spring Data repository scanning in 29 ms. Found 0 Redis repository interfaces.
2022-05-14 03:59:56.855 [INFO ] org.springframework.context.support.PostProcessorRegistrationDelegate$BeanPostProcessorChecker - Bean 'org.springframework.statemachine.config.configuration.StateMachineAnnotationPostProcessorConfiguration' of type [org.springframework.statemachine.config.configuration.StateMachineAnnotationPostProcessorConfiguration$$EnhancerBySpringCGLIB$$6e0e59af] is not eligible for getting processed by all BeanPostProcessors (for example: not eligible for auto-proxying)
2022-05-14 03:59:56.879 [INFO ] org.springframework.context.support.PostProcessorRegistrationDelegate$BeanPostProcessorChecker - Bean 'org.springframework.security.config.annotation.configuration.ObjectPostProcessorConfiguration' of type [org.springframework.security.config.annotation.configuration.ObjectPostProcessorConfiguration$$EnhancerBySpringCGLIB$$ab280be8] is not eligible for getting processed by all BeanPostProcessors (for example: not eligible for auto-proxying)
2022-05-14 03:59:56.924 [INFO ] org.springframework.context.support.PostProcessorRegistrationDelegate$BeanPostProcessorChecker - Bean 'objectPostProcessor' of type [org.springframework.security.config.annotation.configuration.AutowireBeanFactoryObjectPostProcessor] is not eligible for getting processed by all BeanPostProcessors (for example: not eligible for auto-proxying)
2022-05-14 03:59:56.926 [INFO ] org.springframework.context.support.PostProcessorRegistrationDelegate$BeanPostProcessorChecker - Bean 'org.springframework.security.access.expression.method.DefaultMethodSecurityExpressionHandler@472a11ae' of type [org.springframework.security.access.expression.method.DefaultMethodSecurityExpressionHandler] is not eligible for getting processed by all BeanPostProcessors (for example: not eligible for auto-proxying)
2022-05-14 03:59:56.927 [INFO ] org.springframework.context.support.PostProcessorRegistrationDelegate$BeanPostProcessorChecker - Bean 'org.springframework.security.config.annotation.method.configuration.GlobalMethodSecurityConfiguration' of type [org.springframework.security.config.annotation.method.configuration.GlobalMethodSecurityConfiguration$$EnhancerBySpringCGLIB$$cffcae9a] is not eligible for getting processed by all BeanPostProcessors (for example: not eligible for auto-proxying)
2022-05-14 03:59:56.930 [INFO ] org.springframework.context.support.PostProcessorRegistrationDelegate$BeanPostProcessorChecker - Bean 'methodSecurityMetadataSource' of type [org.springframework.security.access.method.DelegatingMethodSecurityMetadataSource] is not eligible for getting processed by all BeanPostProcessors (for example: not eligible for auto-proxying)
2022-05-14 03:59:57.143 [INFO ] org.springframework.boot.web.embedded.tomcat.TomcatWebServer - Tomcat initialized with port(s): 8881 (http)
2022-05-14 03:59:57.152 [INFO ] org.apache.coyote.http11.Http11NioProtocol - Initializing ProtocolHandler ["http-nio-8881"]
2022-05-14 03:59:57.152 [INFO ] org.apache.catalina.core.StandardService - Starting service [Tomcat]
2022-05-14 03:59:57.152 [INFO ] org.apache.catalina.core.StandardEngine - Starting Servlet engine: [Apache Tomcat/9.0.45]
2022-05-14 03:59:57.224 [INFO ] org.apache.catalina.core.ContainerBase.[Tomcat].[localhost].[/] - Initializing Spring embedded WebApplicationContext
2022-05-14 03:59:57.225 [INFO ] org.springframework.boot.web.servlet.context.ServletWebServerApplicationContext - Root WebApplicationContext: initialization completed in 1463 ms
2022-05-14 03:59:59.149 [INFO ] org.springframework.security.web.DefaultSecurityFilterChain - Creating filter chain: Ant [pattern='/favicon.ico', GET], []
2022-05-14 03:59:59.149 [INFO ] org.springframework.security.web.DefaultSecurityFilterChain - Creating filter chain: Ant [pattern='/**/*.png', GET], []
2022-05-14 03:59:59.149 [INFO ] org.springframework.security.web.DefaultSecurityFilterChain - Creating filter chain: Ant [pattern='/**/*.ttf', GET], []
2022-05-14 03:59:59.149 [INFO ] org.springframework.security.web.DefaultSecurityFilterChain - Creating filter chain: Ant [pattern='/*.html', GET], []
2022-05-14 03:59:59.149 [INFO ] org.springframework.security.web.DefaultSecurityFilterChain - Creating filter chain: Ant [pattern='/**/*.css', GET], []
2022-05-14 03:59:59.150 [INFO ] org.springframework.security.web.DefaultSecurityFilterChain - Creating filter chain: Ant [pattern='/**/*.js', GET], []
2022-05-14 03:59:59.190 [INFO ] org.springframework.security.web.DefaultSecurityFilterChain - Creating filter chain: any request, [org.springframework.security.web.context.request.async.WebAsyncManagerIntegrationFilter@d87d449, org.springframework.security.web.context.SecurityContextPersistenceFilter@342ee097, org.springframework.security.web.header.HeaderWriterFilter@5111de7c, org.springframework.web.filter.CorsFilter@4137aab0, org.springframework.security.web.authentication.logout.LogoutFilter@581c9bb7, com.jawe.conf.jwt.JwtAuthenticationTokenFilter@f0020b1, org.springframework.security.web.savedrequest.RequestCacheAwareFilter@12192604, org.springframework.security.web.servletapi.SecurityContextHolderAwareRequestFilter@6d4a82, org.springframework.security.web.authentication.AnonymousAuthenticationFilter@1df9186f, org.springframework.security.web.session.SessionManagementFilter@52354202, org.springframework.security.web.access.ExceptionTranslationFilter@740b9a50, org.springframework.security.web.access.intercept.FilterSecurityInterceptor@3457cc8d]
2022-05-14 03:59:59.224 [INFO ] springfox.documentation.spring.web.PropertySourcedRequestMappingHandlerMapping - Mapped URL path [/v2/api-docs] onto method [springfox.documentation.swagger2.web.Swagger2Controller#getDocumentation(String, HttpServletRequest)]
2022-05-14 03:59:59.670 [INFO ] org.apache.coyote.http11.Http11NioProtocol - Starting ProtocolHandler ["http-nio-8881"]
2022-05-14 03:59:59.684 [INFO ] org.springframework.boot.web.embedded.tomcat.TomcatWebServer - Tomcat started on port(s): 8881 (http) with context path ''
2022-05-14 03:59:59.685 [INFO ] springfox.documentation.spring.web.plugins.DocumentationPluginsBootstrapper - Context refreshed
2022-05-14 03:59:59.693 [INFO ] springfox.documentation.spring.web.plugins.DocumentationPluginsBootstrapper - Found 1 custom documentation plugin(s)
2022-05-14 03:59:59.730 [INFO ] springfox.documentation.spring.web.scanners.ApiListingReferenceScanner - Scanning for api listing references
2022-05-14 04:00:00.273 [INFO ] com.jawe.DemoApplication - Started DemoApplication in 5.091 seconds (JVM running for 6.347)
2022-05-14 04:00:19.551 [INFO ] org.apache.catalina.core.ContainerBase.[Tomcat].[localhost].[/] - Initializing Spring DispatcherServlet 'dispatcherServlet'
2022-05-14 04:00:19.980 [INFO ] com.zaxxer.hikari.HikariDataSource - HikariPool-1 - Starting...
2022-05-14 04:00:20.173 [INFO ] com.zaxxer.hikari.HikariDataSource - HikariPool-1 - Start completed.
2022-05-14 04:14:01.836 [INFO ] com.jawe.DemoApplication - Starting DemoApplication using Java 1.8.0_291 on DESKTOP-A0VVV1J with PID 39880 (C:\Users\14618\Desktop\Sync\MyDemo\demo-parent\demo-base-web\target\classes started by 14618 in C:\Users\14618\Desktop\Sync\MyDemo\demo-parent)
2022-05-14 04:14:01.843 [INFO ] com.jawe.DemoApplication - No active profile set, falling back to default profiles: default
2022-05-14 04:14:02.670 [INFO ] org.springframework.data.repository.config.RepositoryConfigurationDelegate - Multiple Spring Data modules found, entering strict repository configuration mode!
2022-05-14 04:14:02.672 [INFO ] org.springframework.data.repository.config.RepositoryConfigurationDelegate - Bootstrapping Spring Data Redis repositories in DEFAULT mode.
2022-05-14 04:14:02.713 [INFO ] org.springframework.data.repository.config.RepositoryConfigurationDelegate - Finished Spring Data repository scanning in 28 ms. Found 0 Redis repository interfaces.
2022-05-14 04:14:02.948 [INFO ] org.springframework.context.support.PostProcessorRegistrationDelegate$BeanPostProcessorChecker - Bean 'org.springframework.statemachine.config.configuration.StateMachineAnnotationPostProcessorConfiguration' of type [org.springframework.statemachine.config.configuration.StateMachineAnnotationPostProcessorConfiguration$$EnhancerBySpringCGLIB$$d1e010cc] is not eligible for getting processed by all BeanPostProcessors (for example: not eligible for auto-proxying)
2022-05-14 04:14:02.969 [INFO ] org.springframework.context.support.PostProcessorRegistrationDelegate$BeanPostProcessorChecker - Bean 'org.springframework.security.config.annotation.configuration.ObjectPostProcessorConfiguration' of type [org.springframework.security.config.annotation.configuration.ObjectPostProcessorConfiguration$$EnhancerBySpringCGLIB$$ef9c305] is not eligible for getting processed by all BeanPostProcessors (for example: not eligible for auto-proxying)
2022-05-14 04:14:03.011 [INFO ] org.springframework.context.support.PostProcessorRegistrationDelegate$BeanPostProcessorChecker - Bean 'objectPostProcessor' of type [org.springframework.security.config.annotation.configuration.AutowireBeanFactoryObjectPostProcessor] is not eligible for getting processed by all BeanPostProcessors (for example: not eligible for auto-proxying)
2022-05-14 04:14:03.014 [INFO ] org.springframework.context.support.PostProcessorRegistrationDelegate$BeanPostProcessorChecker - Bean 'org.springframework.security.access.expression.method.DefaultMethodSecurityExpressionHandler@44bd4b0a' of type [org.springframework.security.access.expression.method.DefaultMethodSecurityExpressionHandler] is not eligible for getting processed by all BeanPostProcessors (for example: not eligible for auto-proxying)
2022-05-14 04:14:03.016 [INFO ] org.springframework.context.support.PostProcessorRegistrationDelegate$BeanPostProcessorChecker - Bean 'org.springframework.security.config.annotation.method.configuration.GlobalMethodSecurityConfiguration' of type [org.springframework.security.config.annotation.method.configuration.GlobalMethodSecurityConfiguration$$EnhancerBySpringCGLIB$$33ce65b7] is not eligible for getting processed by all BeanPostProcessors (for example: not eligible for auto-proxying)
2022-05-14 04:14:03.019 [INFO ] org.springframework.context.support.PostProcessorRegistrationDelegate$BeanPostProcessorChecker - Bean 'methodSecurityMetadataSource' of type [org.springframework.security.access.method.DelegatingMethodSecurityMetadataSource] is not eligible for getting processed by all BeanPostProcessors (for example: not eligible for auto-proxying)
2022-05-14 04:14:03.211 [INFO ] org.springframework.boot.web.embedded.tomcat.TomcatWebServer - Tomcat initialized with port(s): 8881 (http)
2022-05-14 04:14:03.217 [INFO ] org.apache.coyote.http11.Http11NioProtocol - Initializing ProtocolHandler ["http-nio-8881"]
2022-05-14 04:14:03.218 [INFO ] org.apache.catalina.core.StandardService - Starting service [Tomcat]
2022-05-14 04:14:03.218 [INFO ] org.apache.catalina.core.StandardEngine - Starting Servlet engine: [Apache Tomcat/9.0.45]
2022-05-14 04:14:03.286 [INFO ] org.apache.catalina.core.ContainerBase.[Tomcat].[localhost].[/] - Initializing Spring embedded WebApplicationContext
2022-05-14 04:14:03.286 [INFO ] org.springframework.boot.web.servlet.context.ServletWebServerApplicationContext - Root WebApplicationContext: initialization completed in 1382 ms
2022-05-14 04:14:05.210 [INFO ] org.springframework.security.web.DefaultSecurityFilterChain - Creating filter chain: Ant [pattern='/favicon.ico', GET], []
2022-05-14 04:14:05.211 [INFO ] org.springframework.security.web.DefaultSecurityFilterChain - Creating filter chain: Ant [pattern='/**/*.png', GET], []
2022-05-14 04:14:05.211 [INFO ] org.springframework.security.web.DefaultSecurityFilterChain - Creating filter chain: Ant [pattern='/**/*.ttf', GET], []
2022-05-14 04:14:05.211 [INFO ] org.springframework.security.web.DefaultSecurityFilterChain - Creating filter chain: Ant [pattern='/*.html', GET], []
2022-05-14 04:14:05.211 [INFO ] org.springframework.security.web.DefaultSecurityFilterChain - Creating filter chain: Ant [pattern='/**/*.css', GET], []
2022-05-14 04:14:05.211 [INFO ] org.springframework.security.web.DefaultSecurityFilterChain - Creating filter chain: Ant [pattern='/**/*.js', GET], []
2022-05-14 04:14:05.243 [INFO ] org.springframework.security.web.DefaultSecurityFilterChain - Creating filter chain: any request, [org.springframework.security.web.context.request.async.WebAsyncManagerIntegrationFilter@73e4387, org.springframework.security.web.context.SecurityContextPersistenceFilter@6b1321b7, org.springframework.security.web.header.HeaderWriterFilter@476fde05, org.springframework.web.filter.CorsFilter@d87d449, org.springframework.security.web.authentication.logout.LogoutFilter@55361f03, com.jawe.conf.jwt.JwtAuthenticationTokenFilter@78cfa264, org.springframework.security.web.savedrequest.RequestCacheAwareFilter@6ac45c0c, org.springframework.security.web.servletapi.SecurityContextHolderAwareRequestFilter@723e2d08, org.springframework.security.web.authentication.AnonymousAuthenticationFilter@4137aab0, org.springframework.security.web.session.SessionManagementFilter@7ac48e10, org.springframework.security.web.access.ExceptionTranslationFilter@6459f4ea, org.springframework.security.web.access.intercept.FilterSecurityInterceptor@6812c8cc]
2022-05-14 04:14:05.265 [INFO ] springfox.documentation.spring.web.PropertySourcedRequestMappingHandlerMapping - Mapped URL path [/v2/api-docs] onto method [springfox.documentation.swagger2.web.Swagger2Controller#getDocumentation(String, HttpServletRequest)]
2022-05-14 04:14:05.691 [INFO ] org.apache.coyote.http11.Http11NioProtocol - Starting ProtocolHandler ["http-nio-8881"]
2022-05-14 04:14:05.705 [INFO ] org.springframework.boot.web.embedded.tomcat.TomcatWebServer - Tomcat started on port(s): 8881 (http) with context path ''
2022-05-14 04:14:05.706 [INFO ] springfox.documentation.spring.web.plugins.DocumentationPluginsBootstrapper - Context refreshed
2022-05-14 04:14:05.717 [INFO ] springfox.documentation.spring.web.plugins.DocumentationPluginsBootstrapper - Found 1 custom documentation plugin(s)
2022-05-14 04:14:05.767 [INFO ] springfox.documentation.spring.web.scanners.ApiListingReferenceScanner - Scanning for api listing references
2022-05-14 04:14:05.910 [INFO ] com.jawe.DemoApplication - Started DemoApplication in 4.558 seconds (JVM running for 5.523)
2022-05-14 04:14:58.066 [INFO ] org.apache.catalina.core.ContainerBase.[Tomcat].[localhost].[/] - Initializing Spring DispatcherServlet 'dispatcherServlet'
2022-05-14 04:14:58.638 [INFO ] com.zaxxer.hikari.HikariDataSource - HikariPool-1 - Starting...
2022-05-14 04:14:58.992 [INFO ] com.zaxxer.hikari.HikariDataSource - HikariPool-1 - Start completed.
2022-05-14 04:42:42.014 [INFO ] com.jawe.system.service.impl.GoodsCategoryServiceImpl - true
