2021-12-24 08:51:34.357 [DEBUG] com.jawe.system.mapper.GoodsMapper.selectPage_mpCount - ==>  Preparing: SELECT COUNT(1) FROM goods WHERE (goods_name LIKE ?)
2021-12-24 08:51:34.377 [DEBUG] com.jawe.system.mapper.GoodsMapper.selectPage_mpCount - ==> Parameters: %%(String)
2021-12-24 08:51:34.419 [DEBUG] com.jawe.system.mapper.GoodsMapper.selectPage_mpCount - <==      Total: 1
2021-12-24 08:51:34.427 [DEBUG] com.jawe.system.mapper.GoodsMapper.selectPage - ==>  Preparing: SELECT id,goods_name,category_id,description,price,stock,sales,cover_url,is_on,is_recommend,create_time,update_time FROM goods WHERE (goods_name LIKE ?) LIMIT ?
2021-12-24 08:51:34.430 [DEBUG] com.jawe.system.mapper.GoodsMapper.selectPage - ==> Parameters: %%(String), 8(Long)
2021-12-24 08:51:34.436 [DEBUG] com.jawe.system.mapper.GoodsMapper.selectPage - <==      Total: 8
2021-12-24 08:51:44.358 [DEBUG] com.jawe.system.mapper.UserMapper.currentUser - ==>  Preparing: select * from user where username = ?
2021-12-24 08:51:44.359 [DEBUG] com.jawe.system.mapper.UserMapper.currentUser - ==> Parameters: user(String)
2021-12-24 08:51:44.371 [DEBUG] com.jawe.system.mapper.UserMapper.currentUser - <==      Total: 1
2021-12-24 08:51:44.376 [DEBUG] com.jawe.system.mapper.CartMapper.selectList - ==>  Preparing: SELECT id,goods_id,num,price,user_id,is_active,category_id,create_time FROM cart WHERE (user_id = ?) ORDER BY category_id ASC
2021-12-24 08:51:44.377 [DEBUG] com.jawe.system.mapper.CartMapper.selectList - ==> Parameters: 2(Integer)
2021-12-24 08:51:44.385 [DEBUG] com.jawe.system.mapper.CartMapper.selectList - <==      Total: 5
2021-12-24 08:51:44.386 [DEBUG] com.jawe.system.mapper.GoodsMapper.selectById - ==>  Preparing: SELECT id,goods_name,category_id,description,price,stock,sales,cover_url,is_on,is_recommend,create_time,update_time FROM goods WHERE id=?
2021-12-24 08:51:44.387 [DEBUG] com.jawe.system.mapper.GoodsMapper.selectById - ==> Parameters: 20(Integer)
2021-12-24 08:51:44.388 [DEBUG] com.jawe.system.mapper.GoodsMapper.selectById - <==      Total: 1
2021-12-24 08:51:44.389 [DEBUG] com.jawe.system.mapper.GoodsCategoryMapper.getName - ==>  Preparing: select name from goods_category where id=?
2021-12-24 08:51:44.389 [DEBUG] com.jawe.system.mapper.GoodsCategoryMapper.getName - ==> Parameters: 6(Integer)
2021-12-24 08:51:44.393 [DEBUG] com.jawe.system.mapper.GoodsCategoryMapper.getName - <==      Total: 1
2021-12-24 08:51:44.394 [DEBUG] com.jawe.system.mapper.GoodsMapper.selectById - ==>  Preparing: SELECT id,goods_name,category_id,description,price,stock,sales,cover_url,is_on,is_recommend,create_time,update_time FROM goods WHERE id=?
2021-12-24 08:51:44.395 [DEBUG] com.jawe.system.mapper.GoodsMapper.selectById - ==> Parameters: 13(Integer)
2021-12-24 08:51:44.396 [DEBUG] com.jawe.system.mapper.GoodsMapper.selectById - <==      Total: 1
2021-12-24 08:51:44.398 [DEBUG] com.jawe.system.mapper.GoodsCategoryMapper.getName - ==>  Preparing: select name from goods_category where id=?
2021-12-24 08:51:44.398 [DEBUG] com.jawe.system.mapper.GoodsCategoryMapper.getName - ==> Parameters: 6(Integer)
2021-12-24 08:51:44.400 [DEBUG] com.jawe.system.mapper.GoodsCategoryMapper.getName - <==      Total: 1
2021-12-24 08:51:44.401 [DEBUG] com.jawe.system.mapper.GoodsMapper.selectById - ==>  Preparing: SELECT id,goods_name,category_id,description,price,stock,sales,cover_url,is_on,is_recommend,create_time,update_time FROM goods WHERE id=?
2021-12-24 08:51:44.401 [DEBUG] com.jawe.system.mapper.GoodsMapper.selectById - ==> Parameters: 23(Integer)
2021-12-24 08:51:44.403 [DEBUG] com.jawe.system.mapper.GoodsMapper.selectById - <==      Total: 1
2021-12-24 08:51:44.404 [DEBUG] com.jawe.system.mapper.GoodsCategoryMapper.getName - ==>  Preparing: select name from goods_category where id=?
2021-12-24 08:51:44.404 [DEBUG] com.jawe.system.mapper.GoodsCategoryMapper.getName - ==> Parameters: 21(Integer)
2021-12-24 08:51:44.405 [DEBUG] com.jawe.system.mapper.GoodsCategoryMapper.getName - <==      Total: 1
2021-12-24 08:51:44.405 [DEBUG] com.jawe.system.mapper.GoodsCategoryMapper.selectById - ==>  Preparing: SELECT id,pid,name,sort,enable,create_time,update_time FROM goods_category WHERE id=?
2021-12-24 08:51:44.405 [DEBUG] com.jawe.system.mapper.GoodsCategoryMapper.selectById - ==> Parameters: 6(Integer)
2021-12-24 08:51:44.407 [DEBUG] com.jawe.system.mapper.GoodsCategoryMapper.selectById - <==      Total: 1
2021-12-24 08:51:44.407 [DEBUG] com.jawe.system.mapper.GoodsMapper.selectById - ==>  Preparing: SELECT id,goods_name,category_id,description,price,stock,sales,cover_url,is_on,is_recommend,create_time,update_time FROM goods WHERE id=?
2021-12-24 08:51:44.407 [DEBUG] com.jawe.system.mapper.GoodsMapper.selectById - ==> Parameters: 22(Integer)
2021-12-24 08:51:44.409 [DEBUG] com.jawe.system.mapper.GoodsMapper.selectById - <==      Total: 1
2021-12-24 08:51:44.409 [DEBUG] com.jawe.system.mapper.GoodsCategoryMapper.getName - ==>  Preparing: select name from goods_category where id=?
2021-12-24 08:51:44.409 [DEBUG] com.jawe.system.mapper.GoodsCategoryMapper.getName - ==> Parameters: 21(Integer)
2021-12-24 08:51:44.410 [DEBUG] com.jawe.system.mapper.GoodsCategoryMapper.getName - <==      Total: 1
2021-12-24 08:51:44.411 [DEBUG] com.jawe.system.mapper.GoodsMapper.selectById - ==>  Preparing: SELECT id,goods_name,category_id,description,price,stock,sales,cover_url,is_on,is_recommend,create_time,update_time FROM goods WHERE id=?
2021-12-24 08:51:44.411 [DEBUG] com.jawe.system.mapper.GoodsMapper.selectById - ==> Parameters: 26(Integer)
2021-12-24 08:51:44.412 [DEBUG] com.jawe.system.mapper.GoodsMapper.selectById - <==      Total: 1
2021-12-24 08:51:44.413 [DEBUG] com.jawe.system.mapper.GoodsCategoryMapper.getName - ==>  Preparing: select name from goods_category where id=?
2021-12-24 08:51:44.413 [DEBUG] com.jawe.system.mapper.GoodsCategoryMapper.getName - ==> Parameters: 24(Integer)
2021-12-24 08:51:44.414 [DEBUG] com.jawe.system.mapper.GoodsCategoryMapper.getName - <==      Total: 1
2021-12-24 08:51:44.415 [DEBUG] com.jawe.system.mapper.GoodsCategoryMapper.selectById - ==>  Preparing: SELECT id,pid,name,sort,enable,create_time,update_time FROM goods_category WHERE id=?
2021-12-24 08:51:44.416 [DEBUG] com.jawe.system.mapper.GoodsCategoryMapper.selectById - ==> Parameters: 21(Integer)
2021-12-24 08:51:44.418 [DEBUG] com.jawe.system.mapper.GoodsCategoryMapper.selectById - <==      Total: 1
2021-12-24 08:51:44.421 [DEBUG] com.jawe.system.mapper.GoodsCategoryMapper.selectById - ==>  Preparing: SELECT id,pid,name,sort,enable,create_time,update_time FROM goods_category WHERE id=?
2021-12-24 08:51:44.421 [DEBUG] com.jawe.system.mapper.GoodsCategoryMapper.selectById - ==> Parameters: 24(Integer)
2021-12-24 08:51:44.422 [DEBUG] com.jawe.system.mapper.GoodsCategoryMapper.selectById - <==      Total: 1
2021-12-24 08:51:49.513 [DEBUG] com.jawe.system.mapper.CartMapper.onActive - ==>  Preparing: update cart c set is_active=abs(is_active-1) where c.id = ?;
2021-12-24 08:51:49.514 [DEBUG] com.jawe.system.mapper.CartMapper.onActive - ==> Parameters: 16(Integer)
2021-12-24 08:51:49.737 [DEBUG] com.jawe.system.mapper.CartMapper.onActive - <==    Updates: 1
2021-12-24 08:51:49.748 [DEBUG] com.jawe.system.mapper.CartMapper.onActive - ==>  Preparing: update cart c set is_active=abs(is_active-1) where c.id = ?;
2021-12-24 08:51:49.749 [DEBUG] com.jawe.system.mapper.CartMapper.onActive - ==> Parameters: 30(Integer)
2021-12-24 08:51:49.827 [DEBUG] com.jawe.system.mapper.CartMapper.onActive - <==    Updates: 1
2021-12-24 08:51:51.497 [DEBUG] com.jawe.system.mapper.CartMapper.onActive - ==>  Preparing: update cart c set is_active=abs(is_active-1) where c.id = ?;
2021-12-24 08:51:51.498 [DEBUG] com.jawe.system.mapper.CartMapper.onActive - ==> Parameters: 16(Integer)
2021-12-24 08:51:51.554 [DEBUG] com.jawe.system.mapper.CartMapper.onActive - <==    Updates: 1
2021-12-24 08:51:51.567 [DEBUG] com.jawe.system.mapper.CartMapper.onActive - ==>  Preparing: update cart c set is_active=abs(is_active-1) where c.id = ?;
2021-12-24 08:51:51.567 [DEBUG] com.jawe.system.mapper.CartMapper.onActive - ==> Parameters: 30(Integer)
2021-12-24 08:51:51.657 [DEBUG] com.jawe.system.mapper.CartMapper.onActive - <==    Updates: 1
2021-12-24 09:26:26.268 [DEBUG] com.jawe.system.mapper.CartMapper.onActive - ==>  Preparing: update cart c set is_active=abs(is_active-1) where c.id = ?;
2021-12-24 09:26:26.269 [DEBUG] com.jawe.system.mapper.CartMapper.onActive - ==> Parameters: 16(Integer)
2021-12-24 09:26:26.303 [DEBUG] com.jawe.system.mapper.CartMapper.onActive - <==    Updates: 1
2021-12-24 09:26:26.314 [DEBUG] com.jawe.system.mapper.CartMapper.onActive - ==>  Preparing: update cart c set is_active=abs(is_active-1) where c.id = ?;
2021-12-24 09:26:26.315 [DEBUG] com.jawe.system.mapper.CartMapper.onActive - ==> Parameters: 30(Integer)
2021-12-24 09:26:26.402 [DEBUG] com.jawe.system.mapper.CartMapper.onActive - <==    Updates: 1
2021-12-24 09:26:27.976 [DEBUG] com.jawe.system.mapper.CartMapper.onActive - ==>  Preparing: update cart c set is_active=abs(is_active-1) where c.id = ?;
2021-12-24 09:26:27.976 [DEBUG] com.jawe.system.mapper.CartMapper.onActive - ==> Parameters: 16(Integer)
2021-12-24 09:26:28.014 [DEBUG] com.jawe.system.mapper.CartMapper.onActive - <==    Updates: 1
2021-12-24 09:26:28.026 [DEBUG] com.jawe.system.mapper.CartMapper.onActive - ==>  Preparing: update cart c set is_active=abs(is_active-1) where c.id = ?;
2021-12-24 09:26:28.027 [DEBUG] com.jawe.system.mapper.CartMapper.onActive - ==> Parameters: 30(Integer)
2021-12-24 09:26:28.140 [DEBUG] com.jawe.system.mapper.CartMapper.onActive - <==    Updates: 1
2021-12-24 09:26:28.154 [DEBUG] com.jawe.system.mapper.CartMapper.onActive - ==>  Preparing: update cart c set is_active=abs(is_active-1) where c.id = ?;
2021-12-24 09:26:28.155 [DEBUG] com.jawe.system.mapper.CartMapper.onActive - ==> Parameters: 25(Integer)
2021-12-24 09:26:28.323 [DEBUG] com.jawe.system.mapper.CartMapper.onActive - <==    Updates: 1
2021-12-24 09:26:28.336 [DEBUG] com.jawe.system.mapper.CartMapper.onActive - ==>  Preparing: update cart c set is_active=abs(is_active-1) where c.id = ?;
2021-12-24 09:26:28.337 [DEBUG] com.jawe.system.mapper.CartMapper.onActive - ==> Parameters: 29(Integer)
2021-12-24 09:26:28.419 [DEBUG] com.jawe.system.mapper.CartMapper.onActive - <==    Updates: 1
2021-12-24 09:26:28.432 [DEBUG] com.jawe.system.mapper.CartMapper.onActive - ==>  Preparing: update cart c set is_active=abs(is_active-1) where c.id = ?;
2021-12-24 09:26:28.432 [DEBUG] com.jawe.system.mapper.CartMapper.onActive - ==> Parameters: 26(Integer)
2021-12-24 09:26:28.546 [DEBUG] com.jawe.system.mapper.CartMapper.onActive - <==    Updates: 1
