2022-05-08 00:15:27.656 [http-nio-8881-exec-10] ERROR com.jawe.handler.GlobalExceptionHandler - null
2022-05-08 00:15:27.656 [http-nio-8881-exec-5] ERROR com.jawe.handler.GlobalExceptionHandler - null
2022-05-08 00:15:27.658 [http-nio-8881-exec-8] ERROR com.jawe.handler.GlobalExceptionHandler - null
2022-05-08 00:15:27.659 [http-nio-8881-exec-1] ERROR com.jawe.handler.GlobalExceptionHandler - null
2022-05-08 00:15:27.658 [http-nio-8881-exec-9] ERROR com.jawe.handler.GlobalExceptionHandler - null
2022-05-08 00:15:30.045 [http-nio-8881-exec-10] ERROR com.jawe.handler.GlobalExceptionHandler - null
2022-05-08 00:15:30.045 [http-nio-8881-exec-7] ERROR com.jawe.handler.GlobalExceptionHandler - null
2022-05-08 00:15:30.045 [http-nio-8881-exec-4] ERROR com.jawe.handler.GlobalExceptionHandler - null
2022-05-08 00:15:30.050 [http-nio-8881-exec-9] ERROR com.jawe.handler.GlobalExceptionHandler - null
2022-05-08 00:15:30.051 [http-nio-8881-exec-1] ERROR com.jawe.handler.GlobalExceptionHandler - null
2022-05-08 00:29:55.191 [main] ERROR o.s.b.diagnostics.LoggingFailureAnalysisReporter - 

***************************
APPLICATION FAILED TO START
***************************

Description:

Web server failed to start. Port 8881 was already in use.

Action:

Identify and stop the process that's listening on port 8881 or configure this application to listen on another port.

2022-05-08 01:18:03.463 [http-nio-8881-exec-8] ERROR com.jawe.handler.GlobalExceptionHandler - null
2022-05-08 02:18:55.409 [http-nio-8881-exec-9] ERROR com.jawe.handler.GlobalExceptionHandler - null
2022-05-08 02:18:55.411 [http-nio-8881-exec-10] ERROR com.jawe.handler.GlobalExceptionHandler - null
2022-05-08 02:18:55.414 [http-nio-8881-exec-3] ERROR com.jawe.handler.GlobalExceptionHandler - null
2022-05-08 02:18:55.417 [http-nio-8881-exec-5] ERROR com.jawe.handler.GlobalExceptionHandler - null
2022-05-08 02:18:55.417 [http-nio-8881-exec-4] ERROR com.jawe.handler.GlobalExceptionHandler - null
2022-05-08 02:19:04.154 [http-nio-8881-exec-10] ERROR com.jawe.handler.GlobalExceptionHandler - null
2022-05-08 02:19:04.155 [http-nio-8881-exec-3] ERROR com.jawe.handler.GlobalExceptionHandler - null
2022-05-08 02:19:04.156 [http-nio-8881-exec-4] ERROR com.jawe.handler.GlobalExceptionHandler - null
2022-05-08 02:19:04.156 [http-nio-8881-exec-5] ERROR com.jawe.handler.GlobalExceptionHandler - null
2022-05-08 02:19:04.156 [http-nio-8881-exec-8] ERROR com.jawe.handler.GlobalExceptionHandler - null
2022-05-08 02:19:25.935 [http-nio-8881-exec-7] ERROR com.jawe.handler.GlobalExceptionHandler - null
2022-05-08 02:19:25.937 [http-nio-8881-exec-3] ERROR com.jawe.handler.GlobalExceptionHandler - null
2022-05-08 02:19:25.943 [http-nio-8881-exec-8] ERROR com.jawe.handler.GlobalExceptionHandler - null
2022-05-08 02:19:25.947 [http-nio-8881-exec-4] ERROR com.jawe.handler.GlobalExceptionHandler - null
2022-05-08 02:19:25.949 [http-nio-8881-exec-5] ERROR com.jawe.handler.GlobalExceptionHandler - null
2022-05-08 02:19:43.922 [http-nio-8881-exec-10] ERROR com.jawe.handler.GlobalExceptionHandler - null
2022-05-08 02:19:43.922 [http-nio-8881-exec-3] ERROR com.jawe.handler.GlobalExceptionHandler - null
2022-05-08 02:19:43.924 [http-nio-8881-exec-8] ERROR com.jawe.handler.GlobalExceptionHandler - null
2022-05-08 02:19:43.925 [http-nio-8881-exec-5] ERROR com.jawe.handler.GlobalExceptionHandler - null
2022-05-08 02:19:43.927 [http-nio-8881-exec-4] ERROR com.jawe.handler.GlobalExceptionHandler - null
2022-05-08 02:19:46.817 [http-nio-8881-exec-2] ERROR com.jawe.handler.GlobalExceptionHandler - null
2022-05-08 02:19:47.422 [http-nio-8881-exec-9] ERROR com.jawe.handler.GlobalExceptionHandler - null
2022-05-08 02:20:11.641 [http-nio-8881-exec-6] ERROR com.jawe.handler.GlobalExceptionHandler - null
2022-05-08 02:20:11.641 [http-nio-8881-exec-4] ERROR com.jawe.handler.GlobalExceptionHandler - null
2022-05-08 02:20:11.641 [http-nio-8881-exec-9] ERROR com.jawe.handler.GlobalExceptionHandler - null
2022-05-08 02:20:11.641 [http-nio-8881-exec-2] ERROR com.jawe.handler.GlobalExceptionHandler - null
2022-05-08 02:20:11.641 [http-nio-8881-exec-1] ERROR com.jawe.handler.GlobalExceptionHandler - null
2022-05-08 02:21:05.213 [http-nio-8881-exec-4] ERROR com.jawe.handler.GlobalExceptionHandler - null
2022-05-08 02:50:33.045 [http-nio-8881-exec-3] ERROR com.jawe.handler.GlobalExceptionHandler - Required request parameter 'state' for method parameter type Integer is present but converted to null
2022-05-08 02:51:14.662 [http-nio-8881-exec-4] ERROR com.jawe.handler.GlobalExceptionHandler - Required request parameter 'state' for method parameter type Integer is present but converted to null
2022-05-08 02:51:39.346 [http-nio-8881-exec-3] ERROR com.jawe.handler.GlobalExceptionHandler - Required request parameter 'state' for method parameter type Integer is present but converted to null
2022-05-08 02:51:52.544 [http-nio-8881-exec-4] ERROR com.jawe.handler.GlobalExceptionHandler - Required request parameter 'state' for method parameter type Integer is present but converted to null
2022-05-08 03:11:41.732 [http-nio-8881-exec-7] ERROR com.jawe.handler.GlobalExceptionHandler - Failed to convert value of type 'java.lang.String' to required type 'java.lang.Integer'; nested exception is java.lang.NumberFormatException: For input string: "73541555784388609"
2022-05-08 03:13:08.023 [http-nio-8881-exec-2] ERROR com.jawe.handler.GlobalExceptionHandler -  等待发货 -> 等待收货 失败，状态异常 order=订单号：73541555784388609, 订单状态：WAIT_RECEIVE
2022-05-08 08:48:18.412 [http-nio-8881-exec-5] ERROR com.jawe.handler.GlobalExceptionHandler - null
2022-05-08 08:48:19.240 [http-nio-8881-exec-7] ERROR com.jawe.handler.GlobalExceptionHandler - null
2022-05-08 08:48:20.006 [http-nio-8881-exec-9] ERROR com.jawe.handler.GlobalExceptionHandler - null
2022-05-08 08:48:33.213 [http-nio-8881-exec-1] ERROR com.jawe.handler.GlobalExceptionHandler - null
2022-05-08 08:48:33.885 [http-nio-8881-exec-3] ERROR com.jawe.handler.GlobalExceptionHandler - null
2022-05-08 10:52:30.893 [http-nio-8881-exec-9] ERROR com.jawe.handler.GlobalExceptionHandler - null
2022-05-08 10:52:31.573 [http-nio-8881-exec-1] ERROR com.jawe.handler.GlobalExceptionHandler - null
2022-05-08 10:52:32.138 [http-nio-8881-exec-3] ERROR com.jawe.handler.GlobalExceptionHandler - null
2022-05-08 13:22:59.572 [http-nio-8881-exec-7] ERROR com.jawe.handler.GlobalExceptionHandler - null
2022-05-08 13:30:19.618 [http-nio-8881-exec-7] ERROR com.jawe.handler.GlobalExceptionHandler - Request method 'POST' not supported
2022-05-08 13:31:04.943 [http-nio-8881-exec-3] ERROR com.jawe.handler.GlobalExceptionHandler - Failed to convert value of type 'java.lang.String' to required type 'java.lang.Long'; nested exception is java.lang.NumberFormatException: For input string: "undefined"
2022-05-08 16:30:22.145 [http-nio-8881-exec-7] ERROR com.jawe.handler.GlobalExceptionHandler - null
2022-05-08 16:31:53.819 [http-nio-8881-exec-10] ERROR com.jawe.handler.GlobalExceptionHandler - Failed to convert value of type 'java.lang.String' to required type 'java.lang.Long'; nested exception is java.lang.NumberFormatException: For input string: "undefined"
2022-05-08 16:35:47.082 [http-nio-8881-exec-2] ERROR com.jawe.handler.GlobalExceptionHandler - Failed to convert value of type 'java.lang.String' to required type 'java.lang.Long'; nested exception is java.lang.NumberFormatException: For input string: "undefined"
2022-05-08 16:38:19.327 [http-nio-8881-exec-4] ERROR com.jawe.handler.GlobalExceptionHandler - Failed to convert value of type 'java.lang.String' to required type 'java.lang.Long'; nested exception is java.lang.NumberFormatException: For input string: "undefined"
2022-05-08 16:38:35.682 [http-nio-8881-exec-10] ERROR com.jawe.handler.GlobalExceptionHandler - null
2022-05-08 16:48:37.122 [http-nio-8881-exec-3] ERROR com.jawe.handler.GlobalExceptionHandler -  等待支付 -> 等待发货 失败, 状态异常 order=订单号：73197237609566209, 订单状态：WAIT_DELIVER
2022-05-08 18:22:19.028 [http-nio-8881-exec-9] ERROR com.jawe.handler.GlobalExceptionHandler -  等待评论 -> 已评论 失败，状态异常 order=订单号：73574133237157889, 订单状态：WAIT_PAYMENT
2022-05-08 18:22:33.950 [http-nio-8881-exec-4] ERROR com.jawe.handler.GlobalExceptionHandler -  等待评论 -> 已评论 失败，状态异常 order=订单号：73215096050028545, 订单状态：WAIT_PAYMENT
2022-05-08 18:22:44.126 [http-nio-8881-exec-6] ERROR com.jawe.handler.GlobalExceptionHandler -  等待评论 -> 已评论 失败，状态异常 order=订单号：73215877482418177, 订单状态：WAIT_PAYMENT
2022-05-08 18:22:48.645 [http-nio-8881-exec-9] ERROR com.jawe.handler.GlobalExceptionHandler -  等待评论 -> 已评论 失败，状态异常 order=订单号：73574133237157889, 订单状态：WAIT_PAYMENT
2022-05-08 18:23:11.291 [http-nio-8881-exec-6] ERROR com.jawe.handler.GlobalExceptionHandler -  等待评论 -> 已评论 失败，状态异常 order=订单号：73215877482418177, 订单状态：WAIT_PAYMENT
2022-05-08 19:17:30.875 [http-nio-8881-exec-1] ERROR com.jawe.handler.GlobalExceptionHandler - null
2022-05-08 20:32:25.781 [http-nio-8881-exec-1] ERROR com.jawe.handler.GlobalExceptionHandler - null
2022-05-08 22:45:33.260 [http-nio-8881-exec-6] ERROR com.jawe.handler.GlobalExceptionHandler - null
2022-05-08 22:54:47.728 [http-nio-8881-exec-10] ERROR com.jawe.handler.GlobalExceptionHandler - null
2022-05-08 23:46:17.589 [http-nio-8881-exec-8] ERROR com.jawe.handler.GlobalExceptionHandler - null
2022-05-08 23:46:34.973 [http-nio-8881-exec-10] ERROR com.jawe.handler.GlobalExceptionHandler - null
2022-05-08 23:46:52.385 [http-nio-8881-exec-8] ERROR com.jawe.handler.GlobalExceptionHandler - null
2022-05-08 23:47:20.267 [http-nio-8881-exec-8] ERROR com.jawe.handler.GlobalExceptionHandler - null
2022-05-08 23:47:31.109 [http-nio-8881-exec-4] ERROR com.jawe.handler.GlobalExceptionHandler - null
2022-05-08 23:49:29.448 [http-nio-8881-exec-6] ERROR com.jawe.handler.GlobalExceptionHandler - null
