2021-12-17 22:29:38.293 [INFO ] com.jawe.DemoApplication - Starting DemoApplication using Java 1.8.0_291 on DESKTOP-A0VVV1J with PID 7120 (C:\Users\14618\Desktop\Sync\MyDemo\demo-parent\demo-base-web\target\classes started by 14618 in C:\Users\14618\Desktop\Sync\MyDemo\demo-parent)
2021-12-17 22:29:38.297 [INFO ] com.jawe.DemoApplication - No active profile set, falling back to default profiles: default
2021-12-17 22:29:39.359 [INFO ] org.springframework.data.repository.config.RepositoryConfigurationDelegate - Multiple Spring Data modules found, entering strict repository configuration mode!
2021-12-17 22:29:39.374 [INFO ] org.springframework.data.repository.config.RepositoryConfigurationDelegate - Bootstrapping Spring Data Redis repositories in DEFAULT mode.
2021-12-17 22:29:39.443 [INFO ] org.springframework.data.repository.config.RepositoryConfigurationDelegate - Finished Spring Data repository scanning in 34 ms. Found 0 Redis repository interfaces.
2021-12-17 22:29:39.719 [INFO ] org.springframework.context.support.PostProcessorRegistrationDelegate$BeanPostProcessorChecker - Bean 'org.springframework.statemachine.config.configuration.StateMachineAnnotationPostProcessorConfiguration' of type [org.springframework.statemachine.config.configuration.StateMachineAnnotationPostProcessorConfiguration$$EnhancerBySpringCGLIB$$74063605] is not eligible for getting processed by all BeanPostProcessors (for example: not eligible for auto-proxying)
2021-12-17 22:29:39.746 [INFO ] org.springframework.context.support.PostProcessorRegistrationDelegate$BeanPostProcessorChecker - Bean 'org.springframework.security.config.annotation.configuration.ObjectPostProcessorConfiguration' of type [org.springframework.security.config.annotation.configuration.ObjectPostProcessorConfiguration$$EnhancerBySpringCGLIB$$b11fe83e] is not eligible for getting processed by all BeanPostProcessors (for example: not eligible for auto-proxying)
2021-12-17 22:29:39.806 [INFO ] org.springframework.context.support.PostProcessorRegistrationDelegate$BeanPostProcessorChecker - Bean 'objectPostProcessor' of type [org.springframework.security.config.annotation.configuration.AutowireBeanFactoryObjectPostProcessor] is not eligible for getting processed by all BeanPostProcessors (for example: not eligible for auto-proxying)
2021-12-17 22:29:39.808 [INFO ] org.springframework.context.support.PostProcessorRegistrationDelegate$BeanPostProcessorChecker - Bean 'org.springframework.security.access.expression.method.DefaultMethodSecurityExpressionHandler@78cd163b' of type [org.springframework.security.access.expression.method.DefaultMethodSecurityExpressionHandler] is not eligible for getting processed by all BeanPostProcessors (for example: not eligible for auto-proxying)
2021-12-17 22:29:39.809 [INFO ] org.springframework.context.support.PostProcessorRegistrationDelegate$BeanPostProcessorChecker - Bean 'org.springframework.security.config.annotation.method.configuration.GlobalMethodSecurityConfiguration' of type [org.springframework.security.config.annotation.method.configuration.GlobalMethodSecurityConfiguration$$EnhancerBySpringCGLIB$$d5f48af0] is not eligible for getting processed by all BeanPostProcessors (for example: not eligible for auto-proxying)
2021-12-17 22:29:39.812 [INFO ] org.springframework.context.support.PostProcessorRegistrationDelegate$BeanPostProcessorChecker - Bean 'methodSecurityMetadataSource' of type [org.springframework.security.access.method.DelegatingMethodSecurityMetadataSource] is not eligible for getting processed by all BeanPostProcessors (for example: not eligible for auto-proxying)
2021-12-17 22:29:40.045 [INFO ] org.springframework.boot.web.embedded.tomcat.TomcatWebServer - Tomcat initialized with port(s): 8881 (http)
2021-12-17 22:29:40.053 [INFO ] org.apache.coyote.http11.Http11NioProtocol - Initializing ProtocolHandler ["http-nio-8881"]
2021-12-17 22:29:40.054 [INFO ] org.apache.catalina.core.StandardService - Starting service [Tomcat]
2021-12-17 22:29:40.054 [INFO ] org.apache.catalina.core.StandardEngine - Starting Servlet engine: [Apache Tomcat/9.0.45]
2021-12-17 22:29:40.151 [INFO ] org.apache.catalina.core.ContainerBase.[Tomcat].[localhost].[/] - Initializing Spring embedded WebApplicationContext
2021-12-17 22:29:40.151 [INFO ] org.springframework.boot.web.servlet.context.ServletWebServerApplicationContext - Root WebApplicationContext: initialization completed in 1804 ms
2021-12-17 22:29:43.440 [INFO ] org.springframework.security.web.DefaultSecurityFilterChain - Creating filter chain: Ant [pattern='/favicon.ico', GET], []
2021-12-17 22:29:43.441 [INFO ] org.springframework.security.web.DefaultSecurityFilterChain - Creating filter chain: Ant [pattern='/**/*.png', GET], []
2021-12-17 22:29:43.441 [INFO ] org.springframework.security.web.DefaultSecurityFilterChain - Creating filter chain: Ant [pattern='/**/*.ttf', GET], []
2021-12-17 22:29:43.441 [INFO ] org.springframework.security.web.DefaultSecurityFilterChain - Creating filter chain: Ant [pattern='/*.html', GET], []
2021-12-17 22:29:43.441 [INFO ] org.springframework.security.web.DefaultSecurityFilterChain - Creating filter chain: Ant [pattern='/**/*.css', GET], []
2021-12-17 22:29:43.442 [INFO ] org.springframework.security.web.DefaultSecurityFilterChain - Creating filter chain: Ant [pattern='/**/*.js', GET], []
2021-12-17 22:29:43.496 [INFO ] org.springframework.security.web.DefaultSecurityFilterChain - Creating filter chain: any request, [org.springframework.security.web.context.request.async.WebAsyncManagerIntegrationFilter@4f3356c0, org.springframework.security.web.context.SecurityContextPersistenceFilter@4b7ed03e, org.springframework.security.web.header.HeaderWriterFilter@687389a6, org.springframework.web.filter.CorsFilter@586cc15d, org.springframework.security.web.authentication.logout.LogoutFilter@2c9306d3, com.jawe.conf.jwt.JwtAuthenticationTokenFilter@5d0b0cb9, org.springframework.security.web.savedrequest.RequestCacheAwareFilter@6f91fbda, org.springframework.security.web.servletapi.SecurityContextHolderAwareRequestFilter@49a38b1, org.springframework.security.web.authentication.AnonymousAuthenticationFilter@6c835217, org.springframework.security.web.session.SessionManagementFilter@37c7766e, org.springframework.security.web.access.ExceptionTranslationFilter@675b18ff, org.springframework.security.web.access.intercept.FilterSecurityInterceptor@1c5d3a37]
2021-12-17 22:29:43.524 [INFO ] springfox.documentation.spring.web.PropertySourcedRequestMappingHandlerMapping - Mapped URL path [/v2/api-docs] onto method [springfox.documentation.swagger2.web.Swagger2Controller#getDocumentation(String, HttpServletRequest)]
2021-12-17 22:29:44.047 [INFO ] org.apache.coyote.http11.Http11NioProtocol - Starting ProtocolHandler ["http-nio-8881"]
2021-12-17 22:29:44.063 [INFO ] org.springframework.boot.web.embedded.tomcat.TomcatWebServer - Tomcat started on port(s): 8881 (http) with context path ''
2021-12-17 22:29:44.064 [INFO ] springfox.documentation.spring.web.plugins.DocumentationPluginsBootstrapper - Context refreshed
2021-12-17 22:29:44.074 [INFO ] springfox.documentation.spring.web.plugins.DocumentationPluginsBootstrapper - Found 1 custom documentation plugin(s)
2021-12-17 22:29:44.112 [INFO ] springfox.documentation.spring.web.scanners.ApiListingReferenceScanner - Scanning for api listing references
2021-12-17 22:29:44.267 [INFO ] com.jawe.DemoApplication - Started DemoApplication in 6.605 seconds (JVM running for 7.611)
2021-12-17 22:33:37.851 [INFO ] org.apache.catalina.core.ContainerBase.[Tomcat].[localhost].[/] - Initializing Spring DispatcherServlet 'dispatcherServlet'
2021-12-17 22:33:38.429 [INFO ] com.zaxxer.hikari.HikariDataSource - HikariPool-1 - Starting...
2021-12-17 22:33:38.777 [INFO ] com.zaxxer.hikari.HikariDataSource - HikariPool-1 - Start completed.
