2021-10-23 09:23:11.732 [http-nio-8881-exec-1] ERROR com.jawe.handler.GlobalExceptionHandler - Request method 'POST' not supported
2021-10-23 09:26:40.152 [http-nio-8881-exec-2] ERROR com.jawe.handler.GlobalExceptionHandler - null
2021-10-23 09:26:43.523 [http-nio-8881-exec-3] ERROR com.jawe.handler.GlobalExceptionHandler - null
2021-10-23 09:26:51.951 [http-nio-8881-exec-4] ERROR com.jawe.handler.GlobalExceptionHandler - null
2021-10-23 09:27:25.206 [http-nio-8881-exec-2] ERROR com.jawe.handler.GlobalExceptionHandler - null
2021-10-23 10:11:47.966 [http-nio-8881-exec-6] ERROR com.jawe.handler.GlobalExceptionHandler - Request method 'POST' not supported
2021-10-23 10:11:52.238 [http-nio-8881-exec-7] ERROR com.jawe.handler.GlobalExceptionHandler - Request method 'GET' not supported
2021-10-23 12:47:03.430 [http-nio-8881-exec-7] ERROR com.jawe.handler.GlobalExceptionHandler - null
2021-10-23 12:57:19.731 [http-nio-8881-exec-1] ERROR com.jawe.handler.GlobalExceptionHandler - null
2021-10-23 13:02:07.218 [http-nio-8881-exec-7] ERROR com.jawe.handler.GlobalExceptionHandler - null
2021-10-23 13:02:52.083 [http-nio-8881-exec-8] ERROR com.jawe.handler.GlobalExceptionHandler - null
2021-10-23 13:32:13.294 [http-nio-8881-exec-1] ERROR com.jawe.handler.GlobalExceptionHandler - null
2021-10-23 13:36:46.805 [http-nio-8881-exec-10] ERROR com.jawe.handler.GlobalExceptionHandler - null
2021-10-23 14:16:19.269 [http-nio-8881-exec-5] ERROR com.jawe.handler.GlobalExceptionHandler - null
2021-10-23 14:34:51.875 [http-nio-8881-exec-4] ERROR com.jawe.handler.GlobalExceptionHandler - null
2021-10-23 14:37:35.425 [http-nio-8881-exec-8] ERROR com.jawe.handler.GlobalExceptionHandler - null
2021-10-23 14:37:43.018 [http-nio-8881-exec-9] ERROR com.jawe.handler.GlobalExceptionHandler - null
2021-10-23 14:37:57.258 [http-nio-8881-exec-2] ERROR com.jawe.handler.GlobalExceptionHandler - null
2021-10-23 14:47:31.227 [http-nio-8881-exec-1] ERROR com.jawe.handler.GlobalExceptionHandler - Required request body is missing: public com.jawe.response.Result com.jawe.system.controller.UserController.addUser(com.jawe.system.entity.User)
2021-10-23 14:48:37.374 [http-nio-8881-exec-5] ERROR com.jawe.handler.GlobalExceptionHandler - 
### Error updating database.  Cause: java.sql.SQLException: Field 'enable' doesn't have a default value
### The error may exist in com/jawe/system/mapper/UserMapper.java (best guess)
### The error may involve com.jawe.system.mapper.UserMapper.insert-Inline
### The error occurred while setting parameters
### SQL: INSERT INTO user  ( username, password, email,   create_time, last_time )  VALUES  ( ?, ?, ?,   ?, ? )
### Cause: java.sql.SQLException: Field 'enable' doesn't have a default value
; Field 'enable' doesn't have a default value; nested exception is java.sql.SQLException: Field 'enable' doesn't have a default value
2021-10-23 14:58:44.847 [http-nio-8881-exec-8] ERROR com.jawe.handler.GlobalExceptionHandler - Required request body is missing: public com.jawe.response.Result com.jawe.system.controller.UserController.addUser(com.jawe.system.entity.User)
2021-10-23 15:40:48.226 [http-nio-8881-exec-2] ERROR com.jawe.handler.GlobalExceptionHandler - null
2021-10-23 15:43:23.801 [http-nio-8881-exec-6] ERROR com.jawe.handler.GlobalExceptionHandler - null
2021-10-23 15:45:25.397 [http-nio-8881-exec-10] ERROR com.jawe.handler.GlobalExceptionHandler - null
2021-10-23 15:45:44.354 [http-nio-8881-exec-4] ERROR com.jawe.handler.GlobalExceptionHandler - null
2021-10-23 18:36:51.342 [http-nio-8881-exec-5] ERROR com.jawe.handler.GlobalExceptionHandler - null
2021-10-23 18:41:56.164 [http-nio-8881-exec-9] ERROR com.jawe.handler.GlobalExceptionHandler - null
2021-10-23 18:42:04.266 [http-nio-8881-exec-3] ERROR com.jawe.handler.GlobalExceptionHandler - Request method 'GET' not supported
2021-10-23 18:42:50.142 [http-nio-8881-exec-4] ERROR com.jawe.handler.GlobalExceptionHandler - null
2021-10-23 18:43:08.801 [http-nio-8881-exec-8] ERROR com.jawe.handler.GlobalExceptionHandler - Request method 'GET' not supported
2021-10-23 18:45:45.713 [http-nio-8881-exec-1] ERROR com.jawe.handler.GlobalExceptionHandler - null
2021-10-23 18:52:28.542 [http-nio-8881-exec-8] ERROR com.jawe.handler.GlobalExceptionHandler - null
2021-10-23 18:52:50.390 [http-nio-8881-exec-6] ERROR com.jawe.handler.GlobalExceptionHandler - null
2021-10-23 18:53:53.075 [http-nio-8881-exec-4] ERROR com.jawe.handler.GlobalExceptionHandler - null
2021-10-23 18:56:36.853 [http-nio-8881-exec-9] ERROR com.jawe.handler.GlobalExceptionHandler - null
2021-10-23 18:56:52.940 [http-nio-8881-exec-7] ERROR com.jawe.handler.GlobalExceptionHandler - null
2021-10-23 19:06:43.125 [http-nio-8881-exec-6] ERROR com.jawe.handler.GlobalExceptionHandler - null
2021-10-23 19:08:03.085 [http-nio-8881-exec-5] ERROR com.jawe.handler.GlobalExceptionHandler - null
2021-10-23 19:08:15.436 [http-nio-8881-exec-2] ERROR com.jawe.handler.GlobalExceptionHandler - 账号已存在
2021-10-23 19:10:40.018 [http-nio-8881-exec-3] ERROR com.jawe.handler.GlobalExceptionHandler - null
2021-10-23 19:12:41.181 [http-nio-8881-exec-4] ERROR com.jawe.handler.GlobalExceptionHandler - null
2021-10-23 19:13:01.195 [http-nio-8881-exec-6] ERROR com.jawe.handler.GlobalExceptionHandler - null
2021-10-23 19:13:22.555 [http-nio-8881-exec-8] ERROR com.jawe.handler.GlobalExceptionHandler - null
2021-10-23 19:13:57.601 [http-nio-8881-exec-1] ERROR com.jawe.handler.GlobalExceptionHandler - 账号已存在
2021-10-23 19:18:16.051 [http-nio-8881-exec-2] ERROR com.jawe.handler.GlobalExceptionHandler - null
2021-10-23 22:02:18.568 [http-nio-8881-exec-1] ERROR com.jawe.handler.GlobalExceptionHandler - null
2021-10-23 22:03:04.010 [http-nio-8881-exec-7] ERROR com.jawe.handler.GlobalExceptionHandler - null
2021-10-23 22:03:30.388 [http-nio-8881-exec-4] ERROR com.jawe.handler.GlobalExceptionHandler - null
2021-10-23 22:04:34.386 [http-nio-8881-exec-10] ERROR com.jawe.handler.GlobalExceptionHandler - 
### Error updating database.  Cause: java.sql.SQLException: Field 'password' doesn't have a default value
### The error may exist in com/jawe/system/mapper/UserMapper.java (best guess)
### The error may involve com.jawe.system.mapper.UserMapper.insert-Inline
### The error occurred while setting parameters
### SQL: INSERT INTO user  ( username,  email,   create_time, update_time )  VALUES  ( ?,  ?,   ?, ? )
### Cause: java.sql.SQLException: Field 'password' doesn't have a default value
; Field 'password' doesn't have a default value; nested exception is java.sql.SQLException: Field 'password' doesn't have a default value
2021-10-23 22:05:57.563 [http-nio-8881-exec-9] ERROR com.jawe.handler.GlobalExceptionHandler - null
2021-10-23 22:06:10.262 [http-nio-8881-exec-4] ERROR com.jawe.handler.GlobalExceptionHandler - null
2021-10-23 22:10:49.478 [http-nio-8881-exec-6] ERROR com.jawe.handler.GlobalExceptionHandler - null
2021-10-23 22:14:25.807 [http-nio-8881-exec-8] ERROR com.jawe.handler.GlobalExceptionHandler - null
2021-10-23 22:15:58.910 [http-nio-8881-exec-6] ERROR com.jawe.handler.GlobalExceptionHandler - null
2021-10-23 22:24:42.047 [http-nio-8881-exec-10] ERROR com.jawe.handler.GlobalExceptionHandler - null
2021-10-23 22:44:19.203 [http-nio-8881-exec-9] ERROR com.jawe.handler.GlobalExceptionHandler - null
2021-10-23 22:46:36.961 [http-nio-8881-exec-2] ERROR com.jawe.handler.GlobalExceptionHandler - null
