2022-05-10 00:41:07.097 [http-nio-8881-exec-1] ERROR com.jawe.handler.GlobalExceptionHandler - Failed to convert value of type 'java.lang.String' to required type 'java.lang.Integer'; nested exception is java.lang.NumberFormatException: For input string: "all"
2022-05-10 00:42:43.986 [http-nio-8881-exec-2] ERROR com.jawe.handler.GlobalExceptionHandler - Failed to convert value of type 'java.lang.String' to required type 'java.lang.Integer'; nested exception is java.lang.NumberFormatException: For input string: "all"
2022-05-10 00:43:13.745 [http-nio-8881-exec-6] ERROR com.jawe.handler.GlobalExceptionHandler - Type definition error: [simple type, class com.jawe.vo.OrderVo]; nested exception is com.fasterxml.jackson.databind.exc.InvalidDefinitionException: Cannot construct instance of `com.jawe.vo.OrderVo` (no Creators, like default constructor, exist): cannot deserialize from Object value (no delegate- or property-based Creator)
 at [Source: (PushbackInputStream); line: 1, column: 2]
2022-05-10 00:43:58.032 [http-nio-8881-exec-7] ERROR com.jawe.handler.GlobalExceptionHandler - Type definition error: [simple type, class com.jawe.vo.OrderVo]; nested exception is com.fasterxml.jackson.databind.exc.InvalidDefinitionException: Cannot construct instance of `com.jawe.vo.OrderVo` (no Creators, like default constructor, exist): cannot deserialize from Object value (no delegate- or property-based Creator)
 at [Source: (PushbackInputStream); line: 1, column: 2]
2022-05-10 00:45:09.267 [http-nio-8881-exec-8] ERROR com.jawe.handler.GlobalExceptionHandler - Type definition error: [simple type, class com.jawe.vo.OrderVo]; nested exception is com.fasterxml.jackson.databind.exc.InvalidDefinitionException: Cannot construct instance of `com.jawe.vo.OrderVo` (no Creators, like default constructor, exist): cannot deserialize from Object value (no delegate- or property-based Creator)
 at [Source: (PushbackInputStream); line: 1, column: 2]
2022-05-10 01:07:10.731 [http-nio-8881-exec-6] ERROR com.jawe.handler.GlobalExceptionHandler - JSON parse error: Cannot deserialize value of type `com.jawe.state.enums.OrderStatus` from String "": not one of the values accepted for Enum class: [RETURN_FINISH, FINISH, WAIT_COMMENT, CANCEL_FINISH, WAIT_RECEIVE, WAIT_DELIVER, WAIT_PAYMENT, COMMENTED, WAIT_RETURNING]; nested exception is com.fasterxml.jackson.databind.exc.InvalidFormatException: Cannot deserialize value of type `com.jawe.state.enums.OrderStatus` from String "": not one of the values accepted for Enum class: [RETURN_FINISH, FINISH, WAIT_COMMENT, CANCEL_FINISH, WAIT_RECEIVE, WAIT_DELIVER, WAIT_PAYMENT, COMMENTED, WAIT_RETURNING]
 at [Source: (PushbackInputStream); line: 1, column: 35] (through reference chain: com.jawe.vo.OrderVo["state"])
2022-05-10 01:08:28.325 [http-nio-8881-exec-1] ERROR com.jawe.handler.GlobalExceptionHandler - JSON parse error: Cannot deserialize value of type `com.jawe.state.enums.OrderStatus` from String "": not one of the values accepted for Enum class: [RETURN_FINISH, FINISH, WAIT_COMMENT, CANCEL_FINISH, WAIT_RECEIVE, WAIT_DELIVER, WAIT_PAYMENT, COMMENTED, WAIT_RETURNING]; nested exception is com.fasterxml.jackson.databind.exc.InvalidFormatException: Cannot deserialize value of type `com.jawe.state.enums.OrderStatus` from String "": not one of the values accepted for Enum class: [RETURN_FINISH, FINISH, WAIT_COMMENT, CANCEL_FINISH, WAIT_RECEIVE, WAIT_DELIVER, WAIT_PAYMENT, COMMENTED, WAIT_RETURNING]
 at [Source: (PushbackInputStream); line: 1, column: 35] (through reference chain: com.jawe.vo.OrderVo["state"])
2022-05-10 01:08:40.999 [http-nio-8881-exec-2] ERROR com.jawe.handler.GlobalExceptionHandler - JSON parse error: Cannot deserialize value of type `com.jawe.state.enums.OrderStatus` from String "": not one of the values accepted for Enum class: [RETURN_FINISH, FINISH, WAIT_COMMENT, CANCEL_FINISH, WAIT_RECEIVE, WAIT_DELIVER, WAIT_PAYMENT, COMMENTED, WAIT_RETURNING]; nested exception is com.fasterxml.jackson.databind.exc.InvalidFormatException: Cannot deserialize value of type `com.jawe.state.enums.OrderStatus` from String "": not one of the values accepted for Enum class: [RETURN_FINISH, FINISH, WAIT_COMMENT, CANCEL_FINISH, WAIT_RECEIVE, WAIT_DELIVER, WAIT_PAYMENT, COMMENTED, WAIT_RETURNING]
 at [Source: (PushbackInputStream); line: 1, column: 35] (through reference chain: com.jawe.vo.OrderVo["state"])
2022-05-10 01:12:34.064 [http-nio-8881-exec-4] ERROR com.jawe.handler.GlobalExceptionHandler - Failed to convert value of type 'java.lang.String' to required type 'java.lang.Integer'; nested exception is java.lang.NumberFormatException: For input string: "undefined"
2022-05-10 02:53:45.763 [http-nio-8881-exec-2] ERROR com.jawe.handler.GlobalExceptionHandler - Failed to convert value of type 'java.lang.String' to required type 'java.lang.Integer'; nested exception is java.lang.NumberFormatException: For input string: "73845237063225345"
2022-05-10 03:05:51.266 [http-nio-8881-exec-5] ERROR com.jawe.handler.GlobalExceptionHandler - Failed to convert value of type 'java.lang.String' to required type 'java.lang.Integer'; nested exception is java.lang.NumberFormatException: For input string: "73197237609566209"
2022-05-10 11:44:28.702 [http-nio-8881-exec-3] ERROR com.jawe.handler.GlobalExceptionHandler - null
2022-05-10 11:44:31.227 [http-nio-8881-exec-10] ERROR com.jawe.handler.GlobalExceptionHandler - null
2022-05-10 11:44:31.247 [http-nio-8881-exec-9] ERROR com.jawe.handler.GlobalExceptionHandler - null
2022-05-10 11:44:34.192 [http-nio-8881-exec-9] ERROR com.jawe.handler.GlobalExceptionHandler - null
2022-05-10 11:44:34.201 [http-nio-8881-exec-10] ERROR com.jawe.handler.GlobalExceptionHandler - null
2022-05-10 19:56:25.404 [http-nio-8881-exec-8] ERROR com.jawe.handler.GlobalExceptionHandler - null
