2022-05-20 02:38:28.767 [INFO ] com.jawe.DemoApplication - Starting DemoApplication using Java 1.8.0_291 on DESKTOP-A0VVV1J with PID 51980 (C:\Users\14618\Desktop\Sync\MyDemo\demo-parent\demo-base-web\target\classes started by 14618 in C:\Users\14618\Desktop\Sync\MyDemo\demo-parent)
2022-05-20 02:38:28.773 [INFO ] com.jawe.DemoApplication - No active profile set, falling back to default profiles: default
2022-05-20 02:38:29.874 [INFO ] org.springframework.data.repository.config.RepositoryConfigurationDelegate - Multiple Spring Data modules found, entering strict repository configuration mode!
2022-05-20 02:38:29.881 [INFO ] org.springframework.data.repository.config.RepositoryConfigurationDelegate - Bootstrapping Spring Data Redis repositories in DEFAULT mode.
2022-05-20 02:38:29.959 [INFO ] org.springframework.data.repository.config.RepositoryConfigurationDelegate - Finished Spring Data repository scanning in 56 ms. Found 0 Redis repository interfaces.
2022-05-20 02:38:30.470 [INFO ] org.springframework.context.support.PostProcessorRegistrationDelegate$BeanPostProcessorChecker - Bean 'org.springframework.statemachine.config.configuration.StateMachineAnnotationPostProcessorConfiguration' of type [org.springframework.statemachine.config.configuration.StateMachineAnnotationPostProcessorConfiguration$$EnhancerBySpringCGLIB$$f8198cd0] is not eligible for getting processed by all BeanPostProcessors (for example: not eligible for auto-proxying)
2022-05-20 02:38:30.493 [INFO ] org.springframework.context.support.PostProcessorRegistrationDelegate$BeanPostProcessorChecker - Bean 'org.springframework.security.config.annotation.configuration.ObjectPostProcessorConfiguration' of type [org.springframework.security.config.annotation.configuration.ObjectPostProcessorConfiguration$$EnhancerBySpringCGLIB$$35333f09] is not eligible for getting processed by all BeanPostProcessors (for example: not eligible for auto-proxying)
2022-05-20 02:38:30.532 [INFO ] org.springframework.context.support.PostProcessorRegistrationDelegate$BeanPostProcessorChecker - Bean 'objectPostProcessor' of type [org.springframework.security.config.annotation.configuration.AutowireBeanFactoryObjectPostProcessor] is not eligible for getting processed by all BeanPostProcessors (for example: not eligible for auto-proxying)
2022-05-20 02:38:30.534 [INFO ] org.springframework.context.support.PostProcessorRegistrationDelegate$BeanPostProcessorChecker - Bean 'org.springframework.security.access.expression.method.DefaultMethodSecurityExpressionHandler@782be4eb' of type [org.springframework.security.access.expression.method.DefaultMethodSecurityExpressionHandler] is not eligible for getting processed by all BeanPostProcessors (for example: not eligible for auto-proxying)
2022-05-20 02:38:30.536 [INFO ] org.springframework.context.support.PostProcessorRegistrationDelegate$BeanPostProcessorChecker - Bean 'org.springframework.security.config.annotation.method.configuration.GlobalMethodSecurityConfiguration' of type [org.springframework.security.config.annotation.method.configuration.GlobalMethodSecurityConfiguration$$EnhancerBySpringCGLIB$$5a07e1bb] is not eligible for getting processed by all BeanPostProcessors (for example: not eligible for auto-proxying)
2022-05-20 02:38:30.539 [INFO ] org.springframework.context.support.PostProcessorRegistrationDelegate$BeanPostProcessorChecker - Bean 'methodSecurityMetadataSource' of type [org.springframework.security.access.method.DelegatingMethodSecurityMetadataSource] is not eligible for getting processed by all BeanPostProcessors (for example: not eligible for auto-proxying)
2022-05-20 02:38:30.755 [INFO ] org.springframework.boot.web.embedded.tomcat.TomcatWebServer - Tomcat initialized with port(s): 8881 (http)
2022-05-20 02:38:30.763 [INFO ] org.apache.coyote.http11.Http11NioProtocol - Initializing ProtocolHandler ["http-nio-8881"]
2022-05-20 02:38:30.764 [INFO ] org.apache.catalina.core.StandardService - Starting service [Tomcat]
2022-05-20 02:38:30.764 [INFO ] org.apache.catalina.core.StandardEngine - Starting Servlet engine: [Apache Tomcat/9.0.45]
2022-05-20 02:38:30.843 [INFO ] org.apache.catalina.core.ContainerBase.[Tomcat].[localhost].[/] - Initializing Spring embedded WebApplicationContext
2022-05-20 02:38:30.844 [INFO ] org.springframework.boot.web.servlet.context.ServletWebServerApplicationContext - Root WebApplicationContext: initialization completed in 2018 ms
2022-05-20 02:38:34.391 [INFO ] org.springframework.security.web.DefaultSecurityFilterChain - Creating filter chain: Ant [pattern='/favicon.ico', GET], []
2022-05-20 02:38:34.391 [INFO ] org.springframework.security.web.DefaultSecurityFilterChain - Creating filter chain: Ant [pattern='/**/*.png', GET], []
2022-05-20 02:38:34.391 [INFO ] org.springframework.security.web.DefaultSecurityFilterChain - Creating filter chain: Ant [pattern='/**/*.ttf', GET], []
2022-05-20 02:38:34.392 [INFO ] org.springframework.security.web.DefaultSecurityFilterChain - Creating filter chain: Ant [pattern='/*.html', GET], []
2022-05-20 02:38:34.392 [INFO ] org.springframework.security.web.DefaultSecurityFilterChain - Creating filter chain: Ant [pattern='/**/*.css', GET], []
2022-05-20 02:38:34.392 [INFO ] org.springframework.security.web.DefaultSecurityFilterChain - Creating filter chain: Ant [pattern='/**/*.js', GET], []
2022-05-20 02:38:34.428 [INFO ] org.springframework.security.web.DefaultSecurityFilterChain - Creating filter chain: any request, [org.springframework.security.web.context.request.async.WebAsyncManagerIntegrationFilter@11c7a0b4, org.springframework.security.web.context.SecurityContextPersistenceFilter@615e83ac, org.springframework.security.web.header.HeaderWriterFilter@33f4c769, org.springframework.web.filter.CorsFilter@75ed125a, org.springframework.security.web.authentication.logout.LogoutFilter@74500e4f, com.jawe.conf.jwt.JwtAuthenticationTokenFilter@58658f63, org.springframework.security.web.savedrequest.RequestCacheAwareFilter@4e50ae56, org.springframework.security.web.servletapi.SecurityContextHolderAwareRequestFilter@474e34e4, org.springframework.security.web.authentication.AnonymousAuthenticationFilter@653a5967, org.springframework.security.web.session.SessionManagementFilter@5e5a8718, org.springframework.security.web.access.ExceptionTranslationFilter@f03ee8f, org.springframework.security.web.access.intercept.FilterSecurityInterceptor@2b9e69fb]
2022-05-20 02:38:34.455 [INFO ] springfox.documentation.spring.web.PropertySourcedRequestMappingHandlerMapping - Mapped URL path [/v2/api-docs] onto method [springfox.documentation.swagger2.web.Swagger2Controller#getDocumentation(String, HttpServletRequest)]
2022-05-20 02:38:34.907 [INFO ] org.apache.coyote.http11.Http11NioProtocol - Starting ProtocolHandler ["http-nio-8881"]
2022-05-20 02:38:34.938 [INFO ] org.springframework.boot.web.embedded.tomcat.TomcatWebServer - Tomcat started on port(s): 8881 (http) with context path ''
2022-05-20 02:38:34.940 [INFO ] springfox.documentation.spring.web.plugins.DocumentationPluginsBootstrapper - Context refreshed
2022-05-20 02:38:34.958 [INFO ] springfox.documentation.spring.web.plugins.DocumentationPluginsBootstrapper - Found 1 custom documentation plugin(s)
2022-05-20 02:38:35.016 [INFO ] springfox.documentation.spring.web.scanners.ApiListingReferenceScanner - Scanning for api listing references
2022-05-20 02:38:35.383 [INFO ] com.jawe.DemoApplication - Started DemoApplication in 7.222 seconds (JVM running for 8.532)
2022-05-20 02:38:37.136 [INFO ] org.apache.catalina.core.ContainerBase.[Tomcat].[localhost].[/] - Initializing Spring DispatcherServlet 'dispatcherServlet'
2022-05-20 02:38:37.653 [INFO ] com.zaxxer.hikari.HikariDataSource - HikariPool-1 - Starting...
2022-05-20 02:38:38.054 [INFO ] com.zaxxer.hikari.HikariDataSource - HikariPool-1 - Start completed.
2022-05-20 02:39:16.382 [INFO ] com.jawe.system.service.impl.GoodsCategoryServiceImpl - true
2022-05-20 02:40:23.765 [INFO ] com.jawe.system.service.impl.GoodsCategoryServiceImpl - true
2022-05-20 03:18:26.590 [INFO ] com.jawe.DemoApplication - Starting DemoApplication using Java 1.8.0_291 on DESKTOP-A0VVV1J with PID 35440 (C:\Users\14618\Desktop\Sync\MyDemo\demo-parent\demo-base-web\target\classes started by 14618 in C:\Users\14618\Desktop\Sync\MyDemo\demo-parent)
2022-05-20 03:18:26.597 [INFO ] com.jawe.DemoApplication - No active profile set, falling back to default profiles: default
2022-05-20 03:18:27.419 [INFO ] org.springframework.data.repository.config.RepositoryConfigurationDelegate - Multiple Spring Data modules found, entering strict repository configuration mode!
2022-05-20 03:18:27.421 [INFO ] org.springframework.data.repository.config.RepositoryConfigurationDelegate - Bootstrapping Spring Data Redis repositories in DEFAULT mode.
2022-05-20 03:18:27.464 [INFO ] org.springframework.data.repository.config.RepositoryConfigurationDelegate - Finished Spring Data repository scanning in 30 ms. Found 0 Redis repository interfaces.
2022-05-20 03:18:27.718 [INFO ] org.springframework.context.support.PostProcessorRegistrationDelegate$BeanPostProcessorChecker - Bean 'org.springframework.statemachine.config.configuration.StateMachineAnnotationPostProcessorConfiguration' of type [org.springframework.statemachine.config.configuration.StateMachineAnnotationPostProcessorConfiguration$$EnhancerBySpringCGLIB$$6fcd7a33] is not eligible for getting processed by all BeanPostProcessors (for example: not eligible for auto-proxying)
2022-05-20 03:18:27.739 [INFO ] org.springframework.context.support.PostProcessorRegistrationDelegate$BeanPostProcessorChecker - Bean 'org.springframework.security.config.annotation.configuration.ObjectPostProcessorConfiguration' of type [org.springframework.security.config.annotation.configuration.ObjectPostProcessorConfiguration$$EnhancerBySpringCGLIB$$ace72c6c] is not eligible for getting processed by all BeanPostProcessors (for example: not eligible for auto-proxying)
2022-05-20 03:18:27.768 [INFO ] org.springframework.context.support.PostProcessorRegistrationDelegate$BeanPostProcessorChecker - Bean 'objectPostProcessor' of type [org.springframework.security.config.annotation.configuration.AutowireBeanFactoryObjectPostProcessor] is not eligible for getting processed by all BeanPostProcessors (for example: not eligible for auto-proxying)
2022-05-20 03:18:27.770 [INFO ] org.springframework.context.support.PostProcessorRegistrationDelegate$BeanPostProcessorChecker - Bean 'org.springframework.security.access.expression.method.DefaultMethodSecurityExpressionHandler@6f1a80fb' of type [org.springframework.security.access.expression.method.DefaultMethodSecurityExpressionHandler] is not eligible for getting processed by all BeanPostProcessors (for example: not eligible for auto-proxying)
2022-05-20 03:18:27.772 [INFO ] org.springframework.context.support.PostProcessorRegistrationDelegate$BeanPostProcessorChecker - Bean 'org.springframework.security.config.annotation.method.configuration.GlobalMethodSecurityConfiguration' of type [org.springframework.security.config.annotation.method.configuration.GlobalMethodSecurityConfiguration$$EnhancerBySpringCGLIB$$d1bbcf1e] is not eligible for getting processed by all BeanPostProcessors (for example: not eligible for auto-proxying)
2022-05-20 03:18:27.774 [INFO ] org.springframework.context.support.PostProcessorRegistrationDelegate$BeanPostProcessorChecker - Bean 'methodSecurityMetadataSource' of type [org.springframework.security.access.method.DelegatingMethodSecurityMetadataSource] is not eligible for getting processed by all BeanPostProcessors (for example: not eligible for auto-proxying)
2022-05-20 03:18:27.972 [INFO ] org.springframework.boot.web.embedded.tomcat.TomcatWebServer - Tomcat initialized with port(s): 8881 (http)
2022-05-20 03:18:27.979 [INFO ] org.apache.coyote.http11.Http11NioProtocol - Initializing ProtocolHandler ["http-nio-8881"]
2022-05-20 03:18:27.979 [INFO ] org.apache.catalina.core.StandardService - Starting service [Tomcat]
2022-05-20 03:18:27.980 [INFO ] org.apache.catalina.core.StandardEngine - Starting Servlet engine: [Apache Tomcat/9.0.45]
2022-05-20 03:18:28.053 [INFO ] org.apache.catalina.core.ContainerBase.[Tomcat].[localhost].[/] - Initializing Spring embedded WebApplicationContext
2022-05-20 03:18:28.054 [INFO ] org.springframework.boot.web.servlet.context.ServletWebServerApplicationContext - Root WebApplicationContext: initialization completed in 1404 ms
2022-05-20 03:18:30.912 [INFO ] org.springframework.security.web.DefaultSecurityFilterChain - Creating filter chain: Ant [pattern='/favicon.ico', GET], []
2022-05-20 03:18:30.912 [INFO ] org.springframework.security.web.DefaultSecurityFilterChain - Creating filter chain: Ant [pattern='/**/*.png', GET], []
2022-05-20 03:18:30.912 [INFO ] org.springframework.security.web.DefaultSecurityFilterChain - Creating filter chain: Ant [pattern='/**/*.ttf', GET], []
2022-05-20 03:18:30.913 [INFO ] org.springframework.security.web.DefaultSecurityFilterChain - Creating filter chain: Ant [pattern='/*.html', GET], []
2022-05-20 03:18:30.913 [INFO ] org.springframework.security.web.DefaultSecurityFilterChain - Creating filter chain: Ant [pattern='/**/*.css', GET], []
2022-05-20 03:18:30.913 [INFO ] org.springframework.security.web.DefaultSecurityFilterChain - Creating filter chain: Ant [pattern='/**/*.js', GET], []
2022-05-20 03:18:30.940 [INFO ] org.springframework.security.web.DefaultSecurityFilterChain - Creating filter chain: any request, [org.springframework.security.web.context.request.async.WebAsyncManagerIntegrationFilter@5a85b4e6, org.springframework.security.web.context.SecurityContextPersistenceFilter@1c68d0db, org.springframework.security.web.header.HeaderWriterFilter@7404ddca, org.springframework.web.filter.CorsFilter@766b6d02, org.springframework.security.web.authentication.logout.LogoutFilter@13d289c7, com.jawe.conf.jwt.JwtAuthenticationTokenFilter@d902300, org.springframework.security.web.savedrequest.RequestCacheAwareFilter@91a2543, org.springframework.security.web.servletapi.SecurityContextHolderAwareRequestFilter@6734ff92, org.springframework.security.web.authentication.AnonymousAuthenticationFilter@6b09ce57, org.springframework.security.web.session.SessionManagementFilter@4438938e, org.springframework.security.web.access.ExceptionTranslationFilter@4ebd6fd6, org.springframework.security.web.access.intercept.FilterSecurityInterceptor@49ced9c7]
2022-05-20 03:18:30.964 [INFO ] springfox.documentation.spring.web.PropertySourcedRequestMappingHandlerMapping - Mapped URL path [/v2/api-docs] onto method [springfox.documentation.swagger2.web.Swagger2Controller#getDocumentation(String, HttpServletRequest)]
2022-05-20 03:18:31.275 [INFO ] org.apache.coyote.http11.Http11NioProtocol - Starting ProtocolHandler ["http-nio-8881"]
2022-05-20 03:18:31.287 [INFO ] org.springframework.boot.web.embedded.tomcat.TomcatWebServer - Tomcat started on port(s): 8881 (http) with context path ''
2022-05-20 03:18:31.288 [INFO ] springfox.documentation.spring.web.plugins.DocumentationPluginsBootstrapper - Context refreshed
2022-05-20 03:18:31.299 [INFO ] springfox.documentation.spring.web.plugins.DocumentationPluginsBootstrapper - Found 1 custom documentation plugin(s)
2022-05-20 03:18:31.337 [INFO ] springfox.documentation.spring.web.scanners.ApiListingReferenceScanner - Scanning for api listing references
2022-05-20 03:18:31.536 [INFO ] com.jawe.DemoApplication - Started DemoApplication in 5.396 seconds (JVM running for 6.367)
2022-05-20 03:18:53.904 [INFO ] com.jawe.DemoApplication - Starting DemoApplication using Java 1.8.0_291 on DESKTOP-A0VVV1J with PID 33464 (C:\Users\14618\Desktop\Sync\MyDemo\demo-parent\demo-base-web\target\classes started by 14618 in C:\Users\14618\Desktop\Sync\MyDemo\demo-parent)
2022-05-20 03:18:53.911 [INFO ] com.jawe.DemoApplication - No active profile set, falling back to default profiles: default
2022-05-20 03:18:54.678 [INFO ] org.springframework.data.repository.config.RepositoryConfigurationDelegate - Multiple Spring Data modules found, entering strict repository configuration mode!
2022-05-20 03:18:54.680 [INFO ] org.springframework.data.repository.config.RepositoryConfigurationDelegate - Bootstrapping Spring Data Redis repositories in DEFAULT mode.
2022-05-20 03:18:54.720 [INFO ] org.springframework.data.repository.config.RepositoryConfigurationDelegate - Finished Spring Data repository scanning in 27 ms. Found 0 Redis repository interfaces.
2022-05-20 03:18:54.951 [INFO ] org.springframework.context.support.PostProcessorRegistrationDelegate$BeanPostProcessorChecker - Bean 'org.springframework.statemachine.config.configuration.StateMachineAnnotationPostProcessorConfiguration' of type [org.springframework.statemachine.config.configuration.StateMachineAnnotationPostProcessorConfiguration$$EnhancerBySpringCGLIB$$1e84f6d] is not eligible for getting processed by all BeanPostProcessors (for example: not eligible for auto-proxying)
2022-05-20 03:18:54.971 [INFO ] org.springframework.context.support.PostProcessorRegistrationDelegate$BeanPostProcessorChecker - Bean 'org.springframework.security.config.annotation.configuration.ObjectPostProcessorConfiguration' of type [org.springframework.security.config.annotation.configuration.ObjectPostProcessorConfiguration$$EnhancerBySpringCGLIB$$3f0201a6] is not eligible for getting processed by all BeanPostProcessors (for example: not eligible for auto-proxying)
2022-05-20 03:18:54.998 [INFO ] org.springframework.context.support.PostProcessorRegistrationDelegate$BeanPostProcessorChecker - Bean 'objectPostProcessor' of type [org.springframework.security.config.annotation.configuration.AutowireBeanFactoryObjectPostProcessor] is not eligible for getting processed by all BeanPostProcessors (for example: not eligible for auto-proxying)
2022-05-20 03:18:55.000 [INFO ] org.springframework.context.support.PostProcessorRegistrationDelegate$BeanPostProcessorChecker - Bean 'org.springframework.security.access.expression.method.DefaultMethodSecurityExpressionHandler@2016f509' of type [org.springframework.security.access.expression.method.DefaultMethodSecurityExpressionHandler] is not eligible for getting processed by all BeanPostProcessors (for example: not eligible for auto-proxying)
2022-05-20 03:18:55.001 [INFO ] org.springframework.context.support.PostProcessorRegistrationDelegate$BeanPostProcessorChecker - Bean 'org.springframework.security.config.annotation.method.configuration.GlobalMethodSecurityConfiguration' of type [org.springframework.security.config.annotation.method.configuration.GlobalMethodSecurityConfiguration$$EnhancerBySpringCGLIB$$63d6a458] is not eligible for getting processed by all BeanPostProcessors (for example: not eligible for auto-proxying)
2022-05-20 03:18:55.004 [INFO ] org.springframework.context.support.PostProcessorRegistrationDelegate$BeanPostProcessorChecker - Bean 'methodSecurityMetadataSource' of type [org.springframework.security.access.method.DelegatingMethodSecurityMetadataSource] is not eligible for getting processed by all BeanPostProcessors (for example: not eligible for auto-proxying)
2022-05-20 03:18:55.187 [INFO ] org.springframework.boot.web.embedded.tomcat.TomcatWebServer - Tomcat initialized with port(s): 8881 (http)
2022-05-20 03:18:55.194 [INFO ] org.apache.coyote.http11.Http11NioProtocol - Initializing ProtocolHandler ["http-nio-8881"]
2022-05-20 03:18:55.195 [INFO ] org.apache.catalina.core.StandardService - Starting service [Tomcat]
2022-05-20 03:18:55.195 [INFO ] org.apache.catalina.core.StandardEngine - Starting Servlet engine: [Apache Tomcat/9.0.45]
2022-05-20 03:18:55.271 [INFO ] org.apache.catalina.core.ContainerBase.[Tomcat].[localhost].[/] - Initializing Spring embedded WebApplicationContext
2022-05-20 03:18:55.271 [INFO ] org.springframework.boot.web.servlet.context.ServletWebServerApplicationContext - Root WebApplicationContext: initialization completed in 1314 ms
2022-05-20 03:18:58.596 [INFO ] org.springframework.security.web.DefaultSecurityFilterChain - Creating filter chain: Ant [pattern='/favicon.ico', GET], []
2022-05-20 03:18:58.596 [INFO ] org.springframework.security.web.DefaultSecurityFilterChain - Creating filter chain: Ant [pattern='/**/*.png', GET], []
2022-05-20 03:18:58.596 [INFO ] org.springframework.security.web.DefaultSecurityFilterChain - Creating filter chain: Ant [pattern='/**/*.ttf', GET], []
2022-05-20 03:18:58.596 [INFO ] org.springframework.security.web.DefaultSecurityFilterChain - Creating filter chain: Ant [pattern='/*.html', GET], []
2022-05-20 03:18:58.596 [INFO ] org.springframework.security.web.DefaultSecurityFilterChain - Creating filter chain: Ant [pattern='/**/*.css', GET], []
2022-05-20 03:18:58.597 [INFO ] org.springframework.security.web.DefaultSecurityFilterChain - Creating filter chain: Ant [pattern='/**/*.js', GET], []
2022-05-20 03:18:58.623 [INFO ] org.springframework.security.web.DefaultSecurityFilterChain - Creating filter chain: any request, [org.springframework.security.web.context.request.async.WebAsyncManagerIntegrationFilter@653a5967, org.springframework.security.web.context.SecurityContextPersistenceFilter@4e50ae56, org.springframework.security.web.header.HeaderWriterFilter@5e5a8718, org.springframework.web.filter.CorsFilter@5a85b4e6, org.springframework.security.web.authentication.logout.LogoutFilter@7fc7152e, com.jawe.conf.jwt.JwtAuthenticationTokenFilter@7e351d7, org.springframework.security.web.savedrequest.RequestCacheAwareFilter@9be7319, org.springframework.security.web.servletapi.SecurityContextHolderAwareRequestFilter@5fb7ab9c, org.springframework.security.web.authentication.AnonymousAuthenticationFilter@766b6d02, org.springframework.security.web.session.SessionManagementFilter@615e83ac, org.springframework.security.web.access.ExceptionTranslationFilter@33f4c769, org.springframework.security.web.access.intercept.FilterSecurityInterceptor@2c579202]
2022-05-20 03:18:58.645 [INFO ] springfox.documentation.spring.web.PropertySourcedRequestMappingHandlerMapping - Mapped URL path [/v2/api-docs] onto method [springfox.documentation.swagger2.web.Swagger2Controller#getDocumentation(String, HttpServletRequest)]
2022-05-20 03:18:58.965 [INFO ] org.apache.coyote.http11.Http11NioProtocol - Starting ProtocolHandler ["http-nio-8881"]
2022-05-20 03:18:58.973 [INFO ] org.springframework.boot.web.embedded.tomcat.TomcatWebServer - Tomcat started on port(s): 8881 (http) with context path ''
2022-05-20 03:18:58.974 [INFO ] springfox.documentation.spring.web.plugins.DocumentationPluginsBootstrapper - Context refreshed
2022-05-20 03:18:58.983 [INFO ] springfox.documentation.spring.web.plugins.DocumentationPluginsBootstrapper - Found 1 custom documentation plugin(s)
2022-05-20 03:18:59.022 [INFO ] springfox.documentation.spring.web.scanners.ApiListingReferenceScanner - Scanning for api listing references
2022-05-20 03:18:59.227 [INFO ] com.jawe.DemoApplication - Started DemoApplication in 5.809 seconds (JVM running for 6.836)
2022-05-20 03:19:05.040 [INFO ] org.apache.catalina.core.ContainerBase.[Tomcat].[localhost].[/] - Initializing Spring DispatcherServlet 'dispatcherServlet'
2022-05-20 03:19:06.058 [INFO ] com.zaxxer.hikari.HikariDataSource - HikariPool-1 - Starting...
2022-05-20 03:19:06.438 [INFO ] com.zaxxer.hikari.HikariDataSource - HikariPool-1 - Start completed.
2022-05-20 03:27:44.995 [INFO ] com.jawe.system.service.impl.GoodsCategoryServiceImpl - true
2022-05-20 03:28:09.989 [INFO ] com.jawe.system.service.impl.GoodsCategoryServiceImpl - true
2022-05-20 03:32:08.953 [INFO ] com.jawe.system.service.impl.GoodsCategoryServiceImpl - true
2022-05-20 03:32:28.631 [INFO ] com.jawe.system.service.impl.GoodsCategoryServiceImpl - false
2022-05-20 03:32:39.844 [INFO ] com.jawe.system.service.impl.GoodsCategoryServiceImpl - true
2022-05-20 03:32:50.851 [INFO ] com.jawe.system.service.impl.GoodsCategoryServiceImpl - true
2022-05-20 03:33:29.175 [INFO ] com.jawe.system.service.impl.GoodsCategoryServiceImpl - true
2022-05-20 03:34:14.562 [INFO ] com.jawe.system.service.impl.GoodsCategoryServiceImpl - true
2022-05-20 03:35:34.168 [INFO ] com.jawe.system.service.impl.GoodsCategoryServiceImpl - true
2022-05-20 03:38:39.316 [INFO ] com.jawe.system.service.impl.GoodsCategoryServiceImpl - true
2022-05-20 03:39:19.935 [INFO ] com.jawe.system.service.impl.GoodsCategoryServiceImpl - true
2022-05-20 03:39:32.291 [INFO ] com.jawe.system.service.impl.GoodsCategoryServiceImpl - true
2022-05-20 03:40:12.333 [INFO ] com.jawe.system.service.impl.GoodsCategoryServiceImpl - true
2022-05-20 03:40:29.932 [INFO ] com.jawe.system.service.impl.GoodsCategoryServiceImpl - true
2022-05-20 03:44:51.296 [INFO ] com.jawe.system.service.impl.GoodsCategoryServiceImpl - true
2022-05-20 03:48:59.419 [INFO ] com.jawe.system.service.impl.GoodsCategoryServiceImpl - false
2022-05-20 04:32:46.524 [INFO ] com.jawe.system.service.impl.GoodsCategoryServiceImpl - true
2022-05-20 04:32:58.168 [INFO ] com.jawe.system.service.impl.GoodsCategoryServiceImpl - false
2022-05-20 12:26:12.210 [INFO ] com.jawe.system.service.impl.GoodsCategoryServiceImpl - true
2022-05-20 12:26:57.191 [INFO ] com.jawe.system.service.impl.GoodsCategoryServiceImpl - true
2022-05-20 12:27:15.780 [INFO ] com.jawe.system.service.impl.GoodsCategoryServiceImpl - true
2022-05-20 12:28:34.005 [INFO ] com.jawe.system.service.impl.GoodsCategoryServiceImpl - true
2022-05-20 12:29:57.883 [INFO ] com.jawe.system.service.impl.GoodsCategoryServiceImpl - true
2022-05-20 21:53:52.248 [INFO ] com.jawe.DemoApplication - Starting DemoApplication using Java 1.8.0_291 on DESKTOP-A0VVV1J with PID 40108 (C:\Users\14618\Desktop\Sync\MyDemo\demo-parent\demo-base-web\target\classes started by 14618 in C:\Users\14618\Desktop\Sync\MyDemo\demo-parent)
2022-05-20 21:53:52.265 [INFO ] com.jawe.DemoApplication - No active profile set, falling back to default profiles: default
2022-05-20 21:53:53.373 [INFO ] org.springframework.data.repository.config.RepositoryConfigurationDelegate - Multiple Spring Data modules found, entering strict repository configuration mode!
2022-05-20 21:53:53.376 [INFO ] org.springframework.data.repository.config.RepositoryConfigurationDelegate - Bootstrapping Spring Data Redis repositories in DEFAULT mode.
2022-05-20 21:53:53.425 [INFO ] org.springframework.data.repository.config.RepositoryConfigurationDelegate - Finished Spring Data repository scanning in 33 ms. Found 0 Redis repository interfaces.
2022-05-20 21:53:53.718 [INFO ] org.springframework.context.support.PostProcessorRegistrationDelegate$BeanPostProcessorChecker - Bean 'org.springframework.statemachine.config.configuration.StateMachineAnnotationPostProcessorConfiguration' of type [org.springframework.statemachine.config.configuration.StateMachineAnnotationPostProcessorConfiguration$$EnhancerBySpringCGLIB$$f8198cd0] is not eligible for getting processed by all BeanPostProcessors (for example: not eligible for auto-proxying)
2022-05-20 21:53:53.741 [INFO ] org.springframework.context.support.PostProcessorRegistrationDelegate$BeanPostProcessorChecker - Bean 'org.springframework.security.config.annotation.configuration.ObjectPostProcessorConfiguration' of type [org.springframework.security.config.annotation.configuration.ObjectPostProcessorConfiguration$$EnhancerBySpringCGLIB$$35333f09] is not eligible for getting processed by all BeanPostProcessors (for example: not eligible for auto-proxying)
2022-05-20 21:53:53.769 [INFO ] org.springframework.context.support.PostProcessorRegistrationDelegate$BeanPostProcessorChecker - Bean 'objectPostProcessor' of type [org.springframework.security.config.annotation.configuration.AutowireBeanFactoryObjectPostProcessor] is not eligible for getting processed by all BeanPostProcessors (for example: not eligible for auto-proxying)
2022-05-20 21:53:53.771 [INFO ] org.springframework.context.support.PostProcessorRegistrationDelegate$BeanPostProcessorChecker - Bean 'org.springframework.security.access.expression.method.DefaultMethodSecurityExpressionHandler@41fe8e5f' of type [org.springframework.security.access.expression.method.DefaultMethodSecurityExpressionHandler] is not eligible for getting processed by all BeanPostProcessors (for example: not eligible for auto-proxying)
2022-05-20 21:53:53.773 [INFO ] org.springframework.context.support.PostProcessorRegistrationDelegate$BeanPostProcessorChecker - Bean 'org.springframework.security.config.annotation.method.configuration.GlobalMethodSecurityConfiguration' of type [org.springframework.security.config.annotation.method.configuration.GlobalMethodSecurityConfiguration$$EnhancerBySpringCGLIB$$5a07e1bb] is not eligible for getting processed by all BeanPostProcessors (for example: not eligible for auto-proxying)
2022-05-20 21:53:53.776 [INFO ] org.springframework.context.support.PostProcessorRegistrationDelegate$BeanPostProcessorChecker - Bean 'methodSecurityMetadataSource' of type [org.springframework.security.access.method.DelegatingMethodSecurityMetadataSource] is not eligible for getting processed by all BeanPostProcessors (for example: not eligible for auto-proxying)
2022-05-20 21:53:53.992 [INFO ] org.springframework.boot.web.embedded.tomcat.TomcatWebServer - Tomcat initialized with port(s): 8881 (http)
2022-05-20 21:53:54.000 [INFO ] org.apache.coyote.http11.Http11NioProtocol - Initializing ProtocolHandler ["http-nio-8881"]
2022-05-20 21:53:54.000 [INFO ] org.apache.catalina.core.StandardService - Starting service [Tomcat]
2022-05-20 21:53:54.000 [INFO ] org.apache.catalina.core.StandardEngine - Starting Servlet engine: [Apache Tomcat/9.0.45]
2022-05-20 21:53:54.081 [INFO ] org.apache.catalina.core.ContainerBase.[Tomcat].[localhost].[/] - Initializing Spring embedded WebApplicationContext
2022-05-20 21:53:54.081 [INFO ] org.springframework.boot.web.servlet.context.ServletWebServerApplicationContext - Root WebApplicationContext: initialization completed in 1751 ms
2022-05-20 21:53:56.943 [INFO ] org.springframework.security.web.DefaultSecurityFilterChain - Creating filter chain: Ant [pattern='/favicon.ico', GET], []
2022-05-20 21:53:56.943 [INFO ] org.springframework.security.web.DefaultSecurityFilterChain - Creating filter chain: Ant [pattern='/**/*.png', GET], []
2022-05-20 21:53:56.943 [INFO ] org.springframework.security.web.DefaultSecurityFilterChain - Creating filter chain: Ant [pattern='/**/*.ttf', GET], []
2022-05-20 21:53:56.943 [INFO ] org.springframework.security.web.DefaultSecurityFilterChain - Creating filter chain: Ant [pattern='/*.html', GET], []
2022-05-20 21:53:56.943 [INFO ] org.springframework.security.web.DefaultSecurityFilterChain - Creating filter chain: Ant [pattern='/**/*.css', GET], []
2022-05-20 21:53:56.944 [INFO ] org.springframework.security.web.DefaultSecurityFilterChain - Creating filter chain: Ant [pattern='/**/*.js', GET], []
2022-05-20 21:53:56.972 [INFO ] org.springframework.security.web.DefaultSecurityFilterChain - Creating filter chain: any request, [org.springframework.security.web.context.request.async.WebAsyncManagerIntegrationFilter@49ced9c7, org.springframework.security.web.context.SecurityContextPersistenceFilter@7404ddca, org.springframework.security.web.header.HeaderWriterFilter@40dd552c, org.springframework.web.filter.CorsFilter@11c7a0b4, org.springframework.security.web.authentication.logout.LogoutFilter@3dea226b, com.jawe.conf.jwt.JwtAuthenticationTokenFilter@60990e5c, org.springframework.security.web.savedrequest.RequestCacheAwareFilter@4438938e, org.springframework.security.web.servletapi.SecurityContextHolderAwareRequestFilter@609b041c, org.springframework.security.web.authentication.AnonymousAuthenticationFilter@75ed125a, org.springframework.security.web.session.SessionManagementFilter@4ebd6fd6, org.springframework.security.web.access.ExceptionTranslationFilter@4f26425b, org.springframework.security.web.access.intercept.FilterSecurityInterceptor@3babcaed]
2022-05-20 21:53:56.997 [INFO ] springfox.documentation.spring.web.PropertySourcedRequestMappingHandlerMapping - Mapped URL path [/v2/api-docs] onto method [springfox.documentation.swagger2.web.Swagger2Controller#getDocumentation(String, HttpServletRequest)]
2022-05-20 21:53:57.335 [INFO ] org.apache.coyote.http11.Http11NioProtocol - Starting ProtocolHandler ["http-nio-8881"]
2022-05-20 21:53:57.344 [INFO ] org.springframework.boot.web.embedded.tomcat.TomcatWebServer - Tomcat started on port(s): 8881 (http) with context path ''
2022-05-20 21:53:57.345 [INFO ] springfox.documentation.spring.web.plugins.DocumentationPluginsBootstrapper - Context refreshed
2022-05-20 21:53:57.356 [INFO ] springfox.documentation.spring.web.plugins.DocumentationPluginsBootstrapper - Found 1 custom documentation plugin(s)
2022-05-20 21:53:57.399 [INFO ] springfox.documentation.spring.web.scanners.ApiListingReferenceScanner - Scanning for api listing references
2022-05-20 21:53:57.648 [INFO ] com.jawe.DemoApplication - Started DemoApplication in 5.96 seconds (JVM running for 7.235)
2022-05-20 21:59:35.811 [INFO ] org.apache.catalina.core.ContainerBase.[Tomcat].[localhost].[/] - Initializing Spring DispatcherServlet 'dispatcherServlet'
2022-05-20 21:59:35.897 [INFO ] com.zaxxer.hikari.HikariDataSource - HikariPool-1 - Starting...
2022-05-20 21:59:36.606 [INFO ] com.zaxxer.hikari.HikariDataSource - HikariPool-1 - Start completed.
2022-05-20 22:01:56.316 [INFO ] com.jawe.system.service.impl.GoodsCategoryServiceImpl - true
2022-05-20 22:42:42.617 [INFO ] com.jawe.DemoApplication - Starting DemoApplication using Java 1.8.0_291 on DESKTOP-A0VVV1J with PID 35352 (C:\Users\14618\Desktop\Sync\MyDemo\demo-parent\demo-base-web\target\classes started by 14618 in C:\Users\14618\Desktop\Sync\MyDemo\demo-parent)
2022-05-20 22:42:42.620 [INFO ] com.jawe.DemoApplication - No active profile set, falling back to default profiles: default
2022-05-20 22:42:43.494 [INFO ] org.springframework.data.repository.config.RepositoryConfigurationDelegate - Multiple Spring Data modules found, entering strict repository configuration mode!
2022-05-20 22:42:43.496 [INFO ] org.springframework.data.repository.config.RepositoryConfigurationDelegate - Bootstrapping Spring Data Redis repositories in DEFAULT mode.
2022-05-20 22:42:43.548 [INFO ] org.springframework.data.repository.config.RepositoryConfigurationDelegate - Finished Spring Data repository scanning in 34 ms. Found 0 Redis repository interfaces.
2022-05-20 22:42:43.806 [INFO ] org.springframework.context.support.PostProcessorRegistrationDelegate$BeanPostProcessorChecker - Bean 'org.springframework.statemachine.config.configuration.StateMachineAnnotationPostProcessorConfiguration' of type [org.springframework.statemachine.config.configuration.StateMachineAnnotationPostProcessorConfiguration$$EnhancerBySpringCGLIB$$1e84f6d] is not eligible for getting processed by all BeanPostProcessors (for example: not eligible for auto-proxying)
2022-05-20 22:42:43.826 [INFO ] org.springframework.context.support.PostProcessorRegistrationDelegate$BeanPostProcessorChecker - Bean 'org.springframework.security.config.annotation.configuration.ObjectPostProcessorConfiguration' of type [org.springframework.security.config.annotation.configuration.ObjectPostProcessorConfiguration$$EnhancerBySpringCGLIB$$3f0201a6] is not eligible for getting processed by all BeanPostProcessors (for example: not eligible for auto-proxying)
2022-05-20 22:42:43.854 [INFO ] org.springframework.context.support.PostProcessorRegistrationDelegate$BeanPostProcessorChecker - Bean 'objectPostProcessor' of type [org.springframework.security.config.annotation.configuration.AutowireBeanFactoryObjectPostProcessor] is not eligible for getting processed by all BeanPostProcessors (for example: not eligible for auto-proxying)
2022-05-20 22:42:43.856 [INFO ] org.springframework.context.support.PostProcessorRegistrationDelegate$BeanPostProcessorChecker - Bean 'org.springframework.security.access.expression.method.DefaultMethodSecurityExpressionHandler@2016f509' of type [org.springframework.security.access.expression.method.DefaultMethodSecurityExpressionHandler] is not eligible for getting processed by all BeanPostProcessors (for example: not eligible for auto-proxying)
2022-05-20 22:42:43.858 [INFO ] org.springframework.context.support.PostProcessorRegistrationDelegate$BeanPostProcessorChecker - Bean 'org.springframework.security.config.annotation.method.configuration.GlobalMethodSecurityConfiguration' of type [org.springframework.security.config.annotation.method.configuration.GlobalMethodSecurityConfiguration$$EnhancerBySpringCGLIB$$63d6a458] is not eligible for getting processed by all BeanPostProcessors (for example: not eligible for auto-proxying)
2022-05-20 22:42:43.860 [INFO ] org.springframework.context.support.PostProcessorRegistrationDelegate$BeanPostProcessorChecker - Bean 'methodSecurityMetadataSource' of type [org.springframework.security.access.method.DelegatingMethodSecurityMetadataSource] is not eligible for getting processed by all BeanPostProcessors (for example: not eligible for auto-proxying)
2022-05-20 22:42:44.134 [INFO ] org.springframework.boot.web.embedded.tomcat.TomcatWebServer - Tomcat initialized with port(s): 8881 (http)
2022-05-20 22:42:44.141 [INFO ] org.apache.coyote.http11.Http11NioProtocol - Initializing ProtocolHandler ["http-nio-8881"]
2022-05-20 22:42:44.141 [INFO ] org.apache.catalina.core.StandardService - Starting service [Tomcat]
2022-05-20 22:42:44.142 [INFO ] org.apache.catalina.core.StandardEngine - Starting Servlet engine: [Apache Tomcat/9.0.45]
2022-05-20 22:42:44.216 [INFO ] org.apache.catalina.core.ContainerBase.[Tomcat].[localhost].[/] - Initializing Spring embedded WebApplicationContext
2022-05-20 22:42:44.216 [INFO ] org.springframework.boot.web.servlet.context.ServletWebServerApplicationContext - Root WebApplicationContext: initialization completed in 1528 ms
2022-05-20 22:42:46.879 [INFO ] org.springframework.security.web.DefaultSecurityFilterChain - Creating filter chain: Ant [pattern='/favicon.ico', GET], []
2022-05-20 22:42:46.879 [INFO ] org.springframework.security.web.DefaultSecurityFilterChain - Creating filter chain: Ant [pattern='/**/*.png', GET], []
2022-05-20 22:42:46.879 [INFO ] org.springframework.security.web.DefaultSecurityFilterChain - Creating filter chain: Ant [pattern='/**/*.ttf', GET], []
2022-05-20 22:42:46.879 [INFO ] org.springframework.security.web.DefaultSecurityFilterChain - Creating filter chain: Ant [pattern='/*.html', GET], []
2022-05-20 22:42:46.879 [INFO ] org.springframework.security.web.DefaultSecurityFilterChain - Creating filter chain: Ant [pattern='/**/*.css', GET], []
2022-05-20 22:42:46.880 [INFO ] org.springframework.security.web.DefaultSecurityFilterChain - Creating filter chain: Ant [pattern='/**/*.js', GET], []
2022-05-20 22:42:46.908 [INFO ] org.springframework.security.web.DefaultSecurityFilterChain - Creating filter chain: any request, [org.springframework.security.web.context.request.async.WebAsyncManagerIntegrationFilter@653a5967, org.springframework.security.web.context.SecurityContextPersistenceFilter@4e50ae56, org.springframework.security.web.header.HeaderWriterFilter@5e5a8718, org.springframework.web.filter.CorsFilter@5a85b4e6, org.springframework.security.web.authentication.logout.LogoutFilter@7fc7152e, com.jawe.conf.jwt.JwtAuthenticationTokenFilter@7e351d7, org.springframework.security.web.savedrequest.RequestCacheAwareFilter@9be7319, org.springframework.security.web.servletapi.SecurityContextHolderAwareRequestFilter@5fb7ab9c, org.springframework.security.web.authentication.AnonymousAuthenticationFilter@766b6d02, org.springframework.security.web.session.SessionManagementFilter@615e83ac, org.springframework.security.web.access.ExceptionTranslationFilter@33f4c769, org.springframework.security.web.access.intercept.FilterSecurityInterceptor@2c579202]
2022-05-20 22:42:46.931 [INFO ] springfox.documentation.spring.web.PropertySourcedRequestMappingHandlerMapping - Mapped URL path [/v2/api-docs] onto method [springfox.documentation.swagger2.web.Swagger2Controller#getDocumentation(String, HttpServletRequest)]
2022-05-20 22:42:47.346 [INFO ] org.apache.coyote.http11.Http11NioProtocol - Starting ProtocolHandler ["http-nio-8881"]
2022-05-20 22:42:47.355 [INFO ] org.springframework.boot.web.embedded.tomcat.TomcatWebServer - Tomcat started on port(s): 8881 (http) with context path ''
2022-05-20 22:42:47.357 [INFO ] springfox.documentation.spring.web.plugins.DocumentationPluginsBootstrapper - Context refreshed
2022-05-20 22:42:47.371 [INFO ] springfox.documentation.spring.web.plugins.DocumentationPluginsBootstrapper - Found 1 custom documentation plugin(s)
2022-05-20 22:42:47.414 [INFO ] springfox.documentation.spring.web.scanners.ApiListingReferenceScanner - Scanning for api listing references
2022-05-20 22:42:47.618 [INFO ] com.jawe.DemoApplication - Started DemoApplication in 5.433 seconds (JVM running for 6.613)
