2022-05-13 01:05:17.738 [INFO ] com.jawe.DemoApplication - Starting DemoApplication using Java 1.8.0_291 on DESKTOP-A0VVV1J with PID 18896 (C:\Users\14618\Desktop\Sync\MyDemo\demo-parent\demo-base-web\target\classes started by 14618 in C:\Users\14618\Desktop\Sync\MyDemo\demo-parent)
2022-05-13 01:05:17.742 [INFO ] com.jawe.DemoApplication - No active profile set, falling back to default profiles: default
2022-05-13 01:05:18.768 [INFO ] org.springframework.data.repository.config.RepositoryConfigurationDelegate - Multiple Spring Data modules found, entering strict repository configuration mode!
2022-05-13 01:05:18.773 [INFO ] org.springframework.data.repository.config.RepositoryConfigurationDelegate - Bootstrapping Spring Data Redis repositories in DEFAULT mode.
2022-05-13 01:05:18.835 [INFO ] org.springframework.data.repository.config.RepositoryConfigurationDelegate - Finished Spring Data repository scanning in 44 ms. Found 0 Redis repository interfaces.
2022-05-13 01:05:19.218 [INFO ] org.springframework.context.support.PostProcessorRegistrationDelegate$BeanPostProcessorChecker - Bean 'org.springframework.statemachine.config.configuration.StateMachineAnnotationPostProcessorConfiguration' of type [org.springframework.statemachine.config.configuration.StateMachineAnnotationPostProcessorConfiguration$$EnhancerBySpringCGLIB$$1658adf0] is not eligible for getting processed by all BeanPostProcessors (for example: not eligible for auto-proxying)
2022-05-13 01:05:19.247 [INFO ] org.springframework.context.support.PostProcessorRegistrationDelegate$BeanPostProcessorChecker - Bean 'org.springframework.security.config.annotation.configuration.ObjectPostProcessorConfiguration' of type [org.springframework.security.config.annotation.configuration.ObjectPostProcessorConfiguration$$EnhancerBySpringCGLIB$$53726029] is not eligible for getting processed by all BeanPostProcessors (for example: not eligible for auto-proxying)
2022-05-13 01:05:19.310 [INFO ] org.springframework.context.support.PostProcessorRegistrationDelegate$BeanPostProcessorChecker - Bean 'objectPostProcessor' of type [org.springframework.security.config.annotation.configuration.AutowireBeanFactoryObjectPostProcessor] is not eligible for getting processed by all BeanPostProcessors (for example: not eligible for auto-proxying)
2022-05-13 01:05:19.312 [INFO ] org.springframework.context.support.PostProcessorRegistrationDelegate$BeanPostProcessorChecker - Bean 'org.springframework.security.access.expression.method.DefaultMethodSecurityExpressionHandler@312b34e3' of type [org.springframework.security.access.expression.method.DefaultMethodSecurityExpressionHandler] is not eligible for getting processed by all BeanPostProcessors (for example: not eligible for auto-proxying)
2022-05-13 01:05:19.314 [INFO ] org.springframework.context.support.PostProcessorRegistrationDelegate$BeanPostProcessorChecker - Bean 'org.springframework.security.config.annotation.method.configuration.GlobalMethodSecurityConfiguration' of type [org.springframework.security.config.annotation.method.configuration.GlobalMethodSecurityConfiguration$$EnhancerBySpringCGLIB$$784702db] is not eligible for getting processed by all BeanPostProcessors (for example: not eligible for auto-proxying)
2022-05-13 01:05:19.318 [INFO ] org.springframework.context.support.PostProcessorRegistrationDelegate$BeanPostProcessorChecker - Bean 'methodSecurityMetadataSource' of type [org.springframework.security.access.method.DelegatingMethodSecurityMetadataSource] is not eligible for getting processed by all BeanPostProcessors (for example: not eligible for auto-proxying)
2022-05-13 01:05:19.614 [INFO ] org.springframework.boot.web.embedded.tomcat.TomcatWebServer - Tomcat initialized with port(s): 8881 (http)
2022-05-13 01:05:19.622 [INFO ] org.apache.coyote.http11.Http11NioProtocol - Initializing ProtocolHandler ["http-nio-8881"]
2022-05-13 01:05:19.623 [INFO ] org.apache.catalina.core.StandardService - Starting service [Tomcat]
2022-05-13 01:05:19.623 [INFO ] org.apache.catalina.core.StandardEngine - Starting Servlet engine: [Apache Tomcat/9.0.45]
2022-05-13 01:05:19.782 [INFO ] org.apache.catalina.core.ContainerBase.[Tomcat].[localhost].[/] - Initializing Spring embedded WebApplicationContext
2022-05-13 01:05:19.782 [INFO ] org.springframework.boot.web.servlet.context.ServletWebServerApplicationContext - Root WebApplicationContext: initialization completed in 1990 ms
2022-05-13 01:05:22.188 [INFO ] org.springframework.security.web.DefaultSecurityFilterChain - Creating filter chain: Ant [pattern='/favicon.ico', GET], []
2022-05-13 01:05:22.188 [INFO ] org.springframework.security.web.DefaultSecurityFilterChain - Creating filter chain: Ant [pattern='/**/*.png', GET], []
2022-05-13 01:05:22.188 [INFO ] org.springframework.security.web.DefaultSecurityFilterChain - Creating filter chain: Ant [pattern='/**/*.ttf', GET], []
2022-05-13 01:05:22.189 [INFO ] org.springframework.security.web.DefaultSecurityFilterChain - Creating filter chain: Ant [pattern='/*.html', GET], []
2022-05-13 01:05:22.189 [INFO ] org.springframework.security.web.DefaultSecurityFilterChain - Creating filter chain: Ant [pattern='/**/*.css', GET], []
2022-05-13 01:05:22.189 [INFO ] org.springframework.security.web.DefaultSecurityFilterChain - Creating filter chain: Ant [pattern='/**/*.js', GET], []
2022-05-13 01:05:22.222 [INFO ] org.springframework.security.web.DefaultSecurityFilterChain - Creating filter chain: any request, [org.springframework.security.web.context.request.async.WebAsyncManagerIntegrationFilter@73e4387, org.springframework.security.web.context.SecurityContextPersistenceFilter@6b1321b7, org.springframework.security.web.header.HeaderWriterFilter@476fde05, org.springframework.web.filter.CorsFilter@d87d449, org.springframework.security.web.authentication.logout.LogoutFilter@55361f03, com.jawe.conf.jwt.JwtAuthenticationTokenFilter@3965bdf9, org.springframework.security.web.savedrequest.RequestCacheAwareFilter@6ac45c0c, org.springframework.security.web.servletapi.SecurityContextHolderAwareRequestFilter@723e2d08, org.springframework.security.web.authentication.AnonymousAuthenticationFilter@4137aab0, org.springframework.security.web.session.SessionManagementFilter@7ac48e10, org.springframework.security.web.access.ExceptionTranslationFilter@6459f4ea, org.springframework.security.web.access.intercept.FilterSecurityInterceptor@6812c8cc]
2022-05-13 01:05:22.244 [INFO ] springfox.documentation.spring.web.PropertySourcedRequestMappingHandlerMapping - Mapped URL path [/v2/api-docs] onto method [springfox.documentation.swagger2.web.Swagger2Controller#getDocumentation(String, HttpServletRequest)]
2022-05-13 01:05:22.771 [INFO ] org.apache.coyote.http11.Http11NioProtocol - Starting ProtocolHandler ["http-nio-8881"]
2022-05-13 01:05:22.791 [INFO ] org.springframework.boot.web.embedded.tomcat.TomcatWebServer - Tomcat started on port(s): 8881 (http) with context path ''
2022-05-13 01:05:22.793 [INFO ] springfox.documentation.spring.web.plugins.DocumentationPluginsBootstrapper - Context refreshed
2022-05-13 01:05:22.820 [INFO ] springfox.documentation.spring.web.plugins.DocumentationPluginsBootstrapper - Found 1 custom documentation plugin(s)
2022-05-13 01:05:22.873 [INFO ] springfox.documentation.spring.web.scanners.ApiListingReferenceScanner - Scanning for api listing references
2022-05-13 01:05:23.092 [INFO ] com.jawe.DemoApplication - Started DemoApplication in 5.9 seconds (JVM running for 7.176)
2022-05-13 01:05:49.419 [INFO ] org.apache.catalina.core.ContainerBase.[Tomcat].[localhost].[/] - Initializing Spring DispatcherServlet 'dispatcherServlet'
2022-05-13 11:18:47.509 [INFO ] com.zaxxer.hikari.HikariDataSource - HikariPool-1 - Starting...
2022-05-13 11:18:47.985 [INFO ] com.zaxxer.hikari.HikariDataSource - HikariPool-1 - Start completed.
