2021-12-18 09:03:39.249 [INFO ] com.jawe.DemoApplication - Starting DemoApplication using Java 1.8.0_291 on DESKTOP-A0VVV1J with PID 3648 (C:\Users\14618\Desktop\Sync\MyDemo\demo-parent\demo-base-web\target\classes started by 14618 in C:\Users\14618\Desktop\Sync\MyDemo\demo-parent)
2021-12-18 09:03:39.253 [INFO ] com.jawe.DemoApplication - No active profile set, falling back to default profiles: default
2021-12-18 09:03:40.258 [INFO ] org.springframework.data.repository.config.RepositoryConfigurationDelegate - Multiple Spring Data modules found, entering strict repository configuration mode!
2021-12-18 09:03:40.261 [INFO ] org.springframework.data.repository.config.RepositoryConfigurationDelegate - Bootstrapping Spring Data Redis repositories in DEFAULT mode.
2021-12-18 09:03:40.314 [INFO ] org.springframework.data.repository.config.RepositoryConfigurationDelegate - Finished Spring Data repository scanning in 34 ms. Found 0 Redis repository interfaces.
2021-12-18 09:03:40.623 [INFO ] org.springframework.context.support.PostProcessorRegistrationDelegate$BeanPostProcessorChecker - Bean 'org.springframework.statemachine.config.configuration.StateMachineAnnotationPostProcessorConfiguration' of type [org.springframework.statemachine.config.configuration.StateMachineAnnotationPostProcessorConfiguration$$EnhancerBySpringCGLIB$$6545d0b8] is not eligible for getting processed by all BeanPostProcessors (for example: not eligible for auto-proxying)
2021-12-18 09:03:40.646 [INFO ] org.springframework.context.support.PostProcessorRegistrationDelegate$BeanPostProcessorChecker - Bean 'org.springframework.security.config.annotation.configuration.ObjectPostProcessorConfiguration' of type [org.springframework.security.config.annotation.configuration.ObjectPostProcessorConfiguration$$EnhancerBySpringCGLIB$$a25f82f1] is not eligible for getting processed by all BeanPostProcessors (for example: not eligible for auto-proxying)
2021-12-18 09:03:40.695 [INFO ] org.springframework.context.support.PostProcessorRegistrationDelegate$BeanPostProcessorChecker - Bean 'objectPostProcessor' of type [org.springframework.security.config.annotation.configuration.AutowireBeanFactoryObjectPostProcessor] is not eligible for getting processed by all BeanPostProcessors (for example: not eligible for auto-proxying)
2021-12-18 09:03:40.697 [INFO ] org.springframework.context.support.PostProcessorRegistrationDelegate$BeanPostProcessorChecker - Bean 'org.springframework.security.access.expression.method.DefaultMethodSecurityExpressionHandler@711d1a52' of type [org.springframework.security.access.expression.method.DefaultMethodSecurityExpressionHandler] is not eligible for getting processed by all BeanPostProcessors (for example: not eligible for auto-proxying)
2021-12-18 09:03:40.698 [INFO ] org.springframework.context.support.PostProcessorRegistrationDelegate$BeanPostProcessorChecker - Bean 'org.springframework.security.config.annotation.method.configuration.GlobalMethodSecurityConfiguration' of type [org.springframework.security.config.annotation.method.configuration.GlobalMethodSecurityConfiguration$$EnhancerBySpringCGLIB$$c73425a3] is not eligible for getting processed by all BeanPostProcessors (for example: not eligible for auto-proxying)
2021-12-18 09:03:40.702 [INFO ] org.springframework.context.support.PostProcessorRegistrationDelegate$BeanPostProcessorChecker - Bean 'methodSecurityMetadataSource' of type [org.springframework.security.access.method.DelegatingMethodSecurityMetadataSource] is not eligible for getting processed by all BeanPostProcessors (for example: not eligible for auto-proxying)
2021-12-18 09:03:40.925 [INFO ] org.springframework.boot.web.embedded.tomcat.TomcatWebServer - Tomcat initialized with port(s): 8881 (http)
2021-12-18 09:03:40.933 [INFO ] org.apache.coyote.http11.Http11NioProtocol - Initializing ProtocolHandler ["http-nio-8881"]
2021-12-18 09:03:40.933 [INFO ] org.apache.catalina.core.StandardService - Starting service [Tomcat]
2021-12-18 09:03:40.933 [INFO ] org.apache.catalina.core.StandardEngine - Starting Servlet engine: [Apache Tomcat/9.0.45]
2021-12-18 09:03:41.012 [INFO ] org.apache.catalina.core.ContainerBase.[Tomcat].[localhost].[/] - Initializing Spring embedded WebApplicationContext
2021-12-18 09:03:41.012 [INFO ] org.springframework.boot.web.servlet.context.ServletWebServerApplicationContext - Root WebApplicationContext: initialization completed in 1706 ms
2021-12-18 09:03:42.982 [INFO ] org.springframework.security.web.DefaultSecurityFilterChain - Creating filter chain: Ant [pattern='/favicon.ico', GET], []
2021-12-18 09:03:42.983 [INFO ] org.springframework.security.web.DefaultSecurityFilterChain - Creating filter chain: Ant [pattern='/**/*.png', GET], []
2021-12-18 09:03:42.983 [INFO ] org.springframework.security.web.DefaultSecurityFilterChain - Creating filter chain: Ant [pattern='/**/*.ttf', GET], []
2021-12-18 09:03:42.983 [INFO ] org.springframework.security.web.DefaultSecurityFilterChain - Creating filter chain: Ant [pattern='/*.html', GET], []
2021-12-18 09:03:42.983 [INFO ] org.springframework.security.web.DefaultSecurityFilterChain - Creating filter chain: Ant [pattern='/**/*.css', GET], []
2021-12-18 09:03:42.983 [INFO ] org.springframework.security.web.DefaultSecurityFilterChain - Creating filter chain: Ant [pattern='/**/*.js', GET], []
2021-12-18 09:03:43.012 [INFO ] org.springframework.security.web.DefaultSecurityFilterChain - Creating filter chain: any request, [org.springframework.security.web.context.request.async.WebAsyncManagerIntegrationFilter@23bd0c81, org.springframework.security.web.context.SecurityContextPersistenceFilter@6d7ad0f5, org.springframework.security.web.header.HeaderWriterFilter@6094de13, org.springframework.web.filter.CorsFilter@1332dec4, org.springframework.security.web.authentication.logout.LogoutFilter@599f1b7, com.jawe.conf.jwt.JwtAuthenticationTokenFilter@682abca7, org.springframework.security.web.savedrequest.RequestCacheAwareFilter@49a38b1, org.springframework.security.web.servletapi.SecurityContextHolderAwareRequestFilter@6870cfac, org.springframework.security.web.authentication.AnonymousAuthenticationFilter@544e3679, org.springframework.security.web.session.SessionManagementFilter@3e6ec74, org.springframework.security.web.access.ExceptionTranslationFilter@723e3c17, org.springframework.security.web.access.intercept.FilterSecurityInterceptor@6f50d55c]
2021-12-18 09:03:43.031 [INFO ] springfox.documentation.spring.web.PropertySourcedRequestMappingHandlerMapping - Mapped URL path [/v2/api-docs] onto method [springfox.documentation.swagger2.web.Swagger2Controller#getDocumentation(String, HttpServletRequest)]
2021-12-18 09:03:43.998 [INFO ] org.apache.coyote.http11.Http11NioProtocol - Starting ProtocolHandler ["http-nio-8881"]
2021-12-18 09:03:44.043 [INFO ] org.springframework.boot.web.embedded.tomcat.TomcatWebServer - Tomcat started on port(s): 8881 (http) with context path ''
2021-12-18 09:03:44.044 [INFO ] springfox.documentation.spring.web.plugins.DocumentationPluginsBootstrapper - Context refreshed
2021-12-18 09:03:44.069 [INFO ] springfox.documentation.spring.web.plugins.DocumentationPluginsBootstrapper - Found 1 custom documentation plugin(s)
2021-12-18 09:03:44.144 [INFO ] springfox.documentation.spring.web.scanners.ApiListingReferenceScanner - Scanning for api listing references
2021-12-18 09:03:44.351 [INFO ] com.jawe.DemoApplication - Started DemoApplication in 5.611 seconds (JVM running for 6.584)
2021-12-18 09:04:22.215 [INFO ] org.apache.catalina.core.ContainerBase.[Tomcat].[localhost].[/] - Initializing Spring DispatcherServlet 'dispatcherServlet'
2021-12-18 09:04:22.376 [INFO ] com.zaxxer.hikari.HikariDataSource - HikariPool-1 - Starting...
2021-12-18 09:04:22.952 [INFO ] com.zaxxer.hikari.HikariDataSource - HikariPool-1 - Start completed.
2021-12-18 11:58:09.526 [INFO ] com.jawe.system.service.impl.GoodsCategoryServiceImpl - false
2021-12-18 12:06:51.732 [INFO ] com.jawe.system.service.impl.GoodsCategoryServiceImpl - false
2021-12-18 12:06:54.876 [INFO ] com.jawe.system.service.impl.GoodsCategoryServiceImpl - false
2021-12-18 12:11:15.290 [INFO ] com.jawe.system.service.impl.GoodsCategoryServiceImpl - false
2021-12-18 15:35:12.237 [INFO ] com.jawe.system.service.impl.GoodsCategoryServiceImpl - false
2021-12-18 15:35:16.355 [INFO ] com.jawe.system.service.impl.GoodsCategoryServiceImpl - false
2021-12-18 15:41:08.302 [INFO ] com.jawe.system.service.impl.GoodsCategoryServiceImpl - false
2021-12-18 15:42:38.156 [INFO ] com.jawe.system.service.impl.GoodsCategoryServiceImpl - false
2021-12-18 15:42:41.836 [INFO ] com.jawe.system.service.impl.GoodsCategoryServiceImpl - false
2021-12-18 15:42:44.782 [INFO ] com.jawe.system.service.impl.GoodsCategoryServiceImpl - false
